CRITICAL - 2022-05-29 05:38:30 --> Call to undefined method App\Models\IdModel::getByKey
#0 /var/www/projecto/codeigniter-FW/app/Controllers/IdController.php(30): CodeIgniter\Model->__call()
#1 /var/www/projecto/codeigniter-FW/system/CodeIgniter.php(832): App\Controllers\IdController->view()
#2 /var/www/projecto/codeigniter-FW/system/CodeIgniter.php(419): CodeIgniter\CodeIgniter->runController()
#3 /var/www/projecto/codeigniter-FW/system/CodeIgniter.php(326): CodeIgniter\CodeIgniter->handleRequest()
#4 /var/www/projecto/codeigniter-FW/public/index.php(37): CodeIgniter\CodeIgniter->run()
#5 /var/www/projecto/codeigniter-FW/system/Commands/Server/rewrite.php(43): require_once('/var/www/projec...')
#6 {main}
CRITICAL - 2022-05-29 05:39:11 --> Call to undefined method App\Models\IdModel::getByKey
#0 /var/www/projecto/codeigniter-FW/app/Controllers/IdController.php(30): CodeIgniter\Model->__call()
#1 /var/www/projecto/codeigniter-FW/system/CodeIgniter.php(832): App\Controllers\IdController->view()
#2 /var/www/projecto/codeigniter-FW/system/CodeIgniter.php(419): CodeIgniter\CodeIgniter->runController()
#3 /var/www/projecto/codeigniter-FW/system/CodeIgniter.php(326): CodeIgniter\CodeIgniter->handleRequest()
#4 /var/www/projecto/codeigniter-FW/public/index.php(37): CodeIgniter\CodeIgniter->run()
#5 /var/www/projecto/codeigniter-FW/system/Commands/Server/rewrite.php(43): require_once('/var/www/projec...')
#6 {main}
CRITICAL - 2022-05-29 05:39:54 --> Call to undefined method App\Models\IdModel::getByKey
#0 /var/www/projecto/codeigniter-FW/app/Controllers/IdController.php(30): CodeIgniter\Model->__call()
#1 /var/www/projecto/codeigniter-FW/system/CodeIgniter.php(832): App\Controllers\IdController->view()
#2 /var/www/projecto/codeigniter-FW/system/CodeIgniter.php(419): CodeIgniter\CodeIgniter->runController()
#3 /var/www/projecto/codeigniter-FW/system/CodeIgniter.php(326): CodeIgniter\CodeIgniter->handleRequest()
#4 /var/www/projecto/codeigniter-FW/public/index.php(37): CodeIgniter\CodeIgniter->run()
#5 /var/www/projecto/codeigniter-FW/system/Commands/Server/rewrite.php(43): require_once('/var/www/projec...')
#6 {main}
CRITICAL - 2022-05-29 05:42:19 --> Call to undefined method App\Models\IdModel::getByKey
#0 /var/www/projecto/codeigniter-FW/app/Controllers/IdController.php(30): CodeIgniter\Model->__call()
#1 /var/www/projecto/codeigniter-FW/system/CodeIgniter.php(832): App\Controllers\IdController->view()
#2 /var/www/projecto/codeigniter-FW/system/CodeIgniter.php(419): CodeIgniter\CodeIgniter->runController()
#3 /var/www/projecto/codeigniter-FW/system/CodeIgniter.php(326): CodeIgniter\CodeIgniter->handleRequest()
#4 /var/www/projecto/codeigniter-FW/public/index.php(37): CodeIgniter\CodeIgniter->run()
#5 /var/www/projecto/codeigniter-FW/system/Commands/Server/rewrite.php(43): require_once('/var/www/projec...')
#6 {main}
CRITICAL - 2022-05-29 05:42:37 --> Call to undefined method App\Models\IdModel::getByKey
#0 /var/www/projecto/codeigniter-FW/app/Controllers/IdController.php(30): CodeIgniter\Model->__call()
#1 /var/www/projecto/codeigniter-FW/system/CodeIgniter.php(832): App\Controllers\IdController->view()
#2 /var/www/projecto/codeigniter-FW/system/CodeIgniter.php(419): CodeIgniter\CodeIgniter->runController()
#3 /var/www/projecto/codeigniter-FW/system/CodeIgniter.php(326): CodeIgniter\CodeIgniter->handleRequest()
#4 /var/www/projecto/codeigniter-FW/public/index.php(37): CodeIgniter\CodeIgniter->run()
#5 /var/www/projecto/codeigniter-FW/system/Commands/Server/rewrite.php(43): require_once('/var/www/projec...')
#6 {main}
CRITICAL - 2022-05-29 07:31:10 --> Call to undefined method CodeIgniter\Session\Session::session_destroy()
#0 /home/pauline/Documents/S2/web/projecto/codeigniter-FW/system/CodeIgniter.php(832): App\Controllers\IdController->logout()
#1 /home/pauline/Documents/S2/web/projecto/codeigniter-FW/system/CodeIgniter.php(419): CodeIgniter\CodeIgniter->runController()
#2 /home/pauline/Documents/S2/web/projecto/codeigniter-FW/system/CodeIgniter.php(326): CodeIgniter\CodeIgniter->handleRequest()
#3 /home/pauline/Documents/S2/web/projecto/codeigniter-FW/public/index.php(37): CodeIgniter\CodeIgniter->run()
#4 /home/pauline/Documents/S2/web/projecto/codeigniter-FW/system/Commands/Server/rewrite.php(43): require_once('/home/pauline/D...')
#5 {main}
ERROR - 2022-05-29 12:03:39 --> Error connecting to the database: No such file or directory
CRITICAL - 2022-05-29 12:03:39 --> Unable to connect to the database.
Main connection [MySQLi]: No such file or directory
#0 /var/www/projecto/codeigniter-FW/system/Database/BaseConnection.php(577): CodeIgniter\Database\BaseConnection->initialize()
#1 /var/www/projecto/codeigniter-FW/system/Database/BaseBuilder.php(1455): CodeIgniter\Database\BaseConnection->query()
#2 /var/www/projecto/codeigniter-FW/system/Model.php(183): CodeIgniter\Database\BaseBuilder->get()
#3 /var/www/projecto/codeigniter-FW/system/BaseModel.php(584): CodeIgniter\Model->doFindAll()
#4 /var/www/projecto/codeigniter-FW/app/Models/IdModel.php(39): CodeIgniter\BaseModel->findAll()
#5 /var/www/projecto/codeigniter-FW/app/Controllers/IdController.php(58): App\Models\IdModel->identifiantCheck()
#6 /var/www/projecto/codeigniter-FW/system/CodeIgniter.php(832): App\Controllers\IdController->create()
#7 /var/www/projecto/codeigniter-FW/system/CodeIgniter.php(419): CodeIgniter\CodeIgniter->runController()
#8 /var/www/projecto/codeigniter-FW/system/CodeIgniter.php(326): CodeIgniter\CodeIgniter->handleRequest()
#9 /var/www/projecto/codeigniter-FW/public/index.php(37): CodeIgniter\CodeIgniter->run()
#10 /var/www/projecto/codeigniter-FW/system/Commands/Server/rewrite.php(43): require_once('/var/www/projec...')
#11 {main}
