ERROR - 2022-04-19 02:23:12 --> Table 'pop.surname' doesn't exist
CRITICAL - 2022-04-19 02:23:12 --> Table 'pop.surname' doesn't exist
#0 /Users/liloualidor/Sites/codeigniter-FW/system/Database/MySQLi/Connection.php(292): mysqli->query('SELECT *\nFROM `...', 0)
#1 /Users/liloualidor/Sites/codeigniter-FW/system/Database/BaseConnection.php(670): CodeIgniter\Database\MySQLi\Connection->execute('SELECT *\nFROM `...')
#2 /Users/liloualidor/Sites/codeigniter-FW/system/Database/BaseConnection.php(598): CodeIgniter\Database\BaseConnection->simpleQuery('SELECT *\nFROM `...')
#3 /Users/liloualidor/Sites/codeigniter-FW/system/Database/BaseBuilder.php(1455): CodeIgniter\Database\BaseConnection->query('SELECT *\nFROM `...', Array, false)
#4 /Users/liloualidor/Sites/codeigniter-FW/system/Model.php(183): CodeIgniter\Database\BaseBuilder->get()
#5 /Users/liloualidor/Sites/codeigniter-FW/system/BaseModel.php(584): CodeIgniter\Model->doFindAll(0, 0)
#6 /Users/liloualidor/Sites/codeigniter-FW/app/Models/TestModel.php(14): CodeIgniter\BaseModel->findAll()
#7 /Users/liloualidor/Sites/codeigniter-FW/app/Controllers/Surnames.php(14): App\Models\TestModel->getSurnames()
#8 /Users/liloualidor/Sites/codeigniter-FW/system/CodeIgniter.php(832): App\Controllers\Surnames->index()
#9 /Users/liloualidor/Sites/codeigniter-FW/system/CodeIgniter.php(419): CodeIgniter\CodeIgniter->runController(Object(App\Controllers\Surnames))
#10 /Users/liloualidor/Sites/codeigniter-FW/system/CodeIgniter.php(326): CodeIgniter\CodeIgniter->handleRequest(NULL, Object(Config\Cache), false)
#11 /Users/liloualidor/Sites/codeigniter-FW/public/index.php(37): CodeIgniter\CodeIgniter->run()
#12 /Users/liloualidor/Sites/codeigniter-FW/system/Commands/Server/rewrite.php(43): require_once('/Users/lilouali...')
#13 {main}
CRITICAL - 2022-04-19 02:33:39 --> Undefined index: title
#0 /Users/liloualidor/Sites/codeigniter-FW/app/Views/surnames/overview.php(7): CodeIgniter\Debug\Exceptions->errorHandler(8, 'Undefined index...', '/Users/lilouali...', 7, Array)
#1 /Users/liloualidor/Sites/codeigniter-FW/system/View/View.php(210): include('/Users/lilouali...')
#2 /Users/liloualidor/Sites/codeigniter-FW/system/View/View.php(213): CodeIgniter\View\View->CodeIgniter\View\{closure}()
#3 /Users/liloualidor/Sites/codeigniter-FW/system/Common.php(1089): CodeIgniter\View\View->render('surnames/overvi...', Array, true)
#4 /Users/liloualidor/Sites/codeigniter-FW/app/Controllers/Surnames.php(19): view('surnames/overvi...', Array)
#5 /Users/liloualidor/Sites/codeigniter-FW/system/CodeIgniter.php(832): App\Controllers\Surnames->index()
#6 /Users/liloualidor/Sites/codeigniter-FW/system/CodeIgniter.php(419): CodeIgniter\CodeIgniter->runController(Object(App\Controllers\Surnames))
#7 /Users/liloualidor/Sites/codeigniter-FW/system/CodeIgniter.php(326): CodeIgniter\CodeIgniter->handleRequest(NULL, Object(Config\Cache), false)
#8 /Users/liloualidor/Sites/codeigniter-FW/public/index.php(37): CodeIgniter\CodeIgniter->run()
#9 /Users/liloualidor/Sites/codeigniter-FW/system/Commands/Server/rewrite.php(43): require_once('/Users/lilouali...')
#10 {main}
CRITICAL - 2022-04-19 02:35:04 --> Undefined index: title
#0 /Users/liloualidor/Sites/codeigniter-FW/app/Views/surnames/overview.php(7): CodeIgniter\Debug\Exceptions->errorHandler(8, 'Undefined index...', '/Users/lilouali...', 7, Array)
#1 /Users/liloualidor/Sites/codeigniter-FW/system/View/View.php(210): include('/Users/lilouali...')
#2 /Users/liloualidor/Sites/codeigniter-FW/system/View/View.php(213): CodeIgniter\View\View->CodeIgniter\View\{closure}()
#3 /Users/liloualidor/Sites/codeigniter-FW/system/Common.php(1089): CodeIgniter\View\View->render('surnames/overvi...', Array, true)
#4 /Users/liloualidor/Sites/codeigniter-FW/app/Controllers/Surnames.php(19): view('surnames/overvi...', Array)
#5 /Users/liloualidor/Sites/codeigniter-FW/system/CodeIgniter.php(832): App\Controllers\Surnames->index()
#6 /Users/liloualidor/Sites/codeigniter-FW/system/CodeIgniter.php(419): CodeIgniter\CodeIgniter->runController(Object(App\Controllers\Surnames))
#7 /Users/liloualidor/Sites/codeigniter-FW/system/CodeIgniter.php(326): CodeIgniter\CodeIgniter->handleRequest(NULL, Object(Config\Cache), false)
#8 /Users/liloualidor/Sites/codeigniter-FW/public/index.php(37): CodeIgniter\CodeIgniter->run()
#9 /Users/liloualidor/Sites/codeigniter-FW/system/Commands/Server/rewrite.php(43): require_once('/Users/lilouali...')
#10 {main}
CRITICAL - 2022-04-19 02:41:16 --> Undefined index: title
#0 /Users/liloualidor/Sites/codeigniter-FW/app/Views/surnames/overview.php(7): CodeIgniter\Debug\Exceptions->errorHandler(8, 'Undefined index...', '/Users/lilouali...', 7, Array)
#1 /Users/liloualidor/Sites/codeigniter-FW/system/View/View.php(210): include('/Users/lilouali...')
#2 /Users/liloualidor/Sites/codeigniter-FW/system/View/View.php(213): CodeIgniter\View\View->CodeIgniter\View\{closure}()
#3 /Users/liloualidor/Sites/codeigniter-FW/system/Common.php(1089): CodeIgniter\View\View->render('surnames/overvi...', Array, true)
#4 /Users/liloualidor/Sites/codeigniter-FW/app/Controllers/Surnames.php(19): view('surnames/overvi...', Array)
#5 /Users/liloualidor/Sites/codeigniter-FW/system/CodeIgniter.php(832): App\Controllers\Surnames->index()
#6 /Users/liloualidor/Sites/codeigniter-FW/system/CodeIgniter.php(419): CodeIgniter\CodeIgniter->runController(Object(App\Controllers\Surnames))
#7 /Users/liloualidor/Sites/codeigniter-FW/system/CodeIgniter.php(326): CodeIgniter\CodeIgniter->handleRequest(NULL, Object(Config\Cache), false)
#8 /Users/liloualidor/Sites/codeigniter-FW/public/index.php(37): CodeIgniter\CodeIgniter->run()
#9 /Users/liloualidor/Sites/codeigniter-FW/system/Commands/Server/rewrite.php(43): require_once('/Users/lilouali...')
#10 {main}
CRITICAL - 2022-04-19 02:43:23 --> Undefined index: body
#0 /Users/liloualidor/Sites/codeigniter-FW/app/Views/surnames/overview.php(10): CodeIgniter\Debug\Exceptions->errorHandler(8, 'Undefined index...', '/Users/lilouali...', 10, Array)
#1 /Users/liloualidor/Sites/codeigniter-FW/system/View/View.php(210): include('/Users/lilouali...')
#2 /Users/liloualidor/Sites/codeigniter-FW/system/View/View.php(213): CodeIgniter\View\View->CodeIgniter\View\{closure}()
#3 /Users/liloualidor/Sites/codeigniter-FW/system/Common.php(1089): CodeIgniter\View\View->render('surnames/overvi...', Array, true)
#4 /Users/liloualidor/Sites/codeigniter-FW/app/Controllers/Surnames.php(19): view('surnames/overvi...', Array)
#5 /Users/liloualidor/Sites/codeigniter-FW/system/CodeIgniter.php(832): App\Controllers\Surnames->index()
#6 /Users/liloualidor/Sites/codeigniter-FW/system/CodeIgniter.php(419): CodeIgniter\CodeIgniter->runController(Object(App\Controllers\Surnames))
#7 /Users/liloualidor/Sites/codeigniter-FW/system/CodeIgniter.php(326): CodeIgniter\CodeIgniter->handleRequest(NULL, Object(Config\Cache), false)
#8 /Users/liloualidor/Sites/codeigniter-FW/public/index.php(37): CodeIgniter\CodeIgniter->run()
#9 /Users/liloualidor/Sites/codeigniter-FW/system/Commands/Server/rewrite.php(43): require_once('/Users/lilouali...')
#10 {main}
CRITICAL - 2022-04-19 03:46:43 --> syntax error, unexpected '}', expecting ';'
#0 /Users/liloualidor/Sites/codeigniter-FW/system/Autoloader/Autoloader.php(241): CodeIgniter\Autoloader\Autoloader->includeFile('/Users/lilouali...')
#1 /Users/liloualidor/Sites/codeigniter-FW/system/Autoloader/Autoloader.php(219): CodeIgniter\Autoloader\Autoloader->loadInNamespace('App\\Controllers...')
#2 [internal function]: CodeIgniter\Autoloader\Autoloader->loadClass('App\\Controllers...')
#3 [internal function]: spl_autoload_call('App\\Controllers...')
#4 /Users/liloualidor/Sites/codeigniter-FW/system/CodeIgniter.php(797): class_exists('\\App\\Controller...', true)
#5 /Users/liloualidor/Sites/codeigniter-FW/system/CodeIgniter.php(406): CodeIgniter\CodeIgniter->startController()
#6 /Users/liloualidor/Sites/codeigniter-FW/system/CodeIgniter.php(326): CodeIgniter\CodeIgniter->handleRequest(NULL, Object(Config\Cache), false)
#7 /Users/liloualidor/Sites/codeigniter-FW/public/index.php(37): CodeIgniter\CodeIgniter->run()
#8 /Users/liloualidor/Sites/codeigniter-FW/system/Commands/Server/rewrite.php(43): require_once('/Users/lilouali...')
#9 {main}
