ERROR - 2022-04-29 05:35:28 --> Error connecting to the database: No such file or directory
CRITICAL - 2022-04-29 05:35:28 --> Unable to connect to the database.
Main connection [MySQLi]: No such file or directory
#0 /var/www/projecto/codeigniter-FW/system/Database/BaseConnection.php(577): CodeIgniter\Database\BaseConnection->initialize()
#1 /var/www/projecto/codeigniter-FW/system/Database/BaseBuilder.php(1455): CodeIgniter\Database\BaseConnection->query()
#2 /var/www/projecto/codeigniter-FW/system/Model.php(183): CodeIgniter\Database\BaseBuilder->get()
#3 /var/www/projecto/codeigniter-FW/system/BaseModel.php(584): CodeIgniter\Model->doFindAll()
#4 /var/www/projecto/codeigniter-FW/app/Models/TestLou.php(14): CodeIgniter\BaseModel->findAll()
#5 /var/www/projecto/codeigniter-FW/app/Controllers/IDS.php(14): App\Models\TestLou->getIdentifiant()
#6 /var/www/projecto/codeigniter-FW/system/CodeIgniter.php(832): App\Controllers\IDs->index()
#7 /var/www/projecto/codeigniter-FW/system/CodeIgniter.php(419): CodeIgniter\CodeIgniter->runController()
#8 /var/www/projecto/codeigniter-FW/system/CodeIgniter.php(326): CodeIgniter\CodeIgniter->handleRequest()
#9 /var/www/projecto/codeigniter-FW/public/index.php(37): CodeIgniter\CodeIgniter->run()
#10 /var/www/projecto/codeigniter-FW/system/Commands/Server/rewrite.php(43): require_once('/var/www/projec...')
#11 {main}
CRITICAL - 2022-04-29 05:40:05 --> Allowed fields must be specified for model: App\Models\TestLou
#0 /var/www/projecto/codeigniter-FW/system/BaseModel.php(1138): CodeIgniter\Database\Exceptions\DataException::forInvalidAllowedFields()
#1 /var/www/projecto/codeigniter-FW/system/BaseModel.php(713): CodeIgniter\BaseModel->doProtectFields()
#2 /var/www/projecto/codeigniter-FW/system/Model.php(625): CodeIgniter\BaseModel->insert()
#3 /var/www/projecto/codeigniter-FW/system/BaseModel.php(658): CodeIgniter\Model->insert()
#4 /var/www/projecto/codeigniter-FW/app/Controllers/IDS.php(54): CodeIgniter\BaseModel->save()
#5 /var/www/projecto/codeigniter-FW/system/CodeIgniter.php(832): App\Controllers\IDs->create()
#6 /var/www/projecto/codeigniter-FW/system/CodeIgniter.php(419): CodeIgniter\CodeIgniter->runController()
#7 /var/www/projecto/codeigniter-FW/system/CodeIgniter.php(326): CodeIgniter\CodeIgniter->handleRequest()
#8 /var/www/projecto/codeigniter-FW/public/index.php(37): CodeIgniter\CodeIgniter->run()
#9 /var/www/projecto/codeigniter-FW/system/Commands/Server/rewrite.php(43): require_once('/var/www/projec...')
#10 {main}
CRITICAL - 2022-04-29 05:41:27 --> Allowed fields must be specified for model: App\Models\TestLou
#0 /var/www/projecto/codeigniter-FW/system/BaseModel.php(1138): CodeIgniter\Database\Exceptions\DataException::forInvalidAllowedFields()
#1 /var/www/projecto/codeigniter-FW/system/BaseModel.php(713): CodeIgniter\BaseModel->doProtectFields()
#2 /var/www/projecto/codeigniter-FW/system/Model.php(625): CodeIgniter\BaseModel->insert()
#3 /var/www/projecto/codeigniter-FW/system/BaseModel.php(658): CodeIgniter\Model->insert()
#4 /var/www/projecto/codeigniter-FW/app/Controllers/IDS.php(53): CodeIgniter\BaseModel->save()
#5 /var/www/projecto/codeigniter-FW/system/CodeIgniter.php(832): App\Controllers\IDs->create()
#6 /var/www/projecto/codeigniter-FW/system/CodeIgniter.php(419): CodeIgniter\CodeIgniter->runController()
#7 /var/www/projecto/codeigniter-FW/system/CodeIgniter.php(326): CodeIgniter\CodeIgniter->handleRequest()
#8 /var/www/projecto/codeigniter-FW/public/index.php(37): CodeIgniter\CodeIgniter->run()
#9 /var/www/projecto/codeigniter-FW/system/Commands/Server/rewrite.php(43): require_once('/var/www/projec...')
#10 {main}
CRITICAL - 2022-04-29 05:41:55 --> Allowed fields must be specified for model: App\Models\TestLou
#0 /var/www/projecto/codeigniter-FW/system/BaseModel.php(1138): CodeIgniter\Database\Exceptions\DataException::forInvalidAllowedFields()
#1 /var/www/projecto/codeigniter-FW/system/BaseModel.php(713): CodeIgniter\BaseModel->doProtectFields()
#2 /var/www/projecto/codeigniter-FW/system/Model.php(625): CodeIgniter\BaseModel->insert()
#3 /var/www/projecto/codeigniter-FW/system/BaseModel.php(658): CodeIgniter\Model->insert()
#4 /var/www/projecto/codeigniter-FW/app/Controllers/IDS.php(53): CodeIgniter\BaseModel->save()
#5 /var/www/projecto/codeigniter-FW/system/CodeIgniter.php(832): App\Controllers\IDs->create()
#6 /var/www/projecto/codeigniter-FW/system/CodeIgniter.php(419): CodeIgniter\CodeIgniter->runController()
#7 /var/www/projecto/codeigniter-FW/system/CodeIgniter.php(326): CodeIgniter\CodeIgniter->handleRequest()
#8 /var/www/projecto/codeigniter-FW/public/index.php(37): CodeIgniter\CodeIgniter->run()
#9 /var/www/projecto/codeigniter-FW/system/Commands/Server/rewrite.php(43): require_once('/var/www/projec...')
#10 {main}
ERROR - 2022-04-29 05:42:42 --> Error connecting to the database: No such file or directory
CRITICAL - 2022-04-29 05:42:42 --> Unable to connect to the database.
Main connection [MySQLi]: No such file or directory
#0 /var/www/projecto/codeigniter-FW/system/Database/BaseConnection.php(577): CodeIgniter\Database\BaseConnection->initialize()
#1 /var/www/projecto/codeigniter-FW/system/Database/BaseBuilder.php(1771): CodeIgniter\Database\BaseConnection->query()
#2 /var/www/projecto/codeigniter-FW/system/Model.php(239): CodeIgniter\Database\BaseBuilder->insert()
#3 /var/www/projecto/codeigniter-FW/system/BaseModel.php(738): CodeIgniter\Model->doInsert()
#4 /var/www/projecto/codeigniter-FW/system/Model.php(625): CodeIgniter\BaseModel->insert()
#5 /var/www/projecto/codeigniter-FW/system/BaseModel.php(658): CodeIgniter\Model->insert()
#6 /var/www/projecto/codeigniter-FW/app/Controllers/IDS.php(53): CodeIgniter\BaseModel->save()
#7 /var/www/projecto/codeigniter-FW/system/CodeIgniter.php(832): App\Controllers\IDs->create()
#8 /var/www/projecto/codeigniter-FW/system/CodeIgniter.php(419): CodeIgniter\CodeIgniter->runController()
#9 /var/www/projecto/codeigniter-FW/system/CodeIgniter.php(326): CodeIgniter\CodeIgniter->handleRequest()
#10 /var/www/projecto/codeigniter-FW/public/index.php(37): CodeIgniter\CodeIgniter->run()
#11 /var/www/projecto/codeigniter-FW/system/Commands/Server/rewrite.php(43): require_once('/var/www/projec...')
#12 {main}
ERROR - 2022-04-29 05:43:28 --> Error connecting to the database: No such file or directory
CRITICAL - 2022-04-29 05:43:28 --> Unable to connect to the database.
Main connection [MySQLi]: No such file or directory
#0 /var/www/projecto/codeigniter-FW/system/Database/BaseConnection.php(577): CodeIgniter\Database\BaseConnection->initialize()
#1 /var/www/projecto/codeigniter-FW/system/Database/BaseBuilder.php(1771): CodeIgniter\Database\BaseConnection->query()
#2 /var/www/projecto/codeigniter-FW/system/Model.php(239): CodeIgniter\Database\BaseBuilder->insert()
#3 /var/www/projecto/codeigniter-FW/system/BaseModel.php(738): CodeIgniter\Model->doInsert()
#4 /var/www/projecto/codeigniter-FW/system/Model.php(625): CodeIgniter\BaseModel->insert()
#5 /var/www/projecto/codeigniter-FW/system/BaseModel.php(658): CodeIgniter\Model->insert()
#6 /var/www/projecto/codeigniter-FW/app/Controllers/IDS.php(53): CodeIgniter\BaseModel->save()
#7 /var/www/projecto/codeigniter-FW/system/CodeIgniter.php(832): App\Controllers\IDs->create()
#8 /var/www/projecto/codeigniter-FW/system/CodeIgniter.php(419): CodeIgniter\CodeIgniter->runController()
#9 /var/www/projecto/codeigniter-FW/system/CodeIgniter.php(326): CodeIgniter\CodeIgniter->handleRequest()
#10 /var/www/projecto/codeigniter-FW/public/index.php(37): CodeIgniter\CodeIgniter->run()
#11 /var/www/projecto/codeigniter-FW/system/Commands/Server/rewrite.php(43): require_once('/var/www/projec...')
#12 {main}
ERROR - 2022-04-29 05:45:45 --> Error connecting to the database: No such file or directory
CRITICAL - 2022-04-29 05:45:45 --> Unable to connect to the database.
Main connection [MySQLi]: No such file or directory
#0 /var/www/projecto/codeigniter-FW/system/Database/BaseConnection.php(577): CodeIgniter\Database\BaseConnection->initialize()
#1 /var/www/projecto/codeigniter-FW/system/Database/BaseBuilder.php(1455): CodeIgniter\Database\BaseConnection->query()
#2 /var/www/projecto/codeigniter-FW/system/Model.php(210): CodeIgniter\Database\BaseBuilder->get()
#3 /var/www/projecto/codeigniter-FW/system/BaseModel.php(622): CodeIgniter\Model->doFirst()
#4 /var/www/projecto/codeigniter-FW/app/Models/TestLou.php(19): CodeIgniter\BaseModel->first()
#5 /var/www/projecto/codeigniter-FW/app/Controllers/IDS.php(30): App\Models\TestLou->getIdentifiant()
#6 /var/www/projecto/codeigniter-FW/system/CodeIgniter.php(832): App\Controllers\IDs->view()
#7 /var/www/projecto/codeigniter-FW/system/CodeIgniter.php(419): CodeIgniter\CodeIgniter->runController()
#8 /var/www/projecto/codeigniter-FW/system/CodeIgniter.php(326): CodeIgniter\CodeIgniter->handleRequest()
#9 /var/www/projecto/codeigniter-FW/public/index.php(37): CodeIgniter\CodeIgniter->run()
#10 /var/www/projecto/codeigniter-FW/system/Commands/Server/rewrite.php(43): require_once('/var/www/projec...')
#11 {main}
ERROR - 2022-04-29 05:48:27 --> Table 'internaute.surname' doesn't exist
CRITICAL - 2022-04-29 05:48:27 --> Table 'internaute.surname' doesn't exist
#0 /var/www/projecto/codeigniter-FW/system/Database/MySQLi/Connection.php(292): mysqli->query()
#1 /var/www/projecto/codeigniter-FW/system/Database/BaseConnection.php(670): CodeIgniter\Database\MySQLi\Connection->execute()
#2 /var/www/projecto/codeigniter-FW/system/Database/BaseConnection.php(598): CodeIgniter\Database\BaseConnection->simpleQuery()
#3 /var/www/projecto/codeigniter-FW/system/Database/BaseBuilder.php(1455): CodeIgniter\Database\BaseConnection->query()
#4 /var/www/projecto/codeigniter-FW/system/Model.php(183): CodeIgniter\Database\BaseBuilder->get()
#5 /var/www/projecto/codeigniter-FW/system/BaseModel.php(584): CodeIgniter\Model->doFindAll()
#6 /var/www/projecto/codeigniter-FW/app/Models/TestModel.php(14): CodeIgniter\BaseModel->findAll()
#7 /var/www/projecto/codeigniter-FW/app/Controllers/Surnames.php(14): App\Models\TestModel->getSurnames()
#8 /var/www/projecto/codeigniter-FW/system/CodeIgniter.php(832): App\Controllers\Surnames->index()
#9 /var/www/projecto/codeigniter-FW/system/CodeIgniter.php(419): CodeIgniter\CodeIgniter->runController()
#10 /var/www/projecto/codeigniter-FW/system/CodeIgniter.php(326): CodeIgniter\CodeIgniter->handleRequest()
#11 /var/www/projecto/codeigniter-FW/public/index.php(37): CodeIgniter\CodeIgniter->run()
#12 /var/www/projecto/codeigniter-FW/system/Commands/Server/rewrite.php(43): require_once('/var/www/projec...')
#13 {main}
CRITICAL - 2022-04-29 06:20:48 --> Invalid file: pages/connexion.php
#0 /var/www/projecto/codeigniter-FW/system/View/View.php(198): CodeIgniter\Exceptions\FrameworkException::forInvalidFile()
#1 /var/www/projecto/codeigniter-FW/system/Common.php(1089): CodeIgniter\View\View->render()
#2 /var/www/projecto/codeigniter-FW/app/Controllers/Home.php(9): view()
#3 /var/www/projecto/codeigniter-FW/system/CodeIgniter.php(832): App\Controllers\Home->index()
#4 /var/www/projecto/codeigniter-FW/system/CodeIgniter.php(419): CodeIgniter\CodeIgniter->runController()
#5 /var/www/projecto/codeigniter-FW/system/CodeIgniter.php(326): CodeIgniter\CodeIgniter->handleRequest()
#6 /var/www/projecto/codeigniter-FW/public/index.php(37): CodeIgniter\CodeIgniter->run()
#7 /var/www/projecto/codeigniter-FW/system/Commands/Server/rewrite.php(43): require_once('/var/www/projec...')
#8 {main}
CRITICAL - 2022-04-29 06:55:24 --> Function name must be a string
#0 /var/www/projecto/codeigniter-FW/system/View/View.php(210): include()
#1 /var/www/projecto/codeigniter-FW/system/View/View.php(213): CodeIgniter\View\View->CodeIgniter\View\{closure}()
#2 /var/www/projecto/codeigniter-FW/system/Common.php(1089): CodeIgniter\View\View->render()
#3 /var/www/projecto/codeigniter-FW/app/Controllers/IDS.php(39): view()
#4 /var/www/projecto/codeigniter-FW/system/CodeIgniter.php(832): App\Controllers\IDs->view()
#5 /var/www/projecto/codeigniter-FW/system/CodeIgniter.php(419): CodeIgniter\CodeIgniter->runController()
#6 /var/www/projecto/codeigniter-FW/system/CodeIgniter.php(326): CodeIgniter\CodeIgniter->handleRequest()
#7 /var/www/projecto/codeigniter-FW/public/index.php(37): CodeIgniter\CodeIgniter->run()
#8 /var/www/projecto/codeigniter-FW/system/Commands/Server/rewrite.php(43): require_once('/var/www/projec...')
#9 {main}
CRITICAL - 2022-04-29 06:56:53 --> Undefined variable: identifiants_item
#0 /var/www/projecto/codeigniter-FW/app/Views/IdLou/view.php(2): CodeIgniter\Debug\Exceptions->errorHandler()
#1 /var/www/projecto/codeigniter-FW/system/View/View.php(210): include('/var/www/projec...')
#2 /var/www/projecto/codeigniter-FW/system/View/View.php(213): CodeIgniter\View\View->CodeIgniter\View\{closure}()
#3 /var/www/projecto/codeigniter-FW/system/Common.php(1089): CodeIgniter\View\View->render()
#4 /var/www/projecto/codeigniter-FW/app/Controllers/IDS.php(39): view()
#5 /var/www/projecto/codeigniter-FW/system/CodeIgniter.php(832): App\Controllers\IDs->view()
#6 /var/www/projecto/codeigniter-FW/system/CodeIgniter.php(419): CodeIgniter\CodeIgniter->runController()
#7 /var/www/projecto/codeigniter-FW/system/CodeIgniter.php(326): CodeIgniter\CodeIgniter->handleRequest()
#8 /var/www/projecto/codeigniter-FW/public/index.php(37): CodeIgniter\CodeIgniter->run()
#9 /var/www/projecto/codeigniter-FW/system/Commands/Server/rewrite.php(43): require_once('/var/www/projec...')
#10 {main}
ERROR - 2022-04-29 09:15:41 --> Table 'bidon.internaute' doesn't exist
CRITICAL - 2022-04-29 09:15:41 --> Table 'bidon.internaute' doesn't exist
#0 /home/pauline/Documents/S2/web/projecto/codeigniter-FW/system/Database/MySQLi/Connection.php(292): mysqli->query()
#1 /home/pauline/Documents/S2/web/projecto/codeigniter-FW/system/Database/BaseConnection.php(670): CodeIgniter\Database\MySQLi\Connection->execute()
#2 /home/pauline/Documents/S2/web/projecto/codeigniter-FW/system/Database/BaseConnection.php(598): CodeIgniter\Database\BaseConnection->simpleQuery()
#3 /home/pauline/Documents/S2/web/projecto/codeigniter-FW/system/Database/BaseBuilder.php(1771): CodeIgniter\Database\BaseConnection->query()
#4 /home/pauline/Documents/S2/web/projecto/codeigniter-FW/system/Model.php(239): CodeIgniter\Database\BaseBuilder->insert()
#5 /home/pauline/Documents/S2/web/projecto/codeigniter-FW/system/BaseModel.php(738): CodeIgniter\Model->doInsert()
#6 /home/pauline/Documents/S2/web/projecto/codeigniter-FW/system/Model.php(625): CodeIgniter\BaseModel->insert()
#7 /home/pauline/Documents/S2/web/projecto/codeigniter-FW/system/BaseModel.php(658): CodeIgniter\Model->insert()
#8 /home/pauline/Documents/S2/web/projecto/codeigniter-FW/app/Controllers/IdController.php(53): CodeIgniter\BaseModel->save()
#9 /home/pauline/Documents/S2/web/projecto/codeigniter-FW/system/CodeIgniter.php(832): App\Controllers\IdController->create()
#10 /home/pauline/Documents/S2/web/projecto/codeigniter-FW/system/CodeIgniter.php(419): CodeIgniter\CodeIgniter->runController()
#11 /home/pauline/Documents/S2/web/projecto/codeigniter-FW/system/CodeIgniter.php(326): CodeIgniter\CodeIgniter->handleRequest()
#12 /home/pauline/Documents/S2/web/projecto/codeigniter-FW/public/index.php(37): CodeIgniter\CodeIgniter->run()
#13 /home/pauline/Documents/S2/web/projecto/codeigniter-FW/system/Commands/Server/rewrite.php(43): require_once('/home/pauline/D...')
#14 {main}
