CRITICAL - 2022-05-27 17:03:52 --> Trying to access array offset on value of type null
#0 /home/pauline/Documents/S2/web/projecto/codeigniter-FW/app/Models/quizzInternauteModel.php(102): CodeIgniter\Debug\Exceptions->errorHandler()
#1 /home/pauline/Documents/S2/web/projecto/codeigniter-FW/app/Controllers/Questions.php(65): App\Models\quizzInternauteModel->createQuizzInternaute()
#2 /home/pauline/Documents/S2/web/projecto/codeigniter-FW/system/CodeIgniter.php(832): App\Controllers\Questions->create()
#3 /home/pauline/Documents/S2/web/projecto/codeigniter-FW/system/CodeIgniter.php(419): CodeIgniter\CodeIgniter->runController()
#4 /home/pauline/Documents/S2/web/projecto/codeigniter-FW/system/CodeIgniter.php(326): CodeIgniter\CodeIgniter->handleRequest()
#5 /home/pauline/Documents/S2/web/projecto/codeigniter-FW/public/index.php(37): CodeIgniter\CodeIgniter->run()
#6 /home/pauline/Documents/S2/web/projecto/codeigniter-FW/system/Commands/Server/rewrite.php(43): require_once('/home/pauline/D...')
#7 {main}
CRITICAL - 2022-05-27 17:19:47 --> Call to undefined function img()
#0 /home/pauline/Documents/S2/web/projecto/codeigniter-FW/system/View/View.php(210): include()
#1 /home/pauline/Documents/S2/web/projecto/codeigniter-FW/system/View/View.php(213): CodeIgniter\View\View->CodeIgniter\View\{closure}()
#2 /home/pauline/Documents/S2/web/projecto/codeigniter-FW/system/Common.php(1089): CodeIgniter\View\View->render()
#3 /home/pauline/Documents/S2/web/projecto/codeigniter-FW/app/Controllers/Start.php(31): view()
#4 /home/pauline/Documents/S2/web/projecto/codeigniter-FW/system/CodeIgniter.php(832): App\Controllers\Start->index()
#5 /home/pauline/Documents/S2/web/projecto/codeigniter-FW/system/CodeIgniter.php(419): CodeIgniter\CodeIgniter->runController()
#6 /home/pauline/Documents/S2/web/projecto/codeigniter-FW/system/CodeIgniter.php(326): CodeIgniter\CodeIgniter->handleRequest()
#7 /home/pauline/Documents/S2/web/projecto/codeigniter-FW/public/index.php(37): CodeIgniter\CodeIgniter->run()
#8 /home/pauline/Documents/S2/web/projecto/codeigniter-FW/system/Commands/Server/rewrite.php(43): require_once('/home/pauline/D...')
#9 {main}
