CRITICAL - 2022-05-25 09:18:40 --> Too few arguments to function App\Models\IdModel::subscribe(), 1 passed in /home/pauline/Documents/S2/web/projecto/codeigniter-FW/app/Controllers/IdController.php on line 53 and exactly 2 expected
#0 /home/pauline/Documents/S2/web/projecto/codeigniter-FW/app/Controllers/IdController.php(53): App\Models\IdModel->subscribe()
#1 /home/pauline/Documents/S2/web/projecto/codeigniter-FW/system/CodeIgniter.php(832): App\Controllers\IdController->create()
#2 /home/pauline/Documents/S2/web/projecto/codeigniter-FW/system/CodeIgniter.php(419): CodeIgniter\CodeIgniter->runController()
#3 /home/pauline/Documents/S2/web/projecto/codeigniter-FW/system/CodeIgniter.php(326): CodeIgniter\CodeIgniter->handleRequest()
#4 /home/pauline/Documents/S2/web/projecto/codeigniter-FW/public/index.php(37): CodeIgniter\CodeIgniter->run()
#5 /home/pauline/Documents/S2/web/projecto/codeigniter-FW/system/Commands/Server/rewrite.php(43): require_once('/home/pauline/D...')
#6 {main}
CRITICAL - 2022-05-25 09:20:24 --> Too few arguments to function App\Models\IdModel::subscribe(), 1 passed in /home/pauline/Documents/S2/web/projecto/codeigniter-FW/app/Controllers/IdController.php on line 53 and exactly 2 expected
#0 /home/pauline/Documents/S2/web/projecto/codeigniter-FW/app/Controllers/IdController.php(53): App\Models\IdModel->subscribe()
#1 /home/pauline/Documents/S2/web/projecto/codeigniter-FW/system/CodeIgniter.php(832): App\Controllers\IdController->create()
#2 /home/pauline/Documents/S2/web/projecto/codeigniter-FW/system/CodeIgniter.php(419): CodeIgniter\CodeIgniter->runController()
#3 /home/pauline/Documents/S2/web/projecto/codeigniter-FW/system/CodeIgniter.php(326): CodeIgniter\CodeIgniter->handleRequest()
#4 /home/pauline/Documents/S2/web/projecto/codeigniter-FW/public/index.php(37): CodeIgniter\CodeIgniter->run()
#5 /home/pauline/Documents/S2/web/projecto/codeigniter-FW/system/Commands/Server/rewrite.php(43): require_once('/home/pauline/D...')
#6 {main}
CRITICAL - 2022-05-25 09:22:11 --> Too few arguments to function App\Models\IdModel::subscribe(), 1 passed in /home/pauline/Documents/S2/web/projecto/codeigniter-FW/app/Controllers/IdController.php on line 53 and exactly 2 expected
#0 /home/pauline/Documents/S2/web/projecto/codeigniter-FW/app/Controllers/IdController.php(53): App\Models\IdModel->subscribe()
#1 /home/pauline/Documents/S2/web/projecto/codeigniter-FW/system/CodeIgniter.php(832): App\Controllers\IdController->create()
#2 /home/pauline/Documents/S2/web/projecto/codeigniter-FW/system/CodeIgniter.php(419): CodeIgniter\CodeIgniter->runController()
#3 /home/pauline/Documents/S2/web/projecto/codeigniter-FW/system/CodeIgniter.php(326): CodeIgniter\CodeIgniter->handleRequest()
#4 /home/pauline/Documents/S2/web/projecto/codeigniter-FW/public/index.php(37): CodeIgniter\CodeIgniter->run()
#5 /home/pauline/Documents/S2/web/projecto/codeigniter-FW/system/Commands/Server/rewrite.php(43): require_once('/home/pauline/D...')
#6 {main}
CRITICAL - 2022-05-25 09:23:20 --> Too few arguments to function App\Models\IdModel::subscribe(), 1 passed in /home/pauline/Documents/S2/web/projecto/codeigniter-FW/app/Controllers/IdController.php on line 53 and exactly 2 expected
#0 /home/pauline/Documents/S2/web/projecto/codeigniter-FW/app/Controllers/IdController.php(53): App\Models\IdModel->subscribe()
#1 /home/pauline/Documents/S2/web/projecto/codeigniter-FW/system/CodeIgniter.php(832): App\Controllers\IdController->create()
#2 /home/pauline/Documents/S2/web/projecto/codeigniter-FW/system/CodeIgniter.php(419): CodeIgniter\CodeIgniter->runController()
#3 /home/pauline/Documents/S2/web/projecto/codeigniter-FW/system/CodeIgniter.php(326): CodeIgniter\CodeIgniter->handleRequest()
#4 /home/pauline/Documents/S2/web/projecto/codeigniter-FW/public/index.php(37): CodeIgniter\CodeIgniter->run()
#5 /home/pauline/Documents/S2/web/projecto/codeigniter-FW/system/Commands/Server/rewrite.php(43): require_once('/home/pauline/D...')
#6 {main}
CRITICAL - 2022-05-25 09:26:48 --> Trying to access array offset on value of type null
#0 /home/pauline/Documents/S2/web/projecto/codeigniter-FW/app/Models/quizzInternauteModel.php(102): CodeIgniter\Debug\Exceptions->errorHandler()
#1 /home/pauline/Documents/S2/web/projecto/codeigniter-FW/app/Controllers/Questions.php(62): App\Models\quizzInternauteModel->createQuizzInternaute()
#2 /home/pauline/Documents/S2/web/projecto/codeigniter-FW/system/CodeIgniter.php(832): App\Controllers\Questions->create()
#3 /home/pauline/Documents/S2/web/projecto/codeigniter-FW/system/CodeIgniter.php(419): CodeIgniter\CodeIgniter->runController()
#4 /home/pauline/Documents/S2/web/projecto/codeigniter-FW/system/CodeIgniter.php(326): CodeIgniter\CodeIgniter->handleRequest()
#5 /home/pauline/Documents/S2/web/projecto/codeigniter-FW/public/index.php(37): CodeIgniter\CodeIgniter->run()
#6 /home/pauline/Documents/S2/web/projecto/codeigniter-FW/system/Commands/Server/rewrite.php(43): require_once('/home/pauline/D...')
#7 {main}
CRITICAL - 2022-05-25 09:35:51 --> Trying to access array offset on value of type null
#0 /home/pauline/Documents/S2/web/projecto/codeigniter-FW/app/Models/quizzInternauteModel.php(102): CodeIgniter\Debug\Exceptions->errorHandler()
#1 /home/pauline/Documents/S2/web/projecto/codeigniter-FW/app/Controllers/Questions.php(63): App\Models\quizzInternauteModel->createQuizzInternaute()
#2 /home/pauline/Documents/S2/web/projecto/codeigniter-FW/system/CodeIgniter.php(832): App\Controllers\Questions->create()
#3 /home/pauline/Documents/S2/web/projecto/codeigniter-FW/system/CodeIgniter.php(419): CodeIgniter\CodeIgniter->runController()
#4 /home/pauline/Documents/S2/web/projecto/codeigniter-FW/system/CodeIgniter.php(326): CodeIgniter\CodeIgniter->handleRequest()
#5 /home/pauline/Documents/S2/web/projecto/codeigniter-FW/public/index.php(37): CodeIgniter\CodeIgniter->run()
#6 /home/pauline/Documents/S2/web/projecto/codeigniter-FW/system/Commands/Server/rewrite.php(43): require_once('/home/pauline/D...')
#7 {main}
CRITICAL - 2022-05-25 09:45:43 --> Array to string conversion
#0 /home/pauline/Documents/S2/web/projecto/codeigniter-FW/app/Controllers/Questions.php(61): CodeIgniter\Debug\Exceptions->errorHandler()
#1 /home/pauline/Documents/S2/web/projecto/codeigniter-FW/system/CodeIgniter.php(832): App\Controllers\Questions->create()
#2 /home/pauline/Documents/S2/web/projecto/codeigniter-FW/system/CodeIgniter.php(419): CodeIgniter\CodeIgniter->runController()
#3 /home/pauline/Documents/S2/web/projecto/codeigniter-FW/system/CodeIgniter.php(326): CodeIgniter\CodeIgniter->handleRequest()
#4 /home/pauline/Documents/S2/web/projecto/codeigniter-FW/public/index.php(37): CodeIgniter\CodeIgniter->run()
#5 /home/pauline/Documents/S2/web/projecto/codeigniter-FW/system/Commands/Server/rewrite.php(43): require_once('/home/pauline/D...')
#6 {main}
CRITICAL - 2022-05-25 09:47:24 --> Trying to access array offset on value of type null
#0 /home/pauline/Documents/S2/web/projecto/codeigniter-FW/app/Models/quizzInternauteModel.php(102): CodeIgniter\Debug\Exceptions->errorHandler()
#1 /home/pauline/Documents/S2/web/projecto/codeigniter-FW/app/Controllers/Questions.php(65): App\Models\quizzInternauteModel->createQuizzInternaute()
#2 /home/pauline/Documents/S2/web/projecto/codeigniter-FW/system/CodeIgniter.php(832): App\Controllers\Questions->create()
#3 /home/pauline/Documents/S2/web/projecto/codeigniter-FW/system/CodeIgniter.php(419): CodeIgniter\CodeIgniter->runController()
#4 /home/pauline/Documents/S2/web/projecto/codeigniter-FW/system/CodeIgniter.php(326): CodeIgniter\CodeIgniter->handleRequest()
#5 /home/pauline/Documents/S2/web/projecto/codeigniter-FW/public/index.php(37): CodeIgniter\CodeIgniter->run()
#6 /home/pauline/Documents/S2/web/projecto/codeigniter-FW/system/Commands/Server/rewrite.php(43): require_once('/home/pauline/D...')
#7 {main}
CRITICAL - 2022-05-25 09:52:12 --> Trying to access array offset on value of type null
#0 /home/pauline/Documents/S2/web/projecto/codeigniter-FW/app/Views/quizView/questionView.php(18): CodeIgniter\Debug\Exceptions->errorHandler()
#1 /home/pauline/Documents/S2/web/projecto/codeigniter-FW/system/View/View.php(210): include('/home/pauline/D...')
#2 /home/pauline/Documents/S2/web/projecto/codeigniter-FW/system/View/View.php(213): CodeIgniter\View\View->CodeIgniter\View\{closure}()
#3 /home/pauline/Documents/S2/web/projecto/codeigniter-FW/system/Common.php(1089): CodeIgniter\View\View->render()
#4 /home/pauline/Documents/S2/web/projecto/codeigniter-FW/app/Controllers/Questions.php(42): view()
#5 /home/pauline/Documents/S2/web/projecto/codeigniter-FW/system/CodeIgniter.php(832): App\Controllers\Questions->questionDisplay()
#6 /home/pauline/Documents/S2/web/projecto/codeigniter-FW/system/CodeIgniter.php(419): CodeIgniter\CodeIgniter->runController()
#7 /home/pauline/Documents/S2/web/projecto/codeigniter-FW/system/CodeIgniter.php(326): CodeIgniter\CodeIgniter->handleRequest()
#8 /home/pauline/Documents/S2/web/projecto/codeigniter-FW/public/index.php(37): CodeIgniter\CodeIgniter->run()
#9 /home/pauline/Documents/S2/web/projecto/codeigniter-FW/system/Commands/Server/rewrite.php(43): require_once('/home/pauline/D...')
#10 {main}
CRITICAL - 2022-05-25 10:18:49 --> Undefined property: App\Controllers\Result::$session
#0 /Users/mac/Documents/lessons/imac/first year/second semester/dev web/projecto/codeigniter-FW/app/Controllers/Result.php(20): CodeIgniter\Debug\Exceptions->errorHandler(2, 'Undefined prope...', '/Users/mac/Docu...', 20)
#1 /Users/mac/Documents/lessons/imac/first year/second semester/dev web/projecto/codeigniter-FW/system/CodeIgniter.php(832): App\Controllers\Result->index()
#2 /Users/mac/Documents/lessons/imac/first year/second semester/dev web/projecto/codeigniter-FW/system/CodeIgniter.php(419): CodeIgniter\CodeIgniter->runController(Object(App\Controllers\Result))
#3 /Users/mac/Documents/lessons/imac/first year/second semester/dev web/projecto/codeigniter-FW/system/CodeIgniter.php(326): CodeIgniter\CodeIgniter->handleRequest(NULL, Object(Config\Cache), false)
#4 /Users/mac/Documents/lessons/imac/first year/second semester/dev web/projecto/codeigniter-FW/public/index.php(37): CodeIgniter\CodeIgniter->run()
#5 /Users/mac/Documents/lessons/imac/first year/second semester/dev web/projecto/codeigniter-FW/system/Commands/Server/rewrite.php(43): require_once('/Users/mac/Docu...')
#6 {main}
CRITICAL - 2022-05-25 10:26:49 --> Array to string conversion
#0 /Users/mac/Documents/lessons/imac/first year/second semester/dev web/projecto/codeigniter-FW/app/Controllers/Result.php(25): CodeIgniter\Debug\Exceptions->errorHandler(2, 'Array to string...', '/Users/mac/Docu...', 25)
#1 /Users/mac/Documents/lessons/imac/first year/second semester/dev web/projecto/codeigniter-FW/system/CodeIgniter.php(832): App\Controllers\Result->index()
#2 /Users/mac/Documents/lessons/imac/first year/second semester/dev web/projecto/codeigniter-FW/system/CodeIgniter.php(419): CodeIgniter\CodeIgniter->runController(Object(App\Controllers\Result))
#3 /Users/mac/Documents/lessons/imac/first year/second semester/dev web/projecto/codeigniter-FW/system/CodeIgniter.php(326): CodeIgniter\CodeIgniter->handleRequest(NULL, Object(Config\Cache), false)
#4 /Users/mac/Documents/lessons/imac/first year/second semester/dev web/projecto/codeigniter-FW/public/index.php(37): CodeIgniter\CodeIgniter->run()
#5 /Users/mac/Documents/lessons/imac/first year/second semester/dev web/projecto/codeigniter-FW/system/Commands/Server/rewrite.php(43): require_once('/Users/mac/Docu...')
#6 {main}
CRITICAL - 2022-05-25 10:33:26 --> Cannot use object of type App\Models\quizzProfModel as array
#0 /Users/mac/Documents/lessons/imac/first year/second semester/dev web/projecto/codeigniter-FW/app/Controllers/Result.php(24): App\Models\quizzProfModel->getTeacher(Object(App\Models\quizzProfModel))
#1 /Users/mac/Documents/lessons/imac/first year/second semester/dev web/projecto/codeigniter-FW/system/CodeIgniter.php(832): App\Controllers\Result->index()
#2 /Users/mac/Documents/lessons/imac/first year/second semester/dev web/projecto/codeigniter-FW/system/CodeIgniter.php(419): CodeIgniter\CodeIgniter->runController(Object(App\Controllers\Result))
#3 /Users/mac/Documents/lessons/imac/first year/second semester/dev web/projecto/codeigniter-FW/system/CodeIgniter.php(326): CodeIgniter\CodeIgniter->handleRequest(NULL, Object(Config\Cache), false)
#4 /Users/mac/Documents/lessons/imac/first year/second semester/dev web/projecto/codeigniter-FW/public/index.php(37): CodeIgniter\CodeIgniter->run()
#5 /Users/mac/Documents/lessons/imac/first year/second semester/dev web/projecto/codeigniter-FW/system/Commands/Server/rewrite.php(43): require_once('/Users/mac/Docu...')
#6 {main}
ERROR - 2022-05-25 10:40:14 --> Unknown column 'ID_ident' in 'field list'
CRITICAL - 2022-05-25 10:40:14 --> Unknown column 'ID_ident' in 'field list'
#0 /Users/mac/Documents/lessons/imac/first year/second semester/dev web/projecto/codeigniter-FW/system/Database/MySQLi/Connection.php(292): mysqli->query('SELECT `ID_iden...', 0)
#1 /Users/mac/Documents/lessons/imac/first year/second semester/dev web/projecto/codeigniter-FW/system/Database/BaseConnection.php(670): CodeIgniter\Database\MySQLi\Connection->execute('SELECT `ID_iden...')
#2 /Users/mac/Documents/lessons/imac/first year/second semester/dev web/projecto/codeigniter-FW/system/Database/BaseConnection.php(598): CodeIgniter\Database\BaseConnection->simpleQuery('SELECT `ID_iden...')
#3 /Users/mac/Documents/lessons/imac/first year/second semester/dev web/projecto/codeigniter-FW/system/Database/BaseBuilder.php(1455): CodeIgniter\Database\BaseConnection->query('SELECT `ID_iden...', Array, false)
#4 /Users/mac/Documents/lessons/imac/first year/second semester/dev web/projecto/codeigniter-FW/system/Model.php(145): CodeIgniter\Database\BaseBuilder->get()
#5 /Users/mac/Documents/lessons/imac/first year/second semester/dev web/projecto/codeigniter-FW/system/BaseModel.php(523): CodeIgniter\Model->doFind(false, NULL)
#6 /Users/mac/Documents/lessons/imac/first year/second semester/dev web/projecto/codeigniter-FW/system/Model.php(161): CodeIgniter\BaseModel->find()
#7 /Users/mac/Documents/lessons/imac/first year/second semester/dev web/projecto/codeigniter-FW/system/BaseModel.php(554): CodeIgniter\Model->doFindColumn('ID_ident')
#8 /Users/mac/Documents/lessons/imac/first year/second semester/dev web/projecto/codeigniter-FW/app/Models/quizzInternauteModel.php(20): CodeIgniter\BaseModel->findColumn('ID_ident')
#9 /Users/mac/Documents/lessons/imac/first year/second semester/dev web/projecto/codeigniter-FW/app/Models/quizzInternauteModel.php(59): App\Models\quizzInternauteModel->getId_ident('test1')
#10 /Users/mac/Documents/lessons/imac/first year/second semester/dev web/projecto/codeigniter-FW/app/Controllers/Result.php(24): App\Models\quizzInternauteModel->getAllInternauteQuizz('test1')
#11 /Users/mac/Documents/lessons/imac/first year/second semester/dev web/projecto/codeigniter-FW/system/CodeIgniter.php(832): App\Controllers\Result->index()
#12 /Users/mac/Documents/lessons/imac/first year/second semester/dev web/projecto/codeigniter-FW/system/CodeIgniter.php(419): CodeIgniter\CodeIgniter->runController(Object(App\Controllers\Result))
#13 /Users/mac/Documents/lessons/imac/first year/second semester/dev web/projecto/codeigniter-FW/system/CodeIgniter.php(326): CodeIgniter\CodeIgniter->handleRequest(NULL, Object(Config\Cache), false)
#14 /Users/mac/Documents/lessons/imac/first year/second semester/dev web/projecto/codeigniter-FW/public/index.php(37): CodeIgniter\CodeIgniter->run()
#15 /Users/mac/Documents/lessons/imac/first year/second semester/dev web/projecto/codeigniter-FW/system/Commands/Server/rewrite.php(43): require_once('/Users/mac/Docu...')
#16 {main}
ERROR - 2022-05-25 10:42:10 --> Unknown column 'ID_ident' in 'field list'
CRITICAL - 2022-05-25 10:42:10 --> Unknown column 'ID_ident' in 'field list'
#0 /Users/mac/Documents/lessons/imac/first year/second semester/dev web/projecto/codeigniter-FW/system/Database/MySQLi/Connection.php(292): mysqli->query('SELECT `ID_iden...', 0)
#1 /Users/mac/Documents/lessons/imac/first year/second semester/dev web/projecto/codeigniter-FW/system/Database/BaseConnection.php(670): CodeIgniter\Database\MySQLi\Connection->execute('SELECT `ID_iden...')
#2 /Users/mac/Documents/lessons/imac/first year/second semester/dev web/projecto/codeigniter-FW/system/Database/BaseConnection.php(598): CodeIgniter\Database\BaseConnection->simpleQuery('SELECT `ID_iden...')
#3 /Users/mac/Documents/lessons/imac/first year/second semester/dev web/projecto/codeigniter-FW/system/Database/BaseBuilder.php(1455): CodeIgniter\Database\BaseConnection->query('SELECT `ID_iden...', Array, false)
#4 /Users/mac/Documents/lessons/imac/first year/second semester/dev web/projecto/codeigniter-FW/system/Model.php(145): CodeIgniter\Database\BaseBuilder->get()
#5 /Users/mac/Documents/lessons/imac/first year/second semester/dev web/projecto/codeigniter-FW/system/BaseModel.php(523): CodeIgniter\Model->doFind(false, NULL)
#6 /Users/mac/Documents/lessons/imac/first year/second semester/dev web/projecto/codeigniter-FW/system/Model.php(161): CodeIgniter\BaseModel->find()
#7 /Users/mac/Documents/lessons/imac/first year/second semester/dev web/projecto/codeigniter-FW/system/BaseModel.php(554): CodeIgniter\Model->doFindColumn('ID_ident')
#8 /Users/mac/Documents/lessons/imac/first year/second semester/dev web/projecto/codeigniter-FW/app/Models/quizzInternauteModel.php(20): CodeIgniter\BaseModel->findColumn('ID_ident')
#9 /Users/mac/Documents/lessons/imac/first year/second semester/dev web/projecto/codeigniter-FW/app/Models/quizzInternauteModel.php(59): App\Models\quizzInternauteModel->getId_ident('test1')
#10 /Users/mac/Documents/lessons/imac/first year/second semester/dev web/projecto/codeigniter-FW/app/Controllers/Result.php(24): App\Models\quizzInternauteModel->getAllInternauteQuizz('test1')
#11 /Users/mac/Documents/lessons/imac/first year/second semester/dev web/projecto/codeigniter-FW/system/CodeIgniter.php(832): App\Controllers\Result->index()
#12 /Users/mac/Documents/lessons/imac/first year/second semester/dev web/projecto/codeigniter-FW/system/CodeIgniter.php(419): CodeIgniter\CodeIgniter->runController(Object(App\Controllers\Result))
#13 /Users/mac/Documents/lessons/imac/first year/second semester/dev web/projecto/codeigniter-FW/system/CodeIgniter.php(326): CodeIgniter\CodeIgniter->handleRequest(NULL, Object(Config\Cache), false)
#14 /Users/mac/Documents/lessons/imac/first year/second semester/dev web/projecto/codeigniter-FW/public/index.php(37): CodeIgniter\CodeIgniter->run()
#15 /Users/mac/Documents/lessons/imac/first year/second semester/dev web/projecto/codeigniter-FW/system/Commands/Server/rewrite.php(43): require_once('/Users/mac/Docu...')
#16 {main}
ERROR - 2022-05-25 10:42:28 --> Unknown column 'ID_ident' in 'field list'
CRITICAL - 2022-05-25 10:42:28 --> Unknown column 'ID_ident' in 'field list'
#0 /Users/mac/Documents/lessons/imac/first year/second semester/dev web/projecto/codeigniter-FW/system/Database/MySQLi/Connection.php(292): mysqli->query('SELECT `ID_iden...', 0)
#1 /Users/mac/Documents/lessons/imac/first year/second semester/dev web/projecto/codeigniter-FW/system/Database/BaseConnection.php(670): CodeIgniter\Database\MySQLi\Connection->execute('SELECT `ID_iden...')
#2 /Users/mac/Documents/lessons/imac/first year/second semester/dev web/projecto/codeigniter-FW/system/Database/BaseConnection.php(598): CodeIgniter\Database\BaseConnection->simpleQuery('SELECT `ID_iden...')
#3 /Users/mac/Documents/lessons/imac/first year/second semester/dev web/projecto/codeigniter-FW/system/Database/BaseBuilder.php(1455): CodeIgniter\Database\BaseConnection->query('SELECT `ID_iden...', Array, false)
#4 /Users/mac/Documents/lessons/imac/first year/second semester/dev web/projecto/codeigniter-FW/system/Model.php(145): CodeIgniter\Database\BaseBuilder->get()
#5 /Users/mac/Documents/lessons/imac/first year/second semester/dev web/projecto/codeigniter-FW/system/BaseModel.php(523): CodeIgniter\Model->doFind(false, NULL)
#6 /Users/mac/Documents/lessons/imac/first year/second semester/dev web/projecto/codeigniter-FW/system/Model.php(161): CodeIgniter\BaseModel->find()
#7 /Users/mac/Documents/lessons/imac/first year/second semester/dev web/projecto/codeigniter-FW/system/BaseModel.php(554): CodeIgniter\Model->doFindColumn('ID_ident')
#8 /Users/mac/Documents/lessons/imac/first year/second semester/dev web/projecto/codeigniter-FW/app/Models/quizzInternauteModel.php(20): CodeIgniter\BaseModel->findColumn('ID_ident')
#9 /Users/mac/Documents/lessons/imac/first year/second semester/dev web/projecto/codeigniter-FW/app/Models/quizzInternauteModel.php(59): App\Models\quizzInternauteModel->getId_ident('test1')
#10 /Users/mac/Documents/lessons/imac/first year/second semester/dev web/projecto/codeigniter-FW/app/Controllers/Result.php(24): App\Models\quizzInternauteModel->getAllInternauteQuizz('test1')
#11 /Users/mac/Documents/lessons/imac/first year/second semester/dev web/projecto/codeigniter-FW/system/CodeIgniter.php(832): App\Controllers\Result->index()
#12 /Users/mac/Documents/lessons/imac/first year/second semester/dev web/projecto/codeigniter-FW/system/CodeIgniter.php(419): CodeIgniter\CodeIgniter->runController(Object(App\Controllers\Result))
#13 /Users/mac/Documents/lessons/imac/first year/second semester/dev web/projecto/codeigniter-FW/system/CodeIgniter.php(326): CodeIgniter\CodeIgniter->handleRequest(NULL, Object(Config\Cache), false)
#14 /Users/mac/Documents/lessons/imac/first year/second semester/dev web/projecto/codeigniter-FW/public/index.php(37): CodeIgniter\CodeIgniter->run()
#15 /Users/mac/Documents/lessons/imac/first year/second semester/dev web/projecto/codeigniter-FW/system/Commands/Server/rewrite.php(43): require_once('/Users/mac/Docu...')
#16 {main}
CRITICAL - 2022-05-25 10:42:35 --> Undefined variable $teacher_name
#0 /Users/mac/Documents/lessons/imac/first year/second semester/dev web/projecto/codeigniter-FW/app/Controllers/Result.php(27): CodeIgniter\Debug\Exceptions->errorHandler(2, 'Undefined varia...', '/Users/mac/Docu...', 27)
#1 /Users/mac/Documents/lessons/imac/first year/second semester/dev web/projecto/codeigniter-FW/system/CodeIgniter.php(832): App\Controllers\Result->index()
#2 /Users/mac/Documents/lessons/imac/first year/second semester/dev web/projecto/codeigniter-FW/system/CodeIgniter.php(419): CodeIgniter\CodeIgniter->runController(Object(App\Controllers\Result))
#3 /Users/mac/Documents/lessons/imac/first year/second semester/dev web/projecto/codeigniter-FW/system/CodeIgniter.php(326): CodeIgniter\CodeIgniter->handleRequest(NULL, Object(Config\Cache), false)
#4 /Users/mac/Documents/lessons/imac/first year/second semester/dev web/projecto/codeigniter-FW/public/index.php(37): CodeIgniter\CodeIgniter->run()
#5 /Users/mac/Documents/lessons/imac/first year/second semester/dev web/projecto/codeigniter-FW/system/Commands/Server/rewrite.php(43): require_once('/Users/mac/Docu...')
#6 {main}
CRITICAL - 2022-05-25 10:42:37 --> Undefined variable $teacher_name
#0 /Users/mac/Documents/lessons/imac/first year/second semester/dev web/projecto/codeigniter-FW/app/Controllers/Result.php(27): CodeIgniter\Debug\Exceptions->errorHandler(2, 'Undefined varia...', '/Users/mac/Docu...', 27)
#1 /Users/mac/Documents/lessons/imac/first year/second semester/dev web/projecto/codeigniter-FW/system/CodeIgniter.php(832): App\Controllers\Result->index()
#2 /Users/mac/Documents/lessons/imac/first year/second semester/dev web/projecto/codeigniter-FW/system/CodeIgniter.php(419): CodeIgniter\CodeIgniter->runController(Object(App\Controllers\Result))
#3 /Users/mac/Documents/lessons/imac/first year/second semester/dev web/projecto/codeigniter-FW/system/CodeIgniter.php(326): CodeIgniter\CodeIgniter->handleRequest(NULL, Object(Config\Cache), false)
#4 /Users/mac/Documents/lessons/imac/first year/second semester/dev web/projecto/codeigniter-FW/public/index.php(37): CodeIgniter\CodeIgniter->run()
#5 /Users/mac/Documents/lessons/imac/first year/second semester/dev web/projecto/codeigniter-FW/system/Commands/Server/rewrite.php(43): require_once('/Users/mac/Docu...')
#6 {main}
ERROR - 2022-05-25 10:42:49 --> Unknown column 'ID_ident' in 'field list'
CRITICAL - 2022-05-25 10:42:49 --> Unknown column 'ID_ident' in 'field list'
#0 /Users/mac/Documents/lessons/imac/first year/second semester/dev web/projecto/codeigniter-FW/system/Database/MySQLi/Connection.php(292): mysqli->query('SELECT `ID_iden...', 0)
#1 /Users/mac/Documents/lessons/imac/first year/second semester/dev web/projecto/codeigniter-FW/system/Database/BaseConnection.php(670): CodeIgniter\Database\MySQLi\Connection->execute('SELECT `ID_iden...')
#2 /Users/mac/Documents/lessons/imac/first year/second semester/dev web/projecto/codeigniter-FW/system/Database/BaseConnection.php(598): CodeIgniter\Database\BaseConnection->simpleQuery('SELECT `ID_iden...')
#3 /Users/mac/Documents/lessons/imac/first year/second semester/dev web/projecto/codeigniter-FW/system/Database/BaseBuilder.php(1455): CodeIgniter\Database\BaseConnection->query('SELECT `ID_iden...', Array, false)
#4 /Users/mac/Documents/lessons/imac/first year/second semester/dev web/projecto/codeigniter-FW/system/Model.php(145): CodeIgniter\Database\BaseBuilder->get()
#5 /Users/mac/Documents/lessons/imac/first year/second semester/dev web/projecto/codeigniter-FW/system/BaseModel.php(523): CodeIgniter\Model->doFind(false, NULL)
#6 /Users/mac/Documents/lessons/imac/first year/second semester/dev web/projecto/codeigniter-FW/system/Model.php(161): CodeIgniter\BaseModel->find()
#7 /Users/mac/Documents/lessons/imac/first year/second semester/dev web/projecto/codeigniter-FW/system/BaseModel.php(554): CodeIgniter\Model->doFindColumn('ID_ident')
#8 /Users/mac/Documents/lessons/imac/first year/second semester/dev web/projecto/codeigniter-FW/app/Models/quizzInternauteModel.php(20): CodeIgniter\BaseModel->findColumn('ID_ident')
#9 /Users/mac/Documents/lessons/imac/first year/second semester/dev web/projecto/codeigniter-FW/app/Models/quizzInternauteModel.php(59): App\Models\quizzInternauteModel->getId_ident('test1')
#10 /Users/mac/Documents/lessons/imac/first year/second semester/dev web/projecto/codeigniter-FW/app/Controllers/Result.php(24): App\Models\quizzInternauteModel->getAllInternauteQuizz('test1')
#11 /Users/mac/Documents/lessons/imac/first year/second semester/dev web/projecto/codeigniter-FW/system/CodeIgniter.php(832): App\Controllers\Result->index()
#12 /Users/mac/Documents/lessons/imac/first year/second semester/dev web/projecto/codeigniter-FW/system/CodeIgniter.php(419): CodeIgniter\CodeIgniter->runController(Object(App\Controllers\Result))
#13 /Users/mac/Documents/lessons/imac/first year/second semester/dev web/projecto/codeigniter-FW/system/CodeIgniter.php(326): CodeIgniter\CodeIgniter->handleRequest(NULL, Object(Config\Cache), false)
#14 /Users/mac/Documents/lessons/imac/first year/second semester/dev web/projecto/codeigniter-FW/public/index.php(37): CodeIgniter\CodeIgniter->run()
#15 /Users/mac/Documents/lessons/imac/first year/second semester/dev web/projecto/codeigniter-FW/system/Commands/Server/rewrite.php(43): require_once('/Users/mac/Docu...')
#16 {main}
ERROR - 2022-05-25 10:43:38 --> Unknown column 'ID_ident' in 'field list'
CRITICAL - 2022-05-25 10:43:38 --> Unknown column 'ID_ident' in 'field list'
#0 /Users/mac/Documents/lessons/imac/first year/second semester/dev web/projecto/codeigniter-FW/system/Database/MySQLi/Connection.php(292): mysqli->query('SELECT `ID_iden...', 0)
#1 /Users/mac/Documents/lessons/imac/first year/second semester/dev web/projecto/codeigniter-FW/system/Database/BaseConnection.php(670): CodeIgniter\Database\MySQLi\Connection->execute('SELECT `ID_iden...')
#2 /Users/mac/Documents/lessons/imac/first year/second semester/dev web/projecto/codeigniter-FW/system/Database/BaseConnection.php(598): CodeIgniter\Database\BaseConnection->simpleQuery('SELECT `ID_iden...')
#3 /Users/mac/Documents/lessons/imac/first year/second semester/dev web/projecto/codeigniter-FW/system/Database/BaseBuilder.php(1455): CodeIgniter\Database\BaseConnection->query('SELECT `ID_iden...', Array, false)
#4 /Users/mac/Documents/lessons/imac/first year/second semester/dev web/projecto/codeigniter-FW/system/Model.php(145): CodeIgniter\Database\BaseBuilder->get()
#5 /Users/mac/Documents/lessons/imac/first year/second semester/dev web/projecto/codeigniter-FW/system/BaseModel.php(523): CodeIgniter\Model->doFind(false, NULL)
#6 /Users/mac/Documents/lessons/imac/first year/second semester/dev web/projecto/codeigniter-FW/system/Model.php(161): CodeIgniter\BaseModel->find()
#7 /Users/mac/Documents/lessons/imac/first year/second semester/dev web/projecto/codeigniter-FW/system/BaseModel.php(554): CodeIgniter\Model->doFindColumn('ID_ident')
#8 /Users/mac/Documents/lessons/imac/first year/second semester/dev web/projecto/codeigniter-FW/app/Models/quizzInternauteModel.php(20): CodeIgniter\BaseModel->findColumn('ID_ident')
#9 /Users/mac/Documents/lessons/imac/first year/second semester/dev web/projecto/codeigniter-FW/app/Models/quizzInternauteModel.php(59): App\Models\quizzInternauteModel->getId_ident('test1')
#10 /Users/mac/Documents/lessons/imac/first year/second semester/dev web/projecto/codeigniter-FW/app/Controllers/Result.php(24): App\Models\quizzInternauteModel->getAllInternauteQuizz('test1')
#11 /Users/mac/Documents/lessons/imac/first year/second semester/dev web/projecto/codeigniter-FW/system/CodeIgniter.php(832): App\Controllers\Result->index()
#12 /Users/mac/Documents/lessons/imac/first year/second semester/dev web/projecto/codeigniter-FW/system/CodeIgniter.php(419): CodeIgniter\CodeIgniter->runController(Object(App\Controllers\Result))
#13 /Users/mac/Documents/lessons/imac/first year/second semester/dev web/projecto/codeigniter-FW/system/CodeIgniter.php(326): CodeIgniter\CodeIgniter->handleRequest(NULL, Object(Config\Cache), false)
#14 /Users/mac/Documents/lessons/imac/first year/second semester/dev web/projecto/codeigniter-FW/public/index.php(37): CodeIgniter\CodeIgniter->run()
#15 /Users/mac/Documents/lessons/imac/first year/second semester/dev web/projecto/codeigniter-FW/system/Commands/Server/rewrite.php(43): require_once('/Users/mac/Docu...')
#16 {main}
ERROR - 2022-05-25 10:44:26 --> Unknown column 'ID_ident' in 'field list'
CRITICAL - 2022-05-25 10:44:26 --> Unknown column 'ID_ident' in 'field list'
#0 /Users/mac/Documents/lessons/imac/first year/second semester/dev web/projecto/codeigniter-FW/system/Database/MySQLi/Connection.php(292): mysqli->query('SELECT `ID_iden...', 0)
#1 /Users/mac/Documents/lessons/imac/first year/second semester/dev web/projecto/codeigniter-FW/system/Database/BaseConnection.php(670): CodeIgniter\Database\MySQLi\Connection->execute('SELECT `ID_iden...')
#2 /Users/mac/Documents/lessons/imac/first year/second semester/dev web/projecto/codeigniter-FW/system/Database/BaseConnection.php(598): CodeIgniter\Database\BaseConnection->simpleQuery('SELECT `ID_iden...')
#3 /Users/mac/Documents/lessons/imac/first year/second semester/dev web/projecto/codeigniter-FW/system/Database/BaseBuilder.php(1455): CodeIgniter\Database\BaseConnection->query('SELECT `ID_iden...', Array, false)
#4 /Users/mac/Documents/lessons/imac/first year/second semester/dev web/projecto/codeigniter-FW/system/Model.php(145): CodeIgniter\Database\BaseBuilder->get()
#5 /Users/mac/Documents/lessons/imac/first year/second semester/dev web/projecto/codeigniter-FW/system/BaseModel.php(523): CodeIgniter\Model->doFind(false, NULL)
#6 /Users/mac/Documents/lessons/imac/first year/second semester/dev web/projecto/codeigniter-FW/system/Model.php(161): CodeIgniter\BaseModel->find()
#7 /Users/mac/Documents/lessons/imac/first year/second semester/dev web/projecto/codeigniter-FW/system/BaseModel.php(554): CodeIgniter\Model->doFindColumn('ID_ident')
#8 /Users/mac/Documents/lessons/imac/first year/second semester/dev web/projecto/codeigniter-FW/app/Models/quizzInternauteModel.php(20): CodeIgniter\BaseModel->findColumn('ID_ident')
#9 /Users/mac/Documents/lessons/imac/first year/second semester/dev web/projecto/codeigniter-FW/app/Models/quizzInternauteModel.php(59): App\Models\quizzInternauteModel->getId_ident('test1')
#10 /Users/mac/Documents/lessons/imac/first year/second semester/dev web/projecto/codeigniter-FW/app/Controllers/Result.php(24): App\Models\quizzInternauteModel->getAllInternauteQuizz('test1')
#11 /Users/mac/Documents/lessons/imac/first year/second semester/dev web/projecto/codeigniter-FW/system/CodeIgniter.php(832): App\Controllers\Result->index()
#12 /Users/mac/Documents/lessons/imac/first year/second semester/dev web/projecto/codeigniter-FW/system/CodeIgniter.php(419): CodeIgniter\CodeIgniter->runController(Object(App\Controllers\Result))
#13 /Users/mac/Documents/lessons/imac/first year/second semester/dev web/projecto/codeigniter-FW/system/CodeIgniter.php(326): CodeIgniter\CodeIgniter->handleRequest(NULL, Object(Config\Cache), false)
#14 /Users/mac/Documents/lessons/imac/first year/second semester/dev web/projecto/codeigniter-FW/public/index.php(37): CodeIgniter\CodeIgniter->run()
#15 /Users/mac/Documents/lessons/imac/first year/second semester/dev web/projecto/codeigniter-FW/system/Commands/Server/rewrite.php(43): require_once('/Users/mac/Docu...')
#16 {main}
CRITICAL - 2022-05-25 10:45:12 --> syntax error, unexpected identifier "print_r", expecting "," or ";"
#0 /Users/mac/Documents/lessons/imac/first year/second semester/dev web/projecto/codeigniter-FW/system/Autoloader/Autoloader.php(241): CodeIgniter\Autoloader\Autoloader->includeFile('/Users/mac/Docu...')
#1 /Users/mac/Documents/lessons/imac/first year/second semester/dev web/projecto/codeigniter-FW/system/Autoloader/Autoloader.php(219): CodeIgniter\Autoloader\Autoloader->loadInNamespace('App\\Controllers...')
#2 [internal function]: CodeIgniter\Autoloader\Autoloader->loadClass('App\\Controllers...')
#3 /Users/mac/Documents/lessons/imac/first year/second semester/dev web/projecto/codeigniter-FW/system/CodeIgniter.php(797): class_exists('\\App\\Controller...', true)
#4 /Users/mac/Documents/lessons/imac/first year/second semester/dev web/projecto/codeigniter-FW/system/CodeIgniter.php(406): CodeIgniter\CodeIgniter->startController()
#5 /Users/mac/Documents/lessons/imac/first year/second semester/dev web/projecto/codeigniter-FW/system/CodeIgniter.php(326): CodeIgniter\CodeIgniter->handleRequest(NULL, Object(Config\Cache), false)
#6 /Users/mac/Documents/lessons/imac/first year/second semester/dev web/projecto/codeigniter-FW/public/index.php(37): CodeIgniter\CodeIgniter->run()
#7 /Users/mac/Documents/lessons/imac/first year/second semester/dev web/projecto/codeigniter-FW/system/Commands/Server/rewrite.php(43): require_once('/Users/mac/Docu...')
#8 {main}
CRITICAL - 2022-05-25 10:45:21 --> Cannot use object of type App\Models\quizzProfModel as array
#0 /Users/mac/Documents/lessons/imac/first year/second semester/dev web/projecto/codeigniter-FW/app/Controllers/Result.php(24): App\Models\quizzProfModel->getTeacher(Object(App\Models\quizzProfModel))
#1 /Users/mac/Documents/lessons/imac/first year/second semester/dev web/projecto/codeigniter-FW/system/CodeIgniter.php(832): App\Controllers\Result->index()
#2 /Users/mac/Documents/lessons/imac/first year/second semester/dev web/projecto/codeigniter-FW/system/CodeIgniter.php(419): CodeIgniter\CodeIgniter->runController(Object(App\Controllers\Result))
#3 /Users/mac/Documents/lessons/imac/first year/second semester/dev web/projecto/codeigniter-FW/system/CodeIgniter.php(326): CodeIgniter\CodeIgniter->handleRequest(NULL, Object(Config\Cache), false)
#4 /Users/mac/Documents/lessons/imac/first year/second semester/dev web/projecto/codeigniter-FW/public/index.php(37): CodeIgniter\CodeIgniter->run()
#5 /Users/mac/Documents/lessons/imac/first year/second semester/dev web/projecto/codeigniter-FW/system/Commands/Server/rewrite.php(43): require_once('/Users/mac/Docu...')
#6 {main}
CRITICAL - 2022-05-25 10:45:42 --> Cannot use object of type App\Models\quizzProfModel as array
#0 /Users/mac/Documents/lessons/imac/first year/second semester/dev web/projecto/codeigniter-FW/app/Controllers/Result.php(24): App\Models\quizzProfModel->getTeacher(Object(App\Models\quizzProfModel))
#1 /Users/mac/Documents/lessons/imac/first year/second semester/dev web/projecto/codeigniter-FW/system/CodeIgniter.php(832): App\Controllers\Result->index()
#2 /Users/mac/Documents/lessons/imac/first year/second semester/dev web/projecto/codeigniter-FW/system/CodeIgniter.php(419): CodeIgniter\CodeIgniter->runController(Object(App\Controllers\Result))
#3 /Users/mac/Documents/lessons/imac/first year/second semester/dev web/projecto/codeigniter-FW/system/CodeIgniter.php(326): CodeIgniter\CodeIgniter->handleRequest(NULL, Object(Config\Cache), false)
#4 /Users/mac/Documents/lessons/imac/first year/second semester/dev web/projecto/codeigniter-FW/public/index.php(37): CodeIgniter\CodeIgniter->run()
#5 /Users/mac/Documents/lessons/imac/first year/second semester/dev web/projecto/codeigniter-FW/system/Commands/Server/rewrite.php(43): require_once('/Users/mac/Docu...')
#6 {main}
CRITICAL - 2022-05-25 10:45:44 --> Cannot use object of type App\Models\quizzProfModel as array
#0 /Users/mac/Documents/lessons/imac/first year/second semester/dev web/projecto/codeigniter-FW/app/Controllers/Result.php(24): App\Models\quizzProfModel->getTeacher(Object(App\Models\quizzProfModel))
#1 /Users/mac/Documents/lessons/imac/first year/second semester/dev web/projecto/codeigniter-FW/system/CodeIgniter.php(832): App\Controllers\Result->index()
#2 /Users/mac/Documents/lessons/imac/first year/second semester/dev web/projecto/codeigniter-FW/system/CodeIgniter.php(419): CodeIgniter\CodeIgniter->runController(Object(App\Controllers\Result))
#3 /Users/mac/Documents/lessons/imac/first year/second semester/dev web/projecto/codeigniter-FW/system/CodeIgniter.php(326): CodeIgniter\CodeIgniter->handleRequest(NULL, Object(Config\Cache), false)
#4 /Users/mac/Documents/lessons/imac/first year/second semester/dev web/projecto/codeigniter-FW/public/index.php(37): CodeIgniter\CodeIgniter->run()
#5 /Users/mac/Documents/lessons/imac/first year/second semester/dev web/projecto/codeigniter-FW/system/Commands/Server/rewrite.php(43): require_once('/Users/mac/Docu...')
#6 {main}
CRITICAL - 2022-05-25 10:45:45 --> Cannot use object of type App\Models\quizzProfModel as array
#0 /Users/mac/Documents/lessons/imac/first year/second semester/dev web/projecto/codeigniter-FW/app/Controllers/Result.php(24): App\Models\quizzProfModel->getTeacher(Object(App\Models\quizzProfModel))
#1 /Users/mac/Documents/lessons/imac/first year/second semester/dev web/projecto/codeigniter-FW/system/CodeIgniter.php(832): App\Controllers\Result->index()
#2 /Users/mac/Documents/lessons/imac/first year/second semester/dev web/projecto/codeigniter-FW/system/CodeIgniter.php(419): CodeIgniter\CodeIgniter->runController(Object(App\Controllers\Result))
#3 /Users/mac/Documents/lessons/imac/first year/second semester/dev web/projecto/codeigniter-FW/system/CodeIgniter.php(326): CodeIgniter\CodeIgniter->handleRequest(NULL, Object(Config\Cache), false)
#4 /Users/mac/Documents/lessons/imac/first year/second semester/dev web/projecto/codeigniter-FW/public/index.php(37): CodeIgniter\CodeIgniter->run()
#5 /Users/mac/Documents/lessons/imac/first year/second semester/dev web/projecto/codeigniter-FW/system/Commands/Server/rewrite.php(43): require_once('/Users/mac/Docu...')
#6 {main}
ERROR - 2022-05-25 10:48:38 --> Unknown column 'ID_ident' in 'field list'
CRITICAL - 2022-05-25 10:48:38 --> Unknown column 'ID_ident' in 'field list'
#0 /Users/mac/Documents/lessons/imac/first year/second semester/dev web/projecto/codeigniter-FW/system/Database/MySQLi/Connection.php(292): mysqli->query('SELECT `ID_iden...', 0)
#1 /Users/mac/Documents/lessons/imac/first year/second semester/dev web/projecto/codeigniter-FW/system/Database/BaseConnection.php(670): CodeIgniter\Database\MySQLi\Connection->execute('SELECT `ID_iden...')
#2 /Users/mac/Documents/lessons/imac/first year/second semester/dev web/projecto/codeigniter-FW/system/Database/BaseConnection.php(598): CodeIgniter\Database\BaseConnection->simpleQuery('SELECT `ID_iden...')
#3 /Users/mac/Documents/lessons/imac/first year/second semester/dev web/projecto/codeigniter-FW/system/Database/BaseBuilder.php(1455): CodeIgniter\Database\BaseConnection->query('SELECT `ID_iden...', Array, false)
#4 /Users/mac/Documents/lessons/imac/first year/second semester/dev web/projecto/codeigniter-FW/system/Model.php(145): CodeIgniter\Database\BaseBuilder->get()
#5 /Users/mac/Documents/lessons/imac/first year/second semester/dev web/projecto/codeigniter-FW/system/BaseModel.php(523): CodeIgniter\Model->doFind(false, NULL)
#6 /Users/mac/Documents/lessons/imac/first year/second semester/dev web/projecto/codeigniter-FW/system/Model.php(161): CodeIgniter\BaseModel->find()
#7 /Users/mac/Documents/lessons/imac/first year/second semester/dev web/projecto/codeigniter-FW/system/BaseModel.php(554): CodeIgniter\Model->doFindColumn('ID_ident')
#8 /Users/mac/Documents/lessons/imac/first year/second semester/dev web/projecto/codeigniter-FW/app/Models/quizzInternauteModel.php(20): CodeIgniter\BaseModel->findColumn('ID_ident')
#9 /Users/mac/Documents/lessons/imac/first year/second semester/dev web/projecto/codeigniter-FW/app/Models/quizzInternauteModel.php(59): App\Models\quizzInternauteModel->getId_ident('test1')
#10 /Users/mac/Documents/lessons/imac/first year/second semester/dev web/projecto/codeigniter-FW/app/Controllers/Result.php(23): App\Models\quizzInternauteModel->getAllInternauteQuizz('test1')
#11 /Users/mac/Documents/lessons/imac/first year/second semester/dev web/projecto/codeigniter-FW/system/CodeIgniter.php(832): App\Controllers\Result->index()
#12 /Users/mac/Documents/lessons/imac/first year/second semester/dev web/projecto/codeigniter-FW/system/CodeIgniter.php(419): CodeIgniter\CodeIgniter->runController(Object(App\Controllers\Result))
#13 /Users/mac/Documents/lessons/imac/first year/second semester/dev web/projecto/codeigniter-FW/system/CodeIgniter.php(326): CodeIgniter\CodeIgniter->handleRequest(NULL, Object(Config\Cache), false)
#14 /Users/mac/Documents/lessons/imac/first year/second semester/dev web/projecto/codeigniter-FW/public/index.php(37): CodeIgniter\CodeIgniter->run()
#15 /Users/mac/Documents/lessons/imac/first year/second semester/dev web/projecto/codeigniter-FW/system/Commands/Server/rewrite.php(43): require_once('/Users/mac/Docu...')
#16 {main}
ERROR - 2022-05-25 10:48:45 --> Unknown column 'ID_ident' in 'field list'
CRITICAL - 2022-05-25 10:48:45 --> Unknown column 'ID_ident' in 'field list'
#0 /Users/mac/Documents/lessons/imac/first year/second semester/dev web/projecto/codeigniter-FW/system/Database/MySQLi/Connection.php(292): mysqli->query('SELECT `ID_iden...', 0)
#1 /Users/mac/Documents/lessons/imac/first year/second semester/dev web/projecto/codeigniter-FW/system/Database/BaseConnection.php(670): CodeIgniter\Database\MySQLi\Connection->execute('SELECT `ID_iden...')
#2 /Users/mac/Documents/lessons/imac/first year/second semester/dev web/projecto/codeigniter-FW/system/Database/BaseConnection.php(598): CodeIgniter\Database\BaseConnection->simpleQuery('SELECT `ID_iden...')
#3 /Users/mac/Documents/lessons/imac/first year/second semester/dev web/projecto/codeigniter-FW/system/Database/BaseBuilder.php(1455): CodeIgniter\Database\BaseConnection->query('SELECT `ID_iden...', Array, false)
#4 /Users/mac/Documents/lessons/imac/first year/second semester/dev web/projecto/codeigniter-FW/system/Model.php(145): CodeIgniter\Database\BaseBuilder->get()
#5 /Users/mac/Documents/lessons/imac/first year/second semester/dev web/projecto/codeigniter-FW/system/BaseModel.php(523): CodeIgniter\Model->doFind(false, NULL)
#6 /Users/mac/Documents/lessons/imac/first year/second semester/dev web/projecto/codeigniter-FW/system/Model.php(161): CodeIgniter\BaseModel->find()
#7 /Users/mac/Documents/lessons/imac/first year/second semester/dev web/projecto/codeigniter-FW/system/BaseModel.php(554): CodeIgniter\Model->doFindColumn('ID_ident')
#8 /Users/mac/Documents/lessons/imac/first year/second semester/dev web/projecto/codeigniter-FW/app/Models/quizzInternauteModel.php(20): CodeIgniter\BaseModel->findColumn('ID_ident')
#9 /Users/mac/Documents/lessons/imac/first year/second semester/dev web/projecto/codeigniter-FW/app/Models/quizzInternauteModel.php(59): App\Models\quizzInternauteModel->getId_ident('test1')
#10 /Users/mac/Documents/lessons/imac/first year/second semester/dev web/projecto/codeigniter-FW/app/Controllers/Result.php(23): App\Models\quizzInternauteModel->getAllInternauteQuizz('test1')
#11 /Users/mac/Documents/lessons/imac/first year/second semester/dev web/projecto/codeigniter-FW/system/CodeIgniter.php(832): App\Controllers\Result->index()
#12 /Users/mac/Documents/lessons/imac/first year/second semester/dev web/projecto/codeigniter-FW/system/CodeIgniter.php(419): CodeIgniter\CodeIgniter->runController(Object(App\Controllers\Result))
#13 /Users/mac/Documents/lessons/imac/first year/second semester/dev web/projecto/codeigniter-FW/system/CodeIgniter.php(326): CodeIgniter\CodeIgniter->handleRequest(NULL, Object(Config\Cache), false)
#14 /Users/mac/Documents/lessons/imac/first year/second semester/dev web/projecto/codeigniter-FW/public/index.php(37): CodeIgniter\CodeIgniter->run()
#15 /Users/mac/Documents/lessons/imac/first year/second semester/dev web/projecto/codeigniter-FW/system/Commands/Server/rewrite.php(43): require_once('/Users/mac/Docu...')
#16 {main}
ERROR - 2022-05-25 10:48:46 --> Unknown column 'ID_ident' in 'field list'
CRITICAL - 2022-05-25 10:48:46 --> Unknown column 'ID_ident' in 'field list'
#0 /Users/mac/Documents/lessons/imac/first year/second semester/dev web/projecto/codeigniter-FW/system/Database/MySQLi/Connection.php(292): mysqli->query('SELECT `ID_iden...', 0)
#1 /Users/mac/Documents/lessons/imac/first year/second semester/dev web/projecto/codeigniter-FW/system/Database/BaseConnection.php(670): CodeIgniter\Database\MySQLi\Connection->execute('SELECT `ID_iden...')
#2 /Users/mac/Documents/lessons/imac/first year/second semester/dev web/projecto/codeigniter-FW/system/Database/BaseConnection.php(598): CodeIgniter\Database\BaseConnection->simpleQuery('SELECT `ID_iden...')
#3 /Users/mac/Documents/lessons/imac/first year/second semester/dev web/projecto/codeigniter-FW/system/Database/BaseBuilder.php(1455): CodeIgniter\Database\BaseConnection->query('SELECT `ID_iden...', Array, false)
#4 /Users/mac/Documents/lessons/imac/first year/second semester/dev web/projecto/codeigniter-FW/system/Model.php(145): CodeIgniter\Database\BaseBuilder->get()
#5 /Users/mac/Documents/lessons/imac/first year/second semester/dev web/projecto/codeigniter-FW/system/BaseModel.php(523): CodeIgniter\Model->doFind(false, NULL)
#6 /Users/mac/Documents/lessons/imac/first year/second semester/dev web/projecto/codeigniter-FW/system/Model.php(161): CodeIgniter\BaseModel->find()
#7 /Users/mac/Documents/lessons/imac/first year/second semester/dev web/projecto/codeigniter-FW/system/BaseModel.php(554): CodeIgniter\Model->doFindColumn('ID_ident')
#8 /Users/mac/Documents/lessons/imac/first year/second semester/dev web/projecto/codeigniter-FW/app/Models/quizzInternauteModel.php(20): CodeIgniter\BaseModel->findColumn('ID_ident')
#9 /Users/mac/Documents/lessons/imac/first year/second semester/dev web/projecto/codeigniter-FW/app/Models/quizzInternauteModel.php(59): App\Models\quizzInternauteModel->getId_ident('test1')
#10 /Users/mac/Documents/lessons/imac/first year/second semester/dev web/projecto/codeigniter-FW/app/Controllers/Result.php(23): App\Models\quizzInternauteModel->getAllInternauteQuizz('test1')
#11 /Users/mac/Documents/lessons/imac/first year/second semester/dev web/projecto/codeigniter-FW/system/CodeIgniter.php(832): App\Controllers\Result->index()
#12 /Users/mac/Documents/lessons/imac/first year/second semester/dev web/projecto/codeigniter-FW/system/CodeIgniter.php(419): CodeIgniter\CodeIgniter->runController(Object(App\Controllers\Result))
#13 /Users/mac/Documents/lessons/imac/first year/second semester/dev web/projecto/codeigniter-FW/system/CodeIgniter.php(326): CodeIgniter\CodeIgniter->handleRequest(NULL, Object(Config\Cache), false)
#14 /Users/mac/Documents/lessons/imac/first year/second semester/dev web/projecto/codeigniter-FW/public/index.php(37): CodeIgniter\CodeIgniter->run()
#15 /Users/mac/Documents/lessons/imac/first year/second semester/dev web/projecto/codeigniter-FW/system/Commands/Server/rewrite.php(43): require_once('/Users/mac/Docu...')
#16 {main}
ERROR - 2022-05-25 10:48:47 --> Unknown column 'ID_ident' in 'field list'
CRITICAL - 2022-05-25 10:48:47 --> Unknown column 'ID_ident' in 'field list'
#0 /Users/mac/Documents/lessons/imac/first year/second semester/dev web/projecto/codeigniter-FW/system/Database/MySQLi/Connection.php(292): mysqli->query('SELECT `ID_iden...', 0)
#1 /Users/mac/Documents/lessons/imac/first year/second semester/dev web/projecto/codeigniter-FW/system/Database/BaseConnection.php(670): CodeIgniter\Database\MySQLi\Connection->execute('SELECT `ID_iden...')
#2 /Users/mac/Documents/lessons/imac/first year/second semester/dev web/projecto/codeigniter-FW/system/Database/BaseConnection.php(598): CodeIgniter\Database\BaseConnection->simpleQuery('SELECT `ID_iden...')
#3 /Users/mac/Documents/lessons/imac/first year/second semester/dev web/projecto/codeigniter-FW/system/Database/BaseBuilder.php(1455): CodeIgniter\Database\BaseConnection->query('SELECT `ID_iden...', Array, false)
#4 /Users/mac/Documents/lessons/imac/first year/second semester/dev web/projecto/codeigniter-FW/system/Model.php(145): CodeIgniter\Database\BaseBuilder->get()
#5 /Users/mac/Documents/lessons/imac/first year/second semester/dev web/projecto/codeigniter-FW/system/BaseModel.php(523): CodeIgniter\Model->doFind(false, NULL)
#6 /Users/mac/Documents/lessons/imac/first year/second semester/dev web/projecto/codeigniter-FW/system/Model.php(161): CodeIgniter\BaseModel->find()
#7 /Users/mac/Documents/lessons/imac/first year/second semester/dev web/projecto/codeigniter-FW/system/BaseModel.php(554): CodeIgniter\Model->doFindColumn('ID_ident')
#8 /Users/mac/Documents/lessons/imac/first year/second semester/dev web/projecto/codeigniter-FW/app/Models/quizzInternauteModel.php(20): CodeIgniter\BaseModel->findColumn('ID_ident')
#9 /Users/mac/Documents/lessons/imac/first year/second semester/dev web/projecto/codeigniter-FW/app/Models/quizzInternauteModel.php(59): App\Models\quizzInternauteModel->getId_ident('test1')
#10 /Users/mac/Documents/lessons/imac/first year/second semester/dev web/projecto/codeigniter-FW/app/Controllers/Result.php(23): App\Models\quizzInternauteModel->getAllInternauteQuizz('test1')
#11 /Users/mac/Documents/lessons/imac/first year/second semester/dev web/projecto/codeigniter-FW/system/CodeIgniter.php(832): App\Controllers\Result->index()
#12 /Users/mac/Documents/lessons/imac/first year/second semester/dev web/projecto/codeigniter-FW/system/CodeIgniter.php(419): CodeIgniter\CodeIgniter->runController(Object(App\Controllers\Result))
#13 /Users/mac/Documents/lessons/imac/first year/second semester/dev web/projecto/codeigniter-FW/system/CodeIgniter.php(326): CodeIgniter\CodeIgniter->handleRequest(NULL, Object(Config\Cache), false)
#14 /Users/mac/Documents/lessons/imac/first year/second semester/dev web/projecto/codeigniter-FW/public/index.php(37): CodeIgniter\CodeIgniter->run()
#15 /Users/mac/Documents/lessons/imac/first year/second semester/dev web/projecto/codeigniter-FW/system/Commands/Server/rewrite.php(43): require_once('/Users/mac/Docu...')
#16 {main}
CRITICAL - 2022-05-25 10:50:34 --> Array to string conversion
#0 /Users/mac/Documents/lessons/imac/first year/second semester/dev web/projecto/codeigniter-FW/app/Controllers/Result.php(29): CodeIgniter\Debug\Exceptions->errorHandler(2, 'Array to string...', '/Users/mac/Docu...', 29)
#1 /Users/mac/Documents/lessons/imac/first year/second semester/dev web/projecto/codeigniter-FW/system/CodeIgniter.php(832): App\Controllers\Result->index()
#2 /Users/mac/Documents/lessons/imac/first year/second semester/dev web/projecto/codeigniter-FW/system/CodeIgniter.php(419): CodeIgniter\CodeIgniter->runController(Object(App\Controllers\Result))
#3 /Users/mac/Documents/lessons/imac/first year/second semester/dev web/projecto/codeigniter-FW/system/CodeIgniter.php(326): CodeIgniter\CodeIgniter->handleRequest(NULL, Object(Config\Cache), false)
#4 /Users/mac/Documents/lessons/imac/first year/second semester/dev web/projecto/codeigniter-FW/public/index.php(37): CodeIgniter\CodeIgniter->run()
#5 /Users/mac/Documents/lessons/imac/first year/second semester/dev web/projecto/codeigniter-FW/system/Commands/Server/rewrite.php(43): require_once('/Users/mac/Docu...')
#6 {main}
CRITICAL - 2022-05-25 10:55:17 --> Undefined property: App\Controllers\Result::$load
#0 /Users/mac/Documents/lessons/imac/first year/second semester/dev web/projecto/codeigniter-FW/app/Controllers/Result.php(30): CodeIgniter\Debug\Exceptions->errorHandler(2, 'Undefined prope...', '/Users/mac/Docu...', 30)
#1 /Users/mac/Documents/lessons/imac/first year/second semester/dev web/projecto/codeigniter-FW/system/CodeIgniter.php(832): App\Controllers\Result->index()
#2 /Users/mac/Documents/lessons/imac/first year/second semester/dev web/projecto/codeigniter-FW/system/CodeIgniter.php(419): CodeIgniter\CodeIgniter->runController(Object(App\Controllers\Result))
#3 /Users/mac/Documents/lessons/imac/first year/second semester/dev web/projecto/codeigniter-FW/system/CodeIgniter.php(326): CodeIgniter\CodeIgniter->handleRequest(NULL, Object(Config\Cache), false)
#4 /Users/mac/Documents/lessons/imac/first year/second semester/dev web/projecto/codeigniter-FW/public/index.php(37): CodeIgniter\CodeIgniter->run()
#5 /Users/mac/Documents/lessons/imac/first year/second semester/dev web/projecto/codeigniter-FW/system/Commands/Server/rewrite.php(43): require_once('/Users/mac/Docu...')
#6 {main}
CRITICAL - 2022-05-25 10:57:21 --> Class "App\Controllers\CI_Controller" not found
#0 /Users/mac/Documents/lessons/imac/first year/second semester/dev web/projecto/codeigniter-FW/system/Autoloader/Autoloader.php(264): include_once()
#1 /Users/mac/Documents/lessons/imac/first year/second semester/dev web/projecto/codeigniter-FW/system/Autoloader/Autoloader.php(241): CodeIgniter\Autoloader\Autoloader->includeFile('/Users/mac/Docu...')
#2 /Users/mac/Documents/lessons/imac/first year/second semester/dev web/projecto/codeigniter-FW/system/Autoloader/Autoloader.php(219): CodeIgniter\Autoloader\Autoloader->loadInNamespace('App\\Controllers...')
#3 [internal function]: CodeIgniter\Autoloader\Autoloader->loadClass('App\\Controllers...')
#4 /Users/mac/Documents/lessons/imac/first year/second semester/dev web/projecto/codeigniter-FW/system/CodeIgniter.php(797): class_exists('\\App\\Controller...', true)
#5 /Users/mac/Documents/lessons/imac/first year/second semester/dev web/projecto/codeigniter-FW/system/CodeIgniter.php(406): CodeIgniter\CodeIgniter->startController()
#6 /Users/mac/Documents/lessons/imac/first year/second semester/dev web/projecto/codeigniter-FW/system/CodeIgniter.php(326): CodeIgniter\CodeIgniter->handleRequest(NULL, Object(Config\Cache), false)
#7 /Users/mac/Documents/lessons/imac/first year/second semester/dev web/projecto/codeigniter-FW/public/index.php(37): CodeIgniter\CodeIgniter->run()
#8 /Users/mac/Documents/lessons/imac/first year/second semester/dev web/projecto/codeigniter-FW/system/Commands/Server/rewrite.php(43): require_once('/Users/mac/Docu...')
#9 {main}
CRITICAL - 2022-05-25 10:58:49 --> Class "App\Controllers\CI_Controller" not found
#0 /Users/mac/Documents/lessons/imac/first year/second semester/dev web/projecto/codeigniter-FW/system/Autoloader/Autoloader.php(264): include_once()
#1 /Users/mac/Documents/lessons/imac/first year/second semester/dev web/projecto/codeigniter-FW/system/Autoloader/Autoloader.php(241): CodeIgniter\Autoloader\Autoloader->includeFile('/Users/mac/Docu...')
#2 /Users/mac/Documents/lessons/imac/first year/second semester/dev web/projecto/codeigniter-FW/system/Autoloader/Autoloader.php(219): CodeIgniter\Autoloader\Autoloader->loadInNamespace('App\\Controllers...')
#3 [internal function]: CodeIgniter\Autoloader\Autoloader->loadClass('App\\Controllers...')
#4 /Users/mac/Documents/lessons/imac/first year/second semester/dev web/projecto/codeigniter-FW/system/CodeIgniter.php(797): class_exists('\\App\\Controller...', true)
#5 /Users/mac/Documents/lessons/imac/first year/second semester/dev web/projecto/codeigniter-FW/system/CodeIgniter.php(406): CodeIgniter\CodeIgniter->startController()
#6 /Users/mac/Documents/lessons/imac/first year/second semester/dev web/projecto/codeigniter-FW/system/CodeIgniter.php(326): CodeIgniter\CodeIgniter->handleRequest(NULL, Object(Config\Cache), false)
#7 /Users/mac/Documents/lessons/imac/first year/second semester/dev web/projecto/codeigniter-FW/public/index.php(37): CodeIgniter\CodeIgniter->run()
#8 /Users/mac/Documents/lessons/imac/first year/second semester/dev web/projecto/codeigniter-FW/system/Commands/Server/rewrite.php(43): require_once('/Users/mac/Docu...')
#9 {main}
CRITICAL - 2022-05-25 11:23:43 --> Undefined offset: 0
#0 /home/pauline/Documents/S2/web/projecto/codeigniter-FW/app/Models/quizzProfModel.php(30): CodeIgniter\Debug\Exceptions->errorHandler()
#1 /home/pauline/Documents/S2/web/projecto/codeigniter-FW/app/Controllers/Result.php(24): App\Models\quizzProfModel->getTeacher()
#2 /home/pauline/Documents/S2/web/projecto/codeigniter-FW/system/CodeIgniter.php(832): App\Controllers\Result->index()
#3 /home/pauline/Documents/S2/web/projecto/codeigniter-FW/system/CodeIgniter.php(419): CodeIgniter\CodeIgniter->runController()
#4 /home/pauline/Documents/S2/web/projecto/codeigniter-FW/system/CodeIgniter.php(326): CodeIgniter\CodeIgniter->handleRequest()
#5 /home/pauline/Documents/S2/web/projecto/codeigniter-FW/public/index.php(37): CodeIgniter\CodeIgniter->run()
#6 /home/pauline/Documents/S2/web/projecto/codeigniter-FW/system/Commands/Server/rewrite.php(43): require_once('/home/pauline/D...')
#7 {main}
CRITICAL - 2022-05-25 11:27:52 --> Undefined offset: 0
#0 /home/pauline/Documents/S2/web/projecto/codeigniter-FW/app/Models/quizzProfModel.php(30): CodeIgniter\Debug\Exceptions->errorHandler()
#1 /home/pauline/Documents/S2/web/projecto/codeigniter-FW/app/Controllers/Result.php(24): App\Models\quizzProfModel->getTeacher()
#2 /home/pauline/Documents/S2/web/projecto/codeigniter-FW/system/CodeIgniter.php(832): App\Controllers\Result->index()
#3 /home/pauline/Documents/S2/web/projecto/codeigniter-FW/system/CodeIgniter.php(419): CodeIgniter\CodeIgniter->runController()
#4 /home/pauline/Documents/S2/web/projecto/codeigniter-FW/system/CodeIgniter.php(326): CodeIgniter\CodeIgniter->handleRequest()
#5 /home/pauline/Documents/S2/web/projecto/codeigniter-FW/public/index.php(37): CodeIgniter\CodeIgniter->run()
#6 /home/pauline/Documents/S2/web/projecto/codeigniter-FW/system/Commands/Server/rewrite.php(43): require_once('/home/pauline/D...')
#7 {main}
CRITICAL - 2022-05-25 11:29:53 --> Undefined offset: 1
#0 /home/pauline/Documents/S2/web/projecto/codeigniter-FW/app/Models/quizzProfModel.php(30): CodeIgniter\Debug\Exceptions->errorHandler()
#1 /home/pauline/Documents/S2/web/projecto/codeigniter-FW/app/Controllers/Result.php(24): App\Models\quizzProfModel->getTeacher()
#2 /home/pauline/Documents/S2/web/projecto/codeigniter-FW/system/CodeIgniter.php(832): App\Controllers\Result->index()
#3 /home/pauline/Documents/S2/web/projecto/codeigniter-FW/system/CodeIgniter.php(419): CodeIgniter\CodeIgniter->runController()
#4 /home/pauline/Documents/S2/web/projecto/codeigniter-FW/system/CodeIgniter.php(326): CodeIgniter\CodeIgniter->handleRequest()
#5 /home/pauline/Documents/S2/web/projecto/codeigniter-FW/public/index.php(37): CodeIgniter\CodeIgniter->run()
#6 /home/pauline/Documents/S2/web/projecto/codeigniter-FW/system/Commands/Server/rewrite.php(43): require_once('/home/pauline/D...')
#7 {main}
