CRITICAL - 2022-04-21 09:00:09 --> The framework needs the following extension(s) installed and loaded: curl, intl, mbstring, xml.
#0 /home/lou/Documents/JS_PHP/projecto/codeigniter-FW/system/CodeIgniter.php(219): CodeIgniter\Exceptions\FrameworkException::forMissingExtension()
#1 /home/lou/Documents/JS_PHP/projecto/codeigniter-FW/system/CodeIgniter.php(177): CodeIgniter\CodeIgniter->resolvePlatformExtensions()
#2 /home/lou/Documents/JS_PHP/projecto/codeigniter-FW/system/bootstrap.php(146): CodeIgniter\CodeIgniter->initialize()
#3 /home/lou/Documents/JS_PHP/projecto/codeigniter-FW/spark(45): require('/home/lou/Docum...')
#4 {main}
CRITICAL - 2022-04-21 09:00:09 --> Uncaught Error: Call to undefined function CodeIgniter\CLI\mb_strpos() in /home/lou/Documents/JS_PHP/projecto/codeigniter-FW/system/CLI/CLI.php:758
Stack trace:
#0 /home/lou/Documents/JS_PHP/projecto/codeigniter-FW/system/CLI/CLI.php(161): CodeIgniter\CLI\CLI::parseCommandLine()
#1 /home/lou/Documents/JS_PHP/projecto/codeigniter-FW/system/CLI/CLI.php(1000): CodeIgniter\CLI\CLI::init()
#2 /home/lou/Documents/JS_PHP/projecto/codeigniter-FW/system/Autoloader/Autoloader.php(264): include_once('/home/lou/Docum...')
#3 /home/lou/Documents/JS_PHP/projecto/codeigniter-FW/system/Autoloader/Autoloader.php(241): CodeIgniter\Autoloader\Autoloader->includeFile()
#4 /home/lou/Documents/JS_PHP/projecto/codeigniter-FW/system/Autoloader/Autoloader.php(219): CodeIgniter\Autoloader\Autoloader->loadInNamespace()
#5 [internal function]: CodeIgniter\Autoloader\Autoloader->loadClass()
#6 /home/lou/Documents/JS_PHP/projecto/codeigniter-FW/app/Views/errors/cli/error_exception.php(6): spl_autoload_call()
#7 /home/lou/Documents/JS_PHP/
#0 [internal function]: CodeIgniter\Debug\Exceptions->shutdownHandler()
#1 {main}
CRITICAL - 2022-04-21 09:02:20 --> The framework needs the following extension(s) installed and loaded: curl, intl, mbstring, xml.
#0 /home/lou/Documents/JS_PHP/projecto/codeigniter-FW/system/CodeIgniter.php(219): CodeIgniter\Exceptions\FrameworkException::forMissingExtension()
#1 /home/lou/Documents/JS_PHP/projecto/codeigniter-FW/system/CodeIgniter.php(177): CodeIgniter\CodeIgniter->resolvePlatformExtensions()
#2 /home/lou/Documents/JS_PHP/projecto/codeigniter-FW/system/bootstrap.php(146): CodeIgniter\CodeIgniter->initialize()
#3 /home/lou/Documents/JS_PHP/projecto/codeigniter-FW/spark(45): require('/home/lou/Docum...')
#4 {main}
CRITICAL - 2022-04-21 09:02:20 --> Uncaught Error: Call to undefined function CodeIgniter\CLI\mb_strpos() in /home/lou/Documents/JS_PHP/projecto/codeigniter-FW/system/CLI/CLI.php:758
Stack trace:
#0 /home/lou/Documents/JS_PHP/projecto/codeigniter-FW/system/CLI/CLI.php(161): CodeIgniter\CLI\CLI::parseCommandLine()
#1 /home/lou/Documents/JS_PHP/projecto/codeigniter-FW/system/CLI/CLI.php(1000): CodeIgniter\CLI\CLI::init()
#2 /home/lou/Documents/JS_PHP/projecto/codeigniter-FW/system/Autoloader/Autoloader.php(264): include_once('/home/lou/Docum...')
#3 /home/lou/Documents/JS_PHP/projecto/codeigniter-FW/system/Autoloader/Autoloader.php(241): CodeIgniter\Autoloader\Autoloader->includeFile()
#4 /home/lou/Documents/JS_PHP/projecto/codeigniter-FW/system/Autoloader/Autoloader.php(219): CodeIgniter\Autoloader\Autoloader->loadInNamespace()
#5 [internal function]: CodeIgniter\Autoloader\Autoloader->loadClass()
#6 /home/lou/Documents/JS_PHP/projecto/codeigniter-FW/app/Views/errors/cli/error_exception.php(6): spl_autoload_call()
#7 /home/lou/Documents/JS_PHP/
#0 [internal function]: CodeIgniter\Debug\Exceptions->shutdownHandler()
#1 {main}
CRITICAL - 2022-04-21 09:06:23 --> The framework needs the following extension(s) installed and loaded: mbstring.
#0 /home/lou/Documents/JS_PHP/projecto/codeigniter-FW/system/CodeIgniter.php(219): CodeIgniter\Exceptions\FrameworkException::forMissingExtension()
#1 /home/lou/Documents/JS_PHP/projecto/codeigniter-FW/system/CodeIgniter.php(177): CodeIgniter\CodeIgniter->resolvePlatformExtensions()
#2 /home/lou/Documents/JS_PHP/projecto/codeigniter-FW/system/bootstrap.php(146): CodeIgniter\CodeIgniter->initialize()
#3 /home/lou/Documents/JS_PHP/projecto/codeigniter-FW/spark(45): require('/home/lou/Docum...')
#4 {main}
CRITICAL - 2022-04-21 09:06:23 --> Uncaught Error: Call to undefined function CodeIgniter\CLI\mb_strpos() in /home/lou/Documents/JS_PHP/projecto/codeigniter-FW/system/CLI/CLI.php:758
Stack trace:
#0 /home/lou/Documents/JS_PHP/projecto/codeigniter-FW/system/CLI/CLI.php(161): CodeIgniter\CLI\CLI::parseCommandLine()
#1 /home/lou/Documents/JS_PHP/projecto/codeigniter-FW/system/CLI/CLI.php(1000): CodeIgniter\CLI\CLI::init()
#2 /home/lou/Documents/JS_PHP/projecto/codeigniter-FW/system/Autoloader/Autoloader.php(264): include_once('/home/lou/Docum...')
#3 /home/lou/Documents/JS_PHP/projecto/codeigniter-FW/system/Autoloader/Autoloader.php(241): CodeIgniter\Autoloader\Autoloader->includeFile()
#4 /home/lou/Documents/JS_PHP/projecto/codeigniter-FW/system/Autoloader/Autoloader.php(219): CodeIgniter\Autoloader\Autoloader->loadInNamespace()
#5 [internal function]: CodeIgniter\Autoloader\Autoloader->loadClass()
#6 /home/lou/Documents/JS_PHP/projecto/codeigniter-FW/app/Views/errors/cli/error_exception.php(6): spl_autoload_call()
#7 /home/lou/Documents/JS_PHP/
#0 [internal function]: CodeIgniter\Debug\Exceptions->shutdownHandler()
#1 {main}
ERROR - 2022-04-21 02:09:14 --> Error connecting to the database: No such file or directory
CRITICAL - 2022-04-21 02:09:14 --> Unable to connect to the database.
Main connection [MySQLi]: No such file or directory
#0 /home/lou/Documents/JS_PHP/projecto/codeigniter-FW/system/Database/BaseConnection.php(577): CodeIgniter\Database\BaseConnection->initialize()
#1 /home/lou/Documents/JS_PHP/projecto/codeigniter-FW/system/Database/BaseBuilder.php(1455): CodeIgniter\Database\BaseConnection->query()
#2 /home/lou/Documents/JS_PHP/projecto/codeigniter-FW/system/Model.php(183): CodeIgniter\Database\BaseBuilder->get()
#3 /home/lou/Documents/JS_PHP/projecto/codeigniter-FW/system/BaseModel.php(584): CodeIgniter\Model->doFindAll()
#4 /home/lou/Documents/JS_PHP/projecto/codeigniter-FW/app/Models/TestModel.php(14): CodeIgniter\BaseModel->findAll()
#5 /home/lou/Documents/JS_PHP/projecto/codeigniter-FW/app/Controllers/Surnames.php(14): App\Models\TestModel->getSurnames()
#6 /home/lou/Documents/JS_PHP/projecto/codeigniter-FW/system/CodeIgniter.php(832): App\Controllers\Surnames->index()
#7 /home/lou/Documents/JS_PHP/projecto/codeigniter-FW/system/CodeIgniter.php(419): CodeIgniter\CodeIgniter->runController()
#8 /home/lou/Documents/JS_PHP/projecto/codeigniter-FW/system/CodeIgniter.php(326): CodeIgniter\CodeIgniter->handleRequest()
#9 /home/lou/Documents/JS_PHP/projecto/codeigniter-FW/public/index.php(37): CodeIgniter\CodeIgniter->run()
#10 /home/lou/Documents/JS_PHP/projecto/codeigniter-FW/system/Commands/Server/rewrite.php(43): require_once('/home/lou/Docum...')
#11 {main}
ERROR - 2022-04-21 02:17:54 --> Error connecting to the database: Access denied for user '****'@'localhost'
CRITICAL - 2022-04-21 02:17:54 --> Unable to connect to the database.
Main connection [MySQLi]: Access denied for user '****'@'localhost'
#0 /home/lou/Documents/JS_PHP/projecto/codeigniter-FW/system/Database/BaseConnection.php(577): CodeIgniter\Database\BaseConnection->initialize()
#1 /home/lou/Documents/JS_PHP/projecto/codeigniter-FW/system/Database/BaseBuilder.php(1455): CodeIgniter\Database\BaseConnection->query()
#2 /home/lou/Documents/JS_PHP/projecto/codeigniter-FW/system/Model.php(183): CodeIgniter\Database\BaseBuilder->get()
#3 /home/lou/Documents/JS_PHP/projecto/codeigniter-FW/system/BaseModel.php(584): CodeIgniter\Model->doFindAll()
#4 /home/lou/Documents/JS_PHP/projecto/codeigniter-FW/app/Models/TestModel.php(14): CodeIgniter\BaseModel->findAll()
#5 /home/lou/Documents/JS_PHP/projecto/codeigniter-FW/app/Controllers/Surnames.php(14): App\Models\TestModel->getSurnames()
#6 /home/lou/Documents/JS_PHP/projecto/codeigniter-FW/system/CodeIgniter.php(832): App\Controllers\Surnames->index()
#7 /home/lou/Documents/JS_PHP/projecto/codeigniter-FW/system/CodeIgniter.php(419): CodeIgniter\CodeIgniter->runController()
#8 /home/lou/Documents/JS_PHP/projecto/codeigniter-FW/system/CodeIgniter.php(326): CodeIgniter\CodeIgniter->handleRequest()
#9 /home/lou/Documents/JS_PHP/projecto/codeigniter-FW/public/index.php(37): CodeIgniter\CodeIgniter->run()
#10 /home/lou/Documents/JS_PHP/projecto/codeigniter-FW/system/Commands/Server/rewrite.php(43): require_once('/home/lou/Docum...')
#11 {main}
ERROR - 2022-04-21 02:17:56 --> Error connecting to the database: Access denied for user '****'@'localhost'
CRITICAL - 2022-04-21 02:17:56 --> Unable to connect to the database.
Main connection [MySQLi]: Access denied for user '****'@'localhost'
#0 /home/lou/Documents/JS_PHP/projecto/codeigniter-FW/system/Database/BaseConnection.php(577): CodeIgniter\Database\BaseConnection->initialize()
#1 /home/lou/Documents/JS_PHP/projecto/codeigniter-FW/system/Database/BaseBuilder.php(1455): CodeIgniter\Database\BaseConnection->query()
#2 /home/lou/Documents/JS_PHP/projecto/codeigniter-FW/system/Model.php(183): CodeIgniter\Database\BaseBuilder->get()
#3 /home/lou/Documents/JS_PHP/projecto/codeigniter-FW/system/BaseModel.php(584): CodeIgniter\Model->doFindAll()
#4 /home/lou/Documents/JS_PHP/projecto/codeigniter-FW/app/Models/TestModel.php(14): CodeIgniter\BaseModel->findAll()
#5 /home/lou/Documents/JS_PHP/projecto/codeigniter-FW/app/Controllers/Surnames.php(14): App\Models\TestModel->getSurnames()
#6 /home/lou/Documents/JS_PHP/projecto/codeigniter-FW/system/CodeIgniter.php(832): App\Controllers\Surnames->index()
#7 /home/lou/Documents/JS_PHP/projecto/codeigniter-FW/system/CodeIgniter.php(419): CodeIgniter\CodeIgniter->runController()
#8 /home/lou/Documents/JS_PHP/projecto/codeigniter-FW/system/CodeIgniter.php(326): CodeIgniter\CodeIgniter->handleRequest()
#9 /home/lou/Documents/JS_PHP/projecto/codeigniter-FW/public/index.php(37): CodeIgniter\CodeIgniter->run()
#10 /home/lou/Documents/JS_PHP/projecto/codeigniter-FW/system/Commands/Server/rewrite.php(43): require_once('/home/lou/Docum...')
#11 {main}
ERROR - 2022-04-21 02:17:56 --> Error connecting to the database: Access denied for user '****'@'localhost'
CRITICAL - 2022-04-21 02:17:56 --> Unable to connect to the database.
Main connection [MySQLi]: Access denied for user '****'@'localhost'
#0 /home/lou/Documents/JS_PHP/projecto/codeigniter-FW/system/Database/BaseConnection.php(577): CodeIgniter\Database\BaseConnection->initialize()
#1 /home/lou/Documents/JS_PHP/projecto/codeigniter-FW/system/Database/BaseBuilder.php(1455): CodeIgniter\Database\BaseConnection->query()
#2 /home/lou/Documents/JS_PHP/projecto/codeigniter-FW/system/Model.php(183): CodeIgniter\Database\BaseBuilder->get()
#3 /home/lou/Documents/JS_PHP/projecto/codeigniter-FW/system/BaseModel.php(584): CodeIgniter\Model->doFindAll()
#4 /home/lou/Documents/JS_PHP/projecto/codeigniter-FW/app/Models/TestModel.php(14): CodeIgniter\BaseModel->findAll()
#5 /home/lou/Documents/JS_PHP/projecto/codeigniter-FW/app/Controllers/Surnames.php(14): App\Models\TestModel->getSurnames()
#6 /home/lou/Documents/JS_PHP/projecto/codeigniter-FW/system/CodeIgniter.php(832): App\Controllers\Surnames->index()
#7 /home/lou/Documents/JS_PHP/projecto/codeigniter-FW/system/CodeIgniter.php(419): CodeIgniter\CodeIgniter->runController()
#8 /home/lou/Documents/JS_PHP/projecto/codeigniter-FW/system/CodeIgniter.php(326): CodeIgniter\CodeIgniter->handleRequest()
#9 /home/lou/Documents/JS_PHP/projecto/codeigniter-FW/public/index.php(37): CodeIgniter\CodeIgniter->run()
#10 /home/lou/Documents/JS_PHP/projecto/codeigniter-FW/system/Commands/Server/rewrite.php(43): require_once('/home/lou/Docum...')
#11 {main}
ERROR - 2022-04-21 02:18:15 --> Error connecting to the database: Access denied for user '****'@'localhost'
CRITICAL - 2022-04-21 02:18:15 --> Unable to connect to the database.
Main connection [MySQLi]: Access denied for user '****'@'localhost'
#0 /home/lou/Documents/JS_PHP/projecto/codeigniter-FW/system/Database/BaseConnection.php(577): CodeIgniter\Database\BaseConnection->initialize()
#1 /home/lou/Documents/JS_PHP/projecto/codeigniter-FW/system/Database/BaseBuilder.php(1455): CodeIgniter\Database\BaseConnection->query()
#2 /home/lou/Documents/JS_PHP/projecto/codeigniter-FW/system/Model.php(183): CodeIgniter\Database\BaseBuilder->get()
#3 /home/lou/Documents/JS_PHP/projecto/codeigniter-FW/system/BaseModel.php(584): CodeIgniter\Model->doFindAll()
#4 /home/lou/Documents/JS_PHP/projecto/codeigniter-FW/app/Models/TestModel.php(14): CodeIgniter\BaseModel->findAll()
#5 /home/lou/Documents/JS_PHP/projecto/codeigniter-FW/app/Controllers/Surnames.php(14): App\Models\TestModel->getSurnames()
#6 /home/lou/Documents/JS_PHP/projecto/codeigniter-FW/system/CodeIgniter.php(832): App\Controllers\Surnames->index()
#7 /home/lou/Documents/JS_PHP/projecto/codeigniter-FW/system/CodeIgniter.php(419): CodeIgniter\CodeIgniter->runController()
#8 /home/lou/Documents/JS_PHP/projecto/codeigniter-FW/system/CodeIgniter.php(326): CodeIgniter\CodeIgniter->handleRequest()
#9 /home/lou/Documents/JS_PHP/projecto/codeigniter-FW/public/index.php(37): CodeIgniter\CodeIgniter->run()
#10 /home/lou/Documents/JS_PHP/projecto/codeigniter-FW/system/Commands/Server/rewrite.php(43): require_once('/home/lou/Docum...')
#11 {main}
ERROR - 2022-04-21 02:18:16 --> Error connecting to the database: Access denied for user '****'@'localhost'
CRITICAL - 2022-04-21 02:18:16 --> Unable to connect to the database.
Main connection [MySQLi]: Access denied for user '****'@'localhost'
#0 /home/lou/Documents/JS_PHP/projecto/codeigniter-FW/system/Database/BaseConnection.php(577): CodeIgniter\Database\BaseConnection->initialize()
#1 /home/lou/Documents/JS_PHP/projecto/codeigniter-FW/system/Database/BaseBuilder.php(1455): CodeIgniter\Database\BaseConnection->query()
#2 /home/lou/Documents/JS_PHP/projecto/codeigniter-FW/system/Model.php(183): CodeIgniter\Database\BaseBuilder->get()
#3 /home/lou/Documents/JS_PHP/projecto/codeigniter-FW/system/BaseModel.php(584): CodeIgniter\Model->doFindAll()
#4 /home/lou/Documents/JS_PHP/projecto/codeigniter-FW/app/Models/TestModel.php(14): CodeIgniter\BaseModel->findAll()
#5 /home/lou/Documents/JS_PHP/projecto/codeigniter-FW/app/Controllers/Surnames.php(14): App\Models\TestModel->getSurnames()
#6 /home/lou/Documents/JS_PHP/projecto/codeigniter-FW/system/CodeIgniter.php(832): App\Controllers\Surnames->index()
#7 /home/lou/Documents/JS_PHP/projecto/codeigniter-FW/system/CodeIgniter.php(419): CodeIgniter\CodeIgniter->runController()
#8 /home/lou/Documents/JS_PHP/projecto/codeigniter-FW/system/CodeIgniter.php(326): CodeIgniter\CodeIgniter->handleRequest()
#9 /home/lou/Documents/JS_PHP/projecto/codeigniter-FW/public/index.php(37): CodeIgniter\CodeIgniter->run()
#10 /home/lou/Documents/JS_PHP/projecto/codeigniter-FW/system/Commands/Server/rewrite.php(43): require_once('/home/lou/Docum...')
#11 {main}
ERROR - 2022-04-21 02:18:16 --> Error connecting to the database: Access denied for user '****'@'localhost'
CRITICAL - 2022-04-21 02:18:16 --> Unable to connect to the database.
Main connection [MySQLi]: Access denied for user '****'@'localhost'
#0 /home/lou/Documents/JS_PHP/projecto/codeigniter-FW/system/Database/BaseConnection.php(577): CodeIgniter\Database\BaseConnection->initialize()
#1 /home/lou/Documents/JS_PHP/projecto/codeigniter-FW/system/Database/BaseBuilder.php(1455): CodeIgniter\Database\BaseConnection->query()
#2 /home/lou/Documents/JS_PHP/projecto/codeigniter-FW/system/Model.php(183): CodeIgniter\Database\BaseBuilder->get()
#3 /home/lou/Documents/JS_PHP/projecto/codeigniter-FW/system/BaseModel.php(584): CodeIgniter\Model->doFindAll()
#4 /home/lou/Documents/JS_PHP/projecto/codeigniter-FW/app/Models/TestModel.php(14): CodeIgniter\BaseModel->findAll()
#5 /home/lou/Documents/JS_PHP/projecto/codeigniter-FW/app/Controllers/Surnames.php(14): App\Models\TestModel->getSurnames()
#6 /home/lou/Documents/JS_PHP/projecto/codeigniter-FW/system/CodeIgniter.php(832): App\Controllers\Surnames->index()
#7 /home/lou/Documents/JS_PHP/projecto/codeigniter-FW/system/CodeIgniter.php(419): CodeIgniter\CodeIgniter->runController()
#8 /home/lou/Documents/JS_PHP/projecto/codeigniter-FW/system/CodeIgniter.php(326): CodeIgniter\CodeIgniter->handleRequest()
#9 /home/lou/Documents/JS_PHP/projecto/codeigniter-FW/public/index.php(37): CodeIgniter\CodeIgniter->run()
#10 /home/lou/Documents/JS_PHP/projecto/codeigniter-FW/system/Commands/Server/rewrite.php(43): require_once('/home/lou/Docum...')
#11 {main}
ERROR - 2022-04-21 02:18:16 --> Error connecting to the database: Access denied for user '****'@'localhost'
CRITICAL - 2022-04-21 02:18:16 --> Unable to connect to the database.
Main connection [MySQLi]: Access denied for user '****'@'localhost'
#0 /home/lou/Documents/JS_PHP/projecto/codeigniter-FW/system/Database/BaseConnection.php(577): CodeIgniter\Database\BaseConnection->initialize()
#1 /home/lou/Documents/JS_PHP/projecto/codeigniter-FW/system/Database/BaseBuilder.php(1455): CodeIgniter\Database\BaseConnection->query()
#2 /home/lou/Documents/JS_PHP/projecto/codeigniter-FW/system/Model.php(183): CodeIgniter\Database\BaseBuilder->get()
#3 /home/lou/Documents/JS_PHP/projecto/codeigniter-FW/system/BaseModel.php(584): CodeIgniter\Model->doFindAll()
#4 /home/lou/Documents/JS_PHP/projecto/codeigniter-FW/app/Models/TestModel.php(14): CodeIgniter\BaseModel->findAll()
#5 /home/lou/Documents/JS_PHP/projecto/codeigniter-FW/app/Controllers/Surnames.php(14): App\Models\TestModel->getSurnames()
#6 /home/lou/Documents/JS_PHP/projecto/codeigniter-FW/system/CodeIgniter.php(832): App\Controllers\Surnames->index()
#7 /home/lou/Documents/JS_PHP/projecto/codeigniter-FW/system/CodeIgniter.php(419): CodeIgniter\CodeIgniter->runController()
#8 /home/lou/Documents/JS_PHP/projecto/codeigniter-FW/system/CodeIgniter.php(326): CodeIgniter\CodeIgniter->handleRequest()
#9 /home/lou/Documents/JS_PHP/projecto/codeigniter-FW/public/index.php(37): CodeIgniter\CodeIgniter->run()
#10 /home/lou/Documents/JS_PHP/projecto/codeigniter-FW/system/Commands/Server/rewrite.php(43): require_once('/home/lou/Docum...')
#11 {main}
