<<<<<<< HEAD
CRITICAL - 2022-05-17 01:56:46 --> Class 'App\Models\Model' not found
#0 /home/pauline/Documents/S2/web/projecto/codeigniter-FW/system/Autoloader/Autoloader.php(264): include_once()
#1 /home/pauline/Documents/S2/web/projecto/codeigniter-FW/system/Autoloader/Autoloader.php(241): CodeIgniter\Autoloader\Autoloader->includeFile()
#2 /home/pauline/Documents/S2/web/projecto/codeigniter-FW/system/Autoloader/Autoloader.php(219): CodeIgniter\Autoloader\Autoloader->loadInNamespace()
#3 [internal function]: CodeIgniter\Autoloader\Autoloader->loadClass()
#4 [internal function]: spl_autoload_call()
#5 /home/pauline/Documents/S2/web/projecto/codeigniter-FW/system/Config/Factories.php(136): class_exists()
#6 /home/pauline/Documents/S2/web/projecto/codeigniter-FW/system/Config/Factories.php(106): CodeIgniter\Config\Factories::locateClass()
#7 /home/pauline/Documents/S2/web/projecto/codeigniter-FW/system/Common.php(780): CodeIgniter\Config\Factories::__callStatic()
#8 /home/pauline/Documents/S2/web/projecto/codeigniter-FW/app/Controllers/Questions.php(41): model()
#9 /home/pauline/Documents/S2/web/projecto/codeigniter-FW/system/CodeIgniter.php(832): App\Controllers\Questions->create()
#10 /home/pauline/Documents/S2/web/projecto/codeigniter-FW/system/CodeIgniter.php(419): CodeIgniter\CodeIgniter->runController()
#11 /home/pauline/Documents/S2/web/projecto/codeigniter-FW/system/CodeIgniter.php(326): CodeIgniter\CodeIgniter->handleRequest()
#12 /home/pauline/Documents/S2/web/projecto/codeigniter-FW/public/index.php(37): CodeIgniter\CodeIgniter->run()
#13 /home/pauline/Documents/S2/web/projecto/codeigniter-FW/system/Commands/Server/rewrite.php(43): require_once('/home/pauline/D...')
#14 {main}
CRITICAL - 2022-05-17 02:00:21 --> Undefined variable: id_inter
#0 /home/pauline/Documents/S2/web/projecto/codeigniter-FW/app/Controllers/Questions.php(55): CodeIgniter\Debug\Exceptions->errorHandler()
#1 /home/pauline/Documents/S2/web/projecto/codeigniter-FW/system/CodeIgniter.php(832): App\Controllers\Questions->create()
#2 /home/pauline/Documents/S2/web/projecto/codeigniter-FW/system/CodeIgniter.php(419): CodeIgniter\CodeIgniter->runController()
#3 /home/pauline/Documents/S2/web/projecto/codeigniter-FW/system/CodeIgniter.php(326): CodeIgniter\CodeIgniter->handleRequest()
#4 /home/pauline/Documents/S2/web/projecto/codeigniter-FW/public/index.php(37): CodeIgniter\CodeIgniter->run()
#5 /home/pauline/Documents/S2/web/projecto/codeigniter-FW/system/Commands/Server/rewrite.php(43): require_once('/home/pauline/D...')
#6 {main}
CRITICAL - 2022-05-17 02:00:29 --> Undefined variable: id_inter
#0 /home/pauline/Documents/S2/web/projecto/codeigniter-FW/app/Controllers/Questions.php(55): CodeIgniter\Debug\Exceptions->errorHandler()
#1 /home/pauline/Documents/S2/web/projecto/codeigniter-FW/system/CodeIgniter.php(832): App\Controllers\Questions->create()
#2 /home/pauline/Documents/S2/web/projecto/codeigniter-FW/system/CodeIgniter.php(419): CodeIgniter\CodeIgniter->runController()
#3 /home/pauline/Documents/S2/web/projecto/codeigniter-FW/system/CodeIgniter.php(326): CodeIgniter\CodeIgniter->handleRequest()
#4 /home/pauline/Documents/S2/web/projecto/codeigniter-FW/public/index.php(37): CodeIgniter\CodeIgniter->run()
#5 /home/pauline/Documents/S2/web/projecto/codeigniter-FW/system/Commands/Server/rewrite.php(43): require_once('/home/pauline/D...')
#6 {main}
CRITICAL - 2022-05-17 02:21:56 --> Undefined variable: id
#0 /home/pauline/Documents/S2/web/projecto/codeigniter-FW/app/Views/quizView/questionView.php(32): CodeIgniter\Debug\Exceptions->errorHandler()
#1 /home/pauline/Documents/S2/web/projecto/codeigniter-FW/system/View/View.php(210): include('/home/pauline/D...')
#2 /home/pauline/Documents/S2/web/projecto/codeigniter-FW/system/View/View.php(213): CodeIgniter\View\View->CodeIgniter\View\{closure}()
#3 /home/pauline/Documents/S2/web/projecto/codeigniter-FW/system/Common.php(1089): CodeIgniter\View\View->render()
#4 /home/pauline/Documents/S2/web/projecto/codeigniter-FW/app/Controllers/Questions.php(36): view()
#5 /home/pauline/Documents/S2/web/projecto/codeigniter-FW/system/CodeIgniter.php(832): App\Controllers\Questions->questionDisplay()
#6 /home/pauline/Documents/S2/web/projecto/codeigniter-FW/system/CodeIgniter.php(419): CodeIgniter\CodeIgniter->runController()
#7 /home/pauline/Documents/S2/web/projecto/codeigniter-FW/system/CodeIgniter.php(326): CodeIgniter\CodeIgniter->handleRequest()
#8 /home/pauline/Documents/S2/web/projecto/codeigniter-FW/public/index.php(37): CodeIgniter\CodeIgniter->run()
#9 /home/pauline/Documents/S2/web/projecto/codeigniter-FW/system/Commands/Server/rewrite.php(43): require_once('/home/pauline/D...')
#10 {main}
CRITICAL - 2022-05-17 02:21:59 --> Undefined variable: id
#0 /home/pauline/Documents/S2/web/projecto/codeigniter-FW/app/Views/quizView/questionView.php(32): CodeIgniter\Debug\Exceptions->errorHandler()
#1 /home/pauline/Documents/S2/web/projecto/codeigniter-FW/system/View/View.php(210): include('/home/pauline/D...')
#2 /home/pauline/Documents/S2/web/projecto/codeigniter-FW/system/View/View.php(213): CodeIgniter\View\View->CodeIgniter\View\{closure}()
#3 /home/pauline/Documents/S2/web/projecto/codeigniter-FW/system/Common.php(1089): CodeIgniter\View\View->render()
#4 /home/pauline/Documents/S2/web/projecto/codeigniter-FW/app/Controllers/Questions.php(36): view()
#5 /home/pauline/Documents/S2/web/projecto/codeigniter-FW/system/CodeIgniter.php(832): App\Controllers\Questions->questionDisplay()
#6 /home/pauline/Documents/S2/web/projecto/codeigniter-FW/system/CodeIgniter.php(419): CodeIgniter\CodeIgniter->runController()
#7 /home/pauline/Documents/S2/web/projecto/codeigniter-FW/system/CodeIgniter.php(326): CodeIgniter\CodeIgniter->handleRequest()
#8 /home/pauline/Documents/S2/web/projecto/codeigniter-FW/public/index.php(37): CodeIgniter\CodeIgniter->run()
#9 /home/pauline/Documents/S2/web/projecto/codeigniter-FW/system/Commands/Server/rewrite.php(43): require_once('/home/pauline/D...')
#10 {main}
CRITICAL - 2022-05-17 02:22:04 --> Undefined variable: id
#0 /home/pauline/Documents/S2/web/projecto/codeigniter-FW/app/Views/quizView/questionView.php(32): CodeIgniter\Debug\Exceptions->errorHandler()
#1 /home/pauline/Documents/S2/web/projecto/codeigniter-FW/system/View/View.php(210): include('/home/pauline/D...')
#2 /home/pauline/Documents/S2/web/projecto/codeigniter-FW/system/View/View.php(213): CodeIgniter\View\View->CodeIgniter\View\{closure}()
#3 /home/pauline/Documents/S2/web/projecto/codeigniter-FW/system/Common.php(1089): CodeIgniter\View\View->render()
#4 /home/pauline/Documents/S2/web/projecto/codeigniter-FW/app/Controllers/Questions.php(36): view()
#5 /home/pauline/Documents/S2/web/projecto/codeigniter-FW/system/CodeIgniter.php(832): App\Controllers\Questions->questionDisplay()
#6 /home/pauline/Documents/S2/web/projecto/codeigniter-FW/system/CodeIgniter.php(419): CodeIgniter\CodeIgniter->runController()
#7 /home/pauline/Documents/S2/web/projecto/codeigniter-FW/system/CodeIgniter.php(326): CodeIgniter\CodeIgniter->handleRequest()
#8 /home/pauline/Documents/S2/web/projecto/codeigniter-FW/public/index.php(37): CodeIgniter\CodeIgniter->run()
#9 /home/pauline/Documents/S2/web/projecto/codeigniter-FW/system/Commands/Server/rewrite.php(43): require_once('/home/pauline/D...')
#10 {main}
=======
ERROR - 2022-05-17 01:40:11 --> Error connecting to the database: No such file or directory
CRITICAL - 2022-05-17 01:40:11 --> Unable to connect to the database.
Main connection [MySQLi]: No such file or directory
#0 /var/www/projecto/codeigniter-FW/system/Database/BaseConnection.php(577): CodeIgniter\Database\BaseConnection->initialize()
#1 /var/www/projecto/codeigniter-FW/system/Database/BaseBuilder.php(1455): CodeIgniter\Database\BaseConnection->query()
#2 /var/www/projecto/codeigniter-FW/system/Model.php(183): CodeIgniter\Database\BaseBuilder->get()
#3 /var/www/projecto/codeigniter-FW/system/BaseModel.php(584): CodeIgniter\Model->doFindAll()
#4 /var/www/projecto/codeigniter-FW/app/Models/IdModel.php(26): CodeIgniter\BaseModel->findAll()
#5 /var/www/projecto/codeigniter-FW/app/Controllers/IdController.php(57): App\Models\IdModel->identifiantCheck()
#6 /var/www/projecto/codeigniter-FW/system/CodeIgniter.php(832): App\Controllers\IdController->create()
#7 /var/www/projecto/codeigniter-FW/system/CodeIgniter.php(419): CodeIgniter\CodeIgniter->runController()
#8 /var/www/projecto/codeigniter-FW/system/CodeIgniter.php(326): CodeIgniter\CodeIgniter->handleRequest()
#9 /var/www/projecto/codeigniter-FW/public/index.php(37): CodeIgniter\CodeIgniter->run()
#10 /var/www/projecto/codeigniter-FW/system/Commands/Server/rewrite.php(43): require_once('/var/www/projec...')
#11 {main}
ERROR - 2022-05-17 01:40:35 --> Error connecting to the database: No such file or directory
CRITICAL - 2022-05-17 01:40:35 --> Unable to connect to the database.
Main connection [MySQLi]: No such file or directory
#0 /var/www/projecto/codeigniter-FW/system/Database/BaseConnection.php(577): CodeIgniter\Database\BaseConnection->initialize()
#1 /var/www/projecto/codeigniter-FW/system/Database/BaseBuilder.php(1455): CodeIgniter\Database\BaseConnection->query()
#2 /var/www/projecto/codeigniter-FW/system/Model.php(183): CodeIgniter\Database\BaseBuilder->get()
#3 /var/www/projecto/codeigniter-FW/system/BaseModel.php(584): CodeIgniter\Model->doFindAll()
#4 /var/www/projecto/codeigniter-FW/app/Models/IdModel.php(26): CodeIgniter\BaseModel->findAll()
#5 /var/www/projecto/codeigniter-FW/app/Controllers/IdController.php(57): App\Models\IdModel->identifiantCheck()
#6 /var/www/projecto/codeigniter-FW/system/CodeIgniter.php(832): App\Controllers\IdController->create()
#7 /var/www/projecto/codeigniter-FW/system/CodeIgniter.php(419): CodeIgniter\CodeIgniter->runController()
#8 /var/www/projecto/codeigniter-FW/system/CodeIgniter.php(326): CodeIgniter\CodeIgniter->handleRequest()
#9 /var/www/projecto/codeigniter-FW/public/index.php(37): CodeIgniter\CodeIgniter->run()
#10 /var/www/projecto/codeigniter-FW/system/Commands/Server/rewrite.php(43): require_once('/var/www/projec...')
#11 {main}
ERROR - 2022-05-17 01:41:24 --> Error connecting to the database: No such file or directory
CRITICAL - 2022-05-17 01:41:24 --> Unable to connect to the database.
Main connection [MySQLi]: No such file or directory
#0 /var/www/projecto/codeigniter-FW/system/Database/BaseConnection.php(577): CodeIgniter\Database\BaseConnection->initialize()
#1 /var/www/projecto/codeigniter-FW/system/Database/BaseBuilder.php(1455): CodeIgniter\Database\BaseConnection->query()
#2 /var/www/projecto/codeigniter-FW/system/Model.php(183): CodeIgniter\Database\BaseBuilder->get()
#3 /var/www/projecto/codeigniter-FW/system/BaseModel.php(584): CodeIgniter\Model->doFindAll()
#4 /var/www/projecto/codeigniter-FW/app/Models/IdModel.php(26): CodeIgniter\BaseModel->findAll()
#5 /var/www/projecto/codeigniter-FW/app/Controllers/IdController.php(57): App\Models\IdModel->identifiantCheck()
#6 /var/www/projecto/codeigniter-FW/system/CodeIgniter.php(832): App\Controllers\IdController->create()
#7 /var/www/projecto/codeigniter-FW/system/CodeIgniter.php(419): CodeIgniter\CodeIgniter->runController()
#8 /var/www/projecto/codeigniter-FW/system/CodeIgniter.php(326): CodeIgniter\CodeIgniter->handleRequest()
#9 /var/www/projecto/codeigniter-FW/public/index.php(37): CodeIgniter\CodeIgniter->run()
#10 /var/www/projecto/codeigniter-FW/system/Commands/Server/rewrite.php(43): require_once('/var/www/projec...')
#11 {main}
<<<<<<< HEAD
ERROR - 2022-05-17 01:51:01 --> Error connecting to the database: No such file or directory
CRITICAL - 2022-05-17 01:51:01 --> Unable to connect to the database.
Main connection [MySQLi]: No such file or directory
#0 /var/www/projecto/codeigniter-FW/system/Database/BaseConnection.php(577): CodeIgniter\Database\BaseConnection->initialize()
#1 /var/www/projecto/codeigniter-FW/system/Database/BaseBuilder.php(1455): CodeIgniter\Database\BaseConnection->query()
#2 /var/www/projecto/codeigniter-FW/system/Model.php(183): CodeIgniter\Database\BaseBuilder->get()
#3 /var/www/projecto/codeigniter-FW/system/BaseModel.php(584): CodeIgniter\Model->doFindAll()
#4 /var/www/projecto/codeigniter-FW/app/Models/IdModel.php(26): CodeIgniter\BaseModel->findAll()
#5 /var/www/projecto/codeigniter-FW/app/Controllers/IdController.php(57): App\Models\IdModel->identifiantCheck()
#6 /var/www/projecto/codeigniter-FW/system/CodeIgniter.php(832): App\Controllers\IdController->create()
#7 /var/www/projecto/codeigniter-FW/system/CodeIgniter.php(419): CodeIgniter\CodeIgniter->runController()
#8 /var/www/projecto/codeigniter-FW/system/CodeIgniter.php(326): CodeIgniter\CodeIgniter->handleRequest()
#9 /var/www/projecto/codeigniter-FW/public/index.php(37): CodeIgniter\CodeIgniter->run()
#10 /var/www/projecto/codeigniter-FW/system/Commands/Server/rewrite.php(43): require_once('/var/www/projec...')
#11 {main}
ERROR - 2022-05-17 01:53:50 --> Error connecting to the database: No such file or directory
CRITICAL - 2022-05-17 01:53:50 --> Unable to connect to the database.
Main connection [MySQLi]: No such file or directory
#0 /var/www/projecto/codeigniter-FW/system/Database/BaseConnection.php(577): CodeIgniter\Database\BaseConnection->initialize()
#1 /var/www/projecto/codeigniter-FW/system/Database/BaseBuilder.php(1455): CodeIgniter\Database\BaseConnection->query()
#2 /var/www/projecto/codeigniter-FW/system/Model.php(183): CodeIgniter\Database\BaseBuilder->get()
#3 /var/www/projecto/codeigniter-FW/system/BaseModel.php(584): CodeIgniter\Model->doFindAll()
#4 /var/www/projecto/codeigniter-FW/app/Models/IdModel.php(26): CodeIgniter\BaseModel->findAll()
#5 /var/www/projecto/codeigniter-FW/app/Controllers/IdController.php(57): App\Models\IdModel->identifiantCheck()
#6 /var/www/projecto/codeigniter-FW/system/CodeIgniter.php(832): App\Controllers\IdController->create()
#7 /var/www/projecto/codeigniter-FW/system/CodeIgniter.php(419): CodeIgniter\CodeIgniter->runController()
#8 /var/www/projecto/codeigniter-FW/system/CodeIgniter.php(326): CodeIgniter\CodeIgniter->handleRequest()
#9 /var/www/projecto/codeigniter-FW/public/index.php(37): CodeIgniter\CodeIgniter->run()
#10 /var/www/projecto/codeigniter-FW/system/Commands/Server/rewrite.php(43): require_once('/var/www/projec...')
#11 {main}
CRITICAL - 2022-05-17 02:00:16 --> Call to undefined method App\Models\IdModel::getByKey
#0 /var/www/projecto/codeigniter-FW/app/Controllers/IdController.php(30): CodeIgniter\Model->__call()
#1 /var/www/projecto/codeigniter-FW/system/CodeIgniter.php(832): App\Controllers\IdController->view()
#2 /var/www/projecto/codeigniter-FW/system/CodeIgniter.php(419): CodeIgniter\CodeIgniter->runController()
#3 /var/www/projecto/codeigniter-FW/system/CodeIgniter.php(326): CodeIgniter\CodeIgniter->handleRequest()
#4 /var/www/projecto/codeigniter-FW/public/index.php(37): CodeIgniter\CodeIgniter->run()
#5 /var/www/projecto/codeigniter-FW/system/Commands/Server/rewrite.php(43): require_once('/var/www/projec...')
#6 {main}
ERROR - 2022-05-17 02:16:27 --> Table 'internaute.question' doesn't exist
CRITICAL - 2022-05-17 02:16:27 --> Table 'internaute.question' doesn't exist
#0 /var/www/projecto/codeigniter-FW/system/Database/MySQLi/Connection.php(292): mysqli->query()
#1 /var/www/projecto/codeigniter-FW/system/Database/BaseConnection.php(670): CodeIgniter\Database\MySQLi\Connection->execute()
#2 /var/www/projecto/codeigniter-FW/system/Database/BaseConnection.php(598): CodeIgniter\Database\BaseConnection->simpleQuery()
#3 /var/www/projecto/codeigniter-FW/system/Database/BaseBuilder.php(1455): CodeIgniter\Database\BaseConnection->query()
#4 /var/www/projecto/codeigniter-FW/system/Model.php(210): CodeIgniter\Database\BaseBuilder->get()
#5 /var/www/projecto/codeigniter-FW/system/BaseModel.php(622): CodeIgniter\Model->doFirst()
#6 /var/www/projecto/codeigniter-FW/app/Models/questionModel.php(28): CodeIgniter\BaseModel->first()
#7 /var/www/projecto/codeigniter-FW/app/Controllers/Questions.php(31): App\Models\questionModel->getByKey()
#8 /var/www/projecto/codeigniter-FW/system/CodeIgniter.php(832): App\Controllers\Questions->questionDisplay()
#9 /var/www/projecto/codeigniter-FW/system/CodeIgniter.php(419): CodeIgniter\CodeIgniter->runController()
#10 /var/www/projecto/codeigniter-FW/system/CodeIgniter.php(326): CodeIgniter\CodeIgniter->handleRequest()
#11 /var/www/projecto/codeigniter-FW/public/index.php(37): CodeIgniter\CodeIgniter->run()
#12 /var/www/projecto/codeigniter-FW/system/Commands/Server/rewrite.php(43): require_once('/var/www/projec...')
#13 {main}
CRITICAL - 2022-05-17 02:26:20 --> Undefined offset: 0
#0 /var/www/projecto/codeigniter-FW/app/Views/quizView/questionView.php(20): CodeIgniter\Debug\Exceptions->errorHandler()
#1 /var/www/projecto/codeigniter-FW/system/View/View.php(210): include('/var/www/projec...')
#2 /var/www/projecto/codeigniter-FW/system/View/View.php(213): CodeIgniter\View\View->CodeIgniter\View\{closure}()
#3 /var/www/projecto/codeigniter-FW/system/Common.php(1089): CodeIgniter\View\View->render()
#4 /var/www/projecto/codeigniter-FW/app/Controllers/Questions.php(36): view()
#5 /var/www/projecto/codeigniter-FW/system/CodeIgniter.php(832): App\Controllers\Questions->questionDisplay()
#6 /var/www/projecto/codeigniter-FW/system/CodeIgniter.php(419): CodeIgniter\CodeIgniter->runController()
#7 /var/www/projecto/codeigniter-FW/system/CodeIgniter.php(326): CodeIgniter\CodeIgniter->handleRequest()
#8 /var/www/projecto/codeigniter-FW/public/index.php(37): CodeIgniter\CodeIgniter->run()
#9 /var/www/projecto/codeigniter-FW/system/Commands/Server/rewrite.php(43): require_once('/var/www/projec...')
#10 {main}
CRITICAL - 2022-05-17 02:26:40 --> Undefined offset: 0
#0 /var/www/projecto/codeigniter-FW/app/Views/quizView/questionView.php(20): CodeIgniter\Debug\Exceptions->errorHandler()
#1 /var/www/projecto/codeigniter-FW/system/View/View.php(210): include('/var/www/projec...')
#2 /var/www/projecto/codeigniter-FW/system/View/View.php(213): CodeIgniter\View\View->CodeIgniter\View\{closure}()
#3 /var/www/projecto/codeigniter-FW/system/Common.php(1089): CodeIgniter\View\View->render()
#4 /var/www/projecto/codeigniter-FW/app/Controllers/Questions.php(36): view()
#5 /var/www/projecto/codeigniter-FW/system/CodeIgniter.php(832): App\Controllers\Questions->questionDisplay()
#6 /var/www/projecto/codeigniter-FW/system/CodeIgniter.php(419): CodeIgniter\CodeIgniter->runController()
#7 /var/www/projecto/codeigniter-FW/system/CodeIgniter.php(326): CodeIgniter\CodeIgniter->handleRequest()
#8 /var/www/projecto/codeigniter-FW/public/index.php(37): CodeIgniter\CodeIgniter->run()
#9 /var/www/projecto/codeigniter-FW/system/Commands/Server/rewrite.php(43): require_once('/var/www/projec...')
#10 {main}
=======
>>>>>>> main
<<<<<<< HEAD
CRITICAL - 2022-05-17 02:49:33 --> Undefined variable: id
=======
>>>>>>> main
CRITICAL - 2022-05-17 02:39:34 --> Undefined variable: id
>>>>>>> LouID
#0 /var/www/projecto/codeigniter-FW/app/Views/quizView/questionView.php(32): CodeIgniter\Debug\Exceptions->errorHandler()
#1 /var/www/projecto/codeigniter-FW/system/View/View.php(210): include('/var/www/projec...')
#2 /var/www/projecto/codeigniter-FW/system/View/View.php(213): CodeIgniter\View\View->CodeIgniter\View\{closure}()
#3 /var/www/projecto/codeigniter-FW/system/Common.php(1089): CodeIgniter\View\View->render()
#4 /var/www/projecto/codeigniter-FW/app/Controllers/Questions.php(36): view()
#5 /var/www/projecto/codeigniter-FW/system/CodeIgniter.php(832): App\Controllers\Questions->questionDisplay()
#6 /var/www/projecto/codeigniter-FW/system/CodeIgniter.php(419): CodeIgniter\CodeIgniter->runController()
#7 /var/www/projecto/codeigniter-FW/system/CodeIgniter.php(326): CodeIgniter\CodeIgniter->handleRequest()
#8 /var/www/projecto/codeigniter-FW/public/index.php(37): CodeIgniter\CodeIgniter->run()
#9 /var/www/projecto/codeigniter-FW/system/Commands/Server/rewrite.php(43): require_once('/var/www/projec...')
#10 {main}
<<<<<<< HEAD
CRITICAL - 2022-05-17 02:49:36 --> Undefined variable: id
#0 /var/www/projecto/codeigniter-FW/app/Views/quizView/questionView.php(32): CodeIgniter\Debug\Exceptions->errorHandler()
#1 /var/www/projecto/codeigniter-FW/system/View/View.php(210): include('/var/www/projec...')
#2 /var/www/projecto/codeigniter-FW/system/View/View.php(213): CodeIgniter\View\View->CodeIgniter\View\{closure}()
#3 /var/www/projecto/codeigniter-FW/system/Common.php(1089): CodeIgniter\View\View->render()
#4 /var/www/projecto/codeigniter-FW/app/Controllers/Questions.php(36): view()
#5 /var/www/projecto/codeigniter-FW/system/CodeIgniter.php(832): App\Controllers\Questions->questionDisplay()
#6 /var/www/projecto/codeigniter-FW/system/CodeIgniter.php(419): CodeIgniter\CodeIgniter->runController()
#7 /var/www/projecto/codeigniter-FW/system/CodeIgniter.php(326): CodeIgniter\CodeIgniter->handleRequest()
#8 /var/www/projecto/codeigniter-FW/public/index.php(37): CodeIgniter\CodeIgniter->run()
#9 /var/www/projecto/codeigniter-FW/system/Commands/Server/rewrite.php(43): require_once('/var/www/projec...')
#10 {main}
CRITICAL - 2022-05-17 02:59:04 --> Undefined variable: id
#0 /var/www/projecto/codeigniter-FW/app/Views/quizView/questionView.php(32): CodeIgniter\Debug\Exceptions->errorHandler()
#1 /var/www/projecto/codeigniter-FW/system/View/View.php(210): include('/var/www/projec...')
#2 /var/www/projecto/codeigniter-FW/system/View/View.php(213): CodeIgniter\View\View->CodeIgniter\View\{closure}()
#3 /var/www/projecto/codeigniter-FW/system/Common.php(1089): CodeIgniter\View\View->render()
#4 /var/www/projecto/codeigniter-FW/app/Controllers/Questions.php(36): view()
#5 /var/www/projecto/codeigniter-FW/system/CodeIgniter.php(832): App\Controllers\Questions->questionDisplay()
#6 /var/www/projecto/codeigniter-FW/system/CodeIgniter.php(419): CodeIgniter\CodeIgniter->runController()
#7 /var/www/projecto/codeigniter-FW/system/CodeIgniter.php(326): CodeIgniter\CodeIgniter->handleRequest()
#8 /var/www/projecto/codeigniter-FW/public/index.php(37): CodeIgniter\CodeIgniter->run()
#9 /var/www/projecto/codeigniter-FW/system/Commands/Server/rewrite.php(43): require_once('/var/www/projec...')
#10 {main}
ERROR - 2022-05-17 03:00:06 --> Unknown column 'question.ID_rep' in 'on clause'
CRITICAL - 2022-05-17 03:00:06 --> Unknown column 'question.ID_rep' in 'on clause'
#0 /var/www/projecto/codeigniter-FW/system/Database/MySQLi/Connection.php(292): mysqli->query()
#1 /var/www/projecto/codeigniter-FW/system/Database/BaseConnection.php(670): CodeIgniter\Database\MySQLi\Connection->execute()
#2 /var/www/projecto/codeigniter-FW/system/Database/BaseConnection.php(598): CodeIgniter\Database\BaseConnection->simpleQuery()
#3 /var/www/projecto/codeigniter-FW/system/Database/BaseBuilder.php(1455): CodeIgniter\Database\BaseConnection->query()
#4 /var/www/projecto/codeigniter-FW/system/Model.php(210): CodeIgniter\Database\BaseBuilder->get()
#5 /var/www/projecto/codeigniter-FW/system/BaseModel.php(622): CodeIgniter\Model->doFirst()
#6 /var/www/projecto/codeigniter-FW/app/Models/quizzInternauteModel.php(29): CodeIgniter\BaseModel->first()
#7 /var/www/projecto/codeigniter-FW/app/Models/quizzInternauteModel.php(43): App\Models\quizzInternauteModel->getAnInternauteResponseByQuestion()
#8 /var/www/projecto/codeigniter-FW/app/Models/quizzInternauteModel.php(79): App\Models\quizzInternauteModel->answered()
#9 /var/www/projecto/codeigniter-FW/app/Controllers/Questions.php(56): App\Models\quizzInternauteModel->createQuizzInternaute()
#10 /var/www/projecto/codeigniter-FW/system/CodeIgniter.php(832): App\Controllers\Questions->create()
#11 /var/www/projecto/codeigniter-FW/system/CodeIgniter.php(419): CodeIgniter\CodeIgniter->runController()
#12 /var/www/projecto/codeigniter-FW/system/CodeIgniter.php(326): CodeIgniter\CodeIgniter->handleRequest()
#13 /var/www/projecto/codeigniter-FW/public/index.php(37): CodeIgniter\CodeIgniter->run()
#14 /var/www/projecto/codeigniter-FW/system/Commands/Server/rewrite.php(43): require_once('/var/www/projec...')
#15 {main}
ERROR - 2022-05-17 03:00:17 --> Unknown column 'question.ID_rep' in 'on clause'
CRITICAL - 2022-05-17 03:00:17 --> Unknown column 'question.ID_rep' in 'on clause'
#0 /var/www/projecto/codeigniter-FW/system/Database/MySQLi/Connection.php(292): mysqli->query()
#1 /var/www/projecto/codeigniter-FW/system/Database/BaseConnection.php(670): CodeIgniter\Database\MySQLi\Connection->execute()
#2 /var/www/projecto/codeigniter-FW/system/Database/BaseConnection.php(598): CodeIgniter\Database\BaseConnection->simpleQuery()
#3 /var/www/projecto/codeigniter-FW/system/Database/BaseBuilder.php(1455): CodeIgniter\Database\BaseConnection->query()
#4 /var/www/projecto/codeigniter-FW/system/Model.php(210): CodeIgniter\Database\BaseBuilder->get()
#5 /var/www/projecto/codeigniter-FW/system/BaseModel.php(622): CodeIgniter\Model->doFirst()
#6 /var/www/projecto/codeigniter-FW/app/Models/quizzInternauteModel.php(29): CodeIgniter\BaseModel->first()
#7 /var/www/projecto/codeigniter-FW/app/Models/quizzInternauteModel.php(43): App\Models\quizzInternauteModel->getAnInternauteResponseByQuestion()
#8 /var/www/projecto/codeigniter-FW/app/Models/quizzInternauteModel.php(79): App\Models\quizzInternauteModel->answered()
#9 /var/www/projecto/codeigniter-FW/app/Controllers/Questions.php(56): App\Models\quizzInternauteModel->createQuizzInternaute()
#10 /var/www/projecto/codeigniter-FW/system/CodeIgniter.php(832): App\Controllers\Questions->create()
#11 /var/www/projecto/codeigniter-FW/system/CodeIgniter.php(419): CodeIgniter\CodeIgniter->runController()
#12 /var/www/projecto/codeigniter-FW/system/CodeIgniter.php(326): CodeIgniter\CodeIgniter->handleRequest()
#13 /var/www/projecto/codeigniter-FW/public/index.php(37): CodeIgniter\CodeIgniter->run()
#14 /var/www/projecto/codeigniter-FW/system/Commands/Server/rewrite.php(43): require_once('/var/www/projec...')
#15 {main}
ERROR - 2022-05-17 03:00:24 --> Unknown column 'question.ID_rep' in 'on clause'
CRITICAL - 2022-05-17 03:00:24 --> Unknown column 'question.ID_rep' in 'on clause'
#0 /var/www/projecto/codeigniter-FW/system/Database/MySQLi/Connection.php(292): mysqli->query()
#1 /var/www/projecto/codeigniter-FW/system/Database/BaseConnection.php(670): CodeIgniter\Database\MySQLi\Connection->execute()
#2 /var/www/projecto/codeigniter-FW/system/Database/BaseConnection.php(598): CodeIgniter\Database\BaseConnection->simpleQuery()
#3 /var/www/projecto/codeigniter-FW/system/Database/BaseBuilder.php(1455): CodeIgniter\Database\BaseConnection->query()
#4 /var/www/projecto/codeigniter-FW/system/Model.php(210): CodeIgniter\Database\BaseBuilder->get()
#5 /var/www/projecto/codeigniter-FW/system/BaseModel.php(622): CodeIgniter\Model->doFirst()
#6 /var/www/projecto/codeigniter-FW/app/Models/quizzInternauteModel.php(29): CodeIgniter\BaseModel->first()
#7 /var/www/projecto/codeigniter-FW/app/Models/quizzInternauteModel.php(43): App\Models\quizzInternauteModel->getAnInternauteResponseByQuestion()
#8 /var/www/projecto/codeigniter-FW/app/Models/quizzInternauteModel.php(79): App\Models\quizzInternauteModel->answered()
#9 /var/www/projecto/codeigniter-FW/app/Controllers/Questions.php(56): App\Models\quizzInternauteModel->createQuizzInternaute()
#10 /var/www/projecto/codeigniter-FW/system/CodeIgniter.php(832): App\Controllers\Questions->create()
#11 /var/www/projecto/codeigniter-FW/system/CodeIgniter.php(419): CodeIgniter\CodeIgniter->runController()
#12 /var/www/projecto/codeigniter-FW/system/CodeIgniter.php(326): CodeIgniter\CodeIgniter->handleRequest()
#13 /var/www/projecto/codeigniter-FW/public/index.php(37): CodeIgniter\CodeIgniter->run()
#14 /var/www/projecto/codeigniter-FW/system/Commands/Server/rewrite.php(43): require_once('/var/www/projec...')
#15 {main}
ERROR - 2022-05-17 03:00:33 --> Unknown column 'question.ID_rep' in 'on clause'
CRITICAL - 2022-05-17 03:00:33 --> Unknown column 'question.ID_rep' in 'on clause'
#0 /var/www/projecto/codeigniter-FW/system/Database/MySQLi/Connection.php(292): mysqli->query()
#1 /var/www/projecto/codeigniter-FW/system/Database/BaseConnection.php(670): CodeIgniter\Database\MySQLi\Connection->execute()
#2 /var/www/projecto/codeigniter-FW/system/Database/BaseConnection.php(598): CodeIgniter\Database\BaseConnection->simpleQuery()
#3 /var/www/projecto/codeigniter-FW/system/Database/BaseBuilder.php(1455): CodeIgniter\Database\BaseConnection->query()
#4 /var/www/projecto/codeigniter-FW/system/Model.php(210): CodeIgniter\Database\BaseBuilder->get()
#5 /var/www/projecto/codeigniter-FW/system/BaseModel.php(622): CodeIgniter\Model->doFirst()
#6 /var/www/projecto/codeigniter-FW/app/Models/quizzInternauteModel.php(29): CodeIgniter\BaseModel->first()
#7 /var/www/projecto/codeigniter-FW/app/Models/quizzInternauteModel.php(43): App\Models\quizzInternauteModel->getAnInternauteResponseByQuestion()
#8 /var/www/projecto/codeigniter-FW/app/Models/quizzInternauteModel.php(79): App\Models\quizzInternauteModel->answered()
#9 /var/www/projecto/codeigniter-FW/app/Controllers/Questions.php(56): App\Models\quizzInternauteModel->createQuizzInternaute()
#10 /var/www/projecto/codeigniter-FW/system/CodeIgniter.php(832): App\Controllers\Questions->create()
#11 /var/www/projecto/codeigniter-FW/system/CodeIgniter.php(419): CodeIgniter\CodeIgniter->runController()
#12 /var/www/projecto/codeigniter-FW/system/CodeIgniter.php(326): CodeIgniter\CodeIgniter->handleRequest()
#13 /var/www/projecto/codeigniter-FW/public/index.php(37): CodeIgniter\CodeIgniter->run()
#14 /var/www/projecto/codeigniter-FW/system/Commands/Server/rewrite.php(43): require_once('/var/www/projec...')
#15 {main}
ERROR - 2022-05-17 03:01:34 --> Unknown column 'question.ID_rep' in 'on clause'
CRITICAL - 2022-05-17 03:01:34 --> Unknown column 'question.ID_rep' in 'on clause'
#0 /var/www/projecto/codeigniter-FW/system/Database/MySQLi/Connection.php(292): mysqli->query()
#1 /var/www/projecto/codeigniter-FW/system/Database/BaseConnection.php(670): CodeIgniter\Database\MySQLi\Connection->execute()
#2 /var/www/projecto/codeigniter-FW/system/Database/BaseConnection.php(598): CodeIgniter\Database\BaseConnection->simpleQuery()
#3 /var/www/projecto/codeigniter-FW/system/Database/BaseBuilder.php(1455): CodeIgniter\Database\BaseConnection->query()
#4 /var/www/projecto/codeigniter-FW/system/Model.php(210): CodeIgniter\Database\BaseBuilder->get()
#5 /var/www/projecto/codeigniter-FW/system/BaseModel.php(622): CodeIgniter\Model->doFirst()
#6 /var/www/projecto/codeigniter-FW/app/Models/quizzInternauteModel.php(29): CodeIgniter\BaseModel->first()
#7 /var/www/projecto/codeigniter-FW/app/Models/quizzInternauteModel.php(43): App\Models\quizzInternauteModel->getAnInternauteResponseByQuestion()
#8 /var/www/projecto/codeigniter-FW/app/Models/quizzInternauteModel.php(79): App\Models\quizzInternauteModel->answered()
#9 /var/www/projecto/codeigniter-FW/app/Controllers/Questions.php(56): App\Models\quizzInternauteModel->createQuizzInternaute()
#10 /var/www/projecto/codeigniter-FW/system/CodeIgniter.php(832): App\Controllers\Questions->create()
#11 /var/www/projecto/codeigniter-FW/system/CodeIgniter.php(419): CodeIgniter\CodeIgniter->runController()
#12 /var/www/projecto/codeigniter-FW/system/CodeIgniter.php(326): CodeIgniter\CodeIgniter->handleRequest()
#13 /var/www/projecto/codeigniter-FW/public/index.php(37): CodeIgniter\CodeIgniter->run()
#14 /var/www/projecto/codeigniter-FW/system/Commands/Server/rewrite.php(43): require_once('/var/www/projec...')
#15 {main}
CRITICAL - 2022-05-17 03:02:28 --> Trying to access array offset on value of type null
#0 /var/www/projecto/codeigniter-FW/app/Views/quizView/questionView.php(18): CodeIgniter\Debug\Exceptions->errorHandler()
#1 /var/www/projecto/codeigniter-FW/system/View/View.php(210): include('/var/www/projec...')
#2 /var/www/projecto/codeigniter-FW/system/View/View.php(213): CodeIgniter\View\View->CodeIgniter\View\{closure}()
#3 /var/www/projecto/codeigniter-FW/system/Common.php(1089): CodeIgniter\View\View->render()
#4 /var/www/projecto/codeigniter-FW/app/Controllers/Questions.php(36): view()
#5 /var/www/projecto/codeigniter-FW/system/CodeIgniter.php(832): App\Controllers\Questions->questionDisplay()
#6 /var/www/projecto/codeigniter-FW/system/CodeIgniter.php(419): CodeIgniter\CodeIgniter->runController()
#7 /var/www/projecto/codeigniter-FW/system/CodeIgniter.php(326): CodeIgniter\CodeIgniter->handleRequest()
#8 /var/www/projecto/codeigniter-FW/public/index.php(37): CodeIgniter\CodeIgniter->run()
#9 /var/www/projecto/codeigniter-FW/system/Commands/Server/rewrite.php(43): require_once('/var/www/projec...')
#10 {main}
CRITICAL - 2022-05-17 03:02:36 --> syntax error, unexpected 'echo' (T_ECHO)
#0 /var/www/projecto/codeigniter-FW/system/Autoloader/Autoloader.php(241): CodeIgniter\Autoloader\Autoloader->includeFile()
#1 /var/www/projecto/codeigniter-FW/system/Autoloader/Autoloader.php(219): CodeIgniter\Autoloader\Autoloader->loadInNamespace()
#2 [internal function]: CodeIgniter\Autoloader\Autoloader->loadClass()
#3 [internal function]: spl_autoload_call()
#4 /var/www/projecto/codeigniter-FW/system/CodeIgniter.php(797): class_exists()
#5 /var/www/projecto/codeigniter-FW/system/CodeIgniter.php(406): CodeIgniter\CodeIgniter->startController()
#6 /var/www/projecto/codeigniter-FW/system/CodeIgniter.php(326): CodeIgniter\CodeIgniter->handleRequest()
#7 /var/www/projecto/codeigniter-FW/public/index.php(37): CodeIgniter\CodeIgniter->run()
#8 /var/www/projecto/codeigniter-FW/system/Commands/Server/rewrite.php(43): require_once('/var/www/projec...')
#9 {main}
CRITICAL - 2022-05-17 03:02:43 --> syntax error, unexpected 'echo' (T_ECHO)
#0 /var/www/projecto/codeigniter-FW/system/Autoloader/Autoloader.php(241): CodeIgniter\Autoloader\Autoloader->includeFile()
#1 /var/www/projecto/codeigniter-FW/system/Autoloader/Autoloader.php(219): CodeIgniter\Autoloader\Autoloader->loadInNamespace()
#2 [internal function]: CodeIgniter\Autoloader\Autoloader->loadClass()
#3 [internal function]: spl_autoload_call()
#4 /var/www/projecto/codeigniter-FW/system/CodeIgniter.php(797): class_exists()
#5 /var/www/projecto/codeigniter-FW/system/CodeIgniter.php(406): CodeIgniter\CodeIgniter->startController()
#6 /var/www/projecto/codeigniter-FW/system/CodeIgniter.php(326): CodeIgniter\CodeIgniter->handleRequest()
#7 /var/www/projecto/codeigniter-FW/public/index.php(37): CodeIgniter\CodeIgniter->run()
#8 /var/www/projecto/codeigniter-FW/system/Commands/Server/rewrite.php(43): require_once('/var/www/projec...')
#9 {main}
CRITICAL - 2022-05-17 03:02:56 --> Trying to access array offset on value of type null
#0 /var/www/projecto/codeigniter-FW/app/Views/quizView/questionView.php(18): CodeIgniter\Debug\Exceptions->errorHandler()
#1 /var/www/projecto/codeigniter-FW/system/View/View.php(210): include('/var/www/projec...')
#2 /var/www/projecto/codeigniter-FW/system/View/View.php(213): CodeIgniter\View\View->CodeIgniter\View\{closure}()
#3 /var/www/projecto/codeigniter-FW/system/Common.php(1089): CodeIgniter\View\View->render()
#4 /var/www/projecto/codeigniter-FW/app/Controllers/Questions.php(36): view()
#5 /var/www/projecto/codeigniter-FW/system/CodeIgniter.php(832): App\Controllers\Questions->questionDisplay()
#6 /var/www/projecto/codeigniter-FW/system/CodeIgniter.php(419): CodeIgniter\CodeIgniter->runController()
#7 /var/www/projecto/codeigniter-FW/system/CodeIgniter.php(326): CodeIgniter\CodeIgniter->handleRequest()
#8 /var/www/projecto/codeigniter-FW/public/index.php(37): CodeIgniter\CodeIgniter->run()
#9 /var/www/projecto/codeigniter-FW/system/Commands/Server/rewrite.php(43): require_once('/var/www/projec...')
#10 {main}
CRITICAL - 2022-05-17 03:03:05 --> syntax error, unexpected 'echo' (T_ECHO)
#0 /var/www/projecto/codeigniter-FW/system/Autoloader/Autoloader.php(241): CodeIgniter\Autoloader\Autoloader->includeFile()
#1 /var/www/projecto/codeigniter-FW/system/Autoloader/Autoloader.php(219): CodeIgniter\Autoloader\Autoloader->loadInNamespace()
#2 [internal function]: CodeIgniter\Autoloader\Autoloader->loadClass()
#3 [internal function]: spl_autoload_call()
#4 /var/www/projecto/codeigniter-FW/system/CodeIgniter.php(797): class_exists()
#5 /var/www/projecto/codeigniter-FW/system/CodeIgniter.php(406): CodeIgniter\CodeIgniter->startController()
#6 /var/www/projecto/codeigniter-FW/system/CodeIgniter.php(326): CodeIgniter\CodeIgniter->handleRequest()
#7 /var/www/projecto/codeigniter-FW/public/index.php(37): CodeIgniter\CodeIgniter->run()
#8 /var/www/projecto/codeigniter-FW/system/Commands/Server/rewrite.php(43): require_once('/var/www/projec...')
#9 {main}
=======
>>>>>>> LouID
CRITICAL - 2022-05-17 03:27:44 --> syntax error, unexpected token "<<"
#0 /Users/mac/Documents/lessons/imac/first year/second semester/dev web/projecto/codeigniter-FW/system/Autoloader/Autoloader.php(241): CodeIgniter\Autoloader\Autoloader->includeFile('/Users/mac/Docu...')
#1 /Users/mac/Documents/lessons/imac/first year/second semester/dev web/projecto/codeigniter-FW/system/Autoloader/Autoloader.php(219): CodeIgniter\Autoloader\Autoloader->loadInNamespace('App\\Controllers...')
#2 [internal function]: CodeIgniter\Autoloader\Autoloader->loadClass('App\\Controllers...')
#3 /Users/mac/Documents/lessons/imac/first year/second semester/dev web/projecto/codeigniter-FW/system/CodeIgniter.php(797): class_exists('\\App\\Controller...', true)
#4 /Users/mac/Documents/lessons/imac/first year/second semester/dev web/projecto/codeigniter-FW/system/CodeIgniter.php(406): CodeIgniter\CodeIgniter->startController()
#5 /Users/mac/Documents/lessons/imac/first year/second semester/dev web/projecto/codeigniter-FW/system/CodeIgniter.php(326): CodeIgniter\CodeIgniter->handleRequest(NULL, Object(Config\Cache), false)
#6 /Users/mac/Documents/lessons/imac/first year/second semester/dev web/projecto/codeigniter-FW/public/index.php(37): CodeIgniter\CodeIgniter->run()
#7 /Users/mac/Documents/lessons/imac/first year/second semester/dev web/projecto/codeigniter-FW/system/Commands/Server/rewrite.php(43): require_once('/Users/mac/Docu...')
#8 {main}
CRITICAL - 2022-05-17 03:28:25 --> md5(): Passing null to parameter #1 ($string) of type string is deprecated
#0 [internal function]: CodeIgniter\Debug\Exceptions->errorHandler(8192, 'md5(): Passing ...', '/Users/mac/Docu...', 76)
#1 /Users/mac/Documents/lessons/imac/first year/second semester/dev web/projecto/codeigniter-FW/app/Controllers/IdController.php(76): md5(NULL)
#2 /Users/mac/Documents/lessons/imac/first year/second semester/dev web/projecto/codeigniter-FW/system/CodeIgniter.php(832): App\Controllers\IdController->connexion()
#3 /Users/mac/Documents/lessons/imac/first year/second semester/dev web/projecto/codeigniter-FW/system/CodeIgniter.php(419): CodeIgniter\CodeIgniter->runController(Object(App\Controllers\IdController))
#4 /Users/mac/Documents/lessons/imac/first year/second semester/dev web/projecto/codeigniter-FW/system/CodeIgniter.php(326): CodeIgniter\CodeIgniter->handleRequest(NULL, Object(Config\Cache), false)
#5 /Users/mac/Documents/lessons/imac/first year/second semester/dev web/projecto/codeigniter-FW/public/index.php(37): CodeIgniter\CodeIgniter->run()
#6 /Users/mac/Documents/lessons/imac/first year/second semester/dev web/projecto/codeigniter-FW/system/Commands/Server/rewrite.php(43): require_once('/Users/mac/Docu...')
#7 {main}
CRITICAL - 2022-05-17 03:29:39 --> md5(): Passing null to parameter #1 ($string) of type string is deprecated
#0 [internal function]: CodeIgniter\Debug\Exceptions->errorHandler(8192, 'md5(): Passing ...', '/Users/mac/Docu...', 76)
#1 /Users/mac/Documents/lessons/imac/first year/second semester/dev web/projecto/codeigniter-FW/app/Controllers/IdController.php(76): md5(NULL)
#2 /Users/mac/Documents/lessons/imac/first year/second semester/dev web/projecto/codeigniter-FW/system/CodeIgniter.php(832): App\Controllers\IdController->connexion()
#3 /Users/mac/Documents/lessons/imac/first year/second semester/dev web/projecto/codeigniter-FW/system/CodeIgniter.php(419): CodeIgniter\CodeIgniter->runController(Object(App\Controllers\IdController))
#4 /Users/mac/Documents/lessons/imac/first year/second semester/dev web/projecto/codeigniter-FW/system/CodeIgniter.php(326): CodeIgniter\CodeIgniter->handleRequest(NULL, Object(Config\Cache), false)
#5 /Users/mac/Documents/lessons/imac/first year/second semester/dev web/projecto/codeigniter-FW/public/index.php(37): CodeIgniter\CodeIgniter->run()
#6 /Users/mac/Documents/lessons/imac/first year/second semester/dev web/projecto/codeigniter-FW/system/Commands/Server/rewrite.php(43): require_once('/Users/mac/Docu...')
#7 {main}
CRITICAL - 2022-05-17 03:30:13 --> Undefined property: App\Controllers\Start::$session
#0 /Users/mac/Documents/lessons/imac/first year/second semester/dev web/projecto/codeigniter-FW/app/Controllers/Start.php(14): CodeIgniter\Debug\Exceptions->errorHandler(2, 'Undefined prope...', '/Users/mac/Docu...', 14)
#1 /Users/mac/Documents/lessons/imac/first year/second semester/dev web/projecto/codeigniter-FW/system/CodeIgniter.php(832): App\Controllers\Start->index()
#2 /Users/mac/Documents/lessons/imac/first year/second semester/dev web/projecto/codeigniter-FW/system/CodeIgniter.php(419): CodeIgniter\CodeIgniter->runController(Object(App\Controllers\Start))
#3 /Users/mac/Documents/lessons/imac/first year/second semester/dev web/projecto/codeigniter-FW/system/CodeIgniter.php(326): CodeIgniter\CodeIgniter->handleRequest(NULL, Object(Config\Cache), false)
#4 /Users/mac/Documents/lessons/imac/first year/second semester/dev web/projecto/codeigniter-FW/public/index.php(37): CodeIgniter\CodeIgniter->run()
#5 /Users/mac/Documents/lessons/imac/first year/second semester/dev web/projecto/codeigniter-FW/system/Commands/Server/rewrite.php(43): require_once('/Users/mac/Docu...')
#6 {main}
CRITICAL - 2022-05-17 03:31:39 --> Unclosed '{' on line 10 does not match ')'
#0 /Users/mac/Documents/lessons/imac/first year/second semester/dev web/projecto/codeigniter-FW/system/Autoloader/Autoloader.php(241): CodeIgniter\Autoloader\Autoloader->includeFile('/Users/mac/Docu...')
#1 /Users/mac/Documents/lessons/imac/first year/second semester/dev web/projecto/codeigniter-FW/system/Autoloader/Autoloader.php(219): CodeIgniter\Autoloader\Autoloader->loadInNamespace('App\\Controllers...')
#2 [internal function]: CodeIgniter\Autoloader\Autoloader->loadClass('App\\Controllers...')
#3 /Users/mac/Documents/lessons/imac/first year/second semester/dev web/projecto/codeigniter-FW/system/CodeIgniter.php(797): class_exists('\\App\\Controller...', true)
#4 /Users/mac/Documents/lessons/imac/first year/second semester/dev web/projecto/codeigniter-FW/system/CodeIgniter.php(406): CodeIgniter\CodeIgniter->startController()
#5 /Users/mac/Documents/lessons/imac/first year/second semester/dev web/projecto/codeigniter-FW/system/CodeIgniter.php(326): CodeIgniter\CodeIgniter->handleRequest(NULL, Object(Config\Cache), false)
#6 /Users/mac/Documents/lessons/imac/first year/second semester/dev web/projecto/codeigniter-FW/public/index.php(37): CodeIgniter\CodeIgniter->run()
#7 /Users/mac/Documents/lessons/imac/first year/second semester/dev web/projecto/codeigniter-FW/system/Commands/Server/rewrite.php(43): require_once('/Users/mac/Docu...')
#8 {main}
CRITICAL - 2022-05-17 03:31:56 --> Call to undefined function App\Controllers\allQuestionsAnswered()
#0 /Users/mac/Documents/lessons/imac/first year/second semester/dev web/projecto/codeigniter-FW/system/CodeIgniter.php(832): App\Controllers\Start->index()
#1 /Users/mac/Documents/lessons/imac/first year/second semester/dev web/projecto/codeigniter-FW/system/CodeIgniter.php(419): CodeIgniter\CodeIgniter->runController(Object(App\Controllers\Start))
#2 /Users/mac/Documents/lessons/imac/first year/second semester/dev web/projecto/codeigniter-FW/system/CodeIgniter.php(326): CodeIgniter\CodeIgniter->handleRequest(NULL, Object(Config\Cache), false)
#3 /Users/mac/Documents/lessons/imac/first year/second semester/dev web/projecto/codeigniter-FW/public/index.php(37): CodeIgniter\CodeIgniter->run()
#4 /Users/mac/Documents/lessons/imac/first year/second semester/dev web/projecto/codeigniter-FW/system/Commands/Server/rewrite.php(43): require_once('/Users/mac/Docu...')
#5 {main}
CRITICAL - 2022-05-17 03:33:25 --> Undefined variable $id_ident
#0 /Users/mac/Documents/lessons/imac/first year/second semester/dev web/projecto/codeigniter-FW/app/Controllers/Start.php(18): CodeIgniter\Debug\Exceptions->errorHandler(2, 'Undefined varia...', '/Users/mac/Docu...', 18)
#1 /Users/mac/Documents/lessons/imac/first year/second semester/dev web/projecto/codeigniter-FW/system/CodeIgniter.php(832): App\Controllers\Start->index()
#2 /Users/mac/Documents/lessons/imac/first year/second semester/dev web/projecto/codeigniter-FW/system/CodeIgniter.php(419): CodeIgniter\CodeIgniter->runController(Object(App\Controllers\Start))
#3 /Users/mac/Documents/lessons/imac/first year/second semester/dev web/projecto/codeigniter-FW/system/CodeIgniter.php(326): CodeIgniter\CodeIgniter->handleRequest(NULL, Object(Config\Cache), false)
#4 /Users/mac/Documents/lessons/imac/first year/second semester/dev web/projecto/codeigniter-FW/public/index.php(37): CodeIgniter\CodeIgniter->run()
#5 /Users/mac/Documents/lessons/imac/first year/second semester/dev web/projecto/codeigniter-FW/system/Commands/Server/rewrite.php(43): require_once('/Users/mac/Docu...')
#6 {main}
CRITICAL - 2022-05-17 03:33:51 --> Undefined variable $id_ident
#0 /Users/mac/Documents/lessons/imac/first year/second semester/dev web/projecto/codeigniter-FW/app/Controllers/Start.php(18): CodeIgniter\Debug\Exceptions->errorHandler(2, 'Undefined varia...', '/Users/mac/Docu...', 18)
#1 /Users/mac/Documents/lessons/imac/first year/second semester/dev web/projecto/codeigniter-FW/system/CodeIgniter.php(832): App\Controllers\Start->index()
#2 /Users/mac/Documents/lessons/imac/first year/second semester/dev web/projecto/codeigniter-FW/system/CodeIgniter.php(419): CodeIgniter\CodeIgniter->runController(Object(App\Controllers\Start))
#3 /Users/mac/Documents/lessons/imac/first year/second semester/dev web/projecto/codeigniter-FW/system/CodeIgniter.php(326): CodeIgniter\CodeIgniter->handleRequest(NULL, Object(Config\Cache), false)
#4 /Users/mac/Documents/lessons/imac/first year/second semester/dev web/projecto/codeigniter-FW/public/index.php(37): CodeIgniter\CodeIgniter->run()
#5 /Users/mac/Documents/lessons/imac/first year/second semester/dev web/projecto/codeigniter-FW/system/Commands/Server/rewrite.php(43): require_once('/Users/mac/Docu...')
#6 {main}
CRITICAL - 2022-05-17 03:33:52 --> Undefined variable $id_ident
#0 /Users/mac/Documents/lessons/imac/first year/second semester/dev web/projecto/codeigniter-FW/app/Controllers/Start.php(18): CodeIgniter\Debug\Exceptions->errorHandler(2, 'Undefined varia...', '/Users/mac/Docu...', 18)
#1 /Users/mac/Documents/lessons/imac/first year/second semester/dev web/projecto/codeigniter-FW/system/CodeIgniter.php(832): App\Controllers\Start->index()
#2 /Users/mac/Documents/lessons/imac/first year/second semester/dev web/projecto/codeigniter-FW/system/CodeIgniter.php(419): CodeIgniter\CodeIgniter->runController(Object(App\Controllers\Start))
#3 /Users/mac/Documents/lessons/imac/first year/second semester/dev web/projecto/codeigniter-FW/system/CodeIgniter.php(326): CodeIgniter\CodeIgniter->handleRequest(NULL, Object(Config\Cache), false)
#4 /Users/mac/Documents/lessons/imac/first year/second semester/dev web/projecto/codeigniter-FW/public/index.php(37): CodeIgniter\CodeIgniter->run()
#5 /Users/mac/Documents/lessons/imac/first year/second semester/dev web/projecto/codeigniter-FW/system/Commands/Server/rewrite.php(43): require_once('/Users/mac/Docu...')
#6 {main}
CRITICAL - 2022-05-17 03:33:53 --> Undefined variable $id_ident
#0 /Users/mac/Documents/lessons/imac/first year/second semester/dev web/projecto/codeigniter-FW/app/Controllers/Start.php(18): CodeIgniter\Debug\Exceptions->errorHandler(2, 'Undefined varia...', '/Users/mac/Docu...', 18)
#1 /Users/mac/Documents/lessons/imac/first year/second semester/dev web/projecto/codeigniter-FW/system/CodeIgniter.php(832): App\Controllers\Start->index()
#2 /Users/mac/Documents/lessons/imac/first year/second semester/dev web/projecto/codeigniter-FW/system/CodeIgniter.php(419): CodeIgniter\CodeIgniter->runController(Object(App\Controllers\Start))
#3 /Users/mac/Documents/lessons/imac/first year/second semester/dev web/projecto/codeigniter-FW/system/CodeIgniter.php(326): CodeIgniter\CodeIgniter->handleRequest(NULL, Object(Config\Cache), false)
#4 /Users/mac/Documents/lessons/imac/first year/second semester/dev web/projecto/codeigniter-FW/public/index.php(37): CodeIgniter\CodeIgniter->run()
#5 /Users/mac/Documents/lessons/imac/first year/second semester/dev web/projecto/codeigniter-FW/system/Commands/Server/rewrite.php(43): require_once('/Users/mac/Docu...')
#6 {main}
CRITICAL - 2022-05-17 03:34:07 --> Undefined property: App\Controllers\Start::$session
#0 /Users/mac/Documents/lessons/imac/first year/second semester/dev web/projecto/codeigniter-FW/app/Controllers/Start.php(18): CodeIgniter\Debug\Exceptions->errorHandler(2, 'Undefined prope...', '/Users/mac/Docu...', 18)
#1 /Users/mac/Documents/lessons/imac/first year/second semester/dev web/projecto/codeigniter-FW/system/CodeIgniter.php(832): App\Controllers\Start->index()
#2 /Users/mac/Documents/lessons/imac/first year/second semester/dev web/projecto/codeigniter-FW/system/CodeIgniter.php(419): CodeIgniter\CodeIgniter->runController(Object(App\Controllers\Start))
#3 /Users/mac/Documents/lessons/imac/first year/second semester/dev web/projecto/codeigniter-FW/system/CodeIgniter.php(326): CodeIgniter\CodeIgniter->handleRequest(NULL, Object(Config\Cache), false)
#4 /Users/mac/Documents/lessons/imac/first year/second semester/dev web/projecto/codeigniter-FW/public/index.php(37): CodeIgniter\CodeIgniter->run()
#5 /Users/mac/Documents/lessons/imac/first year/second semester/dev web/projecto/codeigniter-FW/system/Commands/Server/rewrite.php(43): require_once('/Users/mac/Docu...')
#6 {main}
CRITICAL - 2022-05-17 04:04:45 --> md5(): Passing null to parameter #1 ($string) of type string is deprecated
#0 [internal function]: CodeIgniter\Debug\Exceptions->errorHandler(8192, 'md5(): Passing ...', '/Users/mac/Docu...', 76)
#1 /Users/mac/Documents/lessons/imac/first year/second semester/dev web/projecto/codeigniter-FW/app/Controllers/IdController.php(76): md5(NULL)
#2 /Users/mac/Documents/lessons/imac/first year/second semester/dev web/projecto/codeigniter-FW/system/CodeIgniter.php(832): App\Controllers\IdController->connexion()
#3 /Users/mac/Documents/lessons/imac/first year/second semester/dev web/projecto/codeigniter-FW/system/CodeIgniter.php(419): CodeIgniter\CodeIgniter->runController(Object(App\Controllers\IdController))
#4 /Users/mac/Documents/lessons/imac/first year/second semester/dev web/projecto/codeigniter-FW/system/CodeIgniter.php(326): CodeIgniter\CodeIgniter->handleRequest(NULL, Object(Config\Cache), false)
#5 /Users/mac/Documents/lessons/imac/first year/second semester/dev web/projecto/codeigniter-FW/public/index.php(37): CodeIgniter\CodeIgniter->run()
#6 /Users/mac/Documents/lessons/imac/first year/second semester/dev web/projecto/codeigniter-FW/system/Commands/Server/rewrite.php(43): require_once('/Users/mac/Docu...')
#7 {main}
CRITICAL - 2022-05-17 04:05:22 --> md5(): Passing null to parameter #1 ($string) of type string is deprecated
#0 [internal function]: CodeIgniter\Debug\Exceptions->errorHandler(8192, 'md5(): Passing ...', '/Users/mac/Docu...', 76)
#1 /Users/mac/Documents/lessons/imac/first year/second semester/dev web/projecto/codeigniter-FW/app/Controllers/IdController.php(76): md5(NULL)
#2 /Users/mac/Documents/lessons/imac/first year/second semester/dev web/projecto/codeigniter-FW/system/CodeIgniter.php(832): App\Controllers\IdController->connexion()
#3 /Users/mac/Documents/lessons/imac/first year/second semester/dev web/projecto/codeigniter-FW/system/CodeIgniter.php(419): CodeIgniter\CodeIgniter->runController(Object(App\Controllers\IdController))
#4 /Users/mac/Documents/lessons/imac/first year/second semester/dev web/projecto/codeigniter-FW/system/CodeIgniter.php(326): CodeIgniter\CodeIgniter->handleRequest(NULL, Object(Config\Cache), false)
#5 /Users/mac/Documents/lessons/imac/first year/second semester/dev web/projecto/codeigniter-FW/public/index.php(37): CodeIgniter\CodeIgniter->run()
#6 /Users/mac/Documents/lessons/imac/first year/second semester/dev web/projecto/codeigniter-FW/system/Commands/Server/rewrite.php(43): require_once('/Users/mac/Docu...')
#7 {main}
