<<<<<<< HEAD
CRITICAL - 2022-05-10 01:48:21 --> Call to undefined method App\Models\IdModel::getIdentifiant
#0 /var/www/projecto/codeigniter-FW/app/Controllers/IdController.php(14): CodeIgniter\Model->__call()
#1 /var/www/projecto/codeigniter-FW/system/CodeIgniter.php(832): App\Controllers\IdController->index()
#2 /var/www/projecto/codeigniter-FW/system/CodeIgniter.php(419): CodeIgniter\CodeIgniter->runController()
#3 /var/www/projecto/codeigniter-FW/system/CodeIgniter.php(326): CodeIgniter\CodeIgniter->handleRequest()
#4 /var/www/projecto/codeigniter-FW/public/index.php(37): CodeIgniter\CodeIgniter->run()
#5 /var/www/projecto/codeigniter-FW/system/Commands/Server/rewrite.php(43): require_once('/var/www/projec...')
#6 {main}
CRITICAL - 2022-05-10 01:48:26 --> Call to undefined method App\Models\IdModel::getIdentifiant
#0 /var/www/projecto/codeigniter-FW/app/Controllers/IdController.php(30): CodeIgniter\Model->__call()
#1 /var/www/projecto/codeigniter-FW/system/CodeIgniter.php(832): App\Controllers\IdController->view()
#2 /var/www/projecto/codeigniter-FW/system/CodeIgniter.php(419): CodeIgniter\CodeIgniter->runController()
#3 /var/www/projecto/codeigniter-FW/system/CodeIgniter.php(326): CodeIgniter\CodeIgniter->handleRequest()
#4 /var/www/projecto/codeigniter-FW/public/index.php(37): CodeIgniter\CodeIgniter->run()
#5 /var/www/projecto/codeigniter-FW/system/Commands/Server/rewrite.php(43): require_once('/var/www/projec...')
#6 {main}
CRITICAL - 2022-05-10 01:48:38 --> Call to undefined method App\Models\IdModel::getIdentifiant
#0 /var/www/projecto/codeigniter-FW/app/Controllers/IdController.php(30): CodeIgniter\Model->__call()
#1 /var/www/projecto/codeigniter-FW/system/CodeIgniter.php(832): App\Controllers\IdController->view()
#2 /var/www/projecto/codeigniter-FW/system/CodeIgniter.php(419): CodeIgniter\CodeIgniter->runController()
#3 /var/www/projecto/codeigniter-FW/system/CodeIgniter.php(326): CodeIgniter\CodeIgniter->handleRequest()
#4 /var/www/projecto/codeigniter-FW/public/index.php(37): CodeIgniter\CodeIgniter->run()
#5 /var/www/projecto/codeigniter-FW/system/Commands/Server/rewrite.php(43): require_once('/var/www/projec...')
#6 {main}
ERROR - 2022-05-10 01:49:11 --> Error connecting to the database: No such file or directory
CRITICAL - 2022-05-10 01:49:11 --> Unable to connect to the database.
Main connection [MySQLi]: No such file or directory
#0 /var/www/projecto/codeigniter-FW/system/Database/BaseConnection.php(577): CodeIgniter\Database\BaseConnection->initialize()
#1 /var/www/projecto/codeigniter-FW/system/Database/BaseBuilder.php(1771): CodeIgniter\Database\BaseConnection->query()
#2 /var/www/projecto/codeigniter-FW/system/Model.php(239): CodeIgniter\Database\BaseBuilder->insert()
#3 /var/www/projecto/codeigniter-FW/system/BaseModel.php(738): CodeIgniter\Model->doInsert()
#4 /var/www/projecto/codeigniter-FW/system/Model.php(625): CodeIgniter\BaseModel->insert()
#5 /var/www/projecto/codeigniter-FW/system/BaseModel.php(658): CodeIgniter\Model->insert()
#6 /var/www/projecto/codeigniter-FW/app/Controllers/IdController.php(53): CodeIgniter\BaseModel->save()
#7 /var/www/projecto/codeigniter-FW/system/CodeIgniter.php(832): App\Controllers\IdController->create()
#8 /var/www/projecto/codeigniter-FW/system/CodeIgniter.php(419): CodeIgniter\CodeIgniter->runController()
#9 /var/www/projecto/codeigniter-FW/system/CodeIgniter.php(326): CodeIgniter\CodeIgniter->handleRequest()
#10 /var/www/projecto/codeigniter-FW/public/index.php(37): CodeIgniter\CodeIgniter->run()
#11 /var/www/projecto/codeigniter-FW/system/Commands/Server/rewrite.php(43): require_once('/var/www/projec...')
#12 {main}
ERROR - 2022-05-10 01:50:33 --> Error connecting to the database: No such file or directory
CRITICAL - 2022-05-10 01:50:33 --> Unable to connect to the database.
Main connection [MySQLi]: No such file or directory
#0 /var/www/projecto/codeigniter-FW/system/Database/BaseConnection.php(577): CodeIgniter\Database\BaseConnection->initialize()
#1 /var/www/projecto/codeigniter-FW/system/Database/BaseBuilder.php(1771): CodeIgniter\Database\BaseConnection->query()
#2 /var/www/projecto/codeigniter-FW/system/Model.php(239): CodeIgniter\Database\BaseBuilder->insert()
#3 /var/www/projecto/codeigniter-FW/system/BaseModel.php(738): CodeIgniter\Model->doInsert()
#4 /var/www/projecto/codeigniter-FW/system/Model.php(625): CodeIgniter\BaseModel->insert()
#5 /var/www/projecto/codeigniter-FW/system/BaseModel.php(658): CodeIgniter\Model->insert()
#6 /var/www/projecto/codeigniter-FW/app/Controllers/IdController.php(53): CodeIgniter\BaseModel->save()
#7 /var/www/projecto/codeigniter-FW/system/CodeIgniter.php(832): App\Controllers\IdController->create()
#8 /var/www/projecto/codeigniter-FW/system/CodeIgniter.php(419): CodeIgniter\CodeIgniter->runController()
#9 /var/www/projecto/codeigniter-FW/system/CodeIgniter.php(326): CodeIgniter\CodeIgniter->handleRequest()
#10 /var/www/projecto/codeigniter-FW/public/index.php(37): CodeIgniter\CodeIgniter->run()
#11 /var/www/projecto/codeigniter-FW/system/Commands/Server/rewrite.php(43): require_once('/var/www/projec...')
#12 {main}
ERROR - 2022-05-10 01:54:56 --> Error connecting to the database: No such file or directory
CRITICAL - 2022-05-10 01:54:56 --> Unable to connect to the database.
Main connection [MySQLi]: No such file or directory
#0 /var/www/projecto/codeigniter-FW/system/Database/BaseConnection.php(577): CodeIgniter\Database\BaseConnection->initialize()
#1 /var/www/projecto/codeigniter-FW/system/Database/BaseBuilder.php(1771): CodeIgniter\Database\BaseConnection->query()
#2 /var/www/projecto/codeigniter-FW/system/Model.php(239): CodeIgniter\Database\BaseBuilder->insert()
#3 /var/www/projecto/codeigniter-FW/system/BaseModel.php(738): CodeIgniter\Model->doInsert()
#4 /var/www/projecto/codeigniter-FW/system/Model.php(625): CodeIgniter\BaseModel->insert()
#5 /var/www/projecto/codeigniter-FW/system/BaseModel.php(658): CodeIgniter\Model->insert()
#6 /var/www/projecto/codeigniter-FW/app/Controllers/IdController.php(53): CodeIgniter\BaseModel->save()
#7 /var/www/projecto/codeigniter-FW/system/CodeIgniter.php(832): App\Controllers\IdController->create()
#8 /var/www/projecto/codeigniter-FW/system/CodeIgniter.php(419): CodeIgniter\CodeIgniter->runController()
#9 /var/www/projecto/codeigniter-FW/system/CodeIgniter.php(326): CodeIgniter\CodeIgniter->handleRequest()
#10 /var/www/projecto/codeigniter-FW/public/index.php(37): CodeIgniter\CodeIgniter->run()
#11 /var/www/projecto/codeigniter-FW/system/Commands/Server/rewrite.php(43): require_once('/var/www/projec...')
#12 {main}
ERROR - 2022-05-10 01:57:27 --> Error connecting to the database: No such file or directory
CRITICAL - 2022-05-10 01:57:27 --> Unable to connect to the database.
Main connection [MySQLi]: No such file or directory
#0 /var/www/projecto/codeigniter-FW/system/Database/BaseConnection.php(577): CodeIgniter\Database\BaseConnection->initialize()
#1 /var/www/projecto/codeigniter-FW/system/Database/BaseBuilder.php(1771): CodeIgniter\Database\BaseConnection->query()
#2 /var/www/projecto/codeigniter-FW/system/Model.php(239): CodeIgniter\Database\BaseBuilder->insert()
#3 /var/www/projecto/codeigniter-FW/system/BaseModel.php(738): CodeIgniter\Model->doInsert()
#4 /var/www/projecto/codeigniter-FW/system/Model.php(625): CodeIgniter\BaseModel->insert()
#5 /var/www/projecto/codeigniter-FW/system/BaseModel.php(658): CodeIgniter\Model->insert()
#6 /var/www/projecto/codeigniter-FW/app/Controllers/IdController.php(53): CodeIgniter\BaseModel->save()
#7 /var/www/projecto/codeigniter-FW/system/CodeIgniter.php(832): App\Controllers\IdController->create()
#8 /var/www/projecto/codeigniter-FW/system/CodeIgniter.php(419): CodeIgniter\CodeIgniter->runController()
#9 /var/www/projecto/codeigniter-FW/system/CodeIgniter.php(326): CodeIgniter\CodeIgniter->handleRequest()
#10 /var/www/projecto/codeigniter-FW/public/index.php(37): CodeIgniter\CodeIgniter->run()
#11 /var/www/projecto/codeigniter-FW/system/Commands/Server/rewrite.php(43): require_once('/var/www/projec...')
#12 {main}
CRITICAL - 2022-05-10 01:59:42 --> Call to undefined method App\Models\IdModel::getIdentifiant
#0 /var/www/projecto/codeigniter-FW/app/Controllers/IdController.php(14): CodeIgniter\Model->__call()
#1 /var/www/projecto/codeigniter-FW/system/CodeIgniter.php(832): App\Controllers\IdController->index()
#2 /var/www/projecto/codeigniter-FW/system/CodeIgniter.php(419): CodeIgniter\CodeIgniter->runController()
#3 /var/www/projecto/codeigniter-FW/system/CodeIgniter.php(326): CodeIgniter\CodeIgniter->handleRequest()
#4 /var/www/projecto/codeigniter-FW/public/index.php(37): CodeIgniter\CodeIgniter->run()
#5 /var/www/projecto/codeigniter-FW/system/Commands/Server/rewrite.php(43): require_once('/var/www/projec...')
#6 {main}
CRITICAL - 2022-05-10 02:22:12 --> Call to undefined method App\Controllers\IdController::identifiantCheck()
#0 /var/www/projecto/codeigniter-FW/system/CodeIgniter.php(832): App\Controllers\IdController->create()
#1 /var/www/projecto/codeigniter-FW/system/CodeIgniter.php(419): CodeIgniter\CodeIgniter->runController()
#2 /var/www/projecto/codeigniter-FW/system/CodeIgniter.php(326): CodeIgniter\CodeIgniter->handleRequest()
#3 /var/www/projecto/codeigniter-FW/public/index.php(37): CodeIgniter\CodeIgniter->run()
#4 /var/www/projecto/codeigniter-FW/system/Commands/Server/rewrite.php(43): require_once('/var/www/projec...')
#5 {main}
CRITICAL - 2022-05-10 03:26:32 --> You must supply the parameters: from, to.
#0 /var/www/projecto/codeigniter-FW/app/Config/Routes.php(42): CodeIgniter\Router\RouteCollection->match()
#1 /var/www/projecto/codeigniter-FW/system/CodeIgniter.php(713): require('/var/www/projec...')
#2 /var/www/projecto/codeigniter-FW/system/CodeIgniter.php(368): CodeIgniter\CodeIgniter->tryToRouteIt()
#3 /var/www/projecto/codeigniter-FW/system/CodeIgniter.php(326): CodeIgniter\CodeIgniter->handleRequest()
#4 /var/www/projecto/codeigniter-FW/public/index.php(37): CodeIgniter\CodeIgniter->run()
#5 /var/www/projecto/codeigniter-FW/system/Commands/Server/rewrite.php(43): require_once('/var/www/projec...')
#6 {main}
CRITICAL - 2022-05-10 03:26:36 --> You must supply the parameters: from, to.
#0 /var/www/projecto/codeigniter-FW/app/Config/Routes.php(42): CodeIgniter\Router\RouteCollection->match()
#1 /var/www/projecto/codeigniter-FW/system/CodeIgniter.php(713): require('/var/www/projec...')
#2 /var/www/projecto/codeigniter-FW/system/CodeIgniter.php(368): CodeIgniter\CodeIgniter->tryToRouteIt()
#3 /var/www/projecto/codeigniter-FW/system/CodeIgniter.php(326): CodeIgniter\CodeIgniter->handleRequest()
#4 /var/www/projecto/codeigniter-FW/public/index.php(37): CodeIgniter\CodeIgniter->run()
#5 /var/www/projecto/codeigniter-FW/system/Commands/Server/rewrite.php(43): require_once('/var/www/projec...')
#6 {main}
=======
<<<<<<< Updated upstream
ERROR - 2022-05-10 01:47:30 --> Unknown column 'mdp' in 'field list'
CRITICAL - 2022-05-10 01:47:30 --> Unknown column 'mdp' in 'field list'
#0 /home/pauline/Documents/S2/web/projecto/codeigniter-FW/system/Database/MySQLi/Connection.php(292): mysqli->query()
#1 /home/pauline/Documents/S2/web/projecto/codeigniter-FW/system/Database/BaseConnection.php(670): CodeIgniter\Database\MySQLi\Connection->execute()
#2 /home/pauline/Documents/S2/web/projecto/codeigniter-FW/system/Database/BaseConnection.php(598): CodeIgniter\Database\BaseConnection->simpleQuery()
#3 /home/pauline/Documents/S2/web/projecto/codeigniter-FW/system/Database/BaseBuilder.php(1771): CodeIgniter\Database\BaseConnection->query()
#4 /home/pauline/Documents/S2/web/projecto/codeigniter-FW/system/Model.php(239): CodeIgniter\Database\BaseBuilder->insert()
#5 /home/pauline/Documents/S2/web/projecto/codeigniter-FW/system/BaseModel.php(738): CodeIgniter\Model->doInsert()
#6 /home/pauline/Documents/S2/web/projecto/codeigniter-FW/system/Model.php(625): CodeIgniter\BaseModel->insert()
#7 /home/pauline/Documents/S2/web/projecto/codeigniter-FW/system/BaseModel.php(658): CodeIgniter\Model->insert()
#8 /home/pauline/Documents/S2/web/projecto/codeigniter-FW/app/Controllers/IdController.php(53): CodeIgniter\BaseModel->save()
#9 /home/pauline/Documents/S2/web/projecto/codeigniter-FW/system/CodeIgniter.php(832): App\Controllers\IdController->create()
#10 /home/pauline/Documents/S2/web/projecto/codeigniter-FW/system/CodeIgniter.php(419): CodeIgniter\CodeIgniter->runController()
#11 /home/pauline/Documents/S2/web/projecto/codeigniter-FW/system/CodeIgniter.php(326): CodeIgniter\CodeIgniter->handleRequest()
#12 /home/pauline/Documents/S2/web/projecto/codeigniter-FW/public/index.php(37): CodeIgniter\CodeIgniter->run()
#13 /home/pauline/Documents/S2/web/projecto/codeigniter-FW/system/Commands/Server/rewrite.php(43): require_once('/home/pauline/D...')
#14 {main}
CRITICAL - 2022-05-10 01:53:38 --> Call to undefined method App\Models\questionModel::getQuestion
#0 /home/pauline/Documents/S2/web/projecto/codeigniter-FW/app/Controllers/Questions.php(27): CodeIgniter\Model->__call()
#1 /home/pauline/Documents/S2/web/projecto/codeigniter-FW/system/CodeIgniter.php(832): App\Controllers\Questions->questionDisplay()
#2 /home/pauline/Documents/S2/web/projecto/codeigniter-FW/system/CodeIgniter.php(419): CodeIgniter\CodeIgniter->runController()
#3 /home/pauline/Documents/S2/web/projecto/codeigniter-FW/system/CodeIgniter.php(326): CodeIgniter\CodeIgniter->handleRequest()
#4 /home/pauline/Documents/S2/web/projecto/codeigniter-FW/public/index.php(37): CodeIgniter\CodeIgniter->run()
#5 /home/pauline/Documents/S2/web/projecto/codeigniter-FW/system/Commands/Server/rewrite.php(43): require_once('/home/pauline/D...')
#6 {main}
CRITICAL - 2022-05-10 01:59:51 --> Too few arguments to function App\Models\questionModel::getByKey(), 0 passed in /home/pauline/Documents/S2/web/projecto/codeigniter-FW/app/Controllers/Questions.php on line 27 and exactly 1 expected
#0 /home/pauline/Documents/S2/web/projecto/codeigniter-FW/app/Controllers/Questions.php(27): App\Models\questionModel->getByKey()
#1 /home/pauline/Documents/S2/web/projecto/codeigniter-FW/system/CodeIgniter.php(832): App\Controllers\Questions->questionDisplay()
#2 /home/pauline/Documents/S2/web/projecto/codeigniter-FW/system/CodeIgniter.php(419): CodeIgniter\CodeIgniter->runController()
#3 /home/pauline/Documents/S2/web/projecto/codeigniter-FW/system/CodeIgniter.php(326): CodeIgniter\CodeIgniter->handleRequest()
#4 /home/pauline/Documents/S2/web/projecto/codeigniter-FW/public/index.php(37): CodeIgniter\CodeIgniter->run()
#5 /home/pauline/Documents/S2/web/projecto/codeigniter-FW/system/Commands/Server/rewrite.php(43): require_once('/home/pauline/D...')
#6 {main}
CRITICAL - 2022-05-10 01:59:52 --> Too few arguments to function App\Models\questionModel::getByKey(), 0 passed in /home/pauline/Documents/S2/web/projecto/codeigniter-FW/app/Controllers/Questions.php on line 27 and exactly 1 expected
#0 /home/pauline/Documents/S2/web/projecto/codeigniter-FW/app/Controllers/Questions.php(27): App\Models\questionModel->getByKey()
#1 /home/pauline/Documents/S2/web/projecto/codeigniter-FW/system/CodeIgniter.php(832): App\Controllers\Questions->questionDisplay()
#2 /home/pauline/Documents/S2/web/projecto/codeigniter-FW/system/CodeIgniter.php(419): CodeIgniter\CodeIgniter->runController()
#3 /home/pauline/Documents/S2/web/projecto/codeigniter-FW/system/CodeIgniter.php(326): CodeIgniter\CodeIgniter->handleRequest()
#4 /home/pauline/Documents/S2/web/projecto/codeigniter-FW/public/index.php(37): CodeIgniter\CodeIgniter->run()
#5 /home/pauline/Documents/S2/web/projecto/codeigniter-FW/system/Commands/Server/rewrite.php(43): require_once('/home/pauline/D...')
#6 {main}
CRITICAL - 2022-05-10 01:59:55 --> Too few arguments to function App\Models\questionModel::getByKey(), 0 passed in /home/pauline/Documents/S2/web/projecto/codeigniter-FW/app/Controllers/Questions.php on line 27 and exactly 1 expected
#0 /home/pauline/Documents/S2/web/projecto/codeigniter-FW/app/Controllers/Questions.php(27): App\Models\questionModel->getByKey()
#1 /home/pauline/Documents/S2/web/projecto/codeigniter-FW/system/CodeIgniter.php(832): App\Controllers\Questions->questionDisplay()
#2 /home/pauline/Documents/S2/web/projecto/codeigniter-FW/system/CodeIgniter.php(419): CodeIgniter\CodeIgniter->runController()
#3 /home/pauline/Documents/S2/web/projecto/codeigniter-FW/system/CodeIgniter.php(326): CodeIgniter\CodeIgniter->handleRequest()
#4 /home/pauline/Documents/S2/web/projecto/codeigniter-FW/public/index.php(37): CodeIgniter\CodeIgniter->run()
#5 /home/pauline/Documents/S2/web/projecto/codeigniter-FW/system/Commands/Server/rewrite.php(43): require_once('/home/pauline/D...')
#6 {main}
CRITICAL - 2022-05-10 02:03:40 --> Undefined offset: 0
#0 /home/pauline/Documents/S2/web/projecto/codeigniter-FW/app/Views/quizView/questionView.php(20): CodeIgniter\Debug\Exceptions->errorHandler()
#1 /home/pauline/Documents/S2/web/projecto/codeigniter-FW/system/View/View.php(210): include('/home/pauline/D...')
#2 /home/pauline/Documents/S2/web/projecto/codeigniter-FW/system/View/View.php(213): CodeIgniter\View\View->CodeIgniter\View\{closure}()
#3 /home/pauline/Documents/S2/web/projecto/codeigniter-FW/system/Common.php(1089): CodeIgniter\View\View->render()
#4 /home/pauline/Documents/S2/web/projecto/codeigniter-FW/app/Controllers/Questions.php(34): view()
#5 /home/pauline/Documents/S2/web/projecto/codeigniter-FW/system/CodeIgniter.php(832): App\Controllers\Questions->questionDisplay()
#6 /home/pauline/Documents/S2/web/projecto/codeigniter-FW/system/CodeIgniter.php(419): CodeIgniter\CodeIgniter->runController()
#7 /home/pauline/Documents/S2/web/projecto/codeigniter-FW/system/CodeIgniter.php(326): CodeIgniter\CodeIgniter->handleRequest()
#8 /home/pauline/Documents/S2/web/projecto/codeigniter-FW/public/index.php(37): CodeIgniter\CodeIgniter->run()
#9 /home/pauline/Documents/S2/web/projecto/codeigniter-FW/system/Commands/Server/rewrite.php(43): require_once('/home/pauline/D...')
#10 {main}
CRITICAL - 2022-05-10 02:04:25 --> Array to string conversion
#0 /home/pauline/Documents/S2/web/projecto/codeigniter-FW/app/Controllers/Questions.php(34): CodeIgniter\Debug\Exceptions->errorHandler()
#1 /home/pauline/Documents/S2/web/projecto/codeigniter-FW/system/CodeIgniter.php(832): App\Controllers\Questions->questionDisplay()
#2 /home/pauline/Documents/S2/web/projecto/codeigniter-FW/system/CodeIgniter.php(419): CodeIgniter\CodeIgniter->runController()
#3 /home/pauline/Documents/S2/web/projecto/codeigniter-FW/system/CodeIgniter.php(326): CodeIgniter\CodeIgniter->handleRequest()
#4 /home/pauline/Documents/S2/web/projecto/codeigniter-FW/public/index.php(37): CodeIgniter\CodeIgniter->run()
#5 /home/pauline/Documents/S2/web/projecto/codeigniter-FW/system/Commands/Server/rewrite.php(43): require_once('/home/pauline/D...')
#6 {main}
CRITICAL - 2022-05-10 02:05:08 --> Undefined offset: 0
#0 /home/pauline/Documents/S2/web/projecto/codeigniter-FW/app/Views/quizView/questionView.php(20): CodeIgniter\Debug\Exceptions->errorHandler()
#1 /home/pauline/Documents/S2/web/projecto/codeigniter-FW/system/View/View.php(210): include('/home/pauline/D...')
#2 /home/pauline/Documents/S2/web/projecto/codeigniter-FW/system/View/View.php(213): CodeIgniter\View\View->CodeIgniter\View\{closure}()
#3 /home/pauline/Documents/S2/web/projecto/codeigniter-FW/system/Common.php(1089): CodeIgniter\View\View->render()
#4 /home/pauline/Documents/S2/web/projecto/codeigniter-FW/app/Controllers/Questions.php(36): view()
#5 /home/pauline/Documents/S2/web/projecto/codeigniter-FW/system/CodeIgniter.php(832): App\Controllers\Questions->questionDisplay()
#6 /home/pauline/Documents/S2/web/projecto/codeigniter-FW/system/CodeIgniter.php(419): CodeIgniter\CodeIgniter->runController()
#7 /home/pauline/Documents/S2/web/projecto/codeigniter-FW/system/CodeIgniter.php(326): CodeIgniter\CodeIgniter->handleRequest()
#8 /home/pauline/Documents/S2/web/projecto/codeigniter-FW/public/index.php(37): CodeIgniter\CodeIgniter->run()
#9 /home/pauline/Documents/S2/web/projecto/codeigniter-FW/system/Commands/Server/rewrite.php(43): require_once('/home/pauline/D...')
#10 {main}
CRITICAL - 2022-05-10 02:06:43 --> Undefined offset: 0
#0 /home/pauline/Documents/S2/web/projecto/codeigniter-FW/app/Views/quizView/questionView.php(20): CodeIgniter\Debug\Exceptions->errorHandler()
#1 /home/pauline/Documents/S2/web/projecto/codeigniter-FW/system/View/View.php(210): include('/home/pauline/D...')
#2 /home/pauline/Documents/S2/web/projecto/codeigniter-FW/system/View/View.php(213): CodeIgniter\View\View->CodeIgniter\View\{closure}()
#3 /home/pauline/Documents/S2/web/projecto/codeigniter-FW/system/Common.php(1089): CodeIgniter\View\View->render()
#4 /home/pauline/Documents/S2/web/projecto/codeigniter-FW/app/Controllers/Questions.php(36): view()
#5 /home/pauline/Documents/S2/web/projecto/codeigniter-FW/system/CodeIgniter.php(832): App\Controllers\Questions->questionDisplay()
#6 /home/pauline/Documents/S2/web/projecto/codeigniter-FW/system/CodeIgniter.php(419): CodeIgniter\CodeIgniter->runController()
#7 /home/pauline/Documents/S2/web/projecto/codeigniter-FW/system/CodeIgniter.php(326): CodeIgniter\CodeIgniter->handleRequest()
#8 /home/pauline/Documents/S2/web/projecto/codeigniter-FW/public/index.php(37): CodeIgniter\CodeIgniter->run()
#9 /home/pauline/Documents/S2/web/projecto/codeigniter-FW/system/Commands/Server/rewrite.php(43): require_once('/home/pauline/D...')
#10 {main}
CRITICAL - 2022-05-10 02:11:03 --> Undefined offset: 0
#0 /home/pauline/Documents/S2/web/projecto/codeigniter-FW/app/Views/quizView/questionView.php(20): CodeIgniter\Debug\Exceptions->errorHandler()
#1 /home/pauline/Documents/S2/web/projecto/codeigniter-FW/system/View/View.php(210): include('/home/pauline/D...')
#2 /home/pauline/Documents/S2/web/projecto/codeigniter-FW/system/View/View.php(213): CodeIgniter\View\View->CodeIgniter\View\{closure}()
#3 /home/pauline/Documents/S2/web/projecto/codeigniter-FW/system/Common.php(1089): CodeIgniter\View\View->render()
#4 /home/pauline/Documents/S2/web/projecto/codeigniter-FW/app/Controllers/Questions.php(36): view()
#5 /home/pauline/Documents/S2/web/projecto/codeigniter-FW/system/CodeIgniter.php(832): App\Controllers\Questions->questionDisplay()
#6 /home/pauline/Documents/S2/web/projecto/codeigniter-FW/system/CodeIgniter.php(419): CodeIgniter\CodeIgniter->runController()
#7 /home/pauline/Documents/S2/web/projecto/codeigniter-FW/system/CodeIgniter.php(326): CodeIgniter\CodeIgniter->handleRequest()
#8 /home/pauline/Documents/S2/web/projecto/codeigniter-FW/public/index.php(37): CodeIgniter\CodeIgniter->run()
#9 /home/pauline/Documents/S2/web/projecto/codeigniter-FW/system/Commands/Server/rewrite.php(43): require_once('/home/pauline/D...')
#10 {main}
CRITICAL - 2022-05-10 02:16:38 --> Undefined offset: 0
#0 /home/pauline/Documents/S2/web/projecto/codeigniter-FW/app/Views/quizView/questionView.php(20): CodeIgniter\Debug\Exceptions->errorHandler()
#1 /home/pauline/Documents/S2/web/projecto/codeigniter-FW/system/View/View.php(210): include('/home/pauline/D...')
#2 /home/pauline/Documents/S2/web/projecto/codeigniter-FW/system/View/View.php(213): CodeIgniter\View\View->CodeIgniter\View\{closure}()
#3 /home/pauline/Documents/S2/web/projecto/codeigniter-FW/system/Common.php(1089): CodeIgniter\View\View->render()
#4 /home/pauline/Documents/S2/web/projecto/codeigniter-FW/app/Controllers/Questions.php(36): view()
#5 /home/pauline/Documents/S2/web/projecto/codeigniter-FW/system/CodeIgniter.php(832): App\Controllers\Questions->questionDisplay()
#6 /home/pauline/Documents/S2/web/projecto/codeigniter-FW/system/CodeIgniter.php(419): CodeIgniter\CodeIgniter->runController()
#7 /home/pauline/Documents/S2/web/projecto/codeigniter-FW/system/CodeIgniter.php(326): CodeIgniter\CodeIgniter->handleRequest()
#8 /home/pauline/Documents/S2/web/projecto/codeigniter-FW/public/index.php(37): CodeIgniter\CodeIgniter->run()
#9 /home/pauline/Documents/S2/web/projecto/codeigniter-FW/system/Commands/Server/rewrite.php(43): require_once('/home/pauline/D...')
#10 {main}
=======
CRITICAL - 2022-05-10 01:45:45 --> Call to undefined method App\Models\IdModel::getIdentifiant
#0 /Users/liloualidor/Documents/IMAC/web/TPS2/projecto/codeigniter-FW/app/Controllers/IdController.php(30): CodeIgniter\Model->__call('getIdentifiant', Array)
#1 /Users/liloualidor/Documents/IMAC/web/TPS2/projecto/codeigniter-FW/system/CodeIgniter.php(832): App\Controllers\IdController->view('Connexion')
#2 /Users/liloualidor/Documents/IMAC/web/TPS2/projecto/codeigniter-FW/system/CodeIgniter.php(419): CodeIgniter\CodeIgniter->runController(Object(App\Controllers\IdController))
#3 /Users/liloualidor/Documents/IMAC/web/TPS2/projecto/codeigniter-FW/system/CodeIgniter.php(326): CodeIgniter\CodeIgniter->handleRequest(NULL, Object(Config\Cache), false)
#4 /Users/liloualidor/Documents/IMAC/web/TPS2/projecto/codeigniter-FW/public/index.php(37): CodeIgniter\CodeIgniter->run()
#5 /Users/liloualidor/Documents/IMAC/web/TPS2/projecto/codeigniter-FW/system/Commands/Server/rewrite.php(43): require_once('/Users/lilouali...')
#6 {main}
CRITICAL - 2022-05-10 01:45:53 --> Call to undefined method App\Models\IdModel::getIdentifiant
#0 /Users/liloualidor/Documents/IMAC/web/TPS2/projecto/codeigniter-FW/app/Controllers/IdController.php(30): CodeIgniter\Model->__call('getIdentifiant', Array)
#1 /Users/liloualidor/Documents/IMAC/web/TPS2/projecto/codeigniter-FW/system/CodeIgniter.php(832): App\Controllers\IdController->view('connexion')
#2 /Users/liloualidor/Documents/IMAC/web/TPS2/projecto/codeigniter-FW/system/CodeIgniter.php(419): CodeIgniter\CodeIgniter->runController(Object(App\Controllers\IdController))
#3 /Users/liloualidor/Documents/IMAC/web/TPS2/projecto/codeigniter-FW/system/CodeIgniter.php(326): CodeIgniter\CodeIgniter->handleRequest(NULL, Object(Config\Cache), false)
#4 /Users/liloualidor/Documents/IMAC/web/TPS2/projecto/codeigniter-FW/public/index.php(37): CodeIgniter\CodeIgniter->run()
#5 /Users/liloualidor/Documents/IMAC/web/TPS2/projecto/codeigniter-FW/system/Commands/Server/rewrite.php(43): require_once('/Users/lilouali...')
#6 {main}
CRITICAL - 2022-05-10 01:46:05 --> Call to undefined method App\Models\IdModel::getIdentifiant
#0 /Users/liloualidor/Documents/IMAC/web/TPS2/projecto/codeigniter-FW/app/Controllers/IdController.php(14): CodeIgniter\Model->__call('getIdentifiant', Array)
#1 /Users/liloualidor/Documents/IMAC/web/TPS2/projecto/codeigniter-FW/system/CodeIgniter.php(832): App\Controllers\IdController->index()
#2 /Users/liloualidor/Documents/IMAC/web/TPS2/projecto/codeigniter-FW/system/CodeIgniter.php(419): CodeIgniter\CodeIgniter->runController(Object(App\Controllers\IdController))
#3 /Users/liloualidor/Documents/IMAC/web/TPS2/projecto/codeigniter-FW/system/CodeIgniter.php(326): CodeIgniter\CodeIgniter->handleRequest(NULL, Object(Config\Cache), false)
#4 /Users/liloualidor/Documents/IMAC/web/TPS2/projecto/codeigniter-FW/public/index.php(37): CodeIgniter\CodeIgniter->run()
#5 /Users/liloualidor/Documents/IMAC/web/TPS2/projecto/codeigniter-FW/system/Commands/Server/rewrite.php(43): require_once('/Users/lilouali...')
#6 {main}
CRITICAL - 2022-05-10 01:46:27 --> Call to undefined method App\Models\IdModel::getIdentifiant
#0 /Users/liloualidor/Documents/IMAC/web/TPS2/projecto/codeigniter-FW/app/Controllers/IdController.php(30): CodeIgniter\Model->__call('getIdentifiant', Array)
#1 /Users/liloualidor/Documents/IMAC/web/TPS2/projecto/codeigniter-FW/system/CodeIgniter.php(832): App\Controllers\IdController->view('overview')
#2 /Users/liloualidor/Documents/IMAC/web/TPS2/projecto/codeigniter-FW/system/CodeIgniter.php(419): CodeIgniter\CodeIgniter->runController(Object(App\Controllers\IdController))
#3 /Users/liloualidor/Documents/IMAC/web/TPS2/projecto/codeigniter-FW/system/CodeIgniter.php(326): CodeIgniter\CodeIgniter->handleRequest(NULL, Object(Config\Cache), false)
#4 /Users/liloualidor/Documents/IMAC/web/TPS2/projecto/codeigniter-FW/public/index.php(37): CodeIgniter\CodeIgniter->run()
#5 /Users/liloualidor/Documents/IMAC/web/TPS2/projecto/codeigniter-FW/system/Commands/Server/rewrite.php(43): require_once('/Users/lilouali...')
#6 {main}
>>>>>>> Stashed changes
>>>>>>> main
