CRITICAL - 2022-04-30 09:14:09 --> Invalid file: quizz_home.php
#0 /home/pauline/Documents/S2/web/projecto/codeigniter-FW/system/View/View.php(198): CodeIgniter\Exceptions\FrameworkException::forInvalidFile()
#1 /home/pauline/Documents/S2/web/projecto/codeigniter-FW/system/Common.php(1089): CodeIgniter\View\View->render()
#2 /home/pauline/Documents/S2/web/projecto/codeigniter-FW/app/Controllers/Questions.php(11): view()
#3 /home/pauline/Documents/S2/web/projecto/codeigniter-FW/system/CodeIgniter.php(832): App\Controllers\Questions->index()
#4 /home/pauline/Documents/S2/web/projecto/codeigniter-FW/system/CodeIgniter.php(419): CodeIgniter\CodeIgniter->runController()
#5 /home/pauline/Documents/S2/web/projecto/codeigniter-FW/system/CodeIgniter.php(326): CodeIgniter\CodeIgniter->handleRequest()
#6 /home/pauline/Documents/S2/web/projecto/codeigniter-FW/public/index.php(37): CodeIgniter\CodeIgniter->run()
#7 /home/pauline/Documents/S2/web/projecto/codeigniter-FW/system/Commands/Server/rewrite.php(43): require_once('/home/pauline/D...')
#8 {main}
CRITICAL - 2022-04-30 09:14:35 --> Invalid file: quiz_home.php
#0 /home/pauline/Documents/S2/web/projecto/codeigniter-FW/system/View/View.php(198): CodeIgniter\Exceptions\FrameworkException::forInvalidFile()
#1 /home/pauline/Documents/S2/web/projecto/codeigniter-FW/system/Common.php(1089): CodeIgniter\View\View->render()
#2 /home/pauline/Documents/S2/web/projecto/codeigniter-FW/app/Controllers/Questions.php(11): view()
#3 /home/pauline/Documents/S2/web/projecto/codeigniter-FW/system/CodeIgniter.php(832): App\Controllers\Questions->index()
#4 /home/pauline/Documents/S2/web/projecto/codeigniter-FW/system/CodeIgniter.php(419): CodeIgniter\CodeIgniter->runController()
#5 /home/pauline/Documents/S2/web/projecto/codeigniter-FW/system/CodeIgniter.php(326): CodeIgniter\CodeIgniter->handleRequest()
#6 /home/pauline/Documents/S2/web/projecto/codeigniter-FW/public/index.php(37): CodeIgniter\CodeIgniter->run()
#7 /home/pauline/Documents/S2/web/projecto/codeigniter-FW/system/Commands/Server/rewrite.php(43): require_once('/home/pauline/D...')
#8 {main}
CRITICAL - 2022-04-30 09:14:37 --> Invalid file: quiz_home.php
#0 /home/pauline/Documents/S2/web/projecto/codeigniter-FW/system/View/View.php(198): CodeIgniter\Exceptions\FrameworkException::forInvalidFile()
#1 /home/pauline/Documents/S2/web/projecto/codeigniter-FW/system/Common.php(1089): CodeIgniter\View\View->render()
#2 /home/pauline/Documents/S2/web/projecto/codeigniter-FW/app/Controllers/Questions.php(11): view()
#3 /home/pauline/Documents/S2/web/projecto/codeigniter-FW/system/CodeIgniter.php(832): App\Controllers\Questions->index()
#4 /home/pauline/Documents/S2/web/projecto/codeigniter-FW/system/CodeIgniter.php(419): CodeIgniter\CodeIgniter->runController()
#5 /home/pauline/Documents/S2/web/projecto/codeigniter-FW/system/CodeIgniter.php(326): CodeIgniter\CodeIgniter->handleRequest()
#6 /home/pauline/Documents/S2/web/projecto/codeigniter-FW/public/index.php(37): CodeIgniter\CodeIgniter->run()
#7 /home/pauline/Documents/S2/web/projecto/codeigniter-FW/system/Commands/Server/rewrite.php(43): require_once('/home/pauline/D...')
#8 {main}
ERROR - 2022-04-30 10:49:51 --> Table 'bidon.question' doesn't exist
CRITICAL - 2022-04-30 10:49:51 --> Table 'bidon.question' doesn't exist
#0 /home/pauline/Documents/S2/web/projecto/codeigniter-FW/system/Database/MySQLi/Connection.php(292): mysqli->query()
#1 /home/pauline/Documents/S2/web/projecto/codeigniter-FW/system/Database/BaseConnection.php(670): CodeIgniter\Database\MySQLi\Connection->execute()
#2 /home/pauline/Documents/S2/web/projecto/codeigniter-FW/system/Database/BaseConnection.php(598): CodeIgniter\Database\BaseConnection->simpleQuery()
#3 /home/pauline/Documents/S2/web/projecto/codeigniter-FW/system/Database/BaseBuilder.php(1455): CodeIgniter\Database\BaseConnection->query()
#4 /home/pauline/Documents/S2/web/projecto/codeigniter-FW/system/Model.php(728): CodeIgniter\Database\BaseBuilder->get()
#5 /home/pauline/Documents/S2/web/projecto/codeigniter-FW/app/Models/questionModel.php(40): CodeIgniter\Model->__call()
#6 /home/pauline/Documents/S2/web/projecto/codeigniter-FW/app/Controllers/Questions.php(27): App\Models\questionModel->getQuestion()
#7 /home/pauline/Documents/S2/web/projecto/codeigniter-FW/system/CodeIgniter.php(832): App\Controllers\Questions->questionDisplay()
#8 /home/pauline/Documents/S2/web/projecto/codeigniter-FW/system/CodeIgniter.php(419): CodeIgniter\CodeIgniter->runController()
#9 /home/pauline/Documents/S2/web/projecto/codeigniter-FW/system/CodeIgniter.php(326): CodeIgniter\CodeIgniter->handleRequest()
#10 /home/pauline/Documents/S2/web/projecto/codeigniter-FW/public/index.php(37): CodeIgniter\CodeIgniter->run()
#11 /home/pauline/Documents/S2/web/projecto/codeigniter-FW/system/Commands/Server/rewrite.php(43): require_once('/home/pauline/D...')
#12 {main}
ERROR - 2022-04-30 10:49:58 --> Table 'bidon.question' doesn't exist
CRITICAL - 2022-04-30 10:49:58 --> Table 'bidon.question' doesn't exist
#0 /home/pauline/Documents/S2/web/projecto/codeigniter-FW/system/Database/MySQLi/Connection.php(292): mysqli->query()
#1 /home/pauline/Documents/S2/web/projecto/codeigniter-FW/system/Database/BaseConnection.php(670): CodeIgniter\Database\MySQLi\Connection->execute()
#2 /home/pauline/Documents/S2/web/projecto/codeigniter-FW/system/Database/BaseConnection.php(598): CodeIgniter\Database\BaseConnection->simpleQuery()
#3 /home/pauline/Documents/S2/web/projecto/codeigniter-FW/system/Database/BaseBuilder.php(1455): CodeIgniter\Database\BaseConnection->query()
#4 /home/pauline/Documents/S2/web/projecto/codeigniter-FW/system/Model.php(728): CodeIgniter\Database\BaseBuilder->get()
#5 /home/pauline/Documents/S2/web/projecto/codeigniter-FW/app/Models/questionModel.php(40): CodeIgniter\Model->__call()
#6 /home/pauline/Documents/S2/web/projecto/codeigniter-FW/app/Controllers/Questions.php(27): App\Models\questionModel->getQuestion()
#7 /home/pauline/Documents/S2/web/projecto/codeigniter-FW/system/CodeIgniter.php(832): App\Controllers\Questions->questionDisplay()
#8 /home/pauline/Documents/S2/web/projecto/codeigniter-FW/system/CodeIgniter.php(419): CodeIgniter\CodeIgniter->runController()
#9 /home/pauline/Documents/S2/web/projecto/codeigniter-FW/system/CodeIgniter.php(326): CodeIgniter\CodeIgniter->handleRequest()
#10 /home/pauline/Documents/S2/web/projecto/codeigniter-FW/public/index.php(37): CodeIgniter\CodeIgniter->run()
#11 /home/pauline/Documents/S2/web/projecto/codeigniter-FW/system/Commands/Server/rewrite.php(43): require_once('/home/pauline/D...')
#12 {main}
<<<<<<< Updated upstream
ERROR - 2022-04-30 15:20:06 --> Error connecting to the database: Access denied for user '****'@'localhost'
CRITICAL - 2022-04-30 15:20:06 --> Unable to connect to the database.
Main connection [MySQLi]: Access denied for user '****'@'localhost'
#0 /var/www/IMAC1_Semestre2/Projet/projecto/codeigniter-FW/system/Database/BaseConnection.php(577): CodeIgniter\Database\BaseConnection->initialize()
#1 /var/www/IMAC1_Semestre2/Projet/projecto/codeigniter-FW/system/Database/BaseBuilder.php(1455): CodeIgniter\Database\BaseConnection->query()
#2 /var/www/IMAC1_Semestre2/Projet/projecto/codeigniter-FW/system/Model.php(183): CodeIgniter\Database\BaseBuilder->get()
#3 /var/www/IMAC1_Semestre2/Projet/projecto/codeigniter-FW/system/BaseModel.php(584): CodeIgniter\Model->doFindAll()
#4 /var/www/IMAC1_Semestre2/Projet/projecto/codeigniter-FW/app/Models/TestModel.php(14): CodeIgniter\BaseModel->findAll()
#5 /var/www/IMAC1_Semestre2/Projet/projecto/codeigniter-FW/app/Controllers/Surnames.php(14): App\Models\TestModel->getSurnames()
#6 /var/www/IMAC1_Semestre2/Projet/projecto/codeigniter-FW/system/CodeIgniter.php(832): App\Controllers\Surnames->index()
#7 /var/www/IMAC1_Semestre2/Projet/projecto/codeigniter-FW/system/CodeIgniter.php(419): CodeIgniter\CodeIgniter->runController()
#8 /var/www/IMAC1_Semestre2/Projet/projecto/codeigniter-FW/system/CodeIgniter.php(326): CodeIgniter\CodeIgniter->handleRequest()
#9 /var/www/IMAC1_Semestre2/Projet/projecto/codeigniter-FW/public/index.php(37): CodeIgniter\CodeIgniter->run()
#10 /var/www/IMAC1_Semestre2/Projet/projecto/codeigniter-FW/system/Commands/Server/rewrite.php(43): require_once('/var/www/IMAC1_...')
#11 {main}
ERROR - 2022-04-30 15:37:56 --> Error connecting to the database: Access denied for user '****'@'localhost' (using password: NO)
CRITICAL - 2022-04-30 15:37:56 --> Unable to connect to the database.
Main connection [MySQLi]: Access denied for user '****'@'localhost' (using password: NO)
#0 /var/www/IMAC1_Semestre2/Projet/projecto/codeigniter-FW/system/Database/BaseConnection.php(577): CodeIgniter\Database\BaseConnection->initialize()
#1 /var/www/IMAC1_Semestre2/Projet/projecto/codeigniter-FW/system/Database/BaseBuilder.php(1455): CodeIgniter\Database\BaseConnection->query()
#2 /var/www/IMAC1_Semestre2/Projet/projecto/codeigniter-FW/system/Model.php(183): CodeIgniter\Database\BaseBuilder->get()
#3 /var/www/IMAC1_Semestre2/Projet/projecto/codeigniter-FW/system/BaseModel.php(584): CodeIgniter\Model->doFindAll()
#4 /var/www/IMAC1_Semestre2/Projet/projecto/codeigniter-FW/app/Models/TestModel.php(14): CodeIgniter\BaseModel->findAll()
#5 /var/www/IMAC1_Semestre2/Projet/projecto/codeigniter-FW/app/Controllers/Surnames.php(14): App\Models\TestModel->getSurnames()
#6 /var/www/IMAC1_Semestre2/Projet/projecto/codeigniter-FW/system/CodeIgniter.php(832): App\Controllers\Surnames->index()
#7 /var/www/IMAC1_Semestre2/Projet/projecto/codeigniter-FW/system/CodeIgniter.php(419): CodeIgniter\CodeIgniter->runController()
#8 /var/www/IMAC1_Semestre2/Projet/projecto/codeigniter-FW/system/CodeIgniter.php(326): CodeIgniter\CodeIgniter->handleRequest()
#9 /var/www/IMAC1_Semestre2/Projet/projecto/codeigniter-FW/public/index.php(37): CodeIgniter\CodeIgniter->run()
#10 /var/www/IMAC1_Semestre2/Projet/projecto/codeigniter-FW/system/Commands/Server/rewrite.php(43): require_once('/var/www/IMAC1_...')
#11 {main}
ERROR - 2022-04-30 15:39:25 --> Table 'animal.surname' doesn't exist
CRITICAL - 2022-04-30 15:39:25 --> Table 'animal.surname' doesn't exist
#0 /var/www/IMAC1_Semestre2/Projet/projecto/codeigniter-FW/system/Database/MySQLi/Connection.php(292): mysqli->query()
#1 /var/www/IMAC1_Semestre2/Projet/projecto/codeigniter-FW/system/Database/BaseConnection.php(670): CodeIgniter\Database\MySQLi\Connection->execute()
#2 /var/www/IMAC1_Semestre2/Projet/projecto/codeigniter-FW/system/Database/BaseConnection.php(598): CodeIgniter\Database\BaseConnection->simpleQuery()
#3 /var/www/IMAC1_Semestre2/Projet/projecto/codeigniter-FW/system/Database/BaseBuilder.php(1455): CodeIgniter\Database\BaseConnection->query()
#4 /var/www/IMAC1_Semestre2/Projet/projecto/codeigniter-FW/system/Model.php(183): CodeIgniter\Database\BaseBuilder->get()
#5 /var/www/IMAC1_Semestre2/Projet/projecto/codeigniter-FW/system/BaseModel.php(584): CodeIgniter\Model->doFindAll()
#6 /var/www/IMAC1_Semestre2/Projet/projecto/codeigniter-FW/app/Models/TestModel.php(14): CodeIgniter\BaseModel->findAll()
#7 /var/www/IMAC1_Semestre2/Projet/projecto/codeigniter-FW/app/Controllers/Surnames.php(14): App\Models\TestModel->getSurnames()
#8 /var/www/IMAC1_Semestre2/Projet/projecto/codeigniter-FW/system/CodeIgniter.php(832): App\Controllers\Surnames->index()
#9 /var/www/IMAC1_Semestre2/Projet/projecto/codeigniter-FW/system/CodeIgniter.php(419): CodeIgniter\CodeIgniter->runController()
#10 /var/www/IMAC1_Semestre2/Projet/projecto/codeigniter-FW/system/CodeIgniter.php(326): CodeIgniter\CodeIgniter->handleRequest()
#11 /var/www/IMAC1_Semestre2/Projet/projecto/codeigniter-FW/public/index.php(37): CodeIgniter\CodeIgniter->run()
#12 /var/www/IMAC1_Semestre2/Projet/projecto/codeigniter-FW/system/Commands/Server/rewrite.php(43): require_once('/var/www/IMAC1_...')
#13 {main}
ERROR - 2022-04-30 16:15:50 --> Table 'animal.surname' doesn't exist
CRITICAL - 2022-04-30 16:15:50 --> Table 'animal.surname' doesn't exist
#0 /var/www/IMAC1_Semestre2/Projet/projecto/codeigniter-FW/system/Database/MySQLi/Connection.php(292): mysqli->query()
#1 /var/www/IMAC1_Semestre2/Projet/projecto/codeigniter-FW/system/Database/BaseConnection.php(670): CodeIgniter\Database\MySQLi\Connection->execute()
#2 /var/www/IMAC1_Semestre2/Projet/projecto/codeigniter-FW/system/Database/BaseConnection.php(598): CodeIgniter\Database\BaseConnection->simpleQuery()
#3 /var/www/IMAC1_Semestre2/Projet/projecto/codeigniter-FW/system/Database/BaseBuilder.php(1455): CodeIgniter\Database\BaseConnection->query()
#4 /var/www/IMAC1_Semestre2/Projet/projecto/codeigniter-FW/system/Model.php(183): CodeIgniter\Database\BaseBuilder->get()
#5 /var/www/IMAC1_Semestre2/Projet/projecto/codeigniter-FW/system/BaseModel.php(584): CodeIgniter\Model->doFindAll()
#6 /var/www/IMAC1_Semestre2/Projet/projecto/codeigniter-FW/app/Models/TestModel.php(14): CodeIgniter\BaseModel->findAll()
#7 /var/www/IMAC1_Semestre2/Projet/projecto/codeigniter-FW/app/Controllers/Surnames.php(14): App\Models\TestModel->getSurnames()
#8 /var/www/IMAC1_Semestre2/Projet/projecto/codeigniter-FW/system/CodeIgniter.php(832): App\Controllers\Surnames->index()
#9 /var/www/IMAC1_Semestre2/Projet/projecto/codeigniter-FW/system/CodeIgniter.php(419): CodeIgniter\CodeIgniter->runController()
#10 /var/www/IMAC1_Semestre2/Projet/projecto/codeigniter-FW/system/CodeIgniter.php(326): CodeIgniter\CodeIgniter->handleRequest()
#11 /var/www/IMAC1_Semestre2/Projet/projecto/codeigniter-FW/public/index.php(37): CodeIgniter\CodeIgniter->run()
#12 /var/www/IMAC1_Semestre2/Projet/projecto/codeigniter-FW/system/Commands/Server/rewrite.php(43): require_once('/var/www/IMAC1_...')
#13 {main}
ERROR - 2022-04-30 16:15:59 --> Table 'animal.surname' doesn't exist
CRITICAL - 2022-04-30 16:15:59 --> Table 'animal.surname' doesn't exist
#0 /var/www/IMAC1_Semestre2/Projet/projecto/codeigniter-FW/system/Database/MySQLi/Connection.php(292): mysqli->query()
#1 /var/www/IMAC1_Semestre2/Projet/projecto/codeigniter-FW/system/Database/BaseConnection.php(670): CodeIgniter\Database\MySQLi\Connection->execute()
#2 /var/www/IMAC1_Semestre2/Projet/projecto/codeigniter-FW/system/Database/BaseConnection.php(598): CodeIgniter\Database\BaseConnection->simpleQuery()
#3 /var/www/IMAC1_Semestre2/Projet/projecto/codeigniter-FW/system/Database/BaseBuilder.php(1455): CodeIgniter\Database\BaseConnection->query()
#4 /var/www/IMAC1_Semestre2/Projet/projecto/codeigniter-FW/system/Model.php(183): CodeIgniter\Database\BaseBuilder->get()
#5 /var/www/IMAC1_Semestre2/Projet/projecto/codeigniter-FW/system/BaseModel.php(584): CodeIgniter\Model->doFindAll()
#6 /var/www/IMAC1_Semestre2/Projet/projecto/codeigniter-FW/app/Models/TestModel.php(14): CodeIgniter\BaseModel->findAll()
#7 /var/www/IMAC1_Semestre2/Projet/projecto/codeigniter-FW/app/Controllers/Surnames.php(14): App\Models\TestModel->getSurnames()
#8 /var/www/IMAC1_Semestre2/Projet/projecto/codeigniter-FW/system/CodeIgniter.php(832): App\Controllers\Surnames->index()
#9 /var/www/IMAC1_Semestre2/Projet/projecto/codeigniter-FW/system/CodeIgniter.php(419): CodeIgniter\CodeIgniter->runController()
#10 /var/www/IMAC1_Semestre2/Projet/projecto/codeigniter-FW/system/CodeIgniter.php(326): CodeIgniter\CodeIgniter->handleRequest()
#11 /var/www/IMAC1_Semestre2/Projet/projecto/codeigniter-FW/public/index.php(37): CodeIgniter\CodeIgniter->run()
#12 /var/www/IMAC1_Semestre2/Projet/projecto/codeigniter-FW/system/Commands/Server/rewrite.php(43): require_once('/var/www/IMAC1_...')
#13 {main}
ERROR - 2022-04-30 16:16:35 --> Table 'animal.surname' doesn't exist
CRITICAL - 2022-04-30 16:16:35 --> Table 'animal.surname' doesn't exist
#0 /var/www/IMAC1_Semestre2/Projet/projecto/codeigniter-FW/system/Database/MySQLi/Connection.php(292): mysqli->query()
#1 /var/www/IMAC1_Semestre2/Projet/projecto/codeigniter-FW/system/Database/BaseConnection.php(670): CodeIgniter\Database\MySQLi\Connection->execute()
#2 /var/www/IMAC1_Semestre2/Projet/projecto/codeigniter-FW/system/Database/BaseConnection.php(598): CodeIgniter\Database\BaseConnection->simpleQuery()
#3 /var/www/IMAC1_Semestre2/Projet/projecto/codeigniter-FW/system/Database/BaseBuilder.php(1455): CodeIgniter\Database\BaseConnection->query()
#4 /var/www/IMAC1_Semestre2/Projet/projecto/codeigniter-FW/system/Model.php(183): CodeIgniter\Database\BaseBuilder->get()
#5 /var/www/IMAC1_Semestre2/Projet/projecto/codeigniter-FW/system/BaseModel.php(584): CodeIgniter\Model->doFindAll()
#6 /var/www/IMAC1_Semestre2/Projet/projecto/codeigniter-FW/app/Models/TestModel.php(14): CodeIgniter\BaseModel->findAll()
#7 /var/www/IMAC1_Semestre2/Projet/projecto/codeigniter-FW/app/Controllers/Surnames.php(14): App\Models\TestModel->getSurnames()
#8 /var/www/IMAC1_Semestre2/Projet/projecto/codeigniter-FW/system/CodeIgniter.php(832): App\Controllers\Surnames->index()
#9 /var/www/IMAC1_Semestre2/Projet/projecto/codeigniter-FW/system/CodeIgniter.php(419): CodeIgniter\CodeIgniter->runController()
#10 /var/www/IMAC1_Semestre2/Projet/projecto/codeigniter-FW/system/CodeIgniter.php(326): CodeIgniter\CodeIgniter->handleRequest()
#11 /var/www/IMAC1_Semestre2/Projet/projecto/codeigniter-FW/public/index.php(37): CodeIgniter\CodeIgniter->run()
#12 /var/www/IMAC1_Semestre2/Projet/projecto/codeigniter-FW/system/Commands/Server/rewrite.php(43): require_once('/var/www/IMAC1_...')
#13 {main}
ERROR - 2022-04-30 19:07:16 --> Table 'animal.surname' doesn't exist
CRITICAL - 2022-04-30 19:07:16 --> Table 'animal.surname' doesn't exist
#0 /var/www/IMAC1_Semestre2/Projet/projecto/codeigniter-FW/system/Database/MySQLi/Connection.php(292): mysqli->query()
#1 /var/www/IMAC1_Semestre2/Projet/projecto/codeigniter-FW/system/Database/BaseConnection.php(670): CodeIgniter\Database\MySQLi\Connection->execute()
#2 /var/www/IMAC1_Semestre2/Projet/projecto/codeigniter-FW/system/Database/BaseConnection.php(598): CodeIgniter\Database\BaseConnection->simpleQuery()
#3 /var/www/IMAC1_Semestre2/Projet/projecto/codeigniter-FW/system/Database/BaseBuilder.php(1455): CodeIgniter\Database\BaseConnection->query()
#4 /var/www/IMAC1_Semestre2/Projet/projecto/codeigniter-FW/system/Model.php(183): CodeIgniter\Database\BaseBuilder->get()
#5 /var/www/IMAC1_Semestre2/Projet/projecto/codeigniter-FW/system/BaseModel.php(584): CodeIgniter\Model->doFindAll()
#6 /var/www/IMAC1_Semestre2/Projet/projecto/codeigniter-FW/app/Models/TestModel.php(14): CodeIgniter\BaseModel->findAll()
#7 /var/www/IMAC1_Semestre2/Projet/projecto/codeigniter-FW/app/Controllers/Surnames.php(14): App\Models\TestModel->getSurnames()
#8 /var/www/IMAC1_Semestre2/Projet/projecto/codeigniter-FW/system/CodeIgniter.php(832): App\Controllers\Surnames->index()
#9 /var/www/IMAC1_Semestre2/Projet/projecto/codeigniter-FW/system/CodeIgniter.php(419): CodeIgniter\CodeIgniter->runController()
#10 /var/www/IMAC1_Semestre2/Projet/projecto/codeigniter-FW/system/CodeIgniter.php(326): CodeIgniter\CodeIgniter->handleRequest()
#11 /var/www/IMAC1_Semestre2/Projet/projecto/codeigniter-FW/public/index.php(37): CodeIgniter\CodeIgniter->run()
#12 /var/www/IMAC1_Semestre2/Projet/projecto/codeigniter-FW/system/Commands/Server/rewrite.php(43): require_once('/var/www/IMAC1_...')
#13 {main}
=======
ERROR - 2022-04-30 13:44:49 --> Error connecting to the database: No such file or directory
CRITICAL - 2022-04-30 13:44:49 --> Unable to connect to the database.
Main connection [MySQLi]: No such file or directory
#0 /var/www/projecto/codeigniter-FW/system/Database/BaseConnection.php(577): CodeIgniter\Database\BaseConnection->initialize()
#1 /var/www/projecto/codeigniter-FW/system/Database/BaseBuilder.php(1455): CodeIgniter\Database\BaseConnection->query()
#2 /var/www/projecto/codeigniter-FW/system/Model.php(728): CodeIgniter\Database\BaseBuilder->get()
#3 /var/www/projecto/codeigniter-FW/app/Models/questionModel.php(40): CodeIgniter\Model->__call()
#4 /var/www/projecto/codeigniter-FW/app/Controllers/Questions.php(27): App\Models\questionModel->getQuestion()
#5 /var/www/projecto/codeigniter-FW/system/CodeIgniter.php(832): App\Controllers\Questions->questionDisplay()
#6 /var/www/projecto/codeigniter-FW/system/CodeIgniter.php(419): CodeIgniter\CodeIgniter->runController()
#7 /var/www/projecto/codeigniter-FW/system/CodeIgniter.php(326): CodeIgniter\CodeIgniter->handleRequest()
#8 /var/www/projecto/codeigniter-FW/public/index.php(37): CodeIgniter\CodeIgniter->run()
#9 /var/www/projecto/codeigniter-FW/system/Commands/Server/rewrite.php(43): require_once('/var/www/projec...')
#10 {main}
>>>>>>> Stashed changes
