CRITICAL - 2022-05-22 05:07:02 --> Too few arguments to function App\Models\IdModel::subscribe(), 1 passed in /home/pauline/Documents/S2/web/projecto/codeigniter-FW/app/Controllers/IdController.php on line 53 and exactly 2 expected
#0 /home/pauline/Documents/S2/web/projecto/codeigniter-FW/app/Controllers/IdController.php(53): App\Models\IdModel->subscribe()
#1 /home/pauline/Documents/S2/web/projecto/codeigniter-FW/system/CodeIgniter.php(832): App\Controllers\IdController->create()
#2 /home/pauline/Documents/S2/web/projecto/codeigniter-FW/system/CodeIgniter.php(419): CodeIgniter\CodeIgniter->runController()
#3 /home/pauline/Documents/S2/web/projecto/codeigniter-FW/system/CodeIgniter.php(326): CodeIgniter\CodeIgniter->handleRequest()
#4 /home/pauline/Documents/S2/web/projecto/codeigniter-FW/public/index.php(37): CodeIgniter\CodeIgniter->run()
#5 /home/pauline/Documents/S2/web/projecto/codeigniter-FW/system/Commands/Server/rewrite.php(43): require_once('/home/pauline/D...')
#6 {main}
CRITICAL - 2022-05-22 05:07:41 --> Trying to access array offset on value of type null
#0 /home/pauline/Documents/S2/web/projecto/codeigniter-FW/app/Models/quizzInternauteModel.php(102): CodeIgniter\Debug\Exceptions->errorHandler()
#1 /home/pauline/Documents/S2/web/projecto/codeigniter-FW/app/Controllers/Questions.php(60): App\Models\quizzInternauteModel->createQuizzInternaute()
#2 /home/pauline/Documents/S2/web/projecto/codeigniter-FW/system/CodeIgniter.php(832): App\Controllers\Questions->create()
#3 /home/pauline/Documents/S2/web/projecto/codeigniter-FW/system/CodeIgniter.php(419): CodeIgniter\CodeIgniter->runController()
#4 /home/pauline/Documents/S2/web/projecto/codeigniter-FW/system/CodeIgniter.php(326): CodeIgniter\CodeIgniter->handleRequest()
#5 /home/pauline/Documents/S2/web/projecto/codeigniter-FW/public/index.php(37): CodeIgniter\CodeIgniter->run()
#6 /home/pauline/Documents/S2/web/projecto/codeigniter-FW/system/Commands/Server/rewrite.php(43): require_once('/home/pauline/D...')
#7 {main}
CRITICAL - 2022-05-22 05:09:54 --> Cache unable to write to /home/pauline/Documents/S2/web/projecto/codeigniter-FW/writable/cache/.
#0 /home/pauline/Documents/S2/web/projecto/codeigniter-FW/system/Cache/Handlers/FileHandler.php(61): CodeIgniter\Cache\Exceptions\CacheException::forUnableToWrite()
#1 /home/pauline/Documents/S2/web/projecto/codeigniter-FW/system/Cache/CacheFactory.php(60): CodeIgniter\Cache\Handlers\FileHandler->__construct()
#2 /home/pauline/Documents/S2/web/projecto/codeigniter-FW/system/Config/Services.php(106): CodeIgniter\Cache\CacheFactory::getHandler()
#3 /home/pauline/Documents/S2/web/projecto/codeigniter-FW/system/Config/BaseService.php(248): CodeIgniter\Config\Services::cache()
#4 /home/pauline/Documents/S2/web/projecto/codeigniter-FW/system/Config/BaseService.php(189): CodeIgniter\Config\BaseService::__callStatic()
#5 /home/pauline/Documents/S2/web/projecto/codeigniter-FW/system/Config/Services.php(101): CodeIgniter\Config\BaseService::getSharedInstance()
#6 /home/pauline/Documents/S2/web/projecto/codeigniter-FW/system/Config/BaseService.php(248): CodeIgniter\Config\Services::cache()
#7 /home/pauline/Documents/S2/web/projecto/codeigniter-FW/system/Common.php(67): CodeIgniter\Config\BaseService::__callStatic()
#8 /home/pauline/Documents/S2/web/projecto/codeigniter-FW/system/CodeIgniter.php(604): cache()
#9 /home/pauline/Documents/S2/web/projecto/codeigniter-FW/system/CodeIgniter.php(313): CodeIgniter\CodeIgniter->displayCache()
#10 /home/pauline/Documents/S2/web/projecto/codeigniter-FW/public/index.php(37): CodeIgniter\CodeIgniter->run()
#11 /home/pauline/Documents/S2/web/projecto/codeigniter-FW/system/Commands/Server/rewrite.php(43): require_once('/home/pauline/D...')
#12 {main}
CRITICAL - 2022-05-22 05:10:06 --> Cache unable to write to /home/pauline/Documents/S2/web/projecto/codeigniter-FW/writable/cache/.
#0 /home/pauline/Documents/S2/web/projecto/codeigniter-FW/system/Cache/Handlers/FileHandler.php(61): CodeIgniter\Cache\Exceptions\CacheException::forUnableToWrite()
#1 /home/pauline/Documents/S2/web/projecto/codeigniter-FW/system/Cache/CacheFactory.php(60): CodeIgniter\Cache\Handlers\FileHandler->__construct()
#2 /home/pauline/Documents/S2/web/projecto/codeigniter-FW/system/Config/Services.php(106): CodeIgniter\Cache\CacheFactory::getHandler()
#3 /home/pauline/Documents/S2/web/projecto/codeigniter-FW/system/Config/BaseService.php(248): CodeIgniter\Config\Services::cache()
#4 /home/pauline/Documents/S2/web/projecto/codeigniter-FW/system/Config/BaseService.php(189): CodeIgniter\Config\BaseService::__callStatic()
#5 /home/pauline/Documents/S2/web/projecto/codeigniter-FW/system/Config/Services.php(101): CodeIgniter\Config\BaseService::getSharedInstance()
#6 /home/pauline/Documents/S2/web/projecto/codeigniter-FW/system/Config/BaseService.php(248): CodeIgniter\Config\Services::cache()
#7 /home/pauline/Documents/S2/web/projecto/codeigniter-FW/system/Common.php(67): CodeIgniter\Config\BaseService::__callStatic()
#8 /home/pauline/Documents/S2/web/projecto/codeigniter-FW/system/CodeIgniter.php(604): cache()
#9 /home/pauline/Documents/S2/web/projecto/codeigniter-FW/system/CodeIgniter.php(313): CodeIgniter\CodeIgniter->displayCache()
#10 /home/pauline/Documents/S2/web/projecto/codeigniter-FW/public/index.php(37): CodeIgniter\CodeIgniter->run()
#11 /home/pauline/Documents/S2/web/projecto/codeigniter-FW/system/Commands/Server/rewrite.php(43): require_once('/home/pauline/D...')
#12 {main}
CRITICAL - 2022-05-22 05:10:11 --> Cache unable to write to /home/pauline/Documents/S2/web/projecto/codeigniter-FW/writable/cache/.
#0 /home/pauline/Documents/S2/web/projecto/codeigniter-FW/system/Cache/Handlers/FileHandler.php(61): CodeIgniter\Cache\Exceptions\CacheException::forUnableToWrite()
#1 /home/pauline/Documents/S2/web/projecto/codeigniter-FW/system/Cache/CacheFactory.php(60): CodeIgniter\Cache\Handlers\FileHandler->__construct()
#2 /home/pauline/Documents/S2/web/projecto/codeigniter-FW/system/Config/Services.php(106): CodeIgniter\Cache\CacheFactory::getHandler()
#3 /home/pauline/Documents/S2/web/projecto/codeigniter-FW/system/Config/BaseService.php(248): CodeIgniter\Config\Services::cache()
#4 /home/pauline/Documents/S2/web/projecto/codeigniter-FW/system/Config/BaseService.php(189): CodeIgniter\Config\BaseService::__callStatic()
#5 /home/pauline/Documents/S2/web/projecto/codeigniter-FW/system/Config/Services.php(101): CodeIgniter\Config\BaseService::getSharedInstance()
#6 /home/pauline/Documents/S2/web/projecto/codeigniter-FW/system/Config/BaseService.php(248): CodeIgniter\Config\Services::cache()
#7 /home/pauline/Documents/S2/web/projecto/codeigniter-FW/system/Common.php(67): CodeIgniter\Config\BaseService::__callStatic()
#8 /home/pauline/Documents/S2/web/projecto/codeigniter-FW/system/CodeIgniter.php(604): cache()
#9 /home/pauline/Documents/S2/web/projecto/codeigniter-FW/system/CodeIgniter.php(313): CodeIgniter\CodeIgniter->displayCache()
#10 /home/pauline/Documents/S2/web/projecto/codeigniter-FW/public/index.php(37): CodeIgniter\CodeIgniter->run()
#11 /home/pauline/Documents/S2/web/projecto/codeigniter-FW/system/Commands/Server/rewrite.php(43): require_once('/home/pauline/D...')
#12 {main}
CRITICAL - 2022-05-22 05:11:05 --> Cache unable to write to /home/pauline/Documents/S2/web/projecto/codeigniter-FW/writable/cache/.
#0 /home/pauline/Documents/S2/web/projecto/codeigniter-FW/system/Cache/Handlers/FileHandler.php(61): CodeIgniter\Cache\Exceptions\CacheException::forUnableToWrite()
#1 /home/pauline/Documents/S2/web/projecto/codeigniter-FW/system/Cache/CacheFactory.php(60): CodeIgniter\Cache\Handlers\FileHandler->__construct()
#2 /home/pauline/Documents/S2/web/projecto/codeigniter-FW/system/Config/Services.php(106): CodeIgniter\Cache\CacheFactory::getHandler()
#3 /home/pauline/Documents/S2/web/projecto/codeigniter-FW/system/Config/BaseService.php(248): CodeIgniter\Config\Services::cache()
#4 /home/pauline/Documents/S2/web/projecto/codeigniter-FW/system/Config/BaseService.php(189): CodeIgniter\Config\BaseService::__callStatic()
#5 /home/pauline/Documents/S2/web/projecto/codeigniter-FW/system/Config/Services.php(101): CodeIgniter\Config\BaseService::getSharedInstance()
#6 /home/pauline/Documents/S2/web/projecto/codeigniter-FW/system/Config/BaseService.php(248): CodeIgniter\Config\Services::cache()
#7 /home/pauline/Documents/S2/web/projecto/codeigniter-FW/system/Common.php(67): CodeIgniter\Config\BaseService::__callStatic()
#8 /home/pauline/Documents/S2/web/projecto/codeigniter-FW/system/CodeIgniter.php(604): cache()
#9 /home/pauline/Documents/S2/web/projecto/codeigniter-FW/system/CodeIgniter.php(313): CodeIgniter\CodeIgniter->displayCache()
#10 /home/pauline/Documents/S2/web/projecto/codeigniter-FW/public/index.php(37): CodeIgniter\CodeIgniter->run()
#11 /home/pauline/Documents/S2/web/projecto/codeigniter-FW/system/Commands/Server/rewrite.php(43): require_once('/home/pauline/D...')
#12 {main}
CRITICAL - 2022-05-22 05:11:11 --> Cache unable to write to /home/pauline/Documents/S2/web/projecto/codeigniter-FW/writable/cache/.
#0 /home/pauline/Documents/S2/web/projecto/codeigniter-FW/system/Cache/Handlers/FileHandler.php(61): CodeIgniter\Cache\Exceptions\CacheException::forUnableToWrite()
#1 /home/pauline/Documents/S2/web/projecto/codeigniter-FW/system/Cache/CacheFactory.php(60): CodeIgniter\Cache\Handlers\FileHandler->__construct()
#2 /home/pauline/Documents/S2/web/projecto/codeigniter-FW/system/Config/Services.php(106): CodeIgniter\Cache\CacheFactory::getHandler()
#3 /home/pauline/Documents/S2/web/projecto/codeigniter-FW/system/Config/BaseService.php(248): CodeIgniter\Config\Services::cache()
#4 /home/pauline/Documents/S2/web/projecto/codeigniter-FW/system/Config/BaseService.php(189): CodeIgniter\Config\BaseService::__callStatic()
#5 /home/pauline/Documents/S2/web/projecto/codeigniter-FW/system/Config/Services.php(101): CodeIgniter\Config\BaseService::getSharedInstance()
#6 /home/pauline/Documents/S2/web/projecto/codeigniter-FW/system/Config/BaseService.php(248): CodeIgniter\Config\Services::cache()
#7 /home/pauline/Documents/S2/web/projecto/codeigniter-FW/system/Common.php(67): CodeIgniter\Config\BaseService::__callStatic()
#8 /home/pauline/Documents/S2/web/projecto/codeigniter-FW/system/CodeIgniter.php(604): cache()
#9 /home/pauline/Documents/S2/web/projecto/codeigniter-FW/system/CodeIgniter.php(313): CodeIgniter\CodeIgniter->displayCache()
#10 /home/pauline/Documents/S2/web/projecto/codeigniter-FW/public/index.php(37): CodeIgniter\CodeIgniter->run()
#11 /home/pauline/Documents/S2/web/projecto/codeigniter-FW/system/Commands/Server/rewrite.php(43): require_once('/home/pauline/D...')
#12 {main}
CRITICAL - 2022-05-22 05:13:57 --> Cache unable to write to /home/pauline/Documents/S2/web/projecto/codeigniter-FW/writable/cache/.
#0 /home/pauline/Documents/S2/web/projecto/codeigniter-FW/system/Cache/Handlers/FileHandler.php(61): CodeIgniter\Cache\Exceptions\CacheException::forUnableToWrite()
#1 /home/pauline/Documents/S2/web/projecto/codeigniter-FW/system/Cache/CacheFactory.php(60): CodeIgniter\Cache\Handlers\FileHandler->__construct()
#2 /home/pauline/Documents/S2/web/projecto/codeigniter-FW/system/Config/Services.php(106): CodeIgniter\Cache\CacheFactory::getHandler()
#3 /home/pauline/Documents/S2/web/projecto/codeigniter-FW/system/Config/BaseService.php(248): CodeIgniter\Config\Services::cache()
#4 /home/pauline/Documents/S2/web/projecto/codeigniter-FW/system/Config/BaseService.php(189): CodeIgniter\Config\BaseService::__callStatic()
#5 /home/pauline/Documents/S2/web/projecto/codeigniter-FW/system/Config/Services.php(101): CodeIgniter\Config\BaseService::getSharedInstance()
#6 /home/pauline/Documents/S2/web/projecto/codeigniter-FW/system/Config/BaseService.php(248): CodeIgniter\Config\Services::cache()
#7 /home/pauline/Documents/S2/web/projecto/codeigniter-FW/system/Common.php(67): CodeIgniter\Config\BaseService::__callStatic()
#8 /home/pauline/Documents/S2/web/projecto/codeigniter-FW/system/CodeIgniter.php(604): cache()
#9 /home/pauline/Documents/S2/web/projecto/codeigniter-FW/system/CodeIgniter.php(313): CodeIgniter\CodeIgniter->displayCache()
#10 /home/pauline/Documents/S2/web/projecto/codeigniter-FW/public/index.php(37): CodeIgniter\CodeIgniter->run()
#11 /home/pauline/Documents/S2/web/projecto/codeigniter-FW/system/Commands/Server/rewrite.php(43): require_once('/home/pauline/D...')
#12 {main}
CRITICAL - 2022-05-22 05:14:10 --> Cache unable to write to /home/pauline/Documents/S2/web/projecto/codeigniter-FW/writable/cache/.
#0 /home/pauline/Documents/S2/web/projecto/codeigniter-FW/system/Cache/Handlers/FileHandler.php(61): CodeIgniter\Cache\Exceptions\CacheException::forUnableToWrite()
#1 /home/pauline/Documents/S2/web/projecto/codeigniter-FW/system/Cache/CacheFactory.php(60): CodeIgniter\Cache\Handlers\FileHandler->__construct()
#2 /home/pauline/Documents/S2/web/projecto/codeigniter-FW/system/Config/Services.php(106): CodeIgniter\Cache\CacheFactory::getHandler()
#3 /home/pauline/Documents/S2/web/projecto/codeigniter-FW/system/Config/BaseService.php(248): CodeIgniter\Config\Services::cache()
#4 /home/pauline/Documents/S2/web/projecto/codeigniter-FW/system/Config/BaseService.php(189): CodeIgniter\Config\BaseService::__callStatic()
#5 /home/pauline/Documents/S2/web/projecto/codeigniter-FW/system/Config/Services.php(101): CodeIgniter\Config\BaseService::getSharedInstance()
#6 /home/pauline/Documents/S2/web/projecto/codeigniter-FW/system/Config/BaseService.php(248): CodeIgniter\Config\Services::cache()
#7 /home/pauline/Documents/S2/web/projecto/codeigniter-FW/system/Common.php(67): CodeIgniter\Config\BaseService::__callStatic()
#8 /home/pauline/Documents/S2/web/projecto/codeigniter-FW/system/CodeIgniter.php(604): cache()
#9 /home/pauline/Documents/S2/web/projecto/codeigniter-FW/system/CodeIgniter.php(313): CodeIgniter\CodeIgniter->displayCache()
#10 /home/pauline/Documents/S2/web/projecto/codeigniter-FW/public/index.php(37): CodeIgniter\CodeIgniter->run()
#11 /home/pauline/Documents/S2/web/projecto/codeigniter-FW/system/Commands/Server/rewrite.php(43): require_once('/home/pauline/D...')
#12 {main}
CRITICAL - 2022-05-22 05:19:03 --> Too few arguments to function App\Models\IdModel::subscribe(), 1 passed in /home/pauline/Documents/S2/web/projecto/codeigniter-FW/app/Controllers/IdController.php on line 53 and exactly 2 expected
#0 /home/pauline/Documents/S2/web/projecto/codeigniter-FW/app/Controllers/IdController.php(53): App\Models\IdModel->subscribe()
#1 /home/pauline/Documents/S2/web/projecto/codeigniter-FW/system/CodeIgniter.php(832): App\Controllers\IdController->create()
#2 /home/pauline/Documents/S2/web/projecto/codeigniter-FW/system/CodeIgniter.php(419): CodeIgniter\CodeIgniter->runController()
#3 /home/pauline/Documents/S2/web/projecto/codeigniter-FW/system/CodeIgniter.php(326): CodeIgniter\CodeIgniter->handleRequest()
#4 /home/pauline/Documents/S2/web/projecto/codeigniter-FW/public/index.php(37): CodeIgniter\CodeIgniter->run()
#5 /home/pauline/Documents/S2/web/projecto/codeigniter-FW/system/Commands/Server/rewrite.php(43): require_once('/home/pauline/D...')
#6 {main}
CRITICAL - 2022-05-22 05:20:39 --> Trying to access array offset on value of type null
#0 /home/pauline/Documents/S2/web/projecto/codeigniter-FW/app/Models/quizzInternauteModel.php(102): CodeIgniter\Debug\Exceptions->errorHandler()
#1 /home/pauline/Documents/S2/web/projecto/codeigniter-FW/app/Controllers/Questions.php(60): App\Models\quizzInternauteModel->createQuizzInternaute()
#2 /home/pauline/Documents/S2/web/projecto/codeigniter-FW/system/CodeIgniter.php(832): App\Controllers\Questions->create()
#3 /home/pauline/Documents/S2/web/projecto/codeigniter-FW/system/CodeIgniter.php(419): CodeIgniter\CodeIgniter->runController()
#4 /home/pauline/Documents/S2/web/projecto/codeigniter-FW/system/CodeIgniter.php(326): CodeIgniter\CodeIgniter->handleRequest()
#5 /home/pauline/Documents/S2/web/projecto/codeigniter-FW/public/index.php(37): CodeIgniter\CodeIgniter->run()
#6 /home/pauline/Documents/S2/web/projecto/codeigniter-FW/system/Commands/Server/rewrite.php(43): require_once('/home/pauline/D...')
#7 {main}
CRITICAL - 2022-05-22 05:23:17 --> Cache unable to write to /home/pauline/Documents/S2/web/projecto/codeigniter-FW/writable/cache/.
#0 /home/pauline/Documents/S2/web/projecto/codeigniter-FW/system/Cache/Handlers/FileHandler.php(61): CodeIgniter\Cache\Exceptions\CacheException::forUnableToWrite()
#1 /home/pauline/Documents/S2/web/projecto/codeigniter-FW/system/Cache/CacheFactory.php(60): CodeIgniter\Cache\Handlers\FileHandler->__construct()
#2 /home/pauline/Documents/S2/web/projecto/codeigniter-FW/system/Config/Services.php(106): CodeIgniter\Cache\CacheFactory::getHandler()
#3 /home/pauline/Documents/S2/web/projecto/codeigniter-FW/system/Config/BaseService.php(248): CodeIgniter\Config\Services::cache()
#4 /home/pauline/Documents/S2/web/projecto/codeigniter-FW/system/Config/BaseService.php(189): CodeIgniter\Config\BaseService::__callStatic()
#5 /home/pauline/Documents/S2/web/projecto/codeigniter-FW/system/Config/Services.php(101): CodeIgniter\Config\BaseService::getSharedInstance()
#6 /home/pauline/Documents/S2/web/projecto/codeigniter-FW/system/Config/BaseService.php(248): CodeIgniter\Config\Services::cache()
#7 /home/pauline/Documents/S2/web/projecto/codeigniter-FW/system/Common.php(67): CodeIgniter\Config\BaseService::__callStatic()
#8 /home/pauline/Documents/S2/web/projecto/codeigniter-FW/system/CodeIgniter.php(604): cache()
#9 /home/pauline/Documents/S2/web/projecto/codeigniter-FW/system/CodeIgniter.php(313): CodeIgniter\CodeIgniter->displayCache()
#10 /home/pauline/Documents/S2/web/projecto/codeigniter-FW/public/index.php(37): CodeIgniter\CodeIgniter->run()
#11 /home/pauline/Documents/S2/web/projecto/codeigniter-FW/system/Commands/Server/rewrite.php(43): require_once('/home/pauline/D...')
#12 {main}
