CRITICAL - 2022-05-01 07:26:18 --> Call to undefined function App\Controllers\subcribe()
#0 /var/www/IMAC1_Semestre2/Projet/projecto/codeigniter-FW/system/CodeIgniter.php(832): App\Controllers\PoireTest->index()
#1 /var/www/IMAC1_Semestre2/Projet/projecto/codeigniter-FW/system/CodeIgniter.php(419): CodeIgniter\CodeIgniter->runController()
#2 /var/www/IMAC1_Semestre2/Projet/projecto/codeigniter-FW/system/CodeIgniter.php(326): CodeIgniter\CodeIgniter->handleRequest()
#3 /var/www/IMAC1_Semestre2/Projet/projecto/codeigniter-FW/public/index.php(37): CodeIgniter\CodeIgniter->run()
#4 /var/www/IMAC1_Semestre2/Projet/projecto/codeigniter-FW/system/Commands/Server/rewrite.php(43): require_once('/var/www/IMAC1_...')
#5 {main}
CRITICAL - 2022-05-01 07:26:45 --> Call to undefined function App\Controllers\identifiantCheck()
#0 /var/www/IMAC1_Semestre2/Projet/projecto/codeigniter-FW/system/CodeIgniter.php(832): App\Controllers\PoireTest->index()
#1 /var/www/IMAC1_Semestre2/Projet/projecto/codeigniter-FW/system/CodeIgniter.php(419): CodeIgniter\CodeIgniter->runController()
#2 /var/www/IMAC1_Semestre2/Projet/projecto/codeigniter-FW/system/CodeIgniter.php(326): CodeIgniter\CodeIgniter->handleRequest()
#3 /var/www/IMAC1_Semestre2/Projet/projecto/codeigniter-FW/public/index.php(37): CodeIgniter\CodeIgniter->run()
#4 /var/www/IMAC1_Semestre2/Projet/projecto/codeigniter-FW/system/Commands/Server/rewrite.php(43): require_once('/var/www/IMAC1_...')
#5 {main}
CRITICAL - 2022-05-01 07:26:48 --> Call to undefined function App\Controllers\identifiantCheck()
#0 /var/www/IMAC1_Semestre2/Projet/projecto/codeigniter-FW/system/CodeIgniter.php(832): App\Controllers\PoireTest->index()
#1 /var/www/IMAC1_Semestre2/Projet/projecto/codeigniter-FW/system/CodeIgniter.php(419): CodeIgniter\CodeIgniter->runController()
#2 /var/www/IMAC1_Semestre2/Projet/projecto/codeigniter-FW/system/CodeIgniter.php(326): CodeIgniter\CodeIgniter->handleRequest()
#3 /var/www/IMAC1_Semestre2/Projet/projecto/codeigniter-FW/public/index.php(37): CodeIgniter\CodeIgniter->run()
#4 /var/www/IMAC1_Semestre2/Projet/projecto/codeigniter-FW/system/Commands/Server/rewrite.php(43): require_once('/var/www/IMAC1_...')
#5 {main}
CRITICAL - 2022-05-01 07:27:12 --> Call to undefined function App\Controllers\subcribe()
#0 /var/www/IMAC1_Semestre2/Projet/projecto/codeigniter-FW/system/CodeIgniter.php(832): App\Controllers\PoireTest->index()
#1 /var/www/IMAC1_Semestre2/Projet/projecto/codeigniter-FW/system/CodeIgniter.php(419): CodeIgniter\CodeIgniter->runController()
#2 /var/www/IMAC1_Semestre2/Projet/projecto/codeigniter-FW/system/CodeIgniter.php(326): CodeIgniter\CodeIgniter->handleRequest()
#3 /var/www/IMAC1_Semestre2/Projet/projecto/codeigniter-FW/public/index.php(37): CodeIgniter\CodeIgniter->run()
#4 /var/www/IMAC1_Semestre2/Projet/projecto/codeigniter-FW/system/Commands/Server/rewrite.php(43): require_once('/var/www/IMAC1_...')
#5 {main}
CRITICAL - 2022-05-01 07:35:33 --> Call to undefined function App\Controllers\subcribe()
#0 /var/www/IMAC1_Semestre2/Projet/projecto/codeigniter-FW/system/CodeIgniter.php(832): App\Controllers\PoireTest->index()
#1 /var/www/IMAC1_Semestre2/Projet/projecto/codeigniter-FW/system/CodeIgniter.php(419): CodeIgniter\CodeIgniter->runController()
#2 /var/www/IMAC1_Semestre2/Projet/projecto/codeigniter-FW/system/CodeIgniter.php(326): CodeIgniter\CodeIgniter->handleRequest()
#3 /var/www/IMAC1_Semestre2/Projet/projecto/codeigniter-FW/public/index.php(37): CodeIgniter\CodeIgniter->run()
#4 /var/www/IMAC1_Semestre2/Projet/projecto/codeigniter-FW/system/Commands/Server/rewrite.php(43): require_once('/var/www/IMAC1_...')
#5 {main}
CRITICAL - 2022-05-01 07:35:36 --> Call to undefined function App\Controllers\subcribe()
#0 /var/www/IMAC1_Semestre2/Projet/projecto/codeigniter-FW/system/CodeIgniter.php(832): App\Controllers\PoireTest->index()
#1 /var/www/IMAC1_Semestre2/Projet/projecto/codeigniter-FW/system/CodeIgniter.php(419): CodeIgniter\CodeIgniter->runController()
#2 /var/www/IMAC1_Semestre2/Projet/projecto/codeigniter-FW/system/CodeIgniter.php(326): CodeIgniter\CodeIgniter->handleRequest()
#3 /var/www/IMAC1_Semestre2/Projet/projecto/codeigniter-FW/public/index.php(37): CodeIgniter\CodeIgniter->run()
#4 /var/www/IMAC1_Semestre2/Projet/projecto/codeigniter-FW/system/Commands/Server/rewrite.php(43): require_once('/var/www/IMAC1_...')
#5 {main}
CRITICAL - 2022-05-01 07:35:55 --> syntax error, unexpected 'echo' (T_ECHO), expecting ';' or ','
#0 /var/www/IMAC1_Semestre2/Projet/projecto/codeigniter-FW/system/Autoloader/Autoloader.php(241): CodeIgniter\Autoloader\Autoloader->includeFile()
#1 /var/www/IMAC1_Semestre2/Projet/projecto/codeigniter-FW/system/Autoloader/Autoloader.php(219): CodeIgniter\Autoloader\Autoloader->loadInNamespace()
#2 [internal function]: CodeIgniter\Autoloader\Autoloader->loadClass()
#3 [internal function]: spl_autoload_call()
#4 /var/www/IMAC1_Semestre2/Projet/projecto/codeigniter-FW/system/CodeIgniter.php(797): class_exists()
#5 /var/www/IMAC1_Semestre2/Projet/projecto/codeigniter-FW/system/CodeIgniter.php(406): CodeIgniter\CodeIgniter->startController()
#6 /var/www/IMAC1_Semestre2/Projet/projecto/codeigniter-FW/system/CodeIgniter.php(326): CodeIgniter\CodeIgniter->handleRequest()
#7 /var/www/IMAC1_Semestre2/Projet/projecto/codeigniter-FW/public/index.php(37): CodeIgniter\CodeIgniter->run()
#8 /var/www/IMAC1_Semestre2/Projet/projecto/codeigniter-FW/system/Commands/Server/rewrite.php(43): require_once('/var/www/IMAC1_...')
#9 {main}
CRITICAL - 2022-05-01 07:36:05 --> Call to undefined function App\Controllers\user()
#0 /var/www/IMAC1_Semestre2/Projet/projecto/codeigniter-FW/system/CodeIgniter.php(832): App\Controllers\PoireTest->index()
#1 /var/www/IMAC1_Semestre2/Projet/projecto/codeigniter-FW/system/CodeIgniter.php(419): CodeIgniter\CodeIgniter->runController()
#2 /var/www/IMAC1_Semestre2/Projet/projecto/codeigniter-FW/system/CodeIgniter.php(326): CodeIgniter\CodeIgniter->handleRequest()
#3 /var/www/IMAC1_Semestre2/Projet/projecto/codeigniter-FW/public/index.php(37): CodeIgniter\CodeIgniter->run()
#4 /var/www/IMAC1_Semestre2/Projet/projecto/codeigniter-FW/system/Commands/Server/rewrite.php(43): require_once('/var/www/IMAC1_...')
#5 {main}
CRITICAL - 2022-05-01 07:36:25 --> syntax error, unexpected '.', expecting ';' or ','
#0 /var/www/IMAC1_Semestre2/Projet/projecto/codeigniter-FW/system/Autoloader/Autoloader.php(241): CodeIgniter\Autoloader\Autoloader->includeFile()
#1 /var/www/IMAC1_Semestre2/Projet/projecto/codeigniter-FW/system/Autoloader/Autoloader.php(219): CodeIgniter\Autoloader\Autoloader->loadInNamespace()
#2 [internal function]: CodeIgniter\Autoloader\Autoloader->loadClass()
#3 [internal function]: spl_autoload_call()
#4 /var/www/IMAC1_Semestre2/Projet/projecto/codeigniter-FW/system/CodeIgniter.php(797): class_exists()
#5 /var/www/IMAC1_Semestre2/Projet/projecto/codeigniter-FW/system/CodeIgniter.php(406): CodeIgniter\CodeIgniter->startController()
#6 /var/www/IMAC1_Semestre2/Projet/projecto/codeigniter-FW/system/CodeIgniter.php(326): CodeIgniter\CodeIgniter->handleRequest()
#7 /var/www/IMAC1_Semestre2/Projet/projecto/codeigniter-FW/public/index.php(37): CodeIgniter\CodeIgniter->run()
#8 /var/www/IMAC1_Semestre2/Projet/projecto/codeigniter-FW/system/Commands/Server/rewrite.php(43): require_once('/var/www/IMAC1_...')
#9 {main}
CRITICAL - 2022-05-01 07:37:15 --> Undefined variable: table
#0 /var/www/IMAC1_Semestre2/Projet/projecto/codeigniter-FW/app/Models/IdModel.php(63): CodeIgniter\Debug\Exceptions->errorHandler()
#1 /var/www/IMAC1_Semestre2/Projet/projecto/codeigniter-FW/app/Controllers/PoireTest.php(15): App\Models\IdModel->subcribe()
#2 /var/www/IMAC1_Semestre2/Projet/projecto/codeigniter-FW/system/CodeIgniter.php(832): App\Controllers\PoireTest->index()
#3 /var/www/IMAC1_Semestre2/Projet/projecto/codeigniter-FW/system/CodeIgniter.php(419): CodeIgniter\CodeIgniter->runController()
#4 /var/www/IMAC1_Semestre2/Projet/projecto/codeigniter-FW/system/CodeIgniter.php(326): CodeIgniter\CodeIgniter->handleRequest()
#5 /var/www/IMAC1_Semestre2/Projet/projecto/codeigniter-FW/public/index.php(37): CodeIgniter\CodeIgniter->run()
#6 /var/www/IMAC1_Semestre2/Projet/projecto/codeigniter-FW/system/Commands/Server/rewrite.php(43): require_once('/var/www/IMAC1_...')
#7 {main}
CRITICAL - 2022-05-01 07:37:39 --> Call to undefined method CodeIgniter\Database\MySQLi\Connection::select()
#0 /var/www/IMAC1_Semestre2/Projet/projecto/codeigniter-FW/app/Controllers/PoireTest.php(16): App\Models\IdModel->user()
#1 /var/www/IMAC1_Semestre2/Projet/projecto/codeigniter-FW/system/CodeIgniter.php(832): App\Controllers\PoireTest->index()
#2 /var/www/IMAC1_Semestre2/Projet/projecto/codeigniter-FW/system/CodeIgniter.php(419): CodeIgniter\CodeIgniter->runController()
#3 /var/www/IMAC1_Semestre2/Projet/projecto/codeigniter-FW/system/CodeIgniter.php(326): CodeIgniter\CodeIgniter->handleRequest()
#4 /var/www/IMAC1_Semestre2/Projet/projecto/codeigniter-FW/public/index.php(37): CodeIgniter\CodeIgniter->run()
#5 /var/www/IMAC1_Semestre2/Projet/projecto/codeigniter-FW/system/Commands/Server/rewrite.php(43): require_once('/var/www/IMAC1_...')
#6 {main}
CRITICAL - 2022-05-01 07:38:50 --> Class 'App\Models\Ci_odel' not found
#0 /var/www/IMAC1_Semestre2/Projet/projecto/codeigniter-FW/system/Autoloader/Autoloader.php(264): include_once()
#1 /var/www/IMAC1_Semestre2/Projet/projecto/codeigniter-FW/system/Autoloader/Autoloader.php(241): CodeIgniter\Autoloader\Autoloader->includeFile()
#2 /var/www/IMAC1_Semestre2/Projet/projecto/codeigniter-FW/system/Autoloader/Autoloader.php(219): CodeIgniter\Autoloader\Autoloader->loadInNamespace()
#3 [internal function]: CodeIgniter\Autoloader\Autoloader->loadClass()
#4 [internal function]: spl_autoload_call()
#5 /var/www/IMAC1_Semestre2/Projet/projecto/codeigniter-FW/system/Config/Factories.php(136): class_exists()
#6 /var/www/IMAC1_Semestre2/Projet/projecto/codeigniter-FW/system/Config/Factories.php(106): CodeIgniter\Config\Factories::locateClass()
#7 /var/www/IMAC1_Semestre2/Projet/projecto/codeigniter-FW/system/Common.php(780): CodeIgniter\Config\Factories::__callStatic()
#8 /var/www/IMAC1_Semestre2/Projet/projecto/codeigniter-FW/app/Controllers/PoireTest.php(11): model()
#9 /var/www/IMAC1_Semestre2/Projet/projecto/codeigniter-FW/system/CodeIgniter.php(832): App\Controllers\PoireTest->index()
#10 /var/www/IMAC1_Semestre2/Projet/projecto/codeigniter-FW/system/CodeIgniter.php(419): CodeIgniter\CodeIgniter->runController()
#11 /var/www/IMAC1_Semestre2/Projet/projecto/codeigniter-FW/system/CodeIgniter.php(326): CodeIgniter\CodeIgniter->handleRequest()
#12 /var/www/IMAC1_Semestre2/Projet/projecto/codeigniter-FW/public/index.php(37): CodeIgniter\CodeIgniter->run()
#13 /var/www/IMAC1_Semestre2/Projet/projecto/codeigniter-FW/system/Commands/Server/rewrite.php(43): require_once('/var/www/IMAC1_...')
#14 {main}
CRITICAL - 2022-05-01 07:39:12 --> Call to undefined method CodeIgniter\Database\MySQLi\Connection::select()
#0 /var/www/IMAC1_Semestre2/Projet/projecto/codeigniter-FW/app/Controllers/PoireTest.php(16): App\Models\IdModel->user()
#1 /var/www/IMAC1_Semestre2/Projet/projecto/codeigniter-FW/system/CodeIgniter.php(832): App\Controllers\PoireTest->index()
#2 /var/www/IMAC1_Semestre2/Projet/projecto/codeigniter-FW/system/CodeIgniter.php(419): CodeIgniter\CodeIgniter->runController()
#3 /var/www/IMAC1_Semestre2/Projet/projecto/codeigniter-FW/system/CodeIgniter.php(326): CodeIgniter\CodeIgniter->handleRequest()
#4 /var/www/IMAC1_Semestre2/Projet/projecto/codeigniter-FW/public/index.php(37): CodeIgniter\CodeIgniter->run()
#5 /var/www/IMAC1_Semestre2/Projet/projecto/codeigniter-FW/system/Commands/Server/rewrite.php(43): require_once('/var/www/IMAC1_...')
#6 {main}
CRITICAL - 2022-05-01 07:39:38 --> Class 'App\Models\CI_model' not found
#0 /var/www/IMAC1_Semestre2/Projet/projecto/codeigniter-FW/system/Autoloader/Autoloader.php(264): include_once()
#1 /var/www/IMAC1_Semestre2/Projet/projecto/codeigniter-FW/system/Autoloader/Autoloader.php(241): CodeIgniter\Autoloader\Autoloader->includeFile()
#2 /var/www/IMAC1_Semestre2/Projet/projecto/codeigniter-FW/system/Autoloader/Autoloader.php(219): CodeIgniter\Autoloader\Autoloader->loadInNamespace()
#3 [internal function]: CodeIgniter\Autoloader\Autoloader->loadClass()
#4 [internal function]: spl_autoload_call()
#5 /var/www/IMAC1_Semestre2/Projet/projecto/codeigniter-FW/system/Config/Factories.php(136): class_exists()
#6 /var/www/IMAC1_Semestre2/Projet/projecto/codeigniter-FW/system/Config/Factories.php(106): CodeIgniter\Config\Factories::locateClass()
#7 /var/www/IMAC1_Semestre2/Projet/projecto/codeigniter-FW/system/Common.php(780): CodeIgniter\Config\Factories::__callStatic()
#8 /var/www/IMAC1_Semestre2/Projet/projecto/codeigniter-FW/app/Controllers/PoireTest.php(11): model()
#9 /var/www/IMAC1_Semestre2/Projet/projecto/codeigniter-FW/system/CodeIgniter.php(832): App\Controllers\PoireTest->index()
#10 /var/www/IMAC1_Semestre2/Projet/projecto/codeigniter-FW/system/CodeIgniter.php(419): CodeIgniter\CodeIgniter->runController()
#11 /var/www/IMAC1_Semestre2/Projet/projecto/codeigniter-FW/system/CodeIgniter.php(326): CodeIgniter\CodeIgniter->handleRequest()
#12 /var/www/IMAC1_Semestre2/Projet/projecto/codeigniter-FW/public/index.php(37): CodeIgniter\CodeIgniter->run()
#13 /var/www/IMAC1_Semestre2/Projet/projecto/codeigniter-FW/system/Commands/Server/rewrite.php(43): require_once('/var/www/IMAC1_...')
#14 {main}
CRITICAL - 2022-05-01 07:40:22 --> Call to undefined method CodeIgniter\Database\MySQLi\Connection::find()
#0 /var/www/IMAC1_Semestre2/Projet/projecto/codeigniter-FW/app/Controllers/PoireTest.php(16): App\Models\IdModel->user()
#1 /var/www/IMAC1_Semestre2/Projet/projecto/codeigniter-FW/system/CodeIgniter.php(832): App\Controllers\PoireTest->index()
#2 /var/www/IMAC1_Semestre2/Projet/projecto/codeigniter-FW/system/CodeIgniter.php(419): CodeIgniter\CodeIgniter->runController()
#3 /var/www/IMAC1_Semestre2/Projet/projecto/codeigniter-FW/system/CodeIgniter.php(326): CodeIgniter\CodeIgniter->handleRequest()
#4 /var/www/IMAC1_Semestre2/Projet/projecto/codeigniter-FW/public/index.php(37): CodeIgniter\CodeIgniter->run()
#5 /var/www/IMAC1_Semestre2/Projet/projecto/codeigniter-FW/system/Commands/Server/rewrite.php(43): require_once('/var/www/IMAC1_...')
#6 {main}
CRITICAL - 2022-05-01 07:40:38 --> Call to undefined method CodeIgniter\Database\MySQLi\Connection::get()
#0 /var/www/IMAC1_Semestre2/Projet/projecto/codeigniter-FW/app/Controllers/PoireTest.php(16): App\Models\IdModel->user()
#1 /var/www/IMAC1_Semestre2/Projet/projecto/codeigniter-FW/system/CodeIgniter.php(832): App\Controllers\PoireTest->index()
#2 /var/www/IMAC1_Semestre2/Projet/projecto/codeigniter-FW/system/CodeIgniter.php(419): CodeIgniter\CodeIgniter->runController()
#3 /var/www/IMAC1_Semestre2/Projet/projecto/codeigniter-FW/system/CodeIgniter.php(326): CodeIgniter\CodeIgniter->handleRequest()
#4 /var/www/IMAC1_Semestre2/Projet/projecto/codeigniter-FW/public/index.php(37): CodeIgniter\CodeIgniter->run()
#5 /var/www/IMAC1_Semestre2/Projet/projecto/codeigniter-FW/system/Commands/Server/rewrite.php(43): require_once('/var/www/IMAC1_...')
#6 {main}
CRITICAL - 2022-05-01 07:40:48 --> Undefined variable: table
#0 /var/www/IMAC1_Semestre2/Projet/projecto/codeigniter-FW/app/Models/IdModel.php(70): CodeIgniter\Debug\Exceptions->errorHandler()
#1 /var/www/IMAC1_Semestre2/Projet/projecto/codeigniter-FW/app/Controllers/PoireTest.php(16): App\Models\IdModel->user()
#2 /var/www/IMAC1_Semestre2/Projet/projecto/codeigniter-FW/system/CodeIgniter.php(832): App\Controllers\PoireTest->index()
#3 /var/www/IMAC1_Semestre2/Projet/projecto/codeigniter-FW/system/CodeIgniter.php(419): CodeIgniter\CodeIgniter->runController()
#4 /var/www/IMAC1_Semestre2/Projet/projecto/codeigniter-FW/system/CodeIgniter.php(326): CodeIgniter\CodeIgniter->handleRequest()
#5 /var/www/IMAC1_Semestre2/Projet/projecto/codeigniter-FW/public/index.php(37): CodeIgniter\CodeIgniter->run()
#6 /var/www/IMAC1_Semestre2/Projet/projecto/codeigniter-FW/system/Commands/Server/rewrite.php(43): require_once('/var/www/IMAC1_...')
#7 {main}
CRITICAL - 2022-05-01 07:41:12 --> Argument 1 passed to CodeIgniter\Database\BaseBuilder::get() must be of the type int or null, string given, called in /var/www/IMAC1_Semestre2/Projet/projecto/codeigniter-FW/system/Model.php on line 728
#0 /var/www/IMAC1_Semestre2/Projet/projecto/codeigniter-FW/system/Model.php(728): CodeIgniter\Database\BaseBuilder->get()
#1 /var/www/IMAC1_Semestre2/Projet/projecto/codeigniter-FW/app/Models/IdModel.php(70): CodeIgniter\Model->__call()
#2 /var/www/IMAC1_Semestre2/Projet/projecto/codeigniter-FW/app/Controllers/PoireTest.php(16): App\Models\IdModel->user()
#3 /var/www/IMAC1_Semestre2/Projet/projecto/codeigniter-FW/system/CodeIgniter.php(832): App\Controllers\PoireTest->index()
#4 /var/www/IMAC1_Semestre2/Projet/projecto/codeigniter-FW/system/CodeIgniter.php(419): CodeIgniter\CodeIgniter->runController()
#5 /var/www/IMAC1_Semestre2/Projet/projecto/codeigniter-FW/system/CodeIgniter.php(326): CodeIgniter\CodeIgniter->handleRequest()
#6 /var/www/IMAC1_Semestre2/Projet/projecto/codeigniter-FW/public/index.php(37): CodeIgniter\CodeIgniter->run()
#7 /var/www/IMAC1_Semestre2/Projet/projecto/codeigniter-FW/system/Commands/Server/rewrite.php(43): require_once('/var/www/IMAC1_...')
#8 {main}
CRITICAL - 2022-05-01 07:41:42 --> Undefined variable: table
#0 /var/www/IMAC1_Semestre2/Projet/projecto/codeigniter-FW/app/Models/IdModel.php(70): CodeIgniter\Debug\Exceptions->errorHandler()
#1 /var/www/IMAC1_Semestre2/Projet/projecto/codeigniter-FW/app/Controllers/PoireTest.php(16): App\Models\IdModel->user()
#2 /var/www/IMAC1_Semestre2/Projet/projecto/codeigniter-FW/system/CodeIgniter.php(832): App\Controllers\PoireTest->index()
#3 /var/www/IMAC1_Semestre2/Projet/projecto/codeigniter-FW/system/CodeIgniter.php(419): CodeIgniter\CodeIgniter->runController()
#4 /var/www/IMAC1_Semestre2/Projet/projecto/codeigniter-FW/system/CodeIgniter.php(326): CodeIgniter\CodeIgniter->handleRequest()
#5 /var/www/IMAC1_Semestre2/Projet/projecto/codeigniter-FW/public/index.php(37): CodeIgniter\CodeIgniter->run()
#6 /var/www/IMAC1_Semestre2/Projet/projecto/codeigniter-FW/system/Commands/Server/rewrite.php(43): require_once('/var/www/IMAC1_...')
#7 {main}
CRITICAL - 2022-05-01 07:42:33 --> Call to undefined method CodeIgniter\Database\MySQLi\Connection::get()
#0 /var/www/IMAC1_Semestre2/Projet/projecto/codeigniter-FW/app/Controllers/PoireTest.php(16): App\Models\IdModel->user()
#1 /var/www/IMAC1_Semestre2/Projet/projecto/codeigniter-FW/system/CodeIgniter.php(832): App\Controllers\PoireTest->index()
#2 /var/www/IMAC1_Semestre2/Projet/projecto/codeigniter-FW/system/CodeIgniter.php(419): CodeIgniter\CodeIgniter->runController()
#3 /var/www/IMAC1_Semestre2/Projet/projecto/codeigniter-FW/system/CodeIgniter.php(326): CodeIgniter\CodeIgniter->handleRequest()
#4 /var/www/IMAC1_Semestre2/Projet/projecto/codeigniter-FW/public/index.php(37): CodeIgniter\CodeIgniter->run()
#5 /var/www/IMAC1_Semestre2/Projet/projecto/codeigniter-FW/system/Commands/Server/rewrite.php(43): require_once('/var/www/IMAC1_...')
#6 {main}
CRITICAL - 2022-05-01 08:23:30 --> Array to string conversion
#0 /var/www/IMAC1_Semestre2/Projet/projecto/codeigniter-FW/app/Controllers/PoireTest.php(16): CodeIgniter\Debug\Exceptions->errorHandler()
#1 /var/www/IMAC1_Semestre2/Projet/projecto/codeigniter-FW/system/CodeIgniter.php(832): App\Controllers\PoireTest->index()
#2 /var/www/IMAC1_Semestre2/Projet/projecto/codeigniter-FW/system/CodeIgniter.php(419): CodeIgniter\CodeIgniter->runController()
#3 /var/www/IMAC1_Semestre2/Projet/projecto/codeigniter-FW/system/CodeIgniter.php(326): CodeIgniter\CodeIgniter->handleRequest()
#4 /var/www/IMAC1_Semestre2/Projet/projecto/codeigniter-FW/public/index.php(37): CodeIgniter\CodeIgniter->run()
#5 /var/www/IMAC1_Semestre2/Projet/projecto/codeigniter-FW/system/Commands/Server/rewrite.php(43): require_once('/var/www/IMAC1_...')
#6 {main}
CRITICAL - 2022-05-01 08:23:44 --> Array to string conversion
#0 /var/www/IMAC1_Semestre2/Projet/projecto/codeigniter-FW/app/Controllers/PoireTest.php(16): CodeIgniter\Debug\Exceptions->errorHandler()
#1 /var/www/IMAC1_Semestre2/Projet/projecto/codeigniter-FW/system/CodeIgniter.php(832): App\Controllers\PoireTest->index()
#2 /var/www/IMAC1_Semestre2/Projet/projecto/codeigniter-FW/system/CodeIgniter.php(419): CodeIgniter\CodeIgniter->runController()
#3 /var/www/IMAC1_Semestre2/Projet/projecto/codeigniter-FW/system/CodeIgniter.php(326): CodeIgniter\CodeIgniter->handleRequest()
#4 /var/www/IMAC1_Semestre2/Projet/projecto/codeigniter-FW/public/index.php(37): CodeIgniter\CodeIgniter->run()
#5 /var/www/IMAC1_Semestre2/Projet/projecto/codeigniter-FW/system/Commands/Server/rewrite.php(43): require_once('/var/www/IMAC1_...')
#6 {main}
CRITICAL - 2022-05-01 08:24:34 --> Array to string conversion
#0 /var/www/IMAC1_Semestre2/Projet/projecto/codeigniter-FW/app/Controllers/PoireTest.php(16): CodeIgniter\Debug\Exceptions->errorHandler()
#1 /var/www/IMAC1_Semestre2/Projet/projecto/codeigniter-FW/system/CodeIgniter.php(832): App\Controllers\PoireTest->index()
#2 /var/www/IMAC1_Semestre2/Projet/projecto/codeigniter-FW/system/CodeIgniter.php(419): CodeIgniter\CodeIgniter->runController()
#3 /var/www/IMAC1_Semestre2/Projet/projecto/codeigniter-FW/system/CodeIgniter.php(326): CodeIgniter\CodeIgniter->handleRequest()
#4 /var/www/IMAC1_Semestre2/Projet/projecto/codeigniter-FW/public/index.php(37): CodeIgniter\CodeIgniter->run()
#5 /var/www/IMAC1_Semestre2/Projet/projecto/codeigniter-FW/system/Commands/Server/rewrite.php(43): require_once('/var/www/IMAC1_...')
#6 {main}
CRITICAL - 2022-05-01 08:24:36 --> Array to string conversion
#0 /var/www/IMAC1_Semestre2/Projet/projecto/codeigniter-FW/app/Controllers/PoireTest.php(16): CodeIgniter\Debug\Exceptions->errorHandler()
#1 /var/www/IMAC1_Semestre2/Projet/projecto/codeigniter-FW/system/CodeIgniter.php(832): App\Controllers\PoireTest->index()
#2 /var/www/IMAC1_Semestre2/Projet/projecto/codeigniter-FW/system/CodeIgniter.php(419): CodeIgniter\CodeIgniter->runController()
#3 /var/www/IMAC1_Semestre2/Projet/projecto/codeigniter-FW/system/CodeIgniter.php(326): CodeIgniter\CodeIgniter->handleRequest()
#4 /var/www/IMAC1_Semestre2/Projet/projecto/codeigniter-FW/public/index.php(37): CodeIgniter\CodeIgniter->run()
#5 /var/www/IMAC1_Semestre2/Projet/projecto/codeigniter-FW/system/Commands/Server/rewrite.php(43): require_once('/var/www/IMAC1_...')
#6 {main}
CRITICAL - 2022-05-01 08:25:07 --> Array to string conversion
#0 /var/www/IMAC1_Semestre2/Projet/projecto/codeigniter-FW/app/Controllers/PoireTest.php(16): CodeIgniter\Debug\Exceptions->errorHandler()
#1 /var/www/IMAC1_Semestre2/Projet/projecto/codeigniter-FW/system/CodeIgniter.php(832): App\Controllers\PoireTest->index()
#2 /var/www/IMAC1_Semestre2/Projet/projecto/codeigniter-FW/system/CodeIgniter.php(419): CodeIgniter\CodeIgniter->runController()
#3 /var/www/IMAC1_Semestre2/Projet/projecto/codeigniter-FW/system/CodeIgniter.php(326): CodeIgniter\CodeIgniter->handleRequest()
#4 /var/www/IMAC1_Semestre2/Projet/projecto/codeigniter-FW/public/index.php(37): CodeIgniter\CodeIgniter->run()
#5 /var/www/IMAC1_Semestre2/Projet/projecto/codeigniter-FW/system/Commands/Server/rewrite.php(43): require_once('/var/www/IMAC1_...')
#6 {main}
CRITICAL - 2022-05-01 08:25:09 --> Array to string conversion
#0 /var/www/IMAC1_Semestre2/Projet/projecto/codeigniter-FW/app/Controllers/PoireTest.php(16): CodeIgniter\Debug\Exceptions->errorHandler()
#1 /var/www/IMAC1_Semestre2/Projet/projecto/codeigniter-FW/system/CodeIgniter.php(832): App\Controllers\PoireTest->index()
#2 /var/www/IMAC1_Semestre2/Projet/projecto/codeigniter-FW/system/CodeIgniter.php(419): CodeIgniter\CodeIgniter->runController()
#3 /var/www/IMAC1_Semestre2/Projet/projecto/codeigniter-FW/system/CodeIgniter.php(326): CodeIgniter\CodeIgniter->handleRequest()
#4 /var/www/IMAC1_Semestre2/Projet/projecto/codeigniter-FW/public/index.php(37): CodeIgniter\CodeIgniter->run()
#5 /var/www/IMAC1_Semestre2/Projet/projecto/codeigniter-FW/system/Commands/Server/rewrite.php(43): require_once('/var/www/IMAC1_...')
#6 {main}
CRITICAL - 2022-05-01 08:26:05 --> Undefined offset: 0
#0 /var/www/IMAC1_Semestre2/Projet/projecto/codeigniter-FW/app/Controllers/PoireTest.php(16): CodeIgniter\Debug\Exceptions->errorHandler()
#1 /var/www/IMAC1_Semestre2/Projet/projecto/codeigniter-FW/system/CodeIgniter.php(832): App\Controllers\PoireTest->index()
#2 /var/www/IMAC1_Semestre2/Projet/projecto/codeigniter-FW/system/CodeIgniter.php(419): CodeIgniter\CodeIgniter->runController()
#3 /var/www/IMAC1_Semestre2/Projet/projecto/codeigniter-FW/system/CodeIgniter.php(326): CodeIgniter\CodeIgniter->handleRequest()
#4 /var/www/IMAC1_Semestre2/Projet/projecto/codeigniter-FW/public/index.php(37): CodeIgniter\CodeIgniter->run()
#5 /var/www/IMAC1_Semestre2/Projet/projecto/codeigniter-FW/system/Commands/Server/rewrite.php(43): require_once('/var/www/IMAC1_...')
#6 {main}
CRITICAL - 2022-05-01 08:26:08 --> Undefined offset: 0
#0 /var/www/IMAC1_Semestre2/Projet/projecto/codeigniter-FW/app/Controllers/PoireTest.php(16): CodeIgniter\Debug\Exceptions->errorHandler()
#1 /var/www/IMAC1_Semestre2/Projet/projecto/codeigniter-FW/system/CodeIgniter.php(832): App\Controllers\PoireTest->index()
#2 /var/www/IMAC1_Semestre2/Projet/projecto/codeigniter-FW/system/CodeIgniter.php(419): CodeIgniter\CodeIgniter->runController()
#3 /var/www/IMAC1_Semestre2/Projet/projecto/codeigniter-FW/system/CodeIgniter.php(326): CodeIgniter\CodeIgniter->handleRequest()
#4 /var/www/IMAC1_Semestre2/Projet/projecto/codeigniter-FW/public/index.php(37): CodeIgniter\CodeIgniter->run()
#5 /var/www/IMAC1_Semestre2/Projet/projecto/codeigniter-FW/system/Commands/Server/rewrite.php(43): require_once('/var/www/IMAC1_...')
#6 {main}
CRITICAL - 2022-05-01 08:26:26 --> Undefined index: Indentifiant
#0 /var/www/IMAC1_Semestre2/Projet/projecto/codeigniter-FW/app/Controllers/PoireTest.php(16): CodeIgniter\Debug\Exceptions->errorHandler()
#1 /var/www/IMAC1_Semestre2/Projet/projecto/codeigniter-FW/system/CodeIgniter.php(832): App\Controllers\PoireTest->index()
#2 /var/www/IMAC1_Semestre2/Projet/projecto/codeigniter-FW/system/CodeIgniter.php(419): CodeIgniter\CodeIgniter->runController()
#3 /var/www/IMAC1_Semestre2/Projet/projecto/codeigniter-FW/system/CodeIgniter.php(326): CodeIgniter\CodeIgniter->handleRequest()
#4 /var/www/IMAC1_Semestre2/Projet/projecto/codeigniter-FW/public/index.php(37): CodeIgniter\CodeIgniter->run()
#5 /var/www/IMAC1_Semestre2/Projet/projecto/codeigniter-FW/system/Commands/Server/rewrite.php(43): require_once('/var/www/IMAC1_...')
#6 {main}
CRITICAL - 2022-05-01 08:26:53 --> Undefined offset: 1
#0 /var/www/IMAC1_Semestre2/Projet/projecto/codeigniter-FW/app/Controllers/PoireTest.php(16): CodeIgniter\Debug\Exceptions->errorHandler()
#1 /var/www/IMAC1_Semestre2/Projet/projecto/codeigniter-FW/system/CodeIgniter.php(832): App\Controllers\PoireTest->index()
#2 /var/www/IMAC1_Semestre2/Projet/projecto/codeigniter-FW/system/CodeIgniter.php(419): CodeIgniter\CodeIgniter->runController()
#3 /var/www/IMAC1_Semestre2/Projet/projecto/codeigniter-FW/system/CodeIgniter.php(326): CodeIgniter\CodeIgniter->handleRequest()
#4 /var/www/IMAC1_Semestre2/Projet/projecto/codeigniter-FW/public/index.php(37): CodeIgniter\CodeIgniter->run()
#5 /var/www/IMAC1_Semestre2/Projet/projecto/codeigniter-FW/system/Commands/Server/rewrite.php(43): require_once('/var/www/IMAC1_...')
#6 {main}
CRITICAL - 2022-05-01 08:29:30 --> Trying to access array offset on value of type null
#0 /var/www/IMAC1_Semestre2/Projet/projecto/codeigniter-FW/app/Controllers/PoireTest.php(16): CodeIgniter\Debug\Exceptions->errorHandler()
#1 /var/www/IMAC1_Semestre2/Projet/projecto/codeigniter-FW/system/CodeIgniter.php(832): App\Controllers\PoireTest->index()
#2 /var/www/IMAC1_Semestre2/Projet/projecto/codeigniter-FW/system/CodeIgniter.php(419): CodeIgniter\CodeIgniter->runController()
#3 /var/www/IMAC1_Semestre2/Projet/projecto/codeigniter-FW/system/CodeIgniter.php(326): CodeIgniter\CodeIgniter->handleRequest()
#4 /var/www/IMAC1_Semestre2/Projet/projecto/codeigniter-FW/public/index.php(37): CodeIgniter\CodeIgniter->run()
#5 /var/www/IMAC1_Semestre2/Projet/projecto/codeigniter-FW/system/Commands/Server/rewrite.php(43): require_once('/var/www/IMAC1_...')
#6 {main}
CRITICAL - 2022-05-01 08:30:23 --> Trying to access array offset on value of type null
#0 /var/www/IMAC1_Semestre2/Projet/projecto/codeigniter-FW/app/Controllers/PoireTest.php(16): CodeIgniter\Debug\Exceptions->errorHandler()
#1 /var/www/IMAC1_Semestre2/Projet/projecto/codeigniter-FW/system/CodeIgniter.php(832): App\Controllers\PoireTest->index()
#2 /var/www/IMAC1_Semestre2/Projet/projecto/codeigniter-FW/system/CodeIgniter.php(419): CodeIgniter\CodeIgniter->runController()
#3 /var/www/IMAC1_Semestre2/Projet/projecto/codeigniter-FW/system/CodeIgniter.php(326): CodeIgniter\CodeIgniter->handleRequest()
#4 /var/www/IMAC1_Semestre2/Projet/projecto/codeigniter-FW/public/index.php(37): CodeIgniter\CodeIgniter->run()
#5 /var/www/IMAC1_Semestre2/Projet/projecto/codeigniter-FW/system/Commands/Server/rewrite.php(43): require_once('/var/www/IMAC1_...')
#6 {main}
CRITICAL - 2022-05-01 08:34:59 --> syntax error, unexpected '}', expecting '('
#0 /var/www/IMAC1_Semestre2/Projet/projecto/codeigniter-FW/system/Autoloader/Autoloader.php(241): CodeIgniter\Autoloader\Autoloader->includeFile()
#1 /var/www/IMAC1_Semestre2/Projet/projecto/codeigniter-FW/system/Autoloader/Autoloader.php(219): CodeIgniter\Autoloader\Autoloader->loadInNamespace()
#2 [internal function]: CodeIgniter\Autoloader\Autoloader->loadClass()
#3 [internal function]: spl_autoload_call()
#4 /var/www/IMAC1_Semestre2/Projet/projecto/codeigniter-FW/system/CodeIgniter.php(797): class_exists()
#5 /var/www/IMAC1_Semestre2/Projet/projecto/codeigniter-FW/system/CodeIgniter.php(406): CodeIgniter\CodeIgniter->startController()
#6 /var/www/IMAC1_Semestre2/Projet/projecto/codeigniter-FW/system/CodeIgniter.php(326): CodeIgniter\CodeIgniter->handleRequest()
#7 /var/www/IMAC1_Semestre2/Projet/projecto/codeigniter-FW/public/index.php(37): CodeIgniter\CodeIgniter->run()
#8 /var/www/IMAC1_Semestre2/Projet/projecto/codeigniter-FW/system/Commands/Server/rewrite.php(43): require_once('/var/www/IMAC1_...')
#9 {main}
CRITICAL - 2022-05-01 08:35:00 --> syntax error, unexpected '}', expecting '('
#0 /var/www/IMAC1_Semestre2/Projet/projecto/codeigniter-FW/system/Autoloader/Autoloader.php(241): CodeIgniter\Autoloader\Autoloader->includeFile()
#1 /var/www/IMAC1_Semestre2/Projet/projecto/codeigniter-FW/system/Autoloader/Autoloader.php(219): CodeIgniter\Autoloader\Autoloader->loadInNamespace()
#2 [internal function]: CodeIgniter\Autoloader\Autoloader->loadClass()
#3 [internal function]: spl_autoload_call()
#4 /var/www/IMAC1_Semestre2/Projet/projecto/codeigniter-FW/system/CodeIgniter.php(797): class_exists()
#5 /var/www/IMAC1_Semestre2/Projet/projecto/codeigniter-FW/system/CodeIgniter.php(406): CodeIgniter\CodeIgniter->startController()
#6 /var/www/IMAC1_Semestre2/Projet/projecto/codeigniter-FW/system/CodeIgniter.php(326): CodeIgniter\CodeIgniter->handleRequest()
#7 /var/www/IMAC1_Semestre2/Projet/projecto/codeigniter-FW/public/index.php(37): CodeIgniter\CodeIgniter->run()
#8 /var/www/IMAC1_Semestre2/Projet/projecto/codeigniter-FW/system/Commands/Server/rewrite.php(43): require_once('/var/www/IMAC1_...')
#9 {main}
CRITICAL - 2022-05-01 08:35:14 --> syntax error, unexpected '}', expecting '('
#0 /var/www/IMAC1_Semestre2/Projet/projecto/codeigniter-FW/system/Autoloader/Autoloader.php(241): CodeIgniter\Autoloader\Autoloader->includeFile()
#1 /var/www/IMAC1_Semestre2/Projet/projecto/codeigniter-FW/system/Autoloader/Autoloader.php(219): CodeIgniter\Autoloader\Autoloader->loadInNamespace()
#2 [internal function]: CodeIgniter\Autoloader\Autoloader->loadClass()
#3 [internal function]: spl_autoload_call()
#4 /var/www/IMAC1_Semestre2/Projet/projecto/codeigniter-FW/system/CodeIgniter.php(797): class_exists()
#5 /var/www/IMAC1_Semestre2/Projet/projecto/codeigniter-FW/system/CodeIgniter.php(406): CodeIgniter\CodeIgniter->startController()
#6 /var/www/IMAC1_Semestre2/Projet/projecto/codeigniter-FW/system/CodeIgniter.php(326): CodeIgniter\CodeIgniter->handleRequest()
#7 /var/www/IMAC1_Semestre2/Projet/projecto/codeigniter-FW/public/index.php(37): CodeIgniter\CodeIgniter->run()
#8 /var/www/IMAC1_Semestre2/Projet/projecto/codeigniter-FW/system/Commands/Server/rewrite.php(43): require_once('/var/www/IMAC1_...')
#9 {main}
CRITICAL - 2022-05-01 08:35:33 --> syntax error, unexpected '}', expecting '('
#0 /var/www/IMAC1_Semestre2/Projet/projecto/codeigniter-FW/system/Autoloader/Autoloader.php(241): CodeIgniter\Autoloader\Autoloader->includeFile()
#1 /var/www/IMAC1_Semestre2/Projet/projecto/codeigniter-FW/system/Autoloader/Autoloader.php(219): CodeIgniter\Autoloader\Autoloader->loadInNamespace()
#2 [internal function]: CodeIgniter\Autoloader\Autoloader->loadClass()
#3 [internal function]: spl_autoload_call()
#4 /var/www/IMAC1_Semestre2/Projet/projecto/codeigniter-FW/system/CodeIgniter.php(797): class_exists()
#5 /var/www/IMAC1_Semestre2/Projet/projecto/codeigniter-FW/system/CodeIgniter.php(406): CodeIgniter\CodeIgniter->startController()
#6 /var/www/IMAC1_Semestre2/Projet/projecto/codeigniter-FW/system/CodeIgniter.php(326): CodeIgniter\CodeIgniter->handleRequest()
#7 /var/www/IMAC1_Semestre2/Projet/projecto/codeigniter-FW/public/index.php(37): CodeIgniter\CodeIgniter->run()
#8 /var/www/IMAC1_Semestre2/Projet/projecto/codeigniter-FW/system/Commands/Server/rewrite.php(43): require_once('/var/www/IMAC1_...')
#9 {main}
CRITICAL - 2022-05-01 08:38:09 --> Call to undefined function App\Controllers\identifiantCheck()
#0 /var/www/IMAC1_Semestre2/Projet/projecto/codeigniter-FW/system/CodeIgniter.php(832): App\Controllers\PoireTest->index()
#1 /var/www/IMAC1_Semestre2/Projet/projecto/codeigniter-FW/system/CodeIgniter.php(419): CodeIgniter\CodeIgniter->runController()
#2 /var/www/IMAC1_Semestre2/Projet/projecto/codeigniter-FW/system/CodeIgniter.php(326): CodeIgniter\CodeIgniter->handleRequest()
#3 /var/www/IMAC1_Semestre2/Projet/projecto/codeigniter-FW/public/index.php(37): CodeIgniter\CodeIgniter->run()
#4 /var/www/IMAC1_Semestre2/Projet/projecto/codeigniter-FW/system/Commands/Server/rewrite.php(43): require_once('/var/www/IMAC1_...')
#5 {main}
CRITICAL - 2022-05-01 08:38:11 --> Call to undefined function App\Controllers\identifiantCheck()
#0 /var/www/IMAC1_Semestre2/Projet/projecto/codeigniter-FW/system/CodeIgniter.php(832): App\Controllers\PoireTest->index()
#1 /var/www/IMAC1_Semestre2/Projet/projecto/codeigniter-FW/system/CodeIgniter.php(419): CodeIgniter\CodeIgniter->runController()
#2 /var/www/IMAC1_Semestre2/Projet/projecto/codeigniter-FW/system/CodeIgniter.php(326): CodeIgniter\CodeIgniter->handleRequest()
#3 /var/www/IMAC1_Semestre2/Projet/projecto/codeigniter-FW/public/index.php(37): CodeIgniter\CodeIgniter->run()
#4 /var/www/IMAC1_Semestre2/Projet/projecto/codeigniter-FW/system/Commands/Server/rewrite.php(43): require_once('/var/www/IMAC1_...')
#5 {main}
CRITICAL - 2022-05-01 08:54:49 --> Call to undefined function App\Controllers\changeMdp()
#0 /var/www/IMAC1_Semestre2/Projet/projecto/codeigniter-FW/system/CodeIgniter.php(832): App\Controllers\PoireTest->index()
#1 /var/www/IMAC1_Semestre2/Projet/projecto/codeigniter-FW/system/CodeIgniter.php(419): CodeIgniter\CodeIgniter->runController()
#2 /var/www/IMAC1_Semestre2/Projet/projecto/codeigniter-FW/system/CodeIgniter.php(326): CodeIgniter\CodeIgniter->handleRequest()
#3 /var/www/IMAC1_Semestre2/Projet/projecto/codeigniter-FW/public/index.php(37): CodeIgniter\CodeIgniter->run()
#4 /var/www/IMAC1_Semestre2/Projet/projecto/codeigniter-FW/system/Commands/Server/rewrite.php(43): require_once('/var/www/IMAC1_...')
#5 {main}
CRITICAL - 2022-05-01 08:55:11 --> Undefined variable: table
#0 /var/www/IMAC1_Semestre2/Projet/projecto/codeigniter-FW/app/Models/IdModel.php(82): CodeIgniter\Debug\Exceptions->errorHandler()
#1 /var/www/IMAC1_Semestre2/Projet/projecto/codeigniter-FW/app/Controllers/PoireTest.php(13): App\Models\IdModel->changeMdp()
#2 /var/www/IMAC1_Semestre2/Projet/projecto/codeigniter-FW/system/CodeIgniter.php(832): App\Controllers\PoireTest->index()
#3 /var/www/IMAC1_Semestre2/Projet/projecto/codeigniter-FW/system/CodeIgniter.php(419): CodeIgniter\CodeIgniter->runController()
#4 /var/www/IMAC1_Semestre2/Projet/projecto/codeigniter-FW/system/CodeIgniter.php(326): CodeIgniter\CodeIgniter->handleRequest()
#5 /var/www/IMAC1_Semestre2/Projet/projecto/codeigniter-FW/public/index.php(37): CodeIgniter\CodeIgniter->run()
#6 /var/www/IMAC1_Semestre2/Projet/projecto/codeigniter-FW/system/Commands/Server/rewrite.php(43): require_once('/var/www/IMAC1_...')
#7 {main}
CRITICAL - 2022-05-01 08:55:28 --> Call to a member function where() on bool
#0 /var/www/IMAC1_Semestre2/Projet/projecto/codeigniter-FW/app/Controllers/PoireTest.php(13): App\Models\IdModel->changeMdp()
#1 /var/www/IMAC1_Semestre2/Projet/projecto/codeigniter-FW/system/CodeIgniter.php(832): App\Controllers\PoireTest->index()
#2 /var/www/IMAC1_Semestre2/Projet/projecto/codeigniter-FW/system/CodeIgniter.php(419): CodeIgniter\CodeIgniter->runController()
#3 /var/www/IMAC1_Semestre2/Projet/projecto/codeigniter-FW/system/CodeIgniter.php(326): CodeIgniter\CodeIgniter->handleRequest()
#4 /var/www/IMAC1_Semestre2/Projet/projecto/codeigniter-FW/public/index.php(37): CodeIgniter\CodeIgniter->run()
#5 /var/www/IMAC1_Semestre2/Projet/projecto/codeigniter-FW/system/Commands/Server/rewrite.php(43): require_once('/var/www/IMAC1_...')
#6 {main}
CRITICAL - 2022-05-01 08:58:58 --> Call to undefined method CodeIgniter\Database\MySQLi\Connection::select()
#0 /var/www/IMAC1_Semestre2/Projet/projecto/codeigniter-FW/app/Controllers/PoireTest.php(15): App\Models\IdModel->getUsers()
#1 /var/www/IMAC1_Semestre2/Projet/projecto/codeigniter-FW/system/CodeIgniter.php(832): App\Controllers\PoireTest->index()
#2 /var/www/IMAC1_Semestre2/Projet/projecto/codeigniter-FW/system/CodeIgniter.php(419): CodeIgniter\CodeIgniter->runController()
#3 /var/www/IMAC1_Semestre2/Projet/projecto/codeigniter-FW/system/CodeIgniter.php(326): CodeIgniter\CodeIgniter->handleRequest()
#4 /var/www/IMAC1_Semestre2/Projet/projecto/codeigniter-FW/public/index.php(37): CodeIgniter\CodeIgniter->run()
#5 /var/www/IMAC1_Semestre2/Projet/projecto/codeigniter-FW/system/Commands/Server/rewrite.php(43): require_once('/var/www/IMAC1_...')
#6 {main}
CRITICAL - 2022-05-01 09:05:09 --> Undefined variable: user_id
#0 /var/www/IMAC1_Semestre2/Projet/projecto/codeigniter-FW/app/Models/IdModel.php(96): CodeIgniter\Debug\Exceptions->errorHandler()
#1 /var/www/IMAC1_Semestre2/Projet/projecto/codeigniter-FW/app/Controllers/PoireTest.php(15): App\Models\IdModel->getUsers()
#2 /var/www/IMAC1_Semestre2/Projet/projecto/codeigniter-FW/system/CodeIgniter.php(832): App\Controllers\PoireTest->index()
#3 /var/www/IMAC1_Semestre2/Projet/projecto/codeigniter-FW/system/CodeIgniter.php(419): CodeIgniter\CodeIgniter->runController()
#4 /var/www/IMAC1_Semestre2/Projet/projecto/codeigniter-FW/system/CodeIgniter.php(326): CodeIgniter\CodeIgniter->handleRequest()
#5 /var/www/IMAC1_Semestre2/Projet/projecto/codeigniter-FW/public/index.php(37): CodeIgniter\CodeIgniter->run()
#6 /var/www/IMAC1_Semestre2/Projet/projecto/codeigniter-FW/system/Commands/Server/rewrite.php(43): require_once('/var/www/IMAC1_...')
#7 {main}
CRITICAL - 2022-05-01 09:05:41 --> Call to undefined method CodeIgniter\Database\MySQLi\Connection::get()
#0 /var/www/IMAC1_Semestre2/Projet/projecto/codeigniter-FW/app/Controllers/PoireTest.php(15): App\Models\IdModel->getUsers()
#1 /var/www/IMAC1_Semestre2/Projet/projecto/codeigniter-FW/system/CodeIgniter.php(832): App\Controllers\PoireTest->index()
#2 /var/www/IMAC1_Semestre2/Projet/projecto/codeigniter-FW/system/CodeIgniter.php(419): CodeIgniter\CodeIgniter->runController()
#3 /var/www/IMAC1_Semestre2/Projet/projecto/codeigniter-FW/system/CodeIgniter.php(326): CodeIgniter\CodeIgniter->handleRequest()
#4 /var/www/IMAC1_Semestre2/Projet/projecto/codeigniter-FW/public/index.php(37): CodeIgniter\CodeIgniter->run()
#5 /var/www/IMAC1_Semestre2/Projet/projecto/codeigniter-FW/system/Commands/Server/rewrite.php(43): require_once('/var/www/IMAC1_...')
#6 {main}
CRITICAL - 2022-05-01 09:06:08 --> Call to undefined function App\Controllers\identifiantCheck()
#0 /var/www/IMAC1_Semestre2/Projet/projecto/codeigniter-FW/system/CodeIgniter.php(832): App\Controllers\PoireTest->index()
#1 /var/www/IMAC1_Semestre2/Projet/projecto/codeigniter-FW/system/CodeIgniter.php(419): CodeIgniter\CodeIgniter->runController()
#2 /var/www/IMAC1_Semestre2/Projet/projecto/codeigniter-FW/system/CodeIgniter.php(326): CodeIgniter\CodeIgniter->handleRequest()
#3 /var/www/IMAC1_Semestre2/Projet/projecto/codeigniter-FW/public/index.php(37): CodeIgniter\CodeIgniter->run()
#4 /var/www/IMAC1_Semestre2/Projet/projecto/codeigniter-FW/system/Commands/Server/rewrite.php(43): require_once('/var/www/IMAC1_...')
#5 {main}
ERROR - 2022-05-01 09:07:52 --> Unknown column 'Identifiants' in 'field list'
CRITICAL - 2022-05-01 09:07:52 --> Unknown column 'Identifiants' in 'field list'
#0 /var/www/IMAC1_Semestre2/Projet/projecto/codeigniter-FW/system/Database/MySQLi/Connection.php(292): mysqli->query()
#1 /var/www/IMAC1_Semestre2/Projet/projecto/codeigniter-FW/system/Database/BaseConnection.php(670): CodeIgniter\Database\MySQLi\Connection->execute()
#2 /var/www/IMAC1_Semestre2/Projet/projecto/codeigniter-FW/system/Database/BaseConnection.php(598): CodeIgniter\Database\BaseConnection->simpleQuery()
#3 /var/www/IMAC1_Semestre2/Projet/projecto/codeigniter-FW/system/Database/BaseBuilder.php(1455): CodeIgniter\Database\BaseConnection->query()
#4 /var/www/IMAC1_Semestre2/Projet/projecto/codeigniter-FW/system/Model.php(145): CodeIgniter\Database\BaseBuilder->get()
#5 /var/www/IMAC1_Semestre2/Projet/projecto/codeigniter-FW/system/BaseModel.php(523): CodeIgniter\Model->doFind()
#6 /var/www/IMAC1_Semestre2/Projet/projecto/codeigniter-FW/system/Model.php(161): CodeIgniter\BaseModel->find()
#7 /var/www/IMAC1_Semestre2/Projet/projecto/codeigniter-FW/system/BaseModel.php(554): CodeIgniter\Model->doFindColumn()
#8 /var/www/IMAC1_Semestre2/Projet/projecto/codeigniter-FW/app/Models/IdModel.php(96): CodeIgniter\BaseModel->findColumn()
#9 /var/www/IMAC1_Semestre2/Projet/projecto/codeigniter-FW/app/Controllers/PoireTest.php(15): App\Models\IdModel->getUsers()
#10 /var/www/IMAC1_Semestre2/Projet/projecto/codeigniter-FW/system/CodeIgniter.php(832): App\Controllers\PoireTest->index()
#11 /var/www/IMAC1_Semestre2/Projet/projecto/codeigniter-FW/system/CodeIgniter.php(419): CodeIgniter\CodeIgniter->runController()
#12 /var/www/IMAC1_Semestre2/Projet/projecto/codeigniter-FW/system/CodeIgniter.php(326): CodeIgniter\CodeIgniter->handleRequest()
#13 /var/www/IMAC1_Semestre2/Projet/projecto/codeigniter-FW/public/index.php(37): CodeIgniter\CodeIgniter->run()
#14 /var/www/IMAC1_Semestre2/Projet/projecto/codeigniter-FW/system/Commands/Server/rewrite.php(43): require_once('/var/www/IMAC1_...')
#15 {main}
CRITICAL - 2022-05-01 09:08:04 --> Call to undefined function App\Controllers\identifiantCheck()
#0 /var/www/IMAC1_Semestre2/Projet/projecto/codeigniter-FW/system/CodeIgniter.php(832): App\Controllers\PoireTest->index()
#1 /var/www/IMAC1_Semestre2/Projet/projecto/codeigniter-FW/system/CodeIgniter.php(419): CodeIgniter\CodeIgniter->runController()
#2 /var/www/IMAC1_Semestre2/Projet/projecto/codeigniter-FW/system/CodeIgniter.php(326): CodeIgniter\CodeIgniter->handleRequest()
#3 /var/www/IMAC1_Semestre2/Projet/projecto/codeigniter-FW/public/index.php(37): CodeIgniter\CodeIgniter->run()
#4 /var/www/IMAC1_Semestre2/Projet/projecto/codeigniter-FW/system/Commands/Server/rewrite.php(43): require_once('/var/www/IMAC1_...')
#5 {main}
CRITICAL - 2022-05-01 09:08:21 --> Array to string conversion
#0 /var/www/IMAC1_Semestre2/Projet/projecto/codeigniter-FW/app/Controllers/PoireTest.php(15): CodeIgniter\Debug\Exceptions->errorHandler()
#1 /var/www/IMAC1_Semestre2/Projet/projecto/codeigniter-FW/system/CodeIgniter.php(832): App\Controllers\PoireTest->index()
#2 /var/www/IMAC1_Semestre2/Projet/projecto/codeigniter-FW/system/CodeIgniter.php(419): CodeIgniter\CodeIgniter->runController()
#3 /var/www/IMAC1_Semestre2/Projet/projecto/codeigniter-FW/system/CodeIgniter.php(326): CodeIgniter\CodeIgniter->handleRequest()
#4 /var/www/IMAC1_Semestre2/Projet/projecto/codeigniter-FW/public/index.php(37): CodeIgniter\CodeIgniter->run()
#5 /var/www/IMAC1_Semestre2/Projet/projecto/codeigniter-FW/system/Commands/Server/rewrite.php(43): require_once('/var/www/IMAC1_...')
#6 {main}
CRITICAL - 2022-05-01 09:08:34 --> Call to undefined function App\Controllers\identifiantCheck()
#0 /var/www/IMAC1_Semestre2/Projet/projecto/codeigniter-FW/system/CodeIgniter.php(832): App\Controllers\PoireTest->index()
#1 /var/www/IMAC1_Semestre2/Projet/projecto/codeigniter-FW/system/CodeIgniter.php(419): CodeIgniter\CodeIgniter->runController()
#2 /var/www/IMAC1_Semestre2/Projet/projecto/codeigniter-FW/system/CodeIgniter.php(326): CodeIgniter\CodeIgniter->handleRequest()
#3 /var/www/IMAC1_Semestre2/Projet/projecto/codeigniter-FW/public/index.php(37): CodeIgniter\CodeIgniter->run()
#4 /var/www/IMAC1_Semestre2/Projet/projecto/codeigniter-FW/system/Commands/Server/rewrite.php(43): require_once('/var/www/IMAC1_...')
#5 {main}
CRITICAL - 2022-05-01 09:13:37 --> Call to undefined function App\Controllers\identifiantCheck()
#0 /var/www/IMAC1_Semestre2/Projet/projecto/codeigniter-FW/system/CodeIgniter.php(832): App\Controllers\PoireTest->index()
#1 /var/www/IMAC1_Semestre2/Projet/projecto/codeigniter-FW/system/CodeIgniter.php(419): CodeIgniter\CodeIgniter->runController()
#2 /var/www/IMAC1_Semestre2/Projet/projecto/codeigniter-FW/system/CodeIgniter.php(326): CodeIgniter\CodeIgniter->handleRequest()
#3 /var/www/IMAC1_Semestre2/Projet/projecto/codeigniter-FW/public/index.php(37): CodeIgniter\CodeIgniter->run()
#4 /var/www/IMAC1_Semestre2/Projet/projecto/codeigniter-FW/system/Commands/Server/rewrite.php(43): require_once('/var/www/IMAC1_...')
#5 {main}
CRITICAL - 2022-05-01 09:13:39 --> Call to undefined function App\Controllers\identifiantCheck()
#0 /var/www/IMAC1_Semestre2/Projet/projecto/codeigniter-FW/system/CodeIgniter.php(832): App\Controllers\PoireTest->index()
#1 /var/www/IMAC1_Semestre2/Projet/projecto/codeigniter-FW/system/CodeIgniter.php(419): CodeIgniter\CodeIgniter->runController()
#2 /var/www/IMAC1_Semestre2/Projet/projecto/codeigniter-FW/system/CodeIgniter.php(326): CodeIgniter\CodeIgniter->handleRequest()
#3 /var/www/IMAC1_Semestre2/Projet/projecto/codeigniter-FW/public/index.php(37): CodeIgniter\CodeIgniter->run()
#4 /var/www/IMAC1_Semestre2/Projet/projecto/codeigniter-FW/system/Commands/Server/rewrite.php(43): require_once('/var/www/IMAC1_...')
#5 {main}
CRITICAL - 2022-05-01 09:16:34 --> Call to undefined function App\Controllers\identifiantCheck()
#0 /var/www/IMAC1_Semestre2/Projet/projecto/codeigniter-FW/system/CodeIgniter.php(832): App\Controllers\PoireTest->index()
#1 /var/www/IMAC1_Semestre2/Projet/projecto/codeigniter-FW/system/CodeIgniter.php(419): CodeIgniter\CodeIgniter->runController()
#2 /var/www/IMAC1_Semestre2/Projet/projecto/codeigniter-FW/system/CodeIgniter.php(326): CodeIgniter\CodeIgniter->handleRequest()
#3 /var/www/IMAC1_Semestre2/Projet/projecto/codeigniter-FW/public/index.php(37): CodeIgniter\CodeIgniter->run()
#4 /var/www/IMAC1_Semestre2/Projet/projecto/codeigniter-FW/system/Commands/Server/rewrite.php(43): require_once('/var/www/IMAC1_...')
#5 {main}
CRITICAL - 2022-05-01 09:16:49 --> Undefined constant 'n'
#0 /var/www/IMAC1_Semestre2/Projet/projecto/codeigniter-FW/system/CodeIgniter.php(832): App\Controllers\PoireTest->index()
#1 /var/www/IMAC1_Semestre2/Projet/projecto/codeigniter-FW/system/CodeIgniter.php(419): CodeIgniter\CodeIgniter->runController()
#2 /var/www/IMAC1_Semestre2/Projet/projecto/codeigniter-FW/system/CodeIgniter.php(326): CodeIgniter\CodeIgniter->handleRequest()
#3 /var/www/IMAC1_Semestre2/Projet/projecto/codeigniter-FW/public/index.php(37): CodeIgniter\CodeIgniter->run()
#4 /var/www/IMAC1_Semestre2/Projet/projecto/codeigniter-FW/system/Commands/Server/rewrite.php(43): require_once('/var/www/IMAC1_...')
#5 {main}
CRITICAL - 2022-05-01 09:17:35 --> Call to undefined function App\Controllers\identifiantCheck()
#0 /var/www/IMAC1_Semestre2/Projet/projecto/codeigniter-FW/system/CodeIgniter.php(832): App\Controllers\PoireTest->index()
#1 /var/www/IMAC1_Semestre2/Projet/projecto/codeigniter-FW/system/CodeIgniter.php(419): CodeIgniter\CodeIgniter->runController()
#2 /var/www/IMAC1_Semestre2/Projet/projecto/codeigniter-FW/system/CodeIgniter.php(326): CodeIgniter\CodeIgniter->handleRequest()
#3 /var/www/IMAC1_Semestre2/Projet/projecto/codeigniter-FW/public/index.php(37): CodeIgniter\CodeIgniter->run()
#4 /var/www/IMAC1_Semestre2/Projet/projecto/codeigniter-FW/system/Commands/Server/rewrite.php(43): require_once('/var/www/IMAC1_...')
#5 {main}
CRITICAL - 2022-05-01 09:20:49 --> Call to undefined function App\Controllers\identifiantCheck()
#0 /var/www/IMAC1_Semestre2/Projet/projecto/codeigniter-FW/system/CodeIgniter.php(832): App\Controllers\PoireTest->index()
#1 /var/www/IMAC1_Semestre2/Projet/projecto/codeigniter-FW/system/CodeIgniter.php(419): CodeIgniter\CodeIgniter->runController()
#2 /var/www/IMAC1_Semestre2/Projet/projecto/codeigniter-FW/system/CodeIgniter.php(326): CodeIgniter\CodeIgniter->handleRequest()
#3 /var/www/IMAC1_Semestre2/Projet/projecto/codeigniter-FW/public/index.php(37): CodeIgniter\CodeIgniter->run()
#4 /var/www/IMAC1_Semestre2/Projet/projecto/codeigniter-FW/system/Commands/Server/rewrite.php(43): require_once('/var/www/IMAC1_...')
#5 {main}
CRITICAL - 2022-05-01 09:21:50 --> Call to undefined function App\Controllers\identifiantCheck()
#0 /var/www/IMAC1_Semestre2/Projet/projecto/codeigniter-FW/system/CodeIgniter.php(832): App\Controllers\PoireTest->index()
#1 /var/www/IMAC1_Semestre2/Projet/projecto/codeigniter-FW/system/CodeIgniter.php(419): CodeIgniter\CodeIgniter->runController()
#2 /var/www/IMAC1_Semestre2/Projet/projecto/codeigniter-FW/system/CodeIgniter.php(326): CodeIgniter\CodeIgniter->handleRequest()
#3 /var/www/IMAC1_Semestre2/Projet/projecto/codeigniter-FW/public/index.php(37): CodeIgniter\CodeIgniter->run()
#4 /var/www/IMAC1_Semestre2/Projet/projecto/codeigniter-FW/system/Commands/Server/rewrite.php(43): require_once('/var/www/IMAC1_...')
#5 {main}
CRITICAL - 2022-05-01 09:22:50 --> Call to undefined method App\Models\IdModel::num_rows
#0 /var/www/IMAC1_Semestre2/Projet/projecto/codeigniter-FW/app/Models/IdModel.php(29): CodeIgniter\Model->__call()
#1 /var/www/IMAC1_Semestre2/Projet/projecto/codeigniter-FW/app/Controllers/PoireTest.php(28): App\Models\IdModel->identifiantCheck()
#2 /var/www/IMAC1_Semestre2/Projet/projecto/codeigniter-FW/system/CodeIgniter.php(832): App\Controllers\PoireTest->index()
#3 /var/www/IMAC1_Semestre2/Projet/projecto/codeigniter-FW/system/CodeIgniter.php(419): CodeIgniter\CodeIgniter->runController()
#4 /var/www/IMAC1_Semestre2/Projet/projecto/codeigniter-FW/system/CodeIgniter.php(326): CodeIgniter\CodeIgniter->handleRequest()
#5 /var/www/IMAC1_Semestre2/Projet/projecto/codeigniter-FW/public/index.php(37): CodeIgniter\CodeIgniter->run()
#6 /var/www/IMAC1_Semestre2/Projet/projecto/codeigniter-FW/system/Commands/Server/rewrite.php(43): require_once('/var/www/IMAC1_...')
#7 {main}
CRITICAL - 2022-05-01 09:23:19 --> Call to undefined method App\Models\IdModel::rows
#0 /var/www/IMAC1_Semestre2/Projet/projecto/codeigniter-FW/app/Models/IdModel.php(29): CodeIgniter\Model->__call()
#1 /var/www/IMAC1_Semestre2/Projet/projecto/codeigniter-FW/app/Controllers/PoireTest.php(28): App\Models\IdModel->identifiantCheck()
#2 /var/www/IMAC1_Semestre2/Projet/projecto/codeigniter-FW/system/CodeIgniter.php(832): App\Controllers\PoireTest->index()
#3 /var/www/IMAC1_Semestre2/Projet/projecto/codeigniter-FW/system/CodeIgniter.php(419): CodeIgniter\CodeIgniter->runController()
#4 /var/www/IMAC1_Semestre2/Projet/projecto/codeigniter-FW/system/CodeIgniter.php(326): CodeIgniter\CodeIgniter->handleRequest()
#5 /var/www/IMAC1_Semestre2/Projet/projecto/codeigniter-FW/public/index.php(37): CodeIgniter\CodeIgniter->run()
#6 /var/www/IMAC1_Semestre2/Projet/projecto/codeigniter-FW/system/Commands/Server/rewrite.php(43): require_once('/var/www/IMAC1_...')
#7 {main}
CRITICAL - 2022-05-01 09:23:27 --> Call to undefined method App\Models\IdModel::num_rows
#0 /var/www/IMAC1_Semestre2/Projet/projecto/codeigniter-FW/app/Models/IdModel.php(29): CodeIgniter\Model->__call()
#1 /var/www/IMAC1_Semestre2/Projet/projecto/codeigniter-FW/app/Controllers/PoireTest.php(28): App\Models\IdModel->identifiantCheck()
#2 /var/www/IMAC1_Semestre2/Projet/projecto/codeigniter-FW/system/CodeIgniter.php(832): App\Controllers\PoireTest->index()
#3 /var/www/IMAC1_Semestre2/Projet/projecto/codeigniter-FW/system/CodeIgniter.php(419): CodeIgniter\CodeIgniter->runController()
#4 /var/www/IMAC1_Semestre2/Projet/projecto/codeigniter-FW/system/CodeIgniter.php(326): CodeIgniter\CodeIgniter->handleRequest()
#5 /var/www/IMAC1_Semestre2/Projet/projecto/codeigniter-FW/public/index.php(37): CodeIgniter\CodeIgniter->run()
#6 /var/www/IMAC1_Semestre2/Projet/projecto/codeigniter-FW/system/Commands/Server/rewrite.php(43): require_once('/var/www/IMAC1_...')
#7 {main}
CRITICAL - 2022-05-01 09:30:52 --> Call to a member function where() on bool
#0 /var/www/IMAC1_Semestre2/Projet/projecto/codeigniter-FW/app/Controllers/PoireTest.php(13): App\Models\IdModel->changeMdp()
#1 /var/www/IMAC1_Semestre2/Projet/projecto/codeigniter-FW/system/CodeIgniter.php(832): App\Controllers\PoireTest->index()
#2 /var/www/IMAC1_Semestre2/Projet/projecto/codeigniter-FW/system/CodeIgniter.php(419): CodeIgniter\CodeIgniter->runController()
#3 /var/www/IMAC1_Semestre2/Projet/projecto/codeigniter-FW/system/CodeIgniter.php(326): CodeIgniter\CodeIgniter->handleRequest()
#4 /var/www/IMAC1_Semestre2/Projet/projecto/codeigniter-FW/public/index.php(37): CodeIgniter\CodeIgniter->run()
#5 /var/www/IMAC1_Semestre2/Projet/projecto/codeigniter-FW/system/Commands/Server/rewrite.php(43): require_once('/var/www/IMAC1_...')
#6 {main}
CRITICAL - 2022-05-01 09:32:05 --> Use of undefined constant hola - assumed 'hola' (this will throw an Error in a future version of PHP)
#0 /var/www/IMAC1_Semestre2/Projet/projecto/codeigniter-FW/app/Controllers/PoireTest.php(15): CodeIgniter\Debug\Exceptions->errorHandler()
#1 /var/www/IMAC1_Semestre2/Projet/projecto/codeigniter-FW/system/CodeIgniter.php(832): App\Controllers\PoireTest->index()
#2 /var/www/IMAC1_Semestre2/Projet/projecto/codeigniter-FW/system/CodeIgniter.php(419): CodeIgniter\CodeIgniter->runController()
#3 /var/www/IMAC1_Semestre2/Projet/projecto/codeigniter-FW/system/CodeIgniter.php(326): CodeIgniter\CodeIgniter->handleRequest()
#4 /var/www/IMAC1_Semestre2/Projet/projecto/codeigniter-FW/public/index.php(37): CodeIgniter\CodeIgniter->run()
#5 /var/www/IMAC1_Semestre2/Projet/projecto/codeigniter-FW/system/Commands/Server/rewrite.php(43): require_once('/var/www/IMAC1_...')
#6 {main}
CRITICAL - 2022-05-01 09:34:42 --> Call to undefined method App\Models\IdModel::num_rows
#0 /var/www/IMAC1_Semestre2/Projet/projecto/codeigniter-FW/app/Models/IdModel.php(29): CodeIgniter\Model->__call()
#1 /var/www/IMAC1_Semestre2/Projet/projecto/codeigniter-FW/app/Controllers/PoireTest.php(22): App\Models\IdModel->identifiantCheck()
#2 /var/www/IMAC1_Semestre2/Projet/projecto/codeigniter-FW/system/CodeIgniter.php(832): App\Controllers\PoireTest->index()
#3 /var/www/IMAC1_Semestre2/Projet/projecto/codeigniter-FW/system/CodeIgniter.php(419): CodeIgniter\CodeIgniter->runController()
#4 /var/www/IMAC1_Semestre2/Projet/projecto/codeigniter-FW/system/CodeIgniter.php(326): CodeIgniter\CodeIgniter->handleRequest()
#5 /var/www/IMAC1_Semestre2/Projet/projecto/codeigniter-FW/public/index.php(37): CodeIgniter\CodeIgniter->run()
#6 /var/www/IMAC1_Semestre2/Projet/projecto/codeigniter-FW/system/Commands/Server/rewrite.php(43): require_once('/var/www/IMAC1_...')
#7 {main}
CRITICAL - 2022-05-01 09:46:54 --> Call to undefined method App\Models\IdModel::num_rows
#0 /var/www/IMAC1_Semestre2/Projet/projecto/codeigniter-FW/app/Models/IdModel.php(29): CodeIgniter\Model->__call()
#1 /var/www/IMAC1_Semestre2/Projet/projecto/codeigniter-FW/app/Controllers/PoireTest.php(23): App\Models\IdModel->identifiantCheck()
#2 /var/www/IMAC1_Semestre2/Projet/projecto/codeigniter-FW/system/CodeIgniter.php(832): App\Controllers\PoireTest->index()
#3 /var/www/IMAC1_Semestre2/Projet/projecto/codeigniter-FW/system/CodeIgniter.php(419): CodeIgniter\CodeIgniter->runController()
#4 /var/www/IMAC1_Semestre2/Projet/projecto/codeigniter-FW/system/CodeIgniter.php(326): CodeIgniter\CodeIgniter->handleRequest()
#5 /var/www/IMAC1_Semestre2/Projet/projecto/codeigniter-FW/public/index.php(37): CodeIgniter\CodeIgniter->run()
#6 /var/www/IMAC1_Semestre2/Projet/projecto/codeigniter-FW/system/Commands/Server/rewrite.php(43): require_once('/var/www/IMAC1_...')
#7 {main}
CRITICAL - 2022-05-01 09:49:16 --> Call to undefined method App\Models\IdModel::num_rows
#0 /var/www/IMAC1_Semestre2/Projet/projecto/codeigniter-FW/app/Models/IdModel.php(29): CodeIgniter\Model->__call()
#1 /var/www/IMAC1_Semestre2/Projet/projecto/codeigniter-FW/app/Controllers/PoireTest.php(23): App\Models\IdModel->identifiantCheck()
#2 /var/www/IMAC1_Semestre2/Projet/projecto/codeigniter-FW/system/CodeIgniter.php(832): App\Controllers\PoireTest->index()
#3 /var/www/IMAC1_Semestre2/Projet/projecto/codeigniter-FW/system/CodeIgniter.php(419): CodeIgniter\CodeIgniter->runController()
#4 /var/www/IMAC1_Semestre2/Projet/projecto/codeigniter-FW/system/CodeIgniter.php(326): CodeIgniter\CodeIgniter->handleRequest()
#5 /var/www/IMAC1_Semestre2/Projet/projecto/codeigniter-FW/public/index.php(37): CodeIgniter\CodeIgniter->run()
#6 /var/www/IMAC1_Semestre2/Projet/projecto/codeigniter-FW/system/Commands/Server/rewrite.php(43): require_once('/var/www/IMAC1_...')
#7 {main}
CRITICAL - 2022-05-01 09:49:47 --> Call to undefined method App\Models\IdModel::row
#0 /var/www/IMAC1_Semestre2/Projet/projecto/codeigniter-FW/app/Models/IdModel.php(29): CodeIgniter\Model->__call()
#1 /var/www/IMAC1_Semestre2/Projet/projecto/codeigniter-FW/app/Controllers/PoireTest.php(23): App\Models\IdModel->identifiantCheck()
#2 /var/www/IMAC1_Semestre2/Projet/projecto/codeigniter-FW/system/CodeIgniter.php(832): App\Controllers\PoireTest->index()
#3 /var/www/IMAC1_Semestre2/Projet/projecto/codeigniter-FW/system/CodeIgniter.php(419): CodeIgniter\CodeIgniter->runController()
#4 /var/www/IMAC1_Semestre2/Projet/projecto/codeigniter-FW/system/CodeIgniter.php(326): CodeIgniter\CodeIgniter->handleRequest()
#5 /var/www/IMAC1_Semestre2/Projet/projecto/codeigniter-FW/public/index.php(37): CodeIgniter\CodeIgniter->run()
#6 /var/www/IMAC1_Semestre2/Projet/projecto/codeigniter-FW/system/Commands/Server/rewrite.php(43): require_once('/var/www/IMAC1_...')
#7 {main}
CRITICAL - 2022-05-01 09:55:58 --> Call to undefined function App\Controllers\deleteByIdentifiant()
#0 /var/www/IMAC1_Semestre2/Projet/projecto/codeigniter-FW/system/CodeIgniter.php(832): App\Controllers\PoireTest->index()
#1 /var/www/IMAC1_Semestre2/Projet/projecto/codeigniter-FW/system/CodeIgniter.php(419): CodeIgniter\CodeIgniter->runController()
#2 /var/www/IMAC1_Semestre2/Projet/projecto/codeigniter-FW/system/CodeIgniter.php(326): CodeIgniter\CodeIgniter->handleRequest()
#3 /var/www/IMAC1_Semestre2/Projet/projecto/codeigniter-FW/public/index.php(37): CodeIgniter\CodeIgniter->run()
#4 /var/www/IMAC1_Semestre2/Projet/projecto/codeigniter-FW/system/Commands/Server/rewrite.php(43): require_once('/var/www/IMAC1_...')
#5 {main}
CRITICAL - 2022-05-01 09:56:25 --> Call to undefined function App\Controllers\deleteByIdentifiant()
#0 /var/www/IMAC1_Semestre2/Projet/projecto/codeigniter-FW/system/CodeIgniter.php(832): App\Controllers\PoireTest->index()
#1 /var/www/IMAC1_Semestre2/Projet/projecto/codeigniter-FW/system/CodeIgniter.php(419): CodeIgniter\CodeIgniter->runController()
#2 /var/www/IMAC1_Semestre2/Projet/projecto/codeigniter-FW/system/CodeIgniter.php(326): CodeIgniter\CodeIgniter->handleRequest()
#3 /var/www/IMAC1_Semestre2/Projet/projecto/codeigniter-FW/public/index.php(37): CodeIgniter\CodeIgniter->run()
#4 /var/www/IMAC1_Semestre2/Projet/projecto/codeigniter-FW/system/Commands/Server/rewrite.php(43): require_once('/var/www/IMAC1_...')
#5 {main}
CRITICAL - 2022-05-01 09:56:32 --> Call to undefined function App\Controllers\deleteByIdentifiant()
#0 /var/www/IMAC1_Semestre2/Projet/projecto/codeigniter-FW/system/CodeIgniter.php(832): App\Controllers\PoireTest->index()
#1 /var/www/IMAC1_Semestre2/Projet/projecto/codeigniter-FW/system/CodeIgniter.php(419): CodeIgniter\CodeIgniter->runController()
#2 /var/www/IMAC1_Semestre2/Projet/projecto/codeigniter-FW/system/CodeIgniter.php(326): CodeIgniter\CodeIgniter->handleRequest()
#3 /var/www/IMAC1_Semestre2/Projet/projecto/codeigniter-FW/public/index.php(37): CodeIgniter\CodeIgniter->run()
#4 /var/www/IMAC1_Semestre2/Projet/projecto/codeigniter-FW/system/Commands/Server/rewrite.php(43): require_once('/var/www/IMAC1_...')
#5 {main}
CRITICAL - 2022-05-01 09:57:02 --> Call to a member function delete() on array
#0 /var/www/IMAC1_Semestre2/Projet/projecto/codeigniter-FW/app/Controllers/PoireTest.php(20): App\Models\IdModel->deleteByIdentifiant()
#1 /var/www/IMAC1_Semestre2/Projet/projecto/codeigniter-FW/system/CodeIgniter.php(832): App\Controllers\PoireTest->index()
#2 /var/www/IMAC1_Semestre2/Projet/projecto/codeigniter-FW/system/CodeIgniter.php(419): CodeIgniter\CodeIgniter->runController()
#3 /var/www/IMAC1_Semestre2/Projet/projecto/codeigniter-FW/system/CodeIgniter.php(326): CodeIgniter\CodeIgniter->handleRequest()
#4 /var/www/IMAC1_Semestre2/Projet/projecto/codeigniter-FW/public/index.php(37): CodeIgniter\CodeIgniter->run()
#5 /var/www/IMAC1_Semestre2/Projet/projecto/codeigniter-FW/system/Commands/Server/rewrite.php(43): require_once('/var/www/IMAC1_...')
#6 {main}
CRITICAL - 2022-05-01 10:02:42 --> Invalid argument supplied for foreach()
#0 /var/www/IMAC1_Semestre2/Projet/projecto/codeigniter-FW/app/Controllers/PoireTest.php(44): CodeIgniter\Debug\Exceptions->errorHandler()
#1 /var/www/IMAC1_Semestre2/Projet/projecto/codeigniter-FW/system/CodeIgniter.php(832): App\Controllers\PoireTest->index()
#2 /var/www/IMAC1_Semestre2/Projet/projecto/codeigniter-FW/system/CodeIgniter.php(419): CodeIgniter\CodeIgniter->runController()
#3 /var/www/IMAC1_Semestre2/Projet/projecto/codeigniter-FW/system/CodeIgniter.php(326): CodeIgniter\CodeIgniter->handleRequest()
#4 /var/www/IMAC1_Semestre2/Projet/projecto/codeigniter-FW/public/index.php(37): CodeIgniter\CodeIgniter->run()
#5 /var/www/IMAC1_Semestre2/Projet/projecto/codeigniter-FW/system/Commands/Server/rewrite.php(43): require_once('/var/www/IMAC1_...')
#6 {main}
CRITICAL - 2022-05-01 10:04:12 --> Trying to access array offset on value of type null
#0 /var/www/IMAC1_Semestre2/Projet/projecto/codeigniter-FW/app/Controllers/PoireTest.php(52): CodeIgniter\Debug\Exceptions->errorHandler()
#1 /var/www/IMAC1_Semestre2/Projet/projecto/codeigniter-FW/system/CodeIgniter.php(832): App\Controllers\PoireTest->index()
#2 /var/www/IMAC1_Semestre2/Projet/projecto/codeigniter-FW/system/CodeIgniter.php(419): CodeIgniter\CodeIgniter->runController()
#3 /var/www/IMAC1_Semestre2/Projet/projecto/codeigniter-FW/system/CodeIgniter.php(326): CodeIgniter\CodeIgniter->handleRequest()
#4 /var/www/IMAC1_Semestre2/Projet/projecto/codeigniter-FW/public/index.php(37): CodeIgniter\CodeIgniter->run()
#5 /var/www/IMAC1_Semestre2/Projet/projecto/codeigniter-FW/system/Commands/Server/rewrite.php(43): require_once('/var/www/IMAC1_...')
#6 {main}
CRITICAL - 2022-05-01 10:09:32 --> Call to undefined function App\Models\identifiantCheck()
#0 /var/www/IMAC1_Semestre2/Projet/projecto/codeigniter-FW/app/Controllers/PoireTest.php(16): App\Models\IdModel->subscribe()
#1 /var/www/IMAC1_Semestre2/Projet/projecto/codeigniter-FW/system/CodeIgniter.php(832): App\Controllers\PoireTest->index()
#2 /var/www/IMAC1_Semestre2/Projet/projecto/codeigniter-FW/system/CodeIgniter.php(419): CodeIgniter\CodeIgniter->runController()
#3 /var/www/IMAC1_Semestre2/Projet/projecto/codeigniter-FW/system/CodeIgniter.php(326): CodeIgniter\CodeIgniter->handleRequest()
#4 /var/www/IMAC1_Semestre2/Projet/projecto/codeigniter-FW/public/index.php(37): CodeIgniter\CodeIgniter->run()
#5 /var/www/IMAC1_Semestre2/Projet/projecto/codeigniter-FW/system/Commands/Server/rewrite.php(43): require_once('/var/www/IMAC1_...')
#6 {main}
CRITICAL - 2022-05-01 10:09:34 --> Call to undefined function App\Models\identifiantCheck()
#0 /var/www/IMAC1_Semestre2/Projet/projecto/codeigniter-FW/app/Controllers/PoireTest.php(16): App\Models\IdModel->subscribe()
#1 /var/www/IMAC1_Semestre2/Projet/projecto/codeigniter-FW/system/CodeIgniter.php(832): App\Controllers\PoireTest->index()
#2 /var/www/IMAC1_Semestre2/Projet/projecto/codeigniter-FW/system/CodeIgniter.php(419): CodeIgniter\CodeIgniter->runController()
#3 /var/www/IMAC1_Semestre2/Projet/projecto/codeigniter-FW/system/CodeIgniter.php(326): CodeIgniter\CodeIgniter->handleRequest()
#4 /var/www/IMAC1_Semestre2/Projet/projecto/codeigniter-FW/public/index.php(37): CodeIgniter\CodeIgniter->run()
#5 /var/www/IMAC1_Semestre2/Projet/projecto/codeigniter-FW/system/Commands/Server/rewrite.php(43): require_once('/var/www/IMAC1_...')
#6 {main}
CRITICAL - 2022-05-01 10:12:22 --> Call to undefined function App\Models\identifiantCheck()
#0 /var/www/IMAC1_Semestre2/Projet/projecto/codeigniter-FW/app/Controllers/PoireTest.php(16): App\Models\IdModel->subscribe()
#1 /var/www/IMAC1_Semestre2/Projet/projecto/codeigniter-FW/system/CodeIgniter.php(832): App\Controllers\PoireTest->index()
#2 /var/www/IMAC1_Semestre2/Projet/projecto/codeigniter-FW/system/CodeIgniter.php(419): CodeIgniter\CodeIgniter->runController()
#3 /var/www/IMAC1_Semestre2/Projet/projecto/codeigniter-FW/system/CodeIgniter.php(326): CodeIgniter\CodeIgniter->handleRequest()
#4 /var/www/IMAC1_Semestre2/Projet/projecto/codeigniter-FW/public/index.php(37): CodeIgniter\CodeIgniter->run()
#5 /var/www/IMAC1_Semestre2/Projet/projecto/codeigniter-FW/system/Commands/Server/rewrite.php(43): require_once('/var/www/IMAC1_...')
#6 {main}
CRITICAL - 2022-05-01 10:12:50 --> Call to undefined function App\Models\identifiantCheck()
#0 /var/www/IMAC1_Semestre2/Projet/projecto/codeigniter-FW/app/Controllers/PoireTest.php(16): App\Models\IdModel->subscribe()
#1 /var/www/IMAC1_Semestre2/Projet/projecto/codeigniter-FW/system/CodeIgniter.php(832): App\Controllers\PoireTest->index()
#2 /var/www/IMAC1_Semestre2/Projet/projecto/codeigniter-FW/system/CodeIgniter.php(419): CodeIgniter\CodeIgniter->runController()
#3 /var/www/IMAC1_Semestre2/Projet/projecto/codeigniter-FW/system/CodeIgniter.php(326): CodeIgniter\CodeIgniter->handleRequest()
#4 /var/www/IMAC1_Semestre2/Projet/projecto/codeigniter-FW/public/index.php(37): CodeIgniter\CodeIgniter->run()
#5 /var/www/IMAC1_Semestre2/Projet/projecto/codeigniter-FW/system/Commands/Server/rewrite.php(43): require_once('/var/www/IMAC1_...')
#6 {main}
CRITICAL - 2022-05-01 10:12:57 --> Call to undefined function App\Models\identifiantCheck()
#0 /var/www/IMAC1_Semestre2/Projet/projecto/codeigniter-FW/app/Controllers/PoireTest.php(16): App\Models\IdModel->subscribe()
#1 /var/www/IMAC1_Semestre2/Projet/projecto/codeigniter-FW/system/CodeIgniter.php(832): App\Controllers\PoireTest->index()
#2 /var/www/IMAC1_Semestre2/Projet/projecto/codeigniter-FW/system/CodeIgniter.php(419): CodeIgniter\CodeIgniter->runController()
#3 /var/www/IMAC1_Semestre2/Projet/projecto/codeigniter-FW/system/CodeIgniter.php(326): CodeIgniter\CodeIgniter->handleRequest()
#4 /var/www/IMAC1_Semestre2/Projet/projecto/codeigniter-FW/public/index.php(37): CodeIgniter\CodeIgniter->run()
#5 /var/www/IMAC1_Semestre2/Projet/projecto/codeigniter-FW/system/Commands/Server/rewrite.php(43): require_once('/var/www/IMAC1_...')
#6 {main}
CRITICAL - 2022-05-01 10:14:37 --> Call to undefined function App\Models\identifiantCheck()
#0 /var/www/IMAC1_Semestre2/Projet/projecto/codeigniter-FW/app/Controllers/PoireTest.php(16): App\Models\IdModel->subscribe()
#1 /var/www/IMAC1_Semestre2/Projet/projecto/codeigniter-FW/system/CodeIgniter.php(832): App\Controllers\PoireTest->index()
#2 /var/www/IMAC1_Semestre2/Projet/projecto/codeigniter-FW/system/CodeIgniter.php(419): CodeIgniter\CodeIgniter->runController()
#3 /var/www/IMAC1_Semestre2/Projet/projecto/codeigniter-FW/system/CodeIgniter.php(326): CodeIgniter\CodeIgniter->handleRequest()
#4 /var/www/IMAC1_Semestre2/Projet/projecto/codeigniter-FW/public/index.php(37): CodeIgniter\CodeIgniter->run()
#5 /var/www/IMAC1_Semestre2/Projet/projecto/codeigniter-FW/system/Commands/Server/rewrite.php(43): require_once('/var/www/IMAC1_...')
#6 {main}
CRITICAL - 2022-05-01 10:14:40 --> Call to undefined function App\Models\identifiantCheck()
#0 /var/www/IMAC1_Semestre2/Projet/projecto/codeigniter-FW/app/Controllers/PoireTest.php(16): App\Models\IdModel->subscribe()
#1 /var/www/IMAC1_Semestre2/Projet/projecto/codeigniter-FW/system/CodeIgniter.php(832): App\Controllers\PoireTest->index()
#2 /var/www/IMAC1_Semestre2/Projet/projecto/codeigniter-FW/system/CodeIgniter.php(419): CodeIgniter\CodeIgniter->runController()
#3 /var/www/IMAC1_Semestre2/Projet/projecto/codeigniter-FW/system/CodeIgniter.php(326): CodeIgniter\CodeIgniter->handleRequest()
#4 /var/www/IMAC1_Semestre2/Projet/projecto/codeigniter-FW/public/index.php(37): CodeIgniter\CodeIgniter->run()
#5 /var/www/IMAC1_Semestre2/Projet/projecto/codeigniter-FW/system/Commands/Server/rewrite.php(43): require_once('/var/www/IMAC1_...')
#6 {main}
CRITICAL - 2022-05-01 10:14:40 --> Call to undefined function App\Models\identifiantCheck()
#0 /var/www/IMAC1_Semestre2/Projet/projecto/codeigniter-FW/app/Controllers/PoireTest.php(16): App\Models\IdModel->subscribe()
#1 /var/www/IMAC1_Semestre2/Projet/projecto/codeigniter-FW/system/CodeIgniter.php(832): App\Controllers\PoireTest->index()
#2 /var/www/IMAC1_Semestre2/Projet/projecto/codeigniter-FW/system/CodeIgniter.php(419): CodeIgniter\CodeIgniter->runController()
#3 /var/www/IMAC1_Semestre2/Projet/projecto/codeigniter-FW/system/CodeIgniter.php(326): CodeIgniter\CodeIgniter->handleRequest()
#4 /var/www/IMAC1_Semestre2/Projet/projecto/codeigniter-FW/public/index.php(37): CodeIgniter\CodeIgniter->run()
#5 /var/www/IMAC1_Semestre2/Projet/projecto/codeigniter-FW/system/Commands/Server/rewrite.php(43): require_once('/var/www/IMAC1_...')
#6 {main}
CRITICAL - 2022-05-01 10:18:25 --> Call to a member function save() on array
#0 /var/www/IMAC1_Semestre2/Projet/projecto/codeigniter-FW/app/Controllers/PoireTest.php(19): App\Models\IdModel->changeMdp()
#1 /var/www/IMAC1_Semestre2/Projet/projecto/codeigniter-FW/system/CodeIgniter.php(832): App\Controllers\PoireTest->index()
#2 /var/www/IMAC1_Semestre2/Projet/projecto/codeigniter-FW/system/CodeIgniter.php(419): CodeIgniter\CodeIgniter->runController()
#3 /var/www/IMAC1_Semestre2/Projet/projecto/codeigniter-FW/system/CodeIgniter.php(326): CodeIgniter\CodeIgniter->handleRequest()
#4 /var/www/IMAC1_Semestre2/Projet/projecto/codeigniter-FW/public/index.php(37): CodeIgniter\CodeIgniter->run()
#5 /var/www/IMAC1_Semestre2/Projet/projecto/codeigniter-FW/system/Commands/Server/rewrite.php(43): require_once('/var/www/IMAC1_...')
#6 {main}
CRITICAL - 2022-05-01 10:32:45 --> Call to undefined method CodeIgniter\Database\MySQLi\Result::select()
#0 /var/www/IMAC1_Semestre2/Projet/projecto/codeigniter-FW/app/Controllers/PoireTest.php(61): App\Models\quizzProfModel->getTeacher()
#1 /var/www/IMAC1_Semestre2/Projet/projecto/codeigniter-FW/system/CodeIgniter.php(832): App\Controllers\PoireTest->index()
#2 /var/www/IMAC1_Semestre2/Projet/projecto/codeigniter-FW/system/CodeIgniter.php(419): CodeIgniter\CodeIgniter->runController()
#3 /var/www/IMAC1_Semestre2/Projet/projecto/codeigniter-FW/system/CodeIgniter.php(326): CodeIgniter\CodeIgniter->handleRequest()
#4 /var/www/IMAC1_Semestre2/Projet/projecto/codeigniter-FW/public/index.php(37): CodeIgniter\CodeIgniter->run()
#5 /var/www/IMAC1_Semestre2/Projet/projecto/codeigniter-FW/system/Commands/Server/rewrite.php(43): require_once('/var/www/IMAC1_...')
#6 {main}
CRITICAL - 2022-05-01 10:32:56 --> Call to undefined method CodeIgniter\Database\MySQLi\Result::select()
#0 /var/www/IMAC1_Semestre2/Projet/projecto/codeigniter-FW/app/Controllers/PoireTest.php(61): App\Models\quizzProfModel->getTeacher()
#1 /var/www/IMAC1_Semestre2/Projet/projecto/codeigniter-FW/system/CodeIgniter.php(832): App\Controllers\PoireTest->index()
#2 /var/www/IMAC1_Semestre2/Projet/projecto/codeigniter-FW/system/CodeIgniter.php(419): CodeIgniter\CodeIgniter->runController()
#3 /var/www/IMAC1_Semestre2/Projet/projecto/codeigniter-FW/system/CodeIgniter.php(326): CodeIgniter\CodeIgniter->handleRequest()
#4 /var/www/IMAC1_Semestre2/Projet/projecto/codeigniter-FW/public/index.php(37): CodeIgniter\CodeIgniter->run()
#5 /var/www/IMAC1_Semestre2/Projet/projecto/codeigniter-FW/system/Commands/Server/rewrite.php(43): require_once('/var/www/IMAC1_...')
#6 {main}
CRITICAL - 2022-05-01 10:34:54 --> Object of class CodeIgniter\Database\MySQLi\Result could not be converted to string
#0 /var/www/IMAC1_Semestre2/Projet/projecto/codeigniter-FW/system/CodeIgniter.php(832): App\Controllers\PoireTest->index()
#1 /var/www/IMAC1_Semestre2/Projet/projecto/codeigniter-FW/system/CodeIgniter.php(419): CodeIgniter\CodeIgniter->runController()
#2 /var/www/IMAC1_Semestre2/Projet/projecto/codeigniter-FW/system/CodeIgniter.php(326): CodeIgniter\CodeIgniter->handleRequest()
#3 /var/www/IMAC1_Semestre2/Projet/projecto/codeigniter-FW/public/index.php(37): CodeIgniter\CodeIgniter->run()
#4 /var/www/IMAC1_Semestre2/Projet/projecto/codeigniter-FW/system/Commands/Server/rewrite.php(43): require_once('/var/www/IMAC1_...')
#5 {main}
CRITICAL - 2022-05-01 10:35:19 --> Object of class CodeIgniter\Database\MySQLi\Result could not be converted to string
#0 /var/www/IMAC1_Semestre2/Projet/projecto/codeigniter-FW/system/CodeIgniter.php(832): App\Controllers\PoireTest->index()
#1 /var/www/IMAC1_Semestre2/Projet/projecto/codeigniter-FW/system/CodeIgniter.php(419): CodeIgniter\CodeIgniter->runController()
#2 /var/www/IMAC1_Semestre2/Projet/projecto/codeigniter-FW/system/CodeIgniter.php(326): CodeIgniter\CodeIgniter->handleRequest()
#3 /var/www/IMAC1_Semestre2/Projet/projecto/codeigniter-FW/public/index.php(37): CodeIgniter\CodeIgniter->run()
#4 /var/www/IMAC1_Semestre2/Projet/projecto/codeigniter-FW/system/Commands/Server/rewrite.php(43): require_once('/var/www/IMAC1_...')
#5 {main}
CRITICAL - 2022-05-01 10:35:23 --> Object of class CodeIgniter\Database\MySQLi\Result could not be converted to string
#0 /var/www/IMAC1_Semestre2/Projet/projecto/codeigniter-FW/system/CodeIgniter.php(832): App\Controllers\PoireTest->index()
#1 /var/www/IMAC1_Semestre2/Projet/projecto/codeigniter-FW/system/CodeIgniter.php(419): CodeIgniter\CodeIgniter->runController()
#2 /var/www/IMAC1_Semestre2/Projet/projecto/codeigniter-FW/system/CodeIgniter.php(326): CodeIgniter\CodeIgniter->handleRequest()
#3 /var/www/IMAC1_Semestre2/Projet/projecto/codeigniter-FW/public/index.php(37): CodeIgniter\CodeIgniter->run()
#4 /var/www/IMAC1_Semestre2/Projet/projecto/codeigniter-FW/system/Commands/Server/rewrite.php(43): require_once('/var/www/IMAC1_...')
#5 {main}
CRITICAL - 2022-05-01 10:39:51 --> Undefined variable: query
#0 /var/www/IMAC1_Semestre2/Projet/projecto/codeigniter-FW/app/Models/quizzProfModel.php(23): CodeIgniter\Debug\Exceptions->errorHandler()
#1 /var/www/IMAC1_Semestre2/Projet/projecto/codeigniter-FW/app/Controllers/PoireTest.php(61): App\Models\quizzProfModel->getTeacher()
#2 /var/www/IMAC1_Semestre2/Projet/projecto/codeigniter-FW/system/CodeIgniter.php(832): App\Controllers\PoireTest->index()
#3 /var/www/IMAC1_Semestre2/Projet/projecto/codeigniter-FW/system/CodeIgniter.php(419): CodeIgniter\CodeIgniter->runController()
#4 /var/www/IMAC1_Semestre2/Projet/projecto/codeigniter-FW/system/CodeIgniter.php(326): CodeIgniter\CodeIgniter->handleRequest()
#5 /var/www/IMAC1_Semestre2/Projet/projecto/codeigniter-FW/public/index.php(37): CodeIgniter\CodeIgniter->run()
#6 /var/www/IMAC1_Semestre2/Projet/projecto/codeigniter-FW/system/Commands/Server/rewrite.php(43): require_once('/var/www/IMAC1_...')
#7 {main}
CRITICAL - 2022-05-01 10:41:01 --> There is no data to update.
#0 /var/www/IMAC1_Semestre2/Projet/projecto/codeigniter-FW/system/BaseModel.php(1574): CodeIgniter\Database\Exceptions\DataException::forEmptyDataset()
#1 /var/www/IMAC1_Semestre2/Projet/projecto/codeigniter-FW/system/BaseModel.php(832): CodeIgniter\BaseModel->transformDataToArray()
#2 /var/www/IMAC1_Semestre2/Projet/projecto/codeigniter-FW/system/Model.php(651): CodeIgniter\BaseModel->update()
#3 /var/www/IMAC1_Semestre2/Projet/projecto/codeigniter-FW/app/Models/IdModel.php(82): CodeIgniter\Model->update()
#4 /var/www/IMAC1_Semestre2/Projet/projecto/codeigniter-FW/app/Controllers/PoireTest.php(21): App\Models\IdModel->changeMdp()
#5 /var/www/IMAC1_Semestre2/Projet/projecto/codeigniter-FW/system/CodeIgniter.php(832): App\Controllers\PoireTest->index()
#6 /var/www/IMAC1_Semestre2/Projet/projecto/codeigniter-FW/system/CodeIgniter.php(419): CodeIgniter\CodeIgniter->runController()
#7 /var/www/IMAC1_Semestre2/Projet/projecto/codeigniter-FW/system/CodeIgniter.php(326): CodeIgniter\CodeIgniter->handleRequest()
#8 /var/www/IMAC1_Semestre2/Projet/projecto/codeigniter-FW/public/index.php(37): CodeIgniter\CodeIgniter->run()
#9 /var/www/IMAC1_Semestre2/Projet/projecto/codeigniter-FW/system/Commands/Server/rewrite.php(43): require_once('/var/www/IMAC1_...')
#10 {main}
CRITICAL - 2022-05-01 10:46:09 --> Undefined variable: query
#0 /var/www/IMAC1_Semestre2/Projet/projecto/codeigniter-FW/app/Models/quizzProfModel.php(23): CodeIgniter\Debug\Exceptions->errorHandler()
#1 /var/www/IMAC1_Semestre2/Projet/projecto/codeigniter-FW/app/Controllers/PoireTest.php(61): App\Models\quizzProfModel->getTeacher()
#2 /var/www/IMAC1_Semestre2/Projet/projecto/codeigniter-FW/system/CodeIgniter.php(832): App\Controllers\PoireTest->index()
#3 /var/www/IMAC1_Semestre2/Projet/projecto/codeigniter-FW/system/CodeIgniter.php(419): CodeIgniter\CodeIgniter->runController()
#4 /var/www/IMAC1_Semestre2/Projet/projecto/codeigniter-FW/system/CodeIgniter.php(326): CodeIgniter\CodeIgniter->handleRequest()
#5 /var/www/IMAC1_Semestre2/Projet/projecto/codeigniter-FW/public/index.php(37): CodeIgniter\CodeIgniter->run()
#6 /var/www/IMAC1_Semestre2/Projet/projecto/codeigniter-FW/system/Commands/Server/rewrite.php(43): require_once('/var/www/IMAC1_...')
#7 {main}
CRITICAL - 2022-05-01 10:59:38 --> Call to undefined function App\Models\identifiantCheck()
#0 /var/www/IMAC1_Semestre2/Projet/projecto/codeigniter-FW/app/Controllers/PoireTest.php(18): App\Models\IdModel->subscribe()
#1 /var/www/IMAC1_Semestre2/Projet/projecto/codeigniter-FW/system/CodeIgniter.php(832): App\Controllers\PoireTest->index()
#2 /var/www/IMAC1_Semestre2/Projet/projecto/codeigniter-FW/system/CodeIgniter.php(419): CodeIgniter\CodeIgniter->runController()
#3 /var/www/IMAC1_Semestre2/Projet/projecto/codeigniter-FW/system/CodeIgniter.php(326): CodeIgniter\CodeIgniter->handleRequest()
#4 /var/www/IMAC1_Semestre2/Projet/projecto/codeigniter-FW/public/index.php(37): CodeIgniter\CodeIgniter->run()
#5 /var/www/IMAC1_Semestre2/Projet/projecto/codeigniter-FW/system/Commands/Server/rewrite.php(43): require_once('/var/www/IMAC1_...')
#6 {main}
CRITICAL - 2022-05-01 11:00:14 --> count(): Parameter must be an array or an object that implements Countable
#0 [internal function]: CodeIgniter\Debug\Exceptions->errorHandler()
#1 /var/www/IMAC1_Semestre2/Projet/projecto/codeigniter-FW/app/Models/IdModel.php(29): count()
#2 /var/www/IMAC1_Semestre2/Projet/projecto/codeigniter-FW/app/Models/IdModel.php(65): App\Models\IdModel->identifiantCheck()
#3 /var/www/IMAC1_Semestre2/Projet/projecto/codeigniter-FW/app/Controllers/PoireTest.php(18): App\Models\IdModel->subscribe()
#4 /var/www/IMAC1_Semestre2/Projet/projecto/codeigniter-FW/system/CodeIgniter.php(832): App\Controllers\PoireTest->index()
#5 /var/www/IMAC1_Semestre2/Projet/projecto/codeigniter-FW/system/CodeIgniter.php(419): CodeIgniter\CodeIgniter->runController()
#6 /var/www/IMAC1_Semestre2/Projet/projecto/codeigniter-FW/system/CodeIgniter.php(326): CodeIgniter\CodeIgniter->handleRequest()
#7 /var/www/IMAC1_Semestre2/Projet/projecto/codeigniter-FW/public/index.php(37): CodeIgniter\CodeIgniter->run()
#8 /var/www/IMAC1_Semestre2/Projet/projecto/codeigniter-FW/system/Commands/Server/rewrite.php(43): require_once('/var/www/IMAC1_...')
#9 {main}
CRITICAL - 2022-05-01 11:01:29 --> count(): Parameter must be an array or an object that implements Countable
#0 [internal function]: CodeIgniter\Debug\Exceptions->errorHandler()
#1 /var/www/IMAC1_Semestre2/Projet/projecto/codeigniter-FW/app/Models/IdModel.php(29): count()
#2 /var/www/IMAC1_Semestre2/Projet/projecto/codeigniter-FW/app/Models/IdModel.php(65): App\Models\IdModel->identifiantCheck()
#3 /var/www/IMAC1_Semestre2/Projet/projecto/codeigniter-FW/app/Controllers/PoireTest.php(18): App\Models\IdModel->subscribe()
#4 /var/www/IMAC1_Semestre2/Projet/projecto/codeigniter-FW/system/CodeIgniter.php(832): App\Controllers\PoireTest->index()
#5 /var/www/IMAC1_Semestre2/Projet/projecto/codeigniter-FW/system/CodeIgniter.php(419): CodeIgniter\CodeIgniter->runController()
#6 /var/www/IMAC1_Semestre2/Projet/projecto/codeigniter-FW/system/CodeIgniter.php(326): CodeIgniter\CodeIgniter->handleRequest()
#7 /var/www/IMAC1_Semestre2/Projet/projecto/codeigniter-FW/public/index.php(37): CodeIgniter\CodeIgniter->run()
#8 /var/www/IMAC1_Semestre2/Projet/projecto/codeigniter-FW/system/Commands/Server/rewrite.php(43): require_once('/var/www/IMAC1_...')
#9 {main}
CRITICAL - 2022-05-01 11:06:46 --> count(): Parameter must be an array or an object that implements Countable
#0 [internal function]: CodeIgniter\Debug\Exceptions->errorHandler()
#1 /var/www/IMAC1_Semestre2/Projet/projecto/codeigniter-FW/app/Models/IdModel.php(29): count()
#2 /var/www/IMAC1_Semestre2/Projet/projecto/codeigniter-FW/app/Models/IdModel.php(65): App\Models\IdModel->identifiantCheck()
#3 /var/www/IMAC1_Semestre2/Projet/projecto/codeigniter-FW/app/Controllers/PoireTest.php(18): App\Models\IdModel->subscribe()
#4 /var/www/IMAC1_Semestre2/Projet/projecto/codeigniter-FW/system/CodeIgniter.php(832): App\Controllers\PoireTest->index()
#5 /var/www/IMAC1_Semestre2/Projet/projecto/codeigniter-FW/system/CodeIgniter.php(419): CodeIgniter\CodeIgniter->runController()
#6 /var/www/IMAC1_Semestre2/Projet/projecto/codeigniter-FW/system/CodeIgniter.php(326): CodeIgniter\CodeIgniter->handleRequest()
#7 /var/www/IMAC1_Semestre2/Projet/projecto/codeigniter-FW/public/index.php(37): CodeIgniter\CodeIgniter->run()
#8 /var/www/IMAC1_Semestre2/Projet/projecto/codeigniter-FW/system/Commands/Server/rewrite.php(43): require_once('/var/www/IMAC1_...')
#9 {main}
CRITICAL - 2022-05-01 11:06:51 --> count(): Parameter must be an array or an object that implements Countable
#0 [internal function]: CodeIgniter\Debug\Exceptions->errorHandler()
#1 /var/www/IMAC1_Semestre2/Projet/projecto/codeigniter-FW/app/Models/IdModel.php(29): count()
#2 /var/www/IMAC1_Semestre2/Projet/projecto/codeigniter-FW/app/Models/IdModel.php(65): App\Models\IdModel->identifiantCheck()
#3 /var/www/IMAC1_Semestre2/Projet/projecto/codeigniter-FW/app/Controllers/PoireTest.php(18): App\Models\IdModel->subscribe()
#4 /var/www/IMAC1_Semestre2/Projet/projecto/codeigniter-FW/system/CodeIgniter.php(832): App\Controllers\PoireTest->index()
#5 /var/www/IMAC1_Semestre2/Projet/projecto/codeigniter-FW/system/CodeIgniter.php(419): CodeIgniter\CodeIgniter->runController()
#6 /var/www/IMAC1_Semestre2/Projet/projecto/codeigniter-FW/system/CodeIgniter.php(326): CodeIgniter\CodeIgniter->handleRequest()
#7 /var/www/IMAC1_Semestre2/Projet/projecto/codeigniter-FW/public/index.php(37): CodeIgniter\CodeIgniter->run()
#8 /var/www/IMAC1_Semestre2/Projet/projecto/codeigniter-FW/system/Commands/Server/rewrite.php(43): require_once('/var/www/IMAC1_...')
#9 {main}
CRITICAL - 2022-05-01 11:07:14 --> count(): Parameter must be an array or an object that implements Countable
#0 [internal function]: CodeIgniter\Debug\Exceptions->errorHandler()
#1 /var/www/IMAC1_Semestre2/Projet/projecto/codeigniter-FW/app/Models/IdModel.php(29): count()
#2 /var/www/IMAC1_Semestre2/Projet/projecto/codeigniter-FW/app/Models/IdModel.php(65): App\Models\IdModel->identifiantCheck()
#3 /var/www/IMAC1_Semestre2/Projet/projecto/codeigniter-FW/app/Controllers/PoireTest.php(18): App\Models\IdModel->subscribe()
#4 /var/www/IMAC1_Semestre2/Projet/projecto/codeigniter-FW/system/CodeIgniter.php(832): App\Controllers\PoireTest->index()
#5 /var/www/IMAC1_Semestre2/Projet/projecto/codeigniter-FW/system/CodeIgniter.php(419): CodeIgniter\CodeIgniter->runController()
#6 /var/www/IMAC1_Semestre2/Projet/projecto/codeigniter-FW/system/CodeIgniter.php(326): CodeIgniter\CodeIgniter->handleRequest()
#7 /var/www/IMAC1_Semestre2/Projet/projecto/codeigniter-FW/public/index.php(37): CodeIgniter\CodeIgniter->run()
#8 /var/www/IMAC1_Semestre2/Projet/projecto/codeigniter-FW/system/Commands/Server/rewrite.php(43): require_once('/var/www/IMAC1_...')
#9 {main}
CRITICAL - 2022-05-01 11:08:15 --> Use of undefined constant size - assumed 'size' (this will throw an Error in a future version of PHP)
#0 /var/www/IMAC1_Semestre2/Projet/projecto/codeigniter-FW/app/Models/IdModel.php(31): CodeIgniter\Debug\Exceptions->errorHandler()
#1 /var/www/IMAC1_Semestre2/Projet/projecto/codeigniter-FW/app/Models/IdModel.php(65): App\Models\IdModel->identifiantCheck()
#2 /var/www/IMAC1_Semestre2/Projet/projecto/codeigniter-FW/app/Controllers/PoireTest.php(18): App\Models\IdModel->subscribe()
#3 /var/www/IMAC1_Semestre2/Projet/projecto/codeigniter-FW/system/CodeIgniter.php(832): App\Controllers\PoireTest->index()
#4 /var/www/IMAC1_Semestre2/Projet/projecto/codeigniter-FW/system/CodeIgniter.php(419): CodeIgniter\CodeIgniter->runController()
#5 /var/www/IMAC1_Semestre2/Projet/projecto/codeigniter-FW/system/CodeIgniter.php(326): CodeIgniter\CodeIgniter->handleRequest()
#6 /var/www/IMAC1_Semestre2/Projet/projecto/codeigniter-FW/public/index.php(37): CodeIgniter\CodeIgniter->run()
#7 /var/www/IMAC1_Semestre2/Projet/projecto/codeigniter-FW/system/Commands/Server/rewrite.php(43): require_once('/var/www/IMAC1_...')
#8 {main}
CRITICAL - 2022-05-01 11:08:34 --> syntax error, unexpected '$builder' (T_VARIABLE)
#0 /var/www/IMAC1_Semestre2/Projet/projecto/codeigniter-FW/system/Autoloader/Autoloader.php(241): CodeIgniter\Autoloader\Autoloader->includeFile()
#1 /var/www/IMAC1_Semestre2/Projet/projecto/codeigniter-FW/system/Autoloader/Autoloader.php(219): CodeIgniter\Autoloader\Autoloader->loadInNamespace()
#2 [internal function]: CodeIgniter\Autoloader\Autoloader->loadClass()
#3 [internal function]: spl_autoload_call()
#4 /var/www/IMAC1_Semestre2/Projet/projecto/codeigniter-FW/system/Config/Factories.php(136): class_exists()
#5 /var/www/IMAC1_Semestre2/Projet/projecto/codeigniter-FW/system/Config/Factories.php(106): CodeIgniter\Config\Factories::locateClass()
#6 /var/www/IMAC1_Semestre2/Projet/projecto/codeigniter-FW/system/Common.php(780): CodeIgniter\Config\Factories::__callStatic()
#7 /var/www/IMAC1_Semestre2/Projet/projecto/codeigniter-FW/app/Controllers/PoireTest.php(58): model()
#8 /var/www/IMAC1_Semestre2/Projet/projecto/codeigniter-FW/system/CodeIgniter.php(832): App\Controllers\PoireTest->index()
#9 /var/www/IMAC1_Semestre2/Projet/projecto/codeigniter-FW/system/CodeIgniter.php(419): CodeIgniter\CodeIgniter->runController()
#10 /var/www/IMAC1_Semestre2/Projet/projecto/codeigniter-FW/system/CodeIgniter.php(326): CodeIgniter\CodeIgniter->handleRequest()
#11 /var/www/IMAC1_Semestre2/Projet/projecto/codeigniter-FW/public/index.php(37): CodeIgniter\CodeIgniter->run()
#12 /var/www/IMAC1_Semestre2/Projet/projecto/codeigniter-FW/system/Commands/Server/rewrite.php(43): require_once('/var/www/IMAC1_...')
#13 {main}
