CRITICAL - 2022-05-28 04:04:52 --> Trying to access array offset on value of type null
#0 /home/pauline/Documents/S2/web/projecto/codeigniter-FW/app/Views/quizView/questionView.php(24): CodeIgniter\Debug\Exceptions->errorHandler()
#1 /home/pauline/Documents/S2/web/projecto/codeigniter-FW/system/View/View.php(210): include('/home/pauline/D...')
#2 /home/pauline/Documents/S2/web/projecto/codeigniter-FW/system/View/View.php(213): CodeIgniter\View\View->CodeIgniter\View\{closure}()
#3 /home/pauline/Documents/S2/web/projecto/codeigniter-FW/system/Common.php(1089): CodeIgniter\View\View->render()
#4 /home/pauline/Documents/S2/web/projecto/codeigniter-FW/app/Controllers/Questions.php(42): view()
#5 /home/pauline/Documents/S2/web/projecto/codeigniter-FW/system/CodeIgniter.php(832): App\Controllers\Questions->questionDisplay()
#6 /home/pauline/Documents/S2/web/projecto/codeigniter-FW/system/CodeIgniter.php(419): CodeIgniter\CodeIgniter->runController()
#7 /home/pauline/Documents/S2/web/projecto/codeigniter-FW/system/CodeIgniter.php(326): CodeIgniter\CodeIgniter->handleRequest()
#8 /home/pauline/Documents/S2/web/projecto/codeigniter-FW/public/index.php(37): CodeIgniter\CodeIgniter->run()
#9 /home/pauline/Documents/S2/web/projecto/codeigniter-FW/system/Commands/Server/rewrite.php(43): require_once('/home/pauline/D...')
#10 {main}
CRITICAL - 2022-05-28 04:04:55 --> Trying to access array offset on value of type null
#0 /home/pauline/Documents/S2/web/projecto/codeigniter-FW/app/Views/quizView/questionView.php(24): CodeIgniter\Debug\Exceptions->errorHandler()
#1 /home/pauline/Documents/S2/web/projecto/codeigniter-FW/system/View/View.php(210): include('/home/pauline/D...')
#2 /home/pauline/Documents/S2/web/projecto/codeigniter-FW/system/View/View.php(213): CodeIgniter\View\View->CodeIgniter\View\{closure}()
#3 /home/pauline/Documents/S2/web/projecto/codeigniter-FW/system/Common.php(1089): CodeIgniter\View\View->render()
#4 /home/pauline/Documents/S2/web/projecto/codeigniter-FW/app/Controllers/Questions.php(42): view()
#5 /home/pauline/Documents/S2/web/projecto/codeigniter-FW/system/CodeIgniter.php(832): App\Controllers\Questions->questionDisplay()
#6 /home/pauline/Documents/S2/web/projecto/codeigniter-FW/system/CodeIgniter.php(419): CodeIgniter\CodeIgniter->runController()
#7 /home/pauline/Documents/S2/web/projecto/codeigniter-FW/system/CodeIgniter.php(326): CodeIgniter\CodeIgniter->handleRequest()
#8 /home/pauline/Documents/S2/web/projecto/codeigniter-FW/public/index.php(37): CodeIgniter\CodeIgniter->run()
#9 /home/pauline/Documents/S2/web/projecto/codeigniter-FW/system/Commands/Server/rewrite.php(43): require_once('/home/pauline/D...')
#10 {main}
CRITICAL - 2022-05-28 04:04:55 --> Trying to access array offset on value of type null
#0 /home/pauline/Documents/S2/web/projecto/codeigniter-FW/app/Views/quizView/questionView.php(24): CodeIgniter\Debug\Exceptions->errorHandler()
#1 /home/pauline/Documents/S2/web/projecto/codeigniter-FW/system/View/View.php(210): include('/home/pauline/D...')
#2 /home/pauline/Documents/S2/web/projecto/codeigniter-FW/system/View/View.php(213): CodeIgniter\View\View->CodeIgniter\View\{closure}()
#3 /home/pauline/Documents/S2/web/projecto/codeigniter-FW/system/Common.php(1089): CodeIgniter\View\View->render()
#4 /home/pauline/Documents/S2/web/projecto/codeigniter-FW/app/Controllers/Questions.php(42): view()
#5 /home/pauline/Documents/S2/web/projecto/codeigniter-FW/system/CodeIgniter.php(832): App\Controllers\Questions->questionDisplay()
#6 /home/pauline/Documents/S2/web/projecto/codeigniter-FW/system/CodeIgniter.php(419): CodeIgniter\CodeIgniter->runController()
#7 /home/pauline/Documents/S2/web/projecto/codeigniter-FW/system/CodeIgniter.php(326): CodeIgniter\CodeIgniter->handleRequest()
#8 /home/pauline/Documents/S2/web/projecto/codeigniter-FW/public/index.php(37): CodeIgniter\CodeIgniter->run()
#9 /home/pauline/Documents/S2/web/projecto/codeigniter-FW/system/Commands/Server/rewrite.php(43): require_once('/home/pauline/D...')
#10 {main}
CRITICAL - 2022-05-28 04:04:55 --> Trying to access array offset on value of type null
#0 /home/pauline/Documents/S2/web/projecto/codeigniter-FW/app/Views/quizView/questionView.php(24): CodeIgniter\Debug\Exceptions->errorHandler()
#1 /home/pauline/Documents/S2/web/projecto/codeigniter-FW/system/View/View.php(210): include('/home/pauline/D...')
#2 /home/pauline/Documents/S2/web/projecto/codeigniter-FW/system/View/View.php(213): CodeIgniter\View\View->CodeIgniter\View\{closure}()
#3 /home/pauline/Documents/S2/web/projecto/codeigniter-FW/system/Common.php(1089): CodeIgniter\View\View->render()
#4 /home/pauline/Documents/S2/web/projecto/codeigniter-FW/app/Controllers/Questions.php(42): view()
#5 /home/pauline/Documents/S2/web/projecto/codeigniter-FW/system/CodeIgniter.php(832): App\Controllers\Questions->questionDisplay()
#6 /home/pauline/Documents/S2/web/projecto/codeigniter-FW/system/CodeIgniter.php(419): CodeIgniter\CodeIgniter->runController()
#7 /home/pauline/Documents/S2/web/projecto/codeigniter-FW/system/CodeIgniter.php(326): CodeIgniter\CodeIgniter->handleRequest()
#8 /home/pauline/Documents/S2/web/projecto/codeigniter-FW/public/index.php(37): CodeIgniter\CodeIgniter->run()
#9 /home/pauline/Documents/S2/web/projecto/codeigniter-FW/system/Commands/Server/rewrite.php(43): require_once('/home/pauline/D...')
#10 {main}
CRITICAL - 2022-05-28 04:04:55 --> Trying to access array offset on value of type null
#0 /home/pauline/Documents/S2/web/projecto/codeigniter-FW/app/Views/quizView/questionView.php(24): CodeIgniter\Debug\Exceptions->errorHandler()
#1 /home/pauline/Documents/S2/web/projecto/codeigniter-FW/system/View/View.php(210): include('/home/pauline/D...')
#2 /home/pauline/Documents/S2/web/projecto/codeigniter-FW/system/View/View.php(213): CodeIgniter\View\View->CodeIgniter\View\{closure}()
#3 /home/pauline/Documents/S2/web/projecto/codeigniter-FW/system/Common.php(1089): CodeIgniter\View\View->render()
#4 /home/pauline/Documents/S2/web/projecto/codeigniter-FW/app/Controllers/Questions.php(42): view()
#5 /home/pauline/Documents/S2/web/projecto/codeigniter-FW/system/CodeIgniter.php(832): App\Controllers\Questions->questionDisplay()
#6 /home/pauline/Documents/S2/web/projecto/codeigniter-FW/system/CodeIgniter.php(419): CodeIgniter\CodeIgniter->runController()
#7 /home/pauline/Documents/S2/web/projecto/codeigniter-FW/system/CodeIgniter.php(326): CodeIgniter\CodeIgniter->handleRequest()
#8 /home/pauline/Documents/S2/web/projecto/codeigniter-FW/public/index.php(37): CodeIgniter\CodeIgniter->run()
#9 /home/pauline/Documents/S2/web/projecto/codeigniter-FW/system/Commands/Server/rewrite.php(43): require_once('/home/pauline/D...')
#10 {main}
CRITICAL - 2022-05-28 04:04:55 --> Trying to access array offset on value of type null
#0 /home/pauline/Documents/S2/web/projecto/codeigniter-FW/app/Views/quizView/questionView.php(24): CodeIgniter\Debug\Exceptions->errorHandler()
#1 /home/pauline/Documents/S2/web/projecto/codeigniter-FW/system/View/View.php(210): include('/home/pauline/D...')
#2 /home/pauline/Documents/S2/web/projecto/codeigniter-FW/system/View/View.php(213): CodeIgniter\View\View->CodeIgniter\View\{closure}()
#3 /home/pauline/Documents/S2/web/projecto/codeigniter-FW/system/Common.php(1089): CodeIgniter\View\View->render()
#4 /home/pauline/Documents/S2/web/projecto/codeigniter-FW/app/Controllers/Questions.php(42): view()
#5 /home/pauline/Documents/S2/web/projecto/codeigniter-FW/system/CodeIgniter.php(832): App\Controllers\Questions->questionDisplay()
#6 /home/pauline/Documents/S2/web/projecto/codeigniter-FW/system/CodeIgniter.php(419): CodeIgniter\CodeIgniter->runController()
#7 /home/pauline/Documents/S2/web/projecto/codeigniter-FW/system/CodeIgniter.php(326): CodeIgniter\CodeIgniter->handleRequest()
#8 /home/pauline/Documents/S2/web/projecto/codeigniter-FW/public/index.php(37): CodeIgniter\CodeIgniter->run()
#9 /home/pauline/Documents/S2/web/projecto/codeigniter-FW/system/Commands/Server/rewrite.php(43): require_once('/home/pauline/D...')
#10 {main}
CRITICAL - 2022-05-28 04:04:55 --> Trying to access array offset on value of type null
#0 /home/pauline/Documents/S2/web/projecto/codeigniter-FW/app/Views/quizView/questionView.php(24): CodeIgniter\Debug\Exceptions->errorHandler()
#1 /home/pauline/Documents/S2/web/projecto/codeigniter-FW/system/View/View.php(210): include('/home/pauline/D...')
#2 /home/pauline/Documents/S2/web/projecto/codeigniter-FW/system/View/View.php(213): CodeIgniter\View\View->CodeIgniter\View\{closure}()
#3 /home/pauline/Documents/S2/web/projecto/codeigniter-FW/system/Common.php(1089): CodeIgniter\View\View->render()
#4 /home/pauline/Documents/S2/web/projecto/codeigniter-FW/app/Controllers/Questions.php(42): view()
#5 /home/pauline/Documents/S2/web/projecto/codeigniter-FW/system/CodeIgniter.php(832): App\Controllers\Questions->questionDisplay()
#6 /home/pauline/Documents/S2/web/projecto/codeigniter-FW/system/CodeIgniter.php(419): CodeIgniter\CodeIgniter->runController()
#7 /home/pauline/Documents/S2/web/projecto/codeigniter-FW/system/CodeIgniter.php(326): CodeIgniter\CodeIgniter->handleRequest()
#8 /home/pauline/Documents/S2/web/projecto/codeigniter-FW/public/index.php(37): CodeIgniter\CodeIgniter->run()
#9 /home/pauline/Documents/S2/web/projecto/codeigniter-FW/system/Commands/Server/rewrite.php(43): require_once('/home/pauline/D...')
#10 {main}
CRITICAL - 2022-05-28 04:05:38 --> Trying to access array offset on value of type null
#0 /home/pauline/Documents/S2/web/projecto/codeigniter-FW/app/Views/quizView/questionView.php(24): CodeIgniter\Debug\Exceptions->errorHandler()
#1 /home/pauline/Documents/S2/web/projecto/codeigniter-FW/system/View/View.php(210): include('/home/pauline/D...')
#2 /home/pauline/Documents/S2/web/projecto/codeigniter-FW/system/View/View.php(213): CodeIgniter\View\View->CodeIgniter\View\{closure}()
#3 /home/pauline/Documents/S2/web/projecto/codeigniter-FW/system/Common.php(1089): CodeIgniter\View\View->render()
#4 /home/pauline/Documents/S2/web/projecto/codeigniter-FW/app/Controllers/Questions.php(42): view()
#5 /home/pauline/Documents/S2/web/projecto/codeigniter-FW/system/CodeIgniter.php(832): App\Controllers\Questions->questionDisplay()
#6 /home/pauline/Documents/S2/web/projecto/codeigniter-FW/system/CodeIgniter.php(419): CodeIgniter\CodeIgniter->runController()
#7 /home/pauline/Documents/S2/web/projecto/codeigniter-FW/system/CodeIgniter.php(326): CodeIgniter\CodeIgniter->handleRequest()
#8 /home/pauline/Documents/S2/web/projecto/codeigniter-FW/public/index.php(37): CodeIgniter\CodeIgniter->run()
#9 /home/pauline/Documents/S2/web/projecto/codeigniter-FW/system/Commands/Server/rewrite.php(43): require_once('/home/pauline/D...')
#10 {main}
CRITICAL - 2022-05-28 04:05:38 --> Trying to access array offset on value of type null
#0 /home/pauline/Documents/S2/web/projecto/codeigniter-FW/app/Views/quizView/questionView.php(24): CodeIgniter\Debug\Exceptions->errorHandler()
#1 /home/pauline/Documents/S2/web/projecto/codeigniter-FW/system/View/View.php(210): include('/home/pauline/D...')
#2 /home/pauline/Documents/S2/web/projecto/codeigniter-FW/system/View/View.php(213): CodeIgniter\View\View->CodeIgniter\View\{closure}()
#3 /home/pauline/Documents/S2/web/projecto/codeigniter-FW/system/Common.php(1089): CodeIgniter\View\View->render()
#4 /home/pauline/Documents/S2/web/projecto/codeigniter-FW/app/Controllers/Questions.php(42): view()
#5 /home/pauline/Documents/S2/web/projecto/codeigniter-FW/system/CodeIgniter.php(832): App\Controllers\Questions->questionDisplay()
#6 /home/pauline/Documents/S2/web/projecto/codeigniter-FW/system/CodeIgniter.php(419): CodeIgniter\CodeIgniter->runController()
#7 /home/pauline/Documents/S2/web/projecto/codeigniter-FW/system/CodeIgniter.php(326): CodeIgniter\CodeIgniter->handleRequest()
#8 /home/pauline/Documents/S2/web/projecto/codeigniter-FW/public/index.php(37): CodeIgniter\CodeIgniter->run()
#9 /home/pauline/Documents/S2/web/projecto/codeigniter-FW/system/Commands/Server/rewrite.php(43): require_once('/home/pauline/D...')
#10 {main}
CRITICAL - 2022-05-28 04:05:38 --> Trying to access array offset on value of type null
#0 /home/pauline/Documents/S2/web/projecto/codeigniter-FW/app/Views/quizView/questionView.php(24): CodeIgniter\Debug\Exceptions->errorHandler()
#1 /home/pauline/Documents/S2/web/projecto/codeigniter-FW/system/View/View.php(210): include('/home/pauline/D...')
#2 /home/pauline/Documents/S2/web/projecto/codeigniter-FW/system/View/View.php(213): CodeIgniter\View\View->CodeIgniter\View\{closure}()
#3 /home/pauline/Documents/S2/web/projecto/codeigniter-FW/system/Common.php(1089): CodeIgniter\View\View->render()
#4 /home/pauline/Documents/S2/web/projecto/codeigniter-FW/app/Controllers/Questions.php(42): view()
#5 /home/pauline/Documents/S2/web/projecto/codeigniter-FW/system/CodeIgniter.php(832): App\Controllers\Questions->questionDisplay()
#6 /home/pauline/Documents/S2/web/projecto/codeigniter-FW/system/CodeIgniter.php(419): CodeIgniter\CodeIgniter->runController()
#7 /home/pauline/Documents/S2/web/projecto/codeigniter-FW/system/CodeIgniter.php(326): CodeIgniter\CodeIgniter->handleRequest()
#8 /home/pauline/Documents/S2/web/projecto/codeigniter-FW/public/index.php(37): CodeIgniter\CodeIgniter->run()
#9 /home/pauline/Documents/S2/web/projecto/codeigniter-FW/system/Commands/Server/rewrite.php(43): require_once('/home/pauline/D...')
#10 {main}
CRITICAL - 2022-05-28 04:05:38 --> Trying to access array offset on value of type null
#0 /home/pauline/Documents/S2/web/projecto/codeigniter-FW/app/Views/quizView/questionView.php(24): CodeIgniter\Debug\Exceptions->errorHandler()
#1 /home/pauline/Documents/S2/web/projecto/codeigniter-FW/system/View/View.php(210): include('/home/pauline/D...')
#2 /home/pauline/Documents/S2/web/projecto/codeigniter-FW/system/View/View.php(213): CodeIgniter\View\View->CodeIgniter\View\{closure}()
#3 /home/pauline/Documents/S2/web/projecto/codeigniter-FW/system/Common.php(1089): CodeIgniter\View\View->render()
#4 /home/pauline/Documents/S2/web/projecto/codeigniter-FW/app/Controllers/Questions.php(42): view()
#5 /home/pauline/Documents/S2/web/projecto/codeigniter-FW/system/CodeIgniter.php(832): App\Controllers\Questions->questionDisplay()
#6 /home/pauline/Documents/S2/web/projecto/codeigniter-FW/system/CodeIgniter.php(419): CodeIgniter\CodeIgniter->runController()
#7 /home/pauline/Documents/S2/web/projecto/codeigniter-FW/system/CodeIgniter.php(326): CodeIgniter\CodeIgniter->handleRequest()
#8 /home/pauline/Documents/S2/web/projecto/codeigniter-FW/public/index.php(37): CodeIgniter\CodeIgniter->run()
#9 /home/pauline/Documents/S2/web/projecto/codeigniter-FW/system/Commands/Server/rewrite.php(43): require_once('/home/pauline/D...')
#10 {main}
CRITICAL - 2022-05-28 04:05:38 --> Trying to access array offset on value of type null
#0 /home/pauline/Documents/S2/web/projecto/codeigniter-FW/app/Views/quizView/questionView.php(24): CodeIgniter\Debug\Exceptions->errorHandler()
#1 /home/pauline/Documents/S2/web/projecto/codeigniter-FW/system/View/View.php(210): include('/home/pauline/D...')
#2 /home/pauline/Documents/S2/web/projecto/codeigniter-FW/system/View/View.php(213): CodeIgniter\View\View->CodeIgniter\View\{closure}()
#3 /home/pauline/Documents/S2/web/projecto/codeigniter-FW/system/Common.php(1089): CodeIgniter\View\View->render()
#4 /home/pauline/Documents/S2/web/projecto/codeigniter-FW/app/Controllers/Questions.php(42): view()
#5 /home/pauline/Documents/S2/web/projecto/codeigniter-FW/system/CodeIgniter.php(832): App\Controllers\Questions->questionDisplay()
#6 /home/pauline/Documents/S2/web/projecto/codeigniter-FW/system/CodeIgniter.php(419): CodeIgniter\CodeIgniter->runController()
#7 /home/pauline/Documents/S2/web/projecto/codeigniter-FW/system/CodeIgniter.php(326): CodeIgniter\CodeIgniter->handleRequest()
#8 /home/pauline/Documents/S2/web/projecto/codeigniter-FW/public/index.php(37): CodeIgniter\CodeIgniter->run()
#9 /home/pauline/Documents/S2/web/projecto/codeigniter-FW/system/Commands/Server/rewrite.php(43): require_once('/home/pauline/D...')
#10 {main}
CRITICAL - 2022-05-28 04:05:38 --> Trying to access array offset on value of type null
#0 /home/pauline/Documents/S2/web/projecto/codeigniter-FW/app/Views/quizView/questionView.php(24): CodeIgniter\Debug\Exceptions->errorHandler()
#1 /home/pauline/Documents/S2/web/projecto/codeigniter-FW/system/View/View.php(210): include('/home/pauline/D...')
#2 /home/pauline/Documents/S2/web/projecto/codeigniter-FW/system/View/View.php(213): CodeIgniter\View\View->CodeIgniter\View\{closure}()
#3 /home/pauline/Documents/S2/web/projecto/codeigniter-FW/system/Common.php(1089): CodeIgniter\View\View->render()
#4 /home/pauline/Documents/S2/web/projecto/codeigniter-FW/app/Controllers/Questions.php(42): view()
#5 /home/pauline/Documents/S2/web/projecto/codeigniter-FW/system/CodeIgniter.php(832): App\Controllers\Questions->questionDisplay()
#6 /home/pauline/Documents/S2/web/projecto/codeigniter-FW/system/CodeIgniter.php(419): CodeIgniter\CodeIgniter->runController()
#7 /home/pauline/Documents/S2/web/projecto/codeigniter-FW/system/CodeIgniter.php(326): CodeIgniter\CodeIgniter->handleRequest()
#8 /home/pauline/Documents/S2/web/projecto/codeigniter-FW/public/index.php(37): CodeIgniter\CodeIgniter->run()
#9 /home/pauline/Documents/S2/web/projecto/codeigniter-FW/system/Commands/Server/rewrite.php(43): require_once('/home/pauline/D...')
#10 {main}
CRITICAL - 2022-05-28 04:05:48 --> Trying to access array offset on value of type null
#0 /home/pauline/Documents/S2/web/projecto/codeigniter-FW/app/Views/quizView/questionView.php(24): CodeIgniter\Debug\Exceptions->errorHandler()
#1 /home/pauline/Documents/S2/web/projecto/codeigniter-FW/system/View/View.php(210): include('/home/pauline/D...')
#2 /home/pauline/Documents/S2/web/projecto/codeigniter-FW/system/View/View.php(213): CodeIgniter\View\View->CodeIgniter\View\{closure}()
#3 /home/pauline/Documents/S2/web/projecto/codeigniter-FW/system/Common.php(1089): CodeIgniter\View\View->render()
#4 /home/pauline/Documents/S2/web/projecto/codeigniter-FW/app/Controllers/Questions.php(42): view()
#5 /home/pauline/Documents/S2/web/projecto/codeigniter-FW/system/CodeIgniter.php(832): App\Controllers\Questions->questionDisplay()
#6 /home/pauline/Documents/S2/web/projecto/codeigniter-FW/system/CodeIgniter.php(419): CodeIgniter\CodeIgniter->runController()
#7 /home/pauline/Documents/S2/web/projecto/codeigniter-FW/system/CodeIgniter.php(326): CodeIgniter\CodeIgniter->handleRequest()
#8 /home/pauline/Documents/S2/web/projecto/codeigniter-FW/public/index.php(37): CodeIgniter\CodeIgniter->run()
#9 /home/pauline/Documents/S2/web/projecto/codeigniter-FW/system/Commands/Server/rewrite.php(43): require_once('/home/pauline/D...')
#10 {main}
CRITICAL - 2022-05-28 04:06:04 --> Trying to access array offset on value of type null
#0 /home/pauline/Documents/S2/web/projecto/codeigniter-FW/app/Views/quizView/questionView.php(24): CodeIgniter\Debug\Exceptions->errorHandler()
#1 /home/pauline/Documents/S2/web/projecto/codeigniter-FW/system/View/View.php(210): include('/home/pauline/D...')
#2 /home/pauline/Documents/S2/web/projecto/codeigniter-FW/system/View/View.php(213): CodeIgniter\View\View->CodeIgniter\View\{closure}()
#3 /home/pauline/Documents/S2/web/projecto/codeigniter-FW/system/Common.php(1089): CodeIgniter\View\View->render()
#4 /home/pauline/Documents/S2/web/projecto/codeigniter-FW/app/Controllers/Questions.php(42): view()
#5 /home/pauline/Documents/S2/web/projecto/codeigniter-FW/system/CodeIgniter.php(832): App\Controllers\Questions->questionDisplay()
#6 /home/pauline/Documents/S2/web/projecto/codeigniter-FW/system/CodeIgniter.php(419): CodeIgniter\CodeIgniter->runController()
#7 /home/pauline/Documents/S2/web/projecto/codeigniter-FW/system/CodeIgniter.php(326): CodeIgniter\CodeIgniter->handleRequest()
#8 /home/pauline/Documents/S2/web/projecto/codeigniter-FW/public/index.php(37): CodeIgniter\CodeIgniter->run()
#9 /home/pauline/Documents/S2/web/projecto/codeigniter-FW/system/Commands/Server/rewrite.php(43): require_once('/home/pauline/D...')
#10 {main}
CRITICAL - 2022-05-28 04:06:04 --> Trying to access array offset on value of type null
#0 /home/pauline/Documents/S2/web/projecto/codeigniter-FW/app/Views/quizView/questionView.php(24): CodeIgniter\Debug\Exceptions->errorHandler()
#1 /home/pauline/Documents/S2/web/projecto/codeigniter-FW/system/View/View.php(210): include('/home/pauline/D...')
#2 /home/pauline/Documents/S2/web/projecto/codeigniter-FW/system/View/View.php(213): CodeIgniter\View\View->CodeIgniter\View\{closure}()
#3 /home/pauline/Documents/S2/web/projecto/codeigniter-FW/system/Common.php(1089): CodeIgniter\View\View->render()
#4 /home/pauline/Documents/S2/web/projecto/codeigniter-FW/app/Controllers/Questions.php(42): view()
#5 /home/pauline/Documents/S2/web/projecto/codeigniter-FW/system/CodeIgniter.php(832): App\Controllers\Questions->questionDisplay()
#6 /home/pauline/Documents/S2/web/projecto/codeigniter-FW/system/CodeIgniter.php(419): CodeIgniter\CodeIgniter->runController()
#7 /home/pauline/Documents/S2/web/projecto/codeigniter-FW/system/CodeIgniter.php(326): CodeIgniter\CodeIgniter->handleRequest()
#8 /home/pauline/Documents/S2/web/projecto/codeigniter-FW/public/index.php(37): CodeIgniter\CodeIgniter->run()
#9 /home/pauline/Documents/S2/web/projecto/codeigniter-FW/system/Commands/Server/rewrite.php(43): require_once('/home/pauline/D...')
#10 {main}
CRITICAL - 2022-05-28 04:06:04 --> Trying to access array offset on value of type null
#0 /home/pauline/Documents/S2/web/projecto/codeigniter-FW/app/Views/quizView/questionView.php(24): CodeIgniter\Debug\Exceptions->errorHandler()
#1 /home/pauline/Documents/S2/web/projecto/codeigniter-FW/system/View/View.php(210): include('/home/pauline/D...')
#2 /home/pauline/Documents/S2/web/projecto/codeigniter-FW/system/View/View.php(213): CodeIgniter\View\View->CodeIgniter\View\{closure}()
#3 /home/pauline/Documents/S2/web/projecto/codeigniter-FW/system/Common.php(1089): CodeIgniter\View\View->render()
#4 /home/pauline/Documents/S2/web/projecto/codeigniter-FW/app/Controllers/Questions.php(42): view()
#5 /home/pauline/Documents/S2/web/projecto/codeigniter-FW/system/CodeIgniter.php(832): App\Controllers\Questions->questionDisplay()
#6 /home/pauline/Documents/S2/web/projecto/codeigniter-FW/system/CodeIgniter.php(419): CodeIgniter\CodeIgniter->runController()
#7 /home/pauline/Documents/S2/web/projecto/codeigniter-FW/system/CodeIgniter.php(326): CodeIgniter\CodeIgniter->handleRequest()
#8 /home/pauline/Documents/S2/web/projecto/codeigniter-FW/public/index.php(37): CodeIgniter\CodeIgniter->run()
#9 /home/pauline/Documents/S2/web/projecto/codeigniter-FW/system/Commands/Server/rewrite.php(43): require_once('/home/pauline/D...')
#10 {main}
CRITICAL - 2022-05-28 04:06:04 --> Trying to access array offset on value of type null
#0 /home/pauline/Documents/S2/web/projecto/codeigniter-FW/app/Views/quizView/questionView.php(24): CodeIgniter\Debug\Exceptions->errorHandler()
#1 /home/pauline/Documents/S2/web/projecto/codeigniter-FW/system/View/View.php(210): include('/home/pauline/D...')
#2 /home/pauline/Documents/S2/web/projecto/codeigniter-FW/system/View/View.php(213): CodeIgniter\View\View->CodeIgniter\View\{closure}()
#3 /home/pauline/Documents/S2/web/projecto/codeigniter-FW/system/Common.php(1089): CodeIgniter\View\View->render()
#4 /home/pauline/Documents/S2/web/projecto/codeigniter-FW/app/Controllers/Questions.php(42): view()
#5 /home/pauline/Documents/S2/web/projecto/codeigniter-FW/system/CodeIgniter.php(832): App\Controllers\Questions->questionDisplay()
#6 /home/pauline/Documents/S2/web/projecto/codeigniter-FW/system/CodeIgniter.php(419): CodeIgniter\CodeIgniter->runController()
#7 /home/pauline/Documents/S2/web/projecto/codeigniter-FW/system/CodeIgniter.php(326): CodeIgniter\CodeIgniter->handleRequest()
#8 /home/pauline/Documents/S2/web/projecto/codeigniter-FW/public/index.php(37): CodeIgniter\CodeIgniter->run()
#9 /home/pauline/Documents/S2/web/projecto/codeigniter-FW/system/Commands/Server/rewrite.php(43): require_once('/home/pauline/D...')
#10 {main}
CRITICAL - 2022-05-28 04:06:04 --> Trying to access array offset on value of type null
#0 /home/pauline/Documents/S2/web/projecto/codeigniter-FW/app/Views/quizView/questionView.php(24): CodeIgniter\Debug\Exceptions->errorHandler()
#1 /home/pauline/Documents/S2/web/projecto/codeigniter-FW/system/View/View.php(210): include('/home/pauline/D...')
#2 /home/pauline/Documents/S2/web/projecto/codeigniter-FW/system/View/View.php(213): CodeIgniter\View\View->CodeIgniter\View\{closure}()
#3 /home/pauline/Documents/S2/web/projecto/codeigniter-FW/system/Common.php(1089): CodeIgniter\View\View->render()
#4 /home/pauline/Documents/S2/web/projecto/codeigniter-FW/app/Controllers/Questions.php(42): view()
#5 /home/pauline/Documents/S2/web/projecto/codeigniter-FW/system/CodeIgniter.php(832): App\Controllers\Questions->questionDisplay()
#6 /home/pauline/Documents/S2/web/projecto/codeigniter-FW/system/CodeIgniter.php(419): CodeIgniter\CodeIgniter->runController()
#7 /home/pauline/Documents/S2/web/projecto/codeigniter-FW/system/CodeIgniter.php(326): CodeIgniter\CodeIgniter->handleRequest()
#8 /home/pauline/Documents/S2/web/projecto/codeigniter-FW/public/index.php(37): CodeIgniter\CodeIgniter->run()
#9 /home/pauline/Documents/S2/web/projecto/codeigniter-FW/system/Commands/Server/rewrite.php(43): require_once('/home/pauline/D...')
#10 {main}
CRITICAL - 2022-05-28 04:06:04 --> Trying to access array offset on value of type null
#0 /home/pauline/Documents/S2/web/projecto/codeigniter-FW/app/Views/quizView/questionView.php(24): CodeIgniter\Debug\Exceptions->errorHandler()
#1 /home/pauline/Documents/S2/web/projecto/codeigniter-FW/system/View/View.php(210): include('/home/pauline/D...')
#2 /home/pauline/Documents/S2/web/projecto/codeigniter-FW/system/View/View.php(213): CodeIgniter\View\View->CodeIgniter\View\{closure}()
#3 /home/pauline/Documents/S2/web/projecto/codeigniter-FW/system/Common.php(1089): CodeIgniter\View\View->render()
#4 /home/pauline/Documents/S2/web/projecto/codeigniter-FW/app/Controllers/Questions.php(42): view()
#5 /home/pauline/Documents/S2/web/projecto/codeigniter-FW/system/CodeIgniter.php(832): App\Controllers\Questions->questionDisplay()
#6 /home/pauline/Documents/S2/web/projecto/codeigniter-FW/system/CodeIgniter.php(419): CodeIgniter\CodeIgniter->runController()
#7 /home/pauline/Documents/S2/web/projecto/codeigniter-FW/system/CodeIgniter.php(326): CodeIgniter\CodeIgniter->handleRequest()
#8 /home/pauline/Documents/S2/web/projecto/codeigniter-FW/public/index.php(37): CodeIgniter\CodeIgniter->run()
#9 /home/pauline/Documents/S2/web/projecto/codeigniter-FW/system/Commands/Server/rewrite.php(43): require_once('/home/pauline/D...')
#10 {main}
