CRITICAL - 2022-04-28 04:54:25 --> Undefined property: CodeIgniter\View\View::$session
#0 /var/www/projecto/codeigniter-FW/app/Views/pages/login.php(18): CodeIgniter\Debug\Exceptions->errorHandler()
#1 /var/www/projecto/codeigniter-FW/system/View/View.php(210): include('/var/www/projec...')
#2 /var/www/projecto/codeigniter-FW/system/View/View.php(213): CodeIgniter\View\View->CodeIgniter\View\{closure}()
#3 /var/www/projecto/codeigniter-FW/system/Common.php(1089): CodeIgniter\View\View->render()
#4 /var/www/projecto/codeigniter-FW/app/Controllers/Pages.php(22): view()
#5 /var/www/projecto/codeigniter-FW/system/CodeIgniter.php(832): App\Controllers\Pages->view()
#6 /var/www/projecto/codeigniter-FW/system/CodeIgniter.php(419): CodeIgniter\CodeIgniter->runController()
#7 /var/www/projecto/codeigniter-FW/system/CodeIgniter.php(326): CodeIgniter\CodeIgniter->handleRequest()
#8 /var/www/projecto/codeigniter-FW/public/index.php(37): CodeIgniter\CodeIgniter->run()
#9 /var/www/projecto/codeigniter-FW/system/Commands/Server/rewrite.php(43): require_once('/var/www/projec...')
#10 {main}
CRITICAL - 2022-04-28 04:54:31 --> Undefined property: CodeIgniter\View\View::$session
#0 /var/www/projecto/codeigniter-FW/app/Views/pages/register.php(24): CodeIgniter\Debug\Exceptions->errorHandler()
#1 /var/www/projecto/codeigniter-FW/system/View/View.php(210): include('/var/www/projec...')
#2 /var/www/projecto/codeigniter-FW/system/View/View.php(213): CodeIgniter\View\View->CodeIgniter\View\{closure}()
#3 /var/www/projecto/codeigniter-FW/system/Common.php(1089): CodeIgniter\View\View->render()
#4 /var/www/projecto/codeigniter-FW/app/Controllers/Pages.php(22): view()
#5 /var/www/projecto/codeigniter-FW/system/CodeIgniter.php(832): App\Controllers\Pages->view()
#6 /var/www/projecto/codeigniter-FW/system/CodeIgniter.php(419): CodeIgniter\CodeIgniter->runController()
#7 /var/www/projecto/codeigniter-FW/system/CodeIgniter.php(326): CodeIgniter\CodeIgniter->handleRequest()
#8 /var/www/projecto/codeigniter-FW/public/index.php(37): CodeIgniter\CodeIgniter->run()
#9 /var/www/projecto/codeigniter-FW/system/Commands/Server/rewrite.php(43): require_once('/var/www/projec...')
#10 {main}
CRITICAL - 2022-04-28 04:59:02 --> Undefined property: CodeIgniter\View\View::$session
#0 /var/www/projecto/codeigniter-FW/app/Views/pages/register.php(24): CodeIgniter\Debug\Exceptions->errorHandler()
#1 /var/www/projecto/codeigniter-FW/system/View/View.php(210): include('/var/www/projec...')
#2 /var/www/projecto/codeigniter-FW/system/View/View.php(213): CodeIgniter\View\View->CodeIgniter\View\{closure}()
#3 /var/www/projecto/codeigniter-FW/system/Common.php(1089): CodeIgniter\View\View->render()
#4 /var/www/projecto/codeigniter-FW/app/Controllers/Pages.php(22): view()
#5 /var/www/projecto/codeigniter-FW/system/CodeIgniter.php(832): App\Controllers\Pages->view()
#6 /var/www/projecto/codeigniter-FW/system/CodeIgniter.php(419): CodeIgniter\CodeIgniter->runController()
#7 /var/www/projecto/codeigniter-FW/system/CodeIgniter.php(326): CodeIgniter\CodeIgniter->handleRequest()
#8 /var/www/projecto/codeigniter-FW/public/index.php(37): CodeIgniter\CodeIgniter->run()
#9 /var/www/projecto/codeigniter-FW/system/Commands/Server/rewrite.php(43): require_once('/var/www/projec...')
#10 {main}
CRITICAL - 2022-04-28 05:01:49 --> Undefined property: CodeIgniter\View\View::$session
#0 /var/www/projecto/codeigniter-FW/app/Views/pages/register.php(24): CodeIgniter\Debug\Exceptions->errorHandler()
#1 /var/www/projecto/codeigniter-FW/system/View/View.php(210): include('/var/www/projec...')
#2 /var/www/projecto/codeigniter-FW/system/View/View.php(213): CodeIgniter\View\View->CodeIgniter\View\{closure}()
#3 /var/www/projecto/codeigniter-FW/system/Common.php(1089): CodeIgniter\View\View->render()
#4 /var/www/projecto/codeigniter-FW/app/Controllers/Pages.php(22): view()
#5 /var/www/projecto/codeigniter-FW/system/CodeIgniter.php(832): App\Controllers\Pages->view()
#6 /var/www/projecto/codeigniter-FW/system/CodeIgniter.php(419): CodeIgniter\CodeIgniter->runController()
#7 /var/www/projecto/codeigniter-FW/system/CodeIgniter.php(326): CodeIgniter\CodeIgniter->handleRequest()
#8 /var/www/projecto/codeigniter-FW/public/index.php(37): CodeIgniter\CodeIgniter->run()
#9 /var/www/projecto/codeigniter-FW/system/Commands/Server/rewrite.php(43): require_once('/var/www/projec...')
#10 {main}
CRITICAL - 2022-04-28 05:01:50 --> Undefined property: CodeIgniter\View\View::$session
#0 /var/www/projecto/codeigniter-FW/app/Views/pages/register.php(24): CodeIgniter\Debug\Exceptions->errorHandler()
#1 /var/www/projecto/codeigniter-FW/system/View/View.php(210): include('/var/www/projec...')
#2 /var/www/projecto/codeigniter-FW/system/View/View.php(213): CodeIgniter\View\View->CodeIgniter\View\{closure}()
#3 /var/www/projecto/codeigniter-FW/system/Common.php(1089): CodeIgniter\View\View->render()
#4 /var/www/projecto/codeigniter-FW/app/Controllers/Pages.php(22): view()
#5 /var/www/projecto/codeigniter-FW/system/CodeIgniter.php(832): App\Controllers\Pages->view()
#6 /var/www/projecto/codeigniter-FW/system/CodeIgniter.php(419): CodeIgniter\CodeIgniter->runController()
#7 /var/www/projecto/codeigniter-FW/system/CodeIgniter.php(326): CodeIgniter\CodeIgniter->handleRequest()
#8 /var/www/projecto/codeigniter-FW/public/index.php(37): CodeIgniter\CodeIgniter->run()
#9 /var/www/projecto/codeigniter-FW/system/Commands/Server/rewrite.php(43): require_once('/var/www/projec...')
#10 {main}
CRITICAL - 2022-04-28 05:02:38 --> Undefined property: CodeIgniter\View\View::$session
#0 /var/www/projecto/codeigniter-FW/app/Views/pages/register.php(24): CodeIgniter\Debug\Exceptions->errorHandler()
#1 /var/www/projecto/codeigniter-FW/system/View/View.php(210): include('/var/www/projec...')
#2 /var/www/projecto/codeigniter-FW/system/View/View.php(213): CodeIgniter\View\View->CodeIgniter\View\{closure}()
#3 /var/www/projecto/codeigniter-FW/system/Common.php(1089): CodeIgniter\View\View->render()
#4 /var/www/projecto/codeigniter-FW/app/Controllers/Pages.php(22): view()
#5 /var/www/projecto/codeigniter-FW/system/CodeIgniter.php(832): App\Controllers\Pages->view()
#6 /var/www/projecto/codeigniter-FW/system/CodeIgniter.php(419): CodeIgniter\CodeIgniter->runController()
#7 /var/www/projecto/codeigniter-FW/system/CodeIgniter.php(326): CodeIgniter\CodeIgniter->handleRequest()
#8 /var/www/projecto/codeigniter-FW/public/index.php(37): CodeIgniter\CodeIgniter->run()
#9 /var/www/projecto/codeigniter-FW/system/Commands/Server/rewrite.php(43): require_once('/var/www/projec...')
#10 {main}
CRITICAL - 2022-04-28 05:02:53 --> Undefined property: CodeIgniter\View\View::$session
#0 /var/www/projecto/codeigniter-FW/app/Views/pages/register.php(24): CodeIgniter\Debug\Exceptions->errorHandler()
#1 /var/www/projecto/codeigniter-FW/system/View/View.php(210): include('/var/www/projec...')
#2 /var/www/projecto/codeigniter-FW/system/View/View.php(213): CodeIgniter\View\View->CodeIgniter\View\{closure}()
#3 /var/www/projecto/codeigniter-FW/system/Common.php(1089): CodeIgniter\View\View->render()
#4 /var/www/projecto/codeigniter-FW/app/Controllers/Pages.php(22): view()
#5 /var/www/projecto/codeigniter-FW/system/CodeIgniter.php(832): App\Controllers\Pages->view()
#6 /var/www/projecto/codeigniter-FW/system/CodeIgniter.php(419): CodeIgniter\CodeIgniter->runController()
#7 /var/www/projecto/codeigniter-FW/system/CodeIgniter.php(326): CodeIgniter\CodeIgniter->handleRequest()
#8 /var/www/projecto/codeigniter-FW/public/index.php(37): CodeIgniter\CodeIgniter->run()
#9 /var/www/projecto/codeigniter-FW/system/Commands/Server/rewrite.php(43): require_once('/var/www/projec...')
#10 {main}
CRITICAL - 2022-04-28 05:03:38 --> Undefined property: CodeIgniter\View\View::$session
#0 /var/www/projecto/codeigniter-FW/app/Views/pages/register.php(24): CodeIgniter\Debug\Exceptions->errorHandler()
#1 /var/www/projecto/codeigniter-FW/system/View/View.php(210): include('/var/www/projec...')
#2 /var/www/projecto/codeigniter-FW/system/View/View.php(213): CodeIgniter\View\View->CodeIgniter\View\{closure}()
#3 /var/www/projecto/codeigniter-FW/system/Common.php(1089): CodeIgniter\View\View->render()
#4 /var/www/projecto/codeigniter-FW/app/Controllers/Pages.php(22): view()
#5 /var/www/projecto/codeigniter-FW/system/CodeIgniter.php(832): App\Controllers\Pages->view()
#6 /var/www/projecto/codeigniter-FW/system/CodeIgniter.php(419): CodeIgniter\CodeIgniter->runController()
#7 /var/www/projecto/codeigniter-FW/system/CodeIgniter.php(326): CodeIgniter\CodeIgniter->handleRequest()
#8 /var/www/projecto/codeigniter-FW/public/index.php(37): CodeIgniter\CodeIgniter->run()
#9 /var/www/projecto/codeigniter-FW/system/Commands/Server/rewrite.php(43): require_once('/var/www/projec...')
#10 {main}
CRITICAL - 2022-04-28 07:15:23 --> Invalid file: connexion.php
#0 /var/www/projecto/codeigniter-FW/system/View/View.php(198): CodeIgniter\Exceptions\FrameworkException::forInvalidFile()
#1 /var/www/projecto/codeigniter-FW/system/Common.php(1089): CodeIgniter\View\View->render()
#2 /var/www/projecto/codeigniter-FW/app/Controllers/Home.php(9): view()
#3 /var/www/projecto/codeigniter-FW/system/CodeIgniter.php(832): App\Controllers\Home->index()
#4 /var/www/projecto/codeigniter-FW/system/CodeIgniter.php(419): CodeIgniter\CodeIgniter->runController()
#5 /var/www/projecto/codeigniter-FW/system/CodeIgniter.php(326): CodeIgniter\CodeIgniter->handleRequest()
#6 /var/www/projecto/codeigniter-FW/public/index.php(37): CodeIgniter\CodeIgniter->run()
#7 /var/www/projecto/codeigniter-FW/system/Commands/Server/rewrite.php(43): require_once('/var/www/projec...')
#8 {main}
CRITICAL - 2022-04-28 07:15:39 --> Invalid file: Pages::connexion.php
#0 /var/www/projecto/codeigniter-FW/system/View/View.php(198): CodeIgniter\Exceptions\FrameworkException::forInvalidFile()
#1 /var/www/projecto/codeigniter-FW/system/Common.php(1089): CodeIgniter\View\View->render()
#2 /var/www/projecto/codeigniter-FW/app/Controllers/Home.php(9): view()
#3 /var/www/projecto/codeigniter-FW/system/CodeIgniter.php(832): App\Controllers\Home->index()
#4 /var/www/projecto/codeigniter-FW/system/CodeIgniter.php(419): CodeIgniter\CodeIgniter->runController()
#5 /var/www/projecto/codeigniter-FW/system/CodeIgniter.php(326): CodeIgniter\CodeIgniter->handleRequest()
#6 /var/www/projecto/codeigniter-FW/public/index.php(37): CodeIgniter\CodeIgniter->run()
#7 /var/www/projecto/codeigniter-FW/system/Commands/Server/rewrite.php(43): require_once('/var/www/projec...')
#8 {main}
CRITICAL - 2022-04-28 07:15:41 --> Invalid file: Pages::connexion.php
#0 /var/www/projecto/codeigniter-FW/system/View/View.php(198): CodeIgniter\Exceptions\FrameworkException::forInvalidFile()
#1 /var/www/projecto/codeigniter-FW/system/Common.php(1089): CodeIgniter\View\View->render()
#2 /var/www/projecto/codeigniter-FW/app/Controllers/Home.php(9): view()
#3 /var/www/projecto/codeigniter-FW/system/CodeIgniter.php(832): App\Controllers\Home->index()
#4 /var/www/projecto/codeigniter-FW/system/CodeIgniter.php(419): CodeIgniter\CodeIgniter->runController()
#5 /var/www/projecto/codeigniter-FW/system/CodeIgniter.php(326): CodeIgniter\CodeIgniter->handleRequest()
#6 /var/www/projecto/codeigniter-FW/public/index.php(37): CodeIgniter\CodeIgniter->run()
#7 /var/www/projecto/codeigniter-FW/system/Commands/Server/rewrite.php(43): require_once('/var/www/projec...')
#8 {main}
CRITICAL - 2022-04-28 07:16:48 --> Invalid file: Views::pages/connexion.php
#0 /var/www/projecto/codeigniter-FW/system/View/View.php(198): CodeIgniter\Exceptions\FrameworkException::forInvalidFile()
#1 /var/www/projecto/codeigniter-FW/system/Common.php(1089): CodeIgniter\View\View->render()
#2 /var/www/projecto/codeigniter-FW/app/Controllers/Home.php(9): view()
#3 /var/www/projecto/codeigniter-FW/system/CodeIgniter.php(832): App\Controllers\Home->index()
#4 /var/www/projecto/codeigniter-FW/system/CodeIgniter.php(419): CodeIgniter\CodeIgniter->runController()
#5 /var/www/projecto/codeigniter-FW/system/CodeIgniter.php(326): CodeIgniter\CodeIgniter->handleRequest()
#6 /var/www/projecto/codeigniter-FW/public/index.php(37): CodeIgniter\CodeIgniter->run()
#7 /var/www/projecto/codeigniter-FW/system/Commands/Server/rewrite.php(43): require_once('/var/www/projec...')
#8 {main}
CRITICAL - 2022-04-28 07:16:49 --> Invalid file: Views::pages/connexion.php
#0 /var/www/projecto/codeigniter-FW/system/View/View.php(198): CodeIgniter\Exceptions\FrameworkException::forInvalidFile()
#1 /var/www/projecto/codeigniter-FW/system/Common.php(1089): CodeIgniter\View\View->render()
#2 /var/www/projecto/codeigniter-FW/app/Controllers/Home.php(9): view()
#3 /var/www/projecto/codeigniter-FW/system/CodeIgniter.php(832): App\Controllers\Home->index()
#4 /var/www/projecto/codeigniter-FW/system/CodeIgniter.php(419): CodeIgniter\CodeIgniter->runController()
#5 /var/www/projecto/codeigniter-FW/system/CodeIgniter.php(326): CodeIgniter\CodeIgniter->handleRequest()
#6 /var/www/projecto/codeigniter-FW/public/index.php(37): CodeIgniter\CodeIgniter->run()
#7 /var/www/projecto/codeigniter-FW/system/Commands/Server/rewrite.php(43): require_once('/var/www/projec...')
#8 {main}
CRITICAL - 2022-04-28 07:16:49 --> Invalid file: Views::pages/connexion.php
#0 /var/www/projecto/codeigniter-FW/system/View/View.php(198): CodeIgniter\Exceptions\FrameworkException::forInvalidFile()
#1 /var/www/projecto/codeigniter-FW/system/Common.php(1089): CodeIgniter\View\View->render()
#2 /var/www/projecto/codeigniter-FW/app/Controllers/Home.php(9): view()
#3 /var/www/projecto/codeigniter-FW/system/CodeIgniter.php(832): App\Controllers\Home->index()
#4 /var/www/projecto/codeigniter-FW/system/CodeIgniter.php(419): CodeIgniter\CodeIgniter->runController()
#5 /var/www/projecto/codeigniter-FW/system/CodeIgniter.php(326): CodeIgniter\CodeIgniter->handleRequest()
#6 /var/www/projecto/codeigniter-FW/public/index.php(37): CodeIgniter\CodeIgniter->run()
#7 /var/www/projecto/codeigniter-FW/system/Commands/Server/rewrite.php(43): require_once('/var/www/projec...')
#8 {main}
CRITICAL - 2022-04-28 08:53:26 --> Undefined variable: Identifiant
#0 /var/www/projecto/codeigniter-FW/app/Models/TestLou.php(13): CodeIgniter\Debug\Exceptions->errorHandler()
#1 /var/www/projecto/codeigniter-FW/app/Controllers/IDS.php(14): App\Models\TestLou->getIdentifiant()
#2 /var/www/projecto/codeigniter-FW/system/CodeIgniter.php(832): App\Controllers\IDs->index()
#3 /var/www/projecto/codeigniter-FW/system/CodeIgniter.php(419): CodeIgniter\CodeIgniter->runController()
#4 /var/www/projecto/codeigniter-FW/system/CodeIgniter.php(326): CodeIgniter\CodeIgniter->handleRequest()
#5 /var/www/projecto/codeigniter-FW/public/index.php(37): CodeIgniter\CodeIgniter->run()
#6 /var/www/projecto/codeigniter-FW/system/Commands/Server/rewrite.php(43): require_once('/var/www/projec...')
#7 {main}
ERROR - 2022-04-28 08:56:01 --> Table 'bidon.internaute' doesn't exist
CRITICAL - 2022-04-28 08:56:01 --> Table 'bidon.internaute' doesn't exist
#0 /var/www/projecto/codeigniter-FW/system/Database/MySQLi/Connection.php(292): mysqli->query()
#1 /var/www/projecto/codeigniter-FW/system/Database/BaseConnection.php(670): CodeIgniter\Database\MySQLi\Connection->execute()
#2 /var/www/projecto/codeigniter-FW/system/Database/BaseConnection.php(598): CodeIgniter\Database\BaseConnection->simpleQuery()
#3 /var/www/projecto/codeigniter-FW/system/Database/BaseBuilder.php(1455): CodeIgniter\Database\BaseConnection->query()
#4 /var/www/projecto/codeigniter-FW/system/Model.php(183): CodeIgniter\Database\BaseBuilder->get()
#5 /var/www/projecto/codeigniter-FW/system/BaseModel.php(584): CodeIgniter\Model->doFindAll()
#6 /var/www/projecto/codeigniter-FW/app/Models/TestLou.php(14): CodeIgniter\BaseModel->findAll()
#7 /var/www/projecto/codeigniter-FW/app/Controllers/IDS.php(14): App\Models\TestLou->getIdentifiant()
#8 /var/www/projecto/codeigniter-FW/system/CodeIgniter.php(832): App\Controllers\IDs->index()
#9 /var/www/projecto/codeigniter-FW/system/CodeIgniter.php(419): CodeIgniter\CodeIgniter->runController()
#10 /var/www/projecto/codeigniter-FW/system/CodeIgniter.php(326): CodeIgniter\CodeIgniter->handleRequest()
#11 /var/www/projecto/codeigniter-FW/public/index.php(37): CodeIgniter\CodeIgniter->run()
#12 /var/www/projecto/codeigniter-FW/system/Commands/Server/rewrite.php(43): require_once('/var/www/projec...')
#13 {main}
ERROR - 2022-04-28 09:12:41 --> Table 'bidon.internaute' doesn't exist
CRITICAL - 2022-04-28 09:12:41 --> Table 'bidon.internaute' doesn't exist
#0 /var/www/projecto/codeigniter-FW/system/Database/MySQLi/Connection.php(292): mysqli->query()
#1 /var/www/projecto/codeigniter-FW/system/Database/BaseConnection.php(670): CodeIgniter\Database\MySQLi\Connection->execute()
#2 /var/www/projecto/codeigniter-FW/system/Database/BaseConnection.php(598): CodeIgniter\Database\BaseConnection->simpleQuery()
#3 /var/www/projecto/codeigniter-FW/system/Database/BaseBuilder.php(1455): CodeIgniter\Database\BaseConnection->query()
#4 /var/www/projecto/codeigniter-FW/system/Model.php(183): CodeIgniter\Database\BaseBuilder->get()
#5 /var/www/projecto/codeigniter-FW/system/BaseModel.php(584): CodeIgniter\Model->doFindAll()
#6 /var/www/projecto/codeigniter-FW/app/Models/TestLou.php(14): CodeIgniter\BaseModel->findAll()
#7 /var/www/projecto/codeigniter-FW/app/Controllers/IDS.php(14): App\Models\TestLou->getIdentifiant()
#8 /var/www/projecto/codeigniter-FW/system/CodeIgniter.php(832): App\Controllers\IDs->index()
#9 /var/www/projecto/codeigniter-FW/system/CodeIgniter.php(419): CodeIgniter\CodeIgniter->runController()
#10 /var/www/projecto/codeigniter-FW/system/CodeIgniter.php(326): CodeIgniter\CodeIgniter->handleRequest()
#11 /var/www/projecto/codeigniter-FW/public/index.php(37): CodeIgniter\CodeIgniter->run()
#12 /var/www/projecto/codeigniter-FW/system/Commands/Server/rewrite.php(43): require_once('/var/www/projec...')
#13 {main}
ERROR - 2022-04-28 09:12:43 --> Table 'bidon.internaute' doesn't exist
CRITICAL - 2022-04-28 09:12:43 --> Table 'bidon.internaute' doesn't exist
#0 /var/www/projecto/codeigniter-FW/system/Database/MySQLi/Connection.php(292): mysqli->query()
#1 /var/www/projecto/codeigniter-FW/system/Database/BaseConnection.php(670): CodeIgniter\Database\MySQLi\Connection->execute()
#2 /var/www/projecto/codeigniter-FW/system/Database/BaseConnection.php(598): CodeIgniter\Database\BaseConnection->simpleQuery()
#3 /var/www/projecto/codeigniter-FW/system/Database/BaseBuilder.php(1455): CodeIgniter\Database\BaseConnection->query()
#4 /var/www/projecto/codeigniter-FW/system/Model.php(183): CodeIgniter\Database\BaseBuilder->get()
#5 /var/www/projecto/codeigniter-FW/system/BaseModel.php(584): CodeIgniter\Model->doFindAll()
#6 /var/www/projecto/codeigniter-FW/app/Models/TestLou.php(14): CodeIgniter\BaseModel->findAll()
#7 /var/www/projecto/codeigniter-FW/app/Controllers/IDS.php(14): App\Models\TestLou->getIdentifiant()
#8 /var/www/projecto/codeigniter-FW/system/CodeIgniter.php(832): App\Controllers\IDs->index()
#9 /var/www/projecto/codeigniter-FW/system/CodeIgniter.php(419): CodeIgniter\CodeIgniter->runController()
#10 /var/www/projecto/codeigniter-FW/system/CodeIgniter.php(326): CodeIgniter\CodeIgniter->handleRequest()
#11 /var/www/projecto/codeigniter-FW/public/index.php(37): CodeIgniter\CodeIgniter->run()
#12 /var/www/projecto/codeigniter-FW/system/Commands/Server/rewrite.php(43): require_once('/var/www/projec...')
#13 {main}
ERROR - 2022-04-28 09:14:43 --> Table 'bidon.internaute' doesn't exist
CRITICAL - 2022-04-28 09:14:43 --> Table 'bidon.internaute' doesn't exist
#0 /var/www/projecto/codeigniter-FW/system/Database/MySQLi/Connection.php(292): mysqli->query()
#1 /var/www/projecto/codeigniter-FW/system/Database/BaseConnection.php(670): CodeIgniter\Database\MySQLi\Connection->execute()
#2 /var/www/projecto/codeigniter-FW/system/Database/BaseConnection.php(598): CodeIgniter\Database\BaseConnection->simpleQuery()
#3 /var/www/projecto/codeigniter-FW/system/Database/BaseBuilder.php(1455): CodeIgniter\Database\BaseConnection->query()
#4 /var/www/projecto/codeigniter-FW/system/Model.php(183): CodeIgniter\Database\BaseBuilder->get()
#5 /var/www/projecto/codeigniter-FW/system/BaseModel.php(584): CodeIgniter\Model->doFindAll()
#6 /var/www/projecto/codeigniter-FW/app/Models/TestLou.php(14): CodeIgniter\BaseModel->findAll()
#7 /var/www/projecto/codeigniter-FW/app/Controllers/IDS.php(14): App\Models\TestLou->getIdentifiant()
#8 /var/www/projecto/codeigniter-FW/system/CodeIgniter.php(832): App\Controllers\IDs->index()
#9 /var/www/projecto/codeigniter-FW/system/CodeIgniter.php(419): CodeIgniter\CodeIgniter->runController()
#10 /var/www/projecto/codeigniter-FW/system/CodeIgniter.php(326): CodeIgniter\CodeIgniter->handleRequest()
#11 /var/www/projecto/codeigniter-FW/public/index.php(37): CodeIgniter\CodeIgniter->run()
#12 /var/www/projecto/codeigniter-FW/system/Commands/Server/rewrite.php(43): require_once('/var/www/projec...')
#13 {main}
ERROR - 2022-04-28 09:14:43 --> Table 'bidon.internaute' doesn't exist
CRITICAL - 2022-04-28 09:14:43 --> Table 'bidon.internaute' doesn't exist
#0 /var/www/projecto/codeigniter-FW/system/Database/MySQLi/Connection.php(292): mysqli->query()
#1 /var/www/projecto/codeigniter-FW/system/Database/BaseConnection.php(670): CodeIgniter\Database\MySQLi\Connection->execute()
#2 /var/www/projecto/codeigniter-FW/system/Database/BaseConnection.php(598): CodeIgniter\Database\BaseConnection->simpleQuery()
#3 /var/www/projecto/codeigniter-FW/system/Database/BaseBuilder.php(1455): CodeIgniter\Database\BaseConnection->query()
#4 /var/www/projecto/codeigniter-FW/system/Model.php(183): CodeIgniter\Database\BaseBuilder->get()
#5 /var/www/projecto/codeigniter-FW/system/BaseModel.php(584): CodeIgniter\Model->doFindAll()
#6 /var/www/projecto/codeigniter-FW/app/Models/TestLou.php(14): CodeIgniter\BaseModel->findAll()
#7 /var/www/projecto/codeigniter-FW/app/Controllers/IDS.php(14): App\Models\TestLou->getIdentifiant()
#8 /var/www/projecto/codeigniter-FW/system/CodeIgniter.php(832): App\Controllers\IDs->index()
#9 /var/www/projecto/codeigniter-FW/system/CodeIgniter.php(419): CodeIgniter\CodeIgniter->runController()
#10 /var/www/projecto/codeigniter-FW/system/CodeIgniter.php(326): CodeIgniter\CodeIgniter->handleRequest()
#11 /var/www/projecto/codeigniter-FW/public/index.php(37): CodeIgniter\CodeIgniter->run()
#12 /var/www/projecto/codeigniter-FW/system/Commands/Server/rewrite.php(43): require_once('/var/www/projec...')
#13 {main}
ERROR - 2022-04-28 09:14:44 --> Table 'bidon.internaute' doesn't exist
CRITICAL - 2022-04-28 09:14:44 --> Table 'bidon.internaute' doesn't exist
#0 /var/www/projecto/codeigniter-FW/system/Database/MySQLi/Connection.php(292): mysqli->query()
#1 /var/www/projecto/codeigniter-FW/system/Database/BaseConnection.php(670): CodeIgniter\Database\MySQLi\Connection->execute()
#2 /var/www/projecto/codeigniter-FW/system/Database/BaseConnection.php(598): CodeIgniter\Database\BaseConnection->simpleQuery()
#3 /var/www/projecto/codeigniter-FW/system/Database/BaseBuilder.php(1455): CodeIgniter\Database\BaseConnection->query()
#4 /var/www/projecto/codeigniter-FW/system/Model.php(183): CodeIgniter\Database\BaseBuilder->get()
#5 /var/www/projecto/codeigniter-FW/system/BaseModel.php(584): CodeIgniter\Model->doFindAll()
#6 /var/www/projecto/codeigniter-FW/app/Models/TestLou.php(14): CodeIgniter\BaseModel->findAll()
#7 /var/www/projecto/codeigniter-FW/app/Controllers/IDS.php(14): App\Models\TestLou->getIdentifiant()
#8 /var/www/projecto/codeigniter-FW/system/CodeIgniter.php(832): App\Controllers\IDs->index()
#9 /var/www/projecto/codeigniter-FW/system/CodeIgniter.php(419): CodeIgniter\CodeIgniter->runController()
#10 /var/www/projecto/codeigniter-FW/system/CodeIgniter.php(326): CodeIgniter\CodeIgniter->handleRequest()
#11 /var/www/projecto/codeigniter-FW/public/index.php(37): CodeIgniter\CodeIgniter->run()
#12 /var/www/projecto/codeigniter-FW/system/Commands/Server/rewrite.php(43): require_once('/var/www/projec...')
#13 {main}
ERROR - 2022-04-28 09:15:14 --> Table 'bidon.internaute' doesn't exist
CRITICAL - 2022-04-28 09:15:14 --> Table 'bidon.internaute' doesn't exist
#0 /var/www/projecto/codeigniter-FW/system/Database/MySQLi/Connection.php(292): mysqli->query()
#1 /var/www/projecto/codeigniter-FW/system/Database/BaseConnection.php(670): CodeIgniter\Database\MySQLi\Connection->execute()
#2 /var/www/projecto/codeigniter-FW/system/Database/BaseConnection.php(598): CodeIgniter\Database\BaseConnection->simpleQuery()
#3 /var/www/projecto/codeigniter-FW/system/Database/BaseBuilder.php(1455): CodeIgniter\Database\BaseConnection->query()
#4 /var/www/projecto/codeigniter-FW/system/Model.php(183): CodeIgniter\Database\BaseBuilder->get()
#5 /var/www/projecto/codeigniter-FW/system/BaseModel.php(584): CodeIgniter\Model->doFindAll()
#6 /var/www/projecto/codeigniter-FW/app/Models/TestLou.php(14): CodeIgniter\BaseModel->findAll()
#7 /var/www/projecto/codeigniter-FW/app/Controllers/IDS.php(14): App\Models\TestLou->getIdentifiant()
#8 /var/www/projecto/codeigniter-FW/system/CodeIgniter.php(832): App\Controllers\IDs->index()
#9 /var/www/projecto/codeigniter-FW/system/CodeIgniter.php(419): CodeIgniter\CodeIgniter->runController()
#10 /var/www/projecto/codeigniter-FW/system/CodeIgniter.php(326): CodeIgniter\CodeIgniter->handleRequest()
#11 /var/www/projecto/codeigniter-FW/public/index.php(37): CodeIgniter\CodeIgniter->run()
#12 /var/www/projecto/codeigniter-FW/system/Commands/Server/rewrite.php(43): require_once('/var/www/projec...')
#13 {main}
ERROR - 2022-04-28 09:16:01 --> Error connecting to the database: Unknown database 'Lilou_BDD'
CRITICAL - 2022-04-28 09:16:01 --> Unable to connect to the database.
Main connection [MySQLi]: Unknown database 'Lilou_BDD'
#0 /var/www/projecto/codeigniter-FW/system/Database/BaseConnection.php(577): CodeIgniter\Database\BaseConnection->initialize()
#1 /var/www/projecto/codeigniter-FW/system/Database/BaseBuilder.php(1455): CodeIgniter\Database\BaseConnection->query()
#2 /var/www/projecto/codeigniter-FW/system/Model.php(183): CodeIgniter\Database\BaseBuilder->get()
#3 /var/www/projecto/codeigniter-FW/system/BaseModel.php(584): CodeIgniter\Model->doFindAll()
#4 /var/www/projecto/codeigniter-FW/app/Models/TestLou.php(14): CodeIgniter\BaseModel->findAll()
#5 /var/www/projecto/codeigniter-FW/app/Controllers/IDS.php(14): App\Models\TestLou->getIdentifiant()
#6 /var/www/projecto/codeigniter-FW/system/CodeIgniter.php(832): App\Controllers\IDs->index()
#7 /var/www/projecto/codeigniter-FW/system/CodeIgniter.php(419): CodeIgniter\CodeIgniter->runController()
#8 /var/www/projecto/codeigniter-FW/system/CodeIgniter.php(326): CodeIgniter\CodeIgniter->handleRequest()
#9 /var/www/projecto/codeigniter-FW/public/index.php(37): CodeIgniter\CodeIgniter->run()
#10 /var/www/projecto/codeigniter-FW/system/Commands/Server/rewrite.php(43): require_once('/var/www/projec...')
#11 {main}
ERROR - 2022-04-28 09:16:28 --> Error connecting to the database: Unknown database 'Lilou_BDD.sql'
CRITICAL - 2022-04-28 09:16:28 --> Unable to connect to the database.
Main connection [MySQLi]: Unknown database 'Lilou_BDD.sql'
#0 /var/www/projecto/codeigniter-FW/system/Database/BaseConnection.php(577): CodeIgniter\Database\BaseConnection->initialize()
#1 /var/www/projecto/codeigniter-FW/system/Database/BaseBuilder.php(1455): CodeIgniter\Database\BaseConnection->query()
#2 /var/www/projecto/codeigniter-FW/system/Model.php(183): CodeIgniter\Database\BaseBuilder->get()
#3 /var/www/projecto/codeigniter-FW/system/BaseModel.php(584): CodeIgniter\Model->doFindAll()
#4 /var/www/projecto/codeigniter-FW/app/Models/TestLou.php(14): CodeIgniter\BaseModel->findAll()
#5 /var/www/projecto/codeigniter-FW/app/Controllers/IDS.php(14): App\Models\TestLou->getIdentifiant()
#6 /var/www/projecto/codeigniter-FW/system/CodeIgniter.php(832): App\Controllers\IDs->index()
#7 /var/www/projecto/codeigniter-FW/system/CodeIgniter.php(419): CodeIgniter\CodeIgniter->runController()
#8 /var/www/projecto/codeigniter-FW/system/CodeIgniter.php(326): CodeIgniter\CodeIgniter->handleRequest()
#9 /var/www/projecto/codeigniter-FW/public/index.php(37): CodeIgniter\CodeIgniter->run()
#10 /var/www/projecto/codeigniter-FW/system/Commands/Server/rewrite.php(43): require_once('/var/www/projec...')
#11 {main}
ERROR - 2022-04-28 09:17:22 --> Table 'bidon.internaute' doesn't exist
CRITICAL - 2022-04-28 09:17:22 --> Table 'bidon.internaute' doesn't exist
#0 /var/www/projecto/codeigniter-FW/system/Database/MySQLi/Connection.php(292): mysqli->query()
#1 /var/www/projecto/codeigniter-FW/system/Database/BaseConnection.php(670): CodeIgniter\Database\MySQLi\Connection->execute()
#2 /var/www/projecto/codeigniter-FW/system/Database/BaseConnection.php(598): CodeIgniter\Database\BaseConnection->simpleQuery()
#3 /var/www/projecto/codeigniter-FW/system/Database/BaseBuilder.php(1455): CodeIgniter\Database\BaseConnection->query()
#4 /var/www/projecto/codeigniter-FW/system/Model.php(183): CodeIgniter\Database\BaseBuilder->get()
#5 /var/www/projecto/codeigniter-FW/system/BaseModel.php(584): CodeIgniter\Model->doFindAll()
#6 /var/www/projecto/codeigniter-FW/app/Models/TestLou.php(14): CodeIgniter\BaseModel->findAll()
#7 /var/www/projecto/codeigniter-FW/app/Controllers/IDS.php(14): App\Models\TestLou->getIdentifiant()
#8 /var/www/projecto/codeigniter-FW/system/CodeIgniter.php(832): App\Controllers\IDs->index()
#9 /var/www/projecto/codeigniter-FW/system/CodeIgniter.php(419): CodeIgniter\CodeIgniter->runController()
#10 /var/www/projecto/codeigniter-FW/system/CodeIgniter.php(326): CodeIgniter\CodeIgniter->handleRequest()
#11 /var/www/projecto/codeigniter-FW/public/index.php(37): CodeIgniter\CodeIgniter->run()
#12 /var/www/projecto/codeigniter-FW/system/Commands/Server/rewrite.php(43): require_once('/var/www/projec...')
#13 {main}
ERROR - 2022-04-28 09:18:53 --> Table 'bidon.bidon' doesn't exist
CRITICAL - 2022-04-28 09:18:53 --> Table 'bidon.bidon' doesn't exist
#0 /var/www/projecto/codeigniter-FW/system/Database/MySQLi/Connection.php(292): mysqli->query()
#1 /var/www/projecto/codeigniter-FW/system/Database/BaseConnection.php(670): CodeIgniter\Database\MySQLi\Connection->execute()
#2 /var/www/projecto/codeigniter-FW/system/Database/BaseConnection.php(598): CodeIgniter\Database\BaseConnection->simpleQuery()
#3 /var/www/projecto/codeigniter-FW/system/Database/BaseBuilder.php(1455): CodeIgniter\Database\BaseConnection->query()
#4 /var/www/projecto/codeigniter-FW/system/Model.php(183): CodeIgniter\Database\BaseBuilder->get()
#5 /var/www/projecto/codeigniter-FW/system/BaseModel.php(584): CodeIgniter\Model->doFindAll()
#6 /var/www/projecto/codeigniter-FW/app/Models/TestLou.php(14): CodeIgniter\BaseModel->findAll()
#7 /var/www/projecto/codeigniter-FW/app/Controllers/IDS.php(14): App\Models\TestLou->getIdentifiant()
#8 /var/www/projecto/codeigniter-FW/system/CodeIgniter.php(832): App\Controllers\IDs->index()
#9 /var/www/projecto/codeigniter-FW/system/CodeIgniter.php(419): CodeIgniter\CodeIgniter->runController()
#10 /var/www/projecto/codeigniter-FW/system/CodeIgniter.php(326): CodeIgniter\CodeIgniter->handleRequest()
#11 /var/www/projecto/codeigniter-FW/public/index.php(37): CodeIgniter\CodeIgniter->run()
#12 /var/www/projecto/codeigniter-FW/system/Commands/Server/rewrite.php(43): require_once('/var/www/projec...')
#13 {main}
ERROR - 2022-04-28 09:19:44 --> Table 'bidon.internaute' doesn't exist
CRITICAL - 2022-04-28 09:19:44 --> Table 'bidon.internaute' doesn't exist
#0 /var/www/projecto/codeigniter-FW/system/Database/MySQLi/Connection.php(292): mysqli->query()
#1 /var/www/projecto/codeigniter-FW/system/Database/BaseConnection.php(670): CodeIgniter\Database\MySQLi\Connection->execute()
#2 /var/www/projecto/codeigniter-FW/system/Database/BaseConnection.php(598): CodeIgniter\Database\BaseConnection->simpleQuery()
#3 /var/www/projecto/codeigniter-FW/system/Database/BaseBuilder.php(1455): CodeIgniter\Database\BaseConnection->query()
#4 /var/www/projecto/codeigniter-FW/system/Model.php(183): CodeIgniter\Database\BaseBuilder->get()
#5 /var/www/projecto/codeigniter-FW/system/BaseModel.php(584): CodeIgniter\Model->doFindAll()
#6 /var/www/projecto/codeigniter-FW/app/Models/TestLou.php(14): CodeIgniter\BaseModel->findAll()
#7 /var/www/projecto/codeigniter-FW/app/Controllers/IDS.php(14): App\Models\TestLou->getIdentifiant()
#8 /var/www/projecto/codeigniter-FW/system/CodeIgniter.php(832): App\Controllers\IDs->index()
#9 /var/www/projecto/codeigniter-FW/system/CodeIgniter.php(419): CodeIgniter\CodeIgniter->runController()
#10 /var/www/projecto/codeigniter-FW/system/CodeIgniter.php(326): CodeIgniter\CodeIgniter->handleRequest()
#11 /var/www/projecto/codeigniter-FW/public/index.php(37): CodeIgniter\CodeIgniter->run()
#12 /var/www/projecto/codeigniter-FW/system/Commands/Server/rewrite.php(43): require_once('/var/www/projec...')
#13 {main}
ERROR - 2022-04-28 09:23:43 --> Table 'bidon.internaute' doesn't exist
CRITICAL - 2022-04-28 09:23:43 --> Table 'bidon.internaute' doesn't exist
#0 /var/www/projecto/codeigniter-FW/system/Database/MySQLi/Connection.php(292): mysqli->query()
#1 /var/www/projecto/codeigniter-FW/system/Database/BaseConnection.php(670): CodeIgniter\Database\MySQLi\Connection->execute()
#2 /var/www/projecto/codeigniter-FW/system/Database/BaseConnection.php(598): CodeIgniter\Database\BaseConnection->simpleQuery()
#3 /var/www/projecto/codeigniter-FW/system/Database/BaseBuilder.php(1455): CodeIgniter\Database\BaseConnection->query()
#4 /var/www/projecto/codeigniter-FW/system/Model.php(183): CodeIgniter\Database\BaseBuilder->get()
#5 /var/www/projecto/codeigniter-FW/system/BaseModel.php(584): CodeIgniter\Model->doFindAll()
#6 /var/www/projecto/codeigniter-FW/app/Models/TestLou.php(14): CodeIgniter\BaseModel->findAll()
#7 /var/www/projecto/codeigniter-FW/app/Controllers/IDS.php(14): App\Models\TestLou->getIdentifiant()
#8 /var/www/projecto/codeigniter-FW/system/CodeIgniter.php(832): App\Controllers\IDs->index()
#9 /var/www/projecto/codeigniter-FW/system/CodeIgniter.php(419): CodeIgniter\CodeIgniter->runController()
#10 /var/www/projecto/codeigniter-FW/system/CodeIgniter.php(326): CodeIgniter\CodeIgniter->handleRequest()
#11 /var/www/projecto/codeigniter-FW/public/index.php(37): CodeIgniter\CodeIgniter->run()
#12 /var/www/projecto/codeigniter-FW/system/Commands/Server/rewrite.php(43): require_once('/var/www/projec...')
#13 {main}
ERROR - 2022-04-28 14:41:37 --> Table 'bidon.internaute' doesn't exist
CRITICAL - 2022-04-28 14:41:37 --> Table 'bidon.internaute' doesn't exist
#0 /var/www/projecto/codeigniter-FW/system/Database/MySQLi/Connection.php(292): mysqli->query()
#1 /var/www/projecto/codeigniter-FW/system/Database/BaseConnection.php(670): CodeIgniter\Database\MySQLi\Connection->execute()
#2 /var/www/projecto/codeigniter-FW/system/Database/BaseConnection.php(598): CodeIgniter\Database\BaseConnection->simpleQuery()
#3 /var/www/projecto/codeigniter-FW/system/Database/BaseBuilder.php(1455): CodeIgniter\Database\BaseConnection->query()
#4 /var/www/projecto/codeigniter-FW/system/Model.php(183): CodeIgniter\Database\BaseBuilder->get()
#5 /var/www/projecto/codeigniter-FW/system/BaseModel.php(584): CodeIgniter\Model->doFindAll()
#6 /var/www/projecto/codeigniter-FW/app/Models/TestLou.php(14): CodeIgniter\BaseModel->findAll()
#7 /var/www/projecto/codeigniter-FW/app/Controllers/IDS.php(14): App\Models\TestLou->getIdentifiant()
#8 /var/www/projecto/codeigniter-FW/system/CodeIgniter.php(832): App\Controllers\IDs->index()
#9 /var/www/projecto/codeigniter-FW/system/CodeIgniter.php(419): CodeIgniter\CodeIgniter->runController()
#10 /var/www/projecto/codeigniter-FW/system/CodeIgniter.php(326): CodeIgniter\CodeIgniter->handleRequest()
#11 /var/www/projecto/codeigniter-FW/public/index.php(37): CodeIgniter\CodeIgniter->run()
#12 /var/www/projecto/codeigniter-FW/system/Commands/Server/rewrite.php(43): require_once('/var/www/projec...')
#13 {main}
CRITICAL - 2022-04-28 15:00:48 --> Undefined variable: identifiants
#0 /var/www/projecto/codeigniter-FW/app/Views/IdLou/view.php(1): CodeIgniter\Debug\Exceptions->errorHandler()
#1 /var/www/projecto/codeigniter-FW/system/View/View.php(210): include('/var/www/projec...')
#2 /var/www/projecto/codeigniter-FW/system/View/View.php(213): CodeIgniter\View\View->CodeIgniter\View\{closure}()
#3 /var/www/projecto/codeigniter-FW/system/Common.php(1089): CodeIgniter\View\View->render()
#4 /var/www/projecto/codeigniter-FW/app/Controllers/IDS.php(39): view()
#5 /var/www/projecto/codeigniter-FW/system/CodeIgniter.php(832): App\Controllers\IDs->view()
#6 /var/www/projecto/codeigniter-FW/system/CodeIgniter.php(419): CodeIgniter\CodeIgniter->runController()
#7 /var/www/projecto/codeigniter-FW/system/CodeIgniter.php(326): CodeIgniter\CodeIgniter->handleRequest()
#8 /var/www/projecto/codeigniter-FW/public/index.php(37): CodeIgniter\CodeIgniter->run()
#9 /var/www/projecto/codeigniter-FW/system/Commands/Server/rewrite.php(43): require_once('/var/www/projec...')
#10 {main}
